[38;5;112m[Appium][0m Welcome to Appium v2.11.3
[38;5;112m[Appium][0m Non-default server args:
[38;5;112m[Appium][0m { basePath: [32m'/wd/hub'[39m, loglevel: [32m'info'[39m, port: [33m53556[39m }
[38;5;112m[Appium][0m Attempting to load driver uiautomator2...
[38;5;112m[Appium][0m Appium REST http interface listener started on http://0.0.0.0:53556/wd/hub
[38;5;112m[Appium][0m You can provide the following URLs in your client code to connect to this server:
	http://192.168.100.102:53556/wd/hub
	http://127.0.0.1:53556/wd/hub (only accessible from the same host)
[38;5;112m[Appium][0m Available drivers:
[38;5;112m[Appium][0m   - uiautomator2@3.7.8 (automationName 'UiAutomator2')
[38;5;112m[Appium][0m No plugins have been installed. Use the "appium plugin" command to install the one(s) you want to use.
[38;5;86m[HTTP][0m [37m-->[39m [37mGET[39m [37m/wd/hub/status[39m [90m{}[39m
[38;5;86m[HTTP][0m [37m<-- GET /wd/hub/status [39m[32m200[39m [90m14 ms - 111[39m [90m[39m
[38;5;86m[HTTP][0m [37m-->[39m [37mGET[39m [37m/wd/hub/status[39m [90m{}[39m
[38;5;86m[HTTP][0m [37m<-- GET /wd/hub/status [39m[32m200[39m [90m2 ms - 111[39m [90m[39m
[38;5;86m[HTTP][0m [37m-->[39m [37mPOST[39m [37m/wd/hub/session[39m [90m{"desiredCapabilities":{"appium:systemPort":8224,"appium:newCommandTimeout":1800,"appium:automationName":"uiautomator2","appium:platformVersion":"7.1.1","appium:deviceId":"","appium:udid":"f406aaef","appium:autoGrantPermissions":true,"appium:platformName":"ANDROID","appium:appActivity":".Settings","appium:deviceName":"samsung SM-J250F (Android 7.1.1)","platformName":"Android","appium:appPackage":"com.android.settings"},"capabilities":{"firstMatch":[{"appium:appActivity":".Settings","appium:appPackage":"com.android.settings","appium:autoGrantPermissions":true,"appium:automationName":"uiautomator2","appium:deviceId":"","appium:deviceName":"samsung SM-J250F (Android 7.1.1)","appium:newCommandTimeout":1800,"appium:platformName":"ANDROID","appium:platformVersion":"7.1.1","appium:systemPort":8224,"appium:udid":"f406aaef","platformName":"android"}]}}[39m
[38;5;123m[BaseDriver][0m Ignoring capability 'appium:platformName=ANDROID' and using capability 'platformName=android'
[38;5;123m[BaseDriver][0m The capabilities ["platformName"] are standard capabilities and do not require "appium:" prefix
[38;5;112m[Appium][0m Attempting to find matching driver for automationName 'uiautomator2' and platformName 'android'
[38;5;112m[Appium][0m The 'uiautomator2' driver was installed and matched caps.
[38;5;112m[Appium][0m Will require it at C:\Users\Ali Asad\.appium\node_modules\appium-uiautomator2-driver
[38;5;200m[AppiumDriver@6976][0m Appium v2.11.3 creating new AndroidUiautomator2Driver (v3.7.8) session
[38;5;200m[AppiumDriver@6976][0m Checking BaseDriver versions for Appium and AndroidUiautomator2Driver
[38;5;200m[AppiumDriver@6976][0m Appium's BaseDriver version is 9.11.3
[38;5;200m[AppiumDriver@6976][0m AndroidUiautomator2Driver's BaseDriver version is 9.11.3
[38;5;-98m[AndroidUiautomator2Driver@0881][0m The following provided capabilities were not recognized by this driver:
[38;5;-98m[AndroidUiautomator2Driver@0881][0m   deviceId
[38;5;138m[37b6711a][0m[38;5;-98m[AndroidUiautomator2Driver@0881][0m Session created with session id: 37b6711a-d747-464e-a8bf-42229179f4d4
[38;5;138m[37b6711a][0m[38;5;229m[ADB][0m Found 1 'build-tools' folders under 'C:\Users\Ali Asad\.katalon\tools\android_sdk' (newest first):
[38;5;138m[37b6711a][0m[38;5;229m[ADB][0m     C:\Users\Ali Asad\.katalon\tools\android_sdk\build-tools\29.0.3
[38;5;138m[37b6711a][0m[38;5;229m[ADB][0m Using 'adb.exe' from 'C:\Users\Ali Asad\.katalon\tools\android_sdk\platform-tools\adb.exe'
[38;5;138m[37b6711a][0m[38;5;-98m[AndroidUiautomator2Driver@0881][0m Retrieving device list
[38;5;138m[37b6711a][0m[38;5;-98m[AndroidUiautomator2Driver@0881][0m Using device: f406aaef
[38;5;138m[37b6711a][0m[38;5;229m[ADB][0m Using 'adb.exe' from 'C:\Users\Ali Asad\.katalon\tools\android_sdk\platform-tools\adb.exe'
[38;5;138m[37b6711a][0m[38;5;-98m[AndroidUiautomator2Driver@0881][0m Starting 'com.android.settings' directly on the device
[38;5;138m[37b6711a][0m[38;5;-98m[AndroidUiautomator2Driver@0881][0m No app sent in, not parsing package/activity
[38;5;138m[37b6711a][0m[38;5;229m[ADB][0m Using 'aapt2.exe' from 'C:\Users\Ali Asad\.katalon\tools\android_sdk\build-tools\29.0.3\aapt2.exe'
[38;5;138m[37b6711a][0m[38;5;-98m[AndroidUiautomator2Driver@0881][0m Server packages are not going to be (re)installed
[38;5;138m[37b6711a][0m[38;5;229m[ADB][0m Adding packages ["io.appium.settings","io.appium.uiautomator2.server","io.appium.uiautomator2.server.test"] to Doze whitelist
[38;5;138m[37b6711a][0m[38;5;-98m[AndroidUiautomator2Driver@0881][0m Starting UIAutomator2 server 7.0.23
[38;5;138m[37b6711a][0m[38;5;-98m[AndroidUiautomator2Driver@0881][0m Using UIAutomator2 server from 'C:\Users\Ali Asad\.appium\node_modules\appium-uiautomator2-driver\node_modules\appium-uiautomator2-server\apks\appium-uiautomator2-server-v7.0.23.apk' and test from 'C:\Users\Ali Asad\.appium\node_modules\appium-uiautomator2-driver\node_modules\appium-uiautomator2-server\apks\appium-uiautomator2-server-debug-androidTest.apk'
[38;5;138m[37b6711a][0m[38;5;-98m[AndroidUiautomator2Driver@0881][0m Waiting up to 30000ms for UiAutomator2 to be online...
[38;5;138m[37b6711a][0m[38;5;-98m[AndroidUiautomator2Driver@0881][0m socket hang up
[38;5;138m[37b6711a][0m[38;5;-98m[AndroidUiautomator2Driver@0881][0m socket hang up
[38;5;138m[37b6711a][0m[38;5;-98m[AndroidUiautomator2Driver@0881][0m socket hang up
[38;5;138m[37b6711a][0m[38;5;-98m[AndroidUiautomator2Driver@0881][0m socket hang up
[38;5;138m[37b6711a][0m[38;5;-98m[AndroidUiautomator2Driver@0881][0m Determined the downstream protocol as 'W3C'
[38;5;138m[37b6711a][0m[38;5;-98m[AndroidUiautomator2Driver@0881][0m Screen already unlocked, doing nothing
[38;5;138m[37b6711a][0m[38;5;-98m[AndroidUiautomator2Driver@0881][0m Starting 'com.android.settings/.Settings and waiting for 'com.android.settings/.Settings'
[38;5;138m[37b6711a][0m[38;5;200m[AppiumDriver@6976][0m New AndroidUiautomator2Driver session created successfully, session 37b6711a-d747-464e-a8bf-42229179f4d4 added to master session list
[38;5;138m[37b6711a][0m[38;5;86m[HTTP][0m [37m<-- POST /wd/hub/session [39m[32m200[39m [90m38720 ms - 1106[39m [90m[39m
[38;5;138m[37b6711a][0m[38;5;86m[HTTP][0m [37m-->[39m [37mGET[39m [37m/wd/hub/session/37b6711a-d747-464e-a8bf-42229179f4d4[39m [90m{}[39m
[38;5;138m[37b6711a][0m[38;5;86m[HTTP][0m [37m<-- GET /wd/hub/session/37b6711a-d747-464e-a8bf-42229179f4d4 [39m[32m200[39m [90m37 ms - 329[39m [90m[39m
[38;5;138m[37b6711a][0m[38;5;86m[HTTP][0m [37m-->[39m [37mGET[39m [37m/wd/hub/session/37b6711a-d747-464e-a8bf-42229179f4d4[39m [90m{}[39m
[38;5;138m[37b6711a][0m[38;5;86m[HTTP][0m [37m<-- GET /wd/hub/session/37b6711a-d747-464e-a8bf-42229179f4d4 [39m[32m200[39m [90m27 ms - 329[39m [90m[39m
[38;5;86m[HTTP][0m [37m-->[39m [37mGET[39m [37m/wd/hub/status[39m [90m{}[39m
[38;5;86m[HTTP][0m [37m<-- GET /wd/hub/status [39m[32m200[39m [90m1 ms - 111[39m [90m[39m
[38;5;138m[37b6711a][0m[38;5;86m[HTTP][0m [37m-->[39m [37mPOST[39m [37m/wd/hub/session/37b6711a-d747-464e-a8bf-42229179f4d4/timeouts[39m [90m{"implicit":60000}[39m
[38;5;138m[37b6711a][0m[38;5;86m[HTTP][0m [37m<-- POST /wd/hub/session/37b6711a-d747-464e-a8bf-42229179f4d4/timeouts [39m[32m200[39m [90m5 ms - 14[39m [90m[39m
[38;5;138m[37b6711a][0m[38;5;86m[HTTP][0m [37m-->[39m [37mGET[39m [37m/wd/hub/session/37b6711a-d747-464e-a8bf-42229179f4d4/appium/device/system_bars[39m [90m{}[39m
[38;5;138m[37b6711a][0m[38;5;-98m[AndroidUiautomator2Driver@0881][0m No windows have been found whose title matches to 'NavigationBar'. Assuming it is invisible. Only the following windows are available: Bouncer,StatusBar,KeyguardScrim,ContainerKeyguardScrim,DividerButtonsGroup,DockedStackDivider,InputMethod
[38;5;138m[37b6711a][0m[38;5;86m[HTTP][0m [37m<-- GET /wd/hub/session/37b6711a-d747-464e-a8bf-42229179f4d4/appium/device/system_bars [39m[32m200[39m [90m156 ms - 143[39m [90m[39m
[38;5;138m[37b6711a][0m[38;5;86m[HTTP][0m [37m-->[39m [37mPOST[39m [37m/wd/hub/session/37b6711a-d747-464e-a8bf-42229179f4d4/appium/device/activate_app[39m [90m{"bundleId":"sinet.startup.inDriver"}[39m
[38;5;138m[37b6711a][0m[38;5;86m[HTTP][0m [37m<-- POST /wd/hub/session/37b6711a-d747-464e-a8bf-42229179f4d4/appium/device/activate_app [39m[32m200[39m [90m1668 ms - 14[39m [90m[39m
[38;5;138m[37b6711a][0m[38;5;86m[HTTP][0m [37m-->[39m [37mGET[39m [37m/wd/hub/session/37b6711a-d747-464e-a8bf-42229179f4d4/source[39m [90m{}[39m
[38;5;138m[37b6711a][0m[38;5;-98m[AndroidUiautomator2Driver@0881][0m Driver proxy active, passing request on via HTTP proxy
[38;5;138m[37b6711a][0m[38;5;-98m[AndroidUiautomator2Driver@0881][0m Replacing sessionId 578cefd9-bfdd-4403-b51a-020e139e3bac with 37b6711a-d747-464e-a8bf-42229179f4d4
[38;5;138m[37b6711a][0m[38;5;86m[HTTP][0m [37m<-- GET /wd/hub/session/37b6711a-d747-464e-a8bf-42229179f4d4/source [39m[32m200[39m [90m5827 ms - 4567[39m [90m[39m
[38;5;138m[37b6711a][0m[38;5;86m[HTTP][0m [37m-->[39m [37mGET[39m [37m/wd/hub/session/37b6711a-d747-464e-a8bf-42229179f4d4/screenshot[39m [90m{}[39m
[38;5;138m[37b6711a][0m[38;5;86m[HTTP][0m [37m<-- GET /wd/hub/session/37b6711a-d747-464e-a8bf-42229179f4d4/screenshot [39m[32m200[39m [90m1128 ms - 50112[39m [90m[39m
[38;5;138m[37b6711a][0m[38;5;86m[HTTP][0m [37m-->[39m [37mGET[39m [37m/wd/hub/session/37b6711a-d747-464e-a8bf-42229179f4d4/source[39m [90m{}[39m
[38;5;138m[37b6711a][0m[38;5;-98m[AndroidUiautomator2Driver@0881][0m Driver proxy active, passing request on via HTTP proxy
[38;5;138m[37b6711a][0m[38;5;-98m[AndroidUiautomator2Driver@0881][0m Replacing sessionId 578cefd9-bfdd-4403-b51a-020e139e3bac with 37b6711a-d747-464e-a8bf-42229179f4d4
[38;5;138m[37b6711a][0m[38;5;86m[HTTP][0m [37m<-- GET /wd/hub/session/37b6711a-d747-464e-a8bf-42229179f4d4/source [39m[32m200[39m [90m415 ms - 22089[39m [90m[39m
[38;5;138m[37b6711a][0m[38;5;86m[HTTP][0m [37m-->[39m [37mGET[39m [37m/wd/hub/session/37b6711a-d747-464e-a8bf-42229179f4d4/screenshot[39m [90m{}[39m
[38;5;138m[37b6711a][0m[38;5;86m[HTTP][0m [37m<-- GET /wd/hub/session/37b6711a-d747-464e-a8bf-42229179f4d4/screenshot [39m[32m200[39m [90m504 ms - 70580[39m [90m[39m
[38;5;138m[37b6711a][0m[38;5;86m[HTTP][0m [37m-->[39m [37mGET[39m [37m/wd/hub/session/37b6711a-d747-464e-a8bf-42229179f4d4/source[39m [90m{}[39m
[38;5;138m[37b6711a][0m[38;5;-98m[AndroidUiautomator2Driver@0881][0m Driver proxy active, passing request on via HTTP proxy
[38;5;138m[37b6711a][0m[38;5;-98m[AndroidUiautomator2Driver@0881][0m Replacing sessionId 578cefd9-bfdd-4403-b51a-020e139e3bac with 37b6711a-d747-464e-a8bf-42229179f4d4
[38;5;138m[37b6711a][0m[38;5;86m[HTTP][0m [37m<-- GET /wd/hub/session/37b6711a-d747-464e-a8bf-42229179f4d4/source [39m[32m200[39m [90m7477 ms - 31371[39m [90m[39m
[38;5;138m[37b6711a][0m[38;5;86m[HTTP][0m [37m-->[39m [37mGET[39m [37m/wd/hub/session/37b6711a-d747-464e-a8bf-42229179f4d4/screenshot[39m [90m{}[39m
[38;5;138m[37b6711a][0m[38;5;86m[HTTP][0m [37m<-- GET /wd/hub/session/37b6711a-d747-464e-a8bf-42229179f4d4/screenshot [39m[32m200[39m [90m740 ms - 89712[39m [90m[39m
[38;5;138m[37b6711a][0m[38;5;86m[HTTP][0m [37m-->[39m [37mPOST[39m [37m/wd/hub/session/37b6711a-d747-464e-a8bf-42229179f4d4/timeouts[39m [90m{"implicit":1000}[39m
[38;5;138m[37b6711a][0m[38;5;86m[HTTP][0m [37m<-- POST /wd/hub/session/37b6711a-d747-464e-a8bf-42229179f4d4/timeouts [39m[32m200[39m [90m6 ms - 14[39m [90m[39m
[38;5;138m[37b6711a][0m[38;5;86m[HTTP][0m [37m-->[39m [37mPOST[39m [37m/wd/hub/session/37b6711a-d747-464e-a8bf-42229179f4d4/elements[39m [90m{"using":"xpath","value":"//hierarchy/android.widget.FrameLayout[1]/android.widget.LinearLayout[1]/android.widget.FrameLayout[1]/android.widget.LinearLayout[1]/android.widget.FrameLayout[1]/androidx.drawerlayout.widget.DrawerLayout[1]/android.widget.FrameLayout[1]/android.widget.FrameLayout[1]/android.view.ViewGroup[1]/android.widget.FrameLayout[1]/android.view.ViewGroup[1]/android.view.ViewGroup[1]/android.widget.ImageButton[1]"}[39m
[38;5;138m[37b6711a][0m[38;5;86m[HTTP][0m [37m<-- POST /wd/hub/session/37b6711a-d747-464e-a8bf-42229179f4d4/elements [39m[32m200[39m [90m2196 ms - 12[39m [90m[39m
[38;5;138m[37b6711a][0m[38;5;86m[HTTP][0m [37m-->[39m [37mDELETE[39m [37m/wd/hub/session/37b6711a-d747-464e-a8bf-42229179f4d4[39m [90m{}[39m
[38;5;138m[37b6711a][0m[38;5;200m[AppiumDriver@6976][0m Removing session 37b6711a-d747-464e-a8bf-42229179f4d4 from our master session list
[38;5;138m[37b6711a][0m[38;5;86m[HTTP][0m [37m-->[39m [37mDELETE[39m [37m/wd/hub/session/37b6711a-d747-464e-a8bf-42229179f4d4[39m [90m{}[39m
[38;5;138m[37b6711a][0m[38;5;86m[HTTP][0m [37m<-- DELETE /wd/hub/session/37b6711a-d747-464e-a8bf-42229179f4d4 [39m[33m404[39m [90m66 ms - 3152[39m [90m[39m
[38;5;138m[37b6711a][0m[38;5;86m[HTTP][0m [37m<-- DELETE /wd/hub/session/37b6711a-d747-464e-a8bf-42229179f4d4 [39m[32m200[39m [90m6372 ms - 14[39m [90m[39m
