#
# There is insufficient memory for the Java Runtime Environment to continue.
# Native memory allocation (malloc) failed to allocate 1082736 bytes for Chunk::new
# Possible reasons:
#   The system is out of physical RAM or swap space
#   The process is running with CompressedOops enabled, and the Java Heap may be blocking the growth of the native heap
# Possible solutions:
#   Reduce memory load on the system
#   Increase physical memory or swap space
#   Check if swap backing store is full
#   Decrease Java heap size (-Xmx/-Xms)
#   Decrease number of Java threads
#   Decrease Java thread stack sizes (-Xss)
#   Set larger code cache with -XX:ReservedCodeCacheSize=
#   JVM is running with Unscaled Compressed Oops mode in which the Java heap is
#     placed in the first 4GB address space. The Java Heap base address is the
#     maximum limit for the native heap growth. Please use -XX:HeapBaseMinAddress
#     to set the Java Heap base and to place the Java Heap above 4GB virtual address.
# This output file may be truncated or incomplete.
#
#  Out of Memory Error (arena.cpp:189), pid=13496, tid=5884
#
# JRE version: OpenJDK Runtime Environment Temurin-17.0.7+7 (17.0.7+7) (build 17.0.7+7)
# Java VM: OpenJDK 64-Bit Server VM Temurin-17.0.7+7 (17.0.7+7, mixed mode, tiered, compressed oops, compressed class ptrs, g1 gc, windows-amd64)
# No core dump will be written. Minidumps are not enabled by default on client versions of Windows
#

---------------  S U M M A R Y ------------

Command Line: -Dgroovy.home=C:\Users\Ali Asad/.groovy -Djava.system.class.loader=groovy.lang.GroovyClassLoader -Xmx2048m -Dfile.encoding=UTF-8 -XX:+ShowCodeDetailsInExceptionMessages org.codehaus.groovy.tools.GroovyStarter --classpath C:\Users\Ali Asad\Katalon Studio\Data Plain - Android\bin\keyword;C:\Users\Ali Asad\Katalon Studio\Data Plain - Android\Keywords;C:\Users\Ali Asad\Katalon Studio\Data Plain - Android\bin\listener;C:\Users\Ali Asad\Katalon Studio\Data Plain - Android\Test Listeners;C:\Users\Ali Asad\Katalon Studio\Data Plain - Android\bin\lib;C:\Users\Ali Asad\Katalon Studio\Data Plain - Android\Libs;C:\Users\Ali Asad\Katalon Studio\Data Plain - Android\bin\groovy;C:\Users\Ali Asad\Katalon Studio\Data Plain - Android\Include\scripts\groovy;C:\Users\Ali Asad\.katalon\packages\Katalon_Studio_Free_Windows_64-9.5.0\Katalon_Studio_Free_Windows_64-9.5.0\plugins\com.kms.katalon.core_1.0.0.202405291026.jar;C:\Users\Ali Asad\.katalon\packages\Katalon_Studio_Free_Windows_64-9.5.0\Katalon_Studio_Free_Windows_64-9.5.0\configuration\resources\lib\aalto-xml-1.0.0.jar;C:\Users\Ali Asad\.katalon\packages\Katalon_Studio_Free_Windows_64-9.5.0\Katalon_Studio_Free_Windows_64-9.5.0\configuration\resources\lib\aspectjweaver-1.9.1.jar;C:\Users\Ali Asad\.katalon\packages\Katalon_Studio_Free_Windows_64-9.5.0\Katalon_Studio_Free_Windows_64-9.5.0\configuration\resources\lib\bcpkix-jdk15on-1.64.jar;C:\Users\Ali Asad\.katalon\packages\Katalon_Studio_Free_Windows_64-9.5.0\Katalon_Studio_Free_Windows_64-9.5.0\configuration\resources\lib\bcprov-jdk15on-1.64.jar;C:\Users\Ali Asad\.katalon\packages\Katalon_Studio_Free_Windows_64-9.5.0\Katalon_Studio_Free_Windows_64-9.5.0\configuration\resources\lib\browsermob-core-2.1.5.jar;C:\Users\Ali Asad\.katalon\packages\Katalon_Studio_Free_Windows_64-9.5.0\Katalon_Studio_Free_Windows_64-9.5.0\configuration\resources\lib\byte-buddy-1.14.3.jar;C:\Users\Ali Asad\.katalon\packages\Katalon_Studio_Free_Windows_64-9.5.0\Katalon_Studio_Free_Windows_64-9.5.0\configuration\resources\lib\byte-buddy-agent-1.14.3.jar;C:\Users\Ali Asad\.katalon\packages\Katalon_Studio_Free_Windows_64-9.5.0\Katalon_Studio_Free_Windows_64-9.5.0\configuration\resources\lib\cglib-3.2.10.jar;C:\Users\Ali Asad\.katalon\packages\Katalon_Studio_Free_Windows_64-9.5.0\Katalon_Studio_Free_Windows_64-9.5.0\configuration\resources\lib\commons-codec-1.10.jar;C:\Users\Ali Asad\.katalon\packages\Katalon_Studio_Free_Windows_64-9.5.0\Katalon_Studio_Free_Windows_64-9.5.0\configuration\resources\lib\commons-collections4-4.1.jar;C:\Users\Ali Asad\.katalon\packages\Katalon_Studio_Free_Windows_64-9.5.0\Katalon_Studio_Free_Windows_64-9.5.0\configuration\resources\lib\commons-validator-1.6.jar;C:\Users\Ali Asad\.katalon\packages\Katalon_Studio_Free_Windows_64-9.5.0\Katalon_Studio_Free_Windows_64-9.5.0\configuration\resources\lib\curvesapi-1.04.jar;C:\Users\Ali Asad\.katalon\packages\Katalon_Studio_Free_Windows_64-9.5.0\Katalon_Studio_Free_Windows_64-9.5.0\configuration\resources\lib\dnsjava-2.1.8.jar;C:\Users\Ali Asad\.katalon\packages\Katalon_Studio_Free_Windows_64-9.5.0\Katalon_Studio_Free_Windows_64-9.5.0\configuration\resources\lib\groovy-ant-3.0.17.jar;C:\Users\Ali Asad\.katalon\packages\Katalon_Studio_Free_Windows_64-9.5.0\Katalon_Studio_Free_Windows_64-9.5.0\configuration\resources\lib\groovy-astbuilder-3.0.17.jar;C:\Users\Ali Asad\.katalon\packages\Katalon_Studio_Free_Windows_64-9.5.0\Katalon_Studio_Free_Windows_64-9.5.0\configuration\resources\lib\groovy-cli-picocli-3.0.17.jar;C:\Users\Ali Asad\.katalon\packages\Katalon_Studio_Free_Windows_64-9.5.0\Katalon_Studio_Free_Windows_64-9.5.0\configuration\resources\lib\groovy-console-3.0.17.jar;C:\Users\Ali Asad\.katalon\packages\Katalon_Studio_Free_Windows_64-9.5.0\Katalon_Studio_Free_Windows_64-9.5.0\configuration\resources\lib\groovy-datetime-3.0.17.jar;C:\Users\Ali Asad\.katalon\packages\Katalon_Studio_Free_Windows_64-9.5.0\Katalon_Studio_Free_Windows_64-9.5.0\configuration\resources\lib\groovy-dateutil-3.0.17.jar;C:\Users\Ali Asad\.katalon\packages\Katalon_Studio_Free_Windows_64-9.5.0\Katalon_Studio_Free_Windows_64-9.5.0\configuration\resources\lib\groovy-docgenerator-3.0.17.jar;C:\Users\Ali Asad\.katalon\packages\Katalon_Studio_Free_Windows_64-9.5.0\Katalon_Studio_Free_Windows_64-9.5.0\configuration\resources\lib\groovy-groovydoc-3.0.17.jar;C:\Users\Ali Asad\.katalon\packages\Katalon_Studio_Free_Windows_64-9.5.0\Katalon_Studio_Free_Windows_64-9.5.0\configuration\resources\lib\groovy-groovysh-3.0.17.jar;C:\Users\Ali Asad\.katalon\packages\Katalon_Studio_Free_Windows_64-9.5.0\Katalon_Studio_Free_Windows_64-9.5.0\configuration\resources\lib\groovy-jmx-3.0.17.jar;C:\Users\Ali Asad\.katalon\packages\Katalon_Studio_Free_Windows_64-9.5.0\Katalon_Studio_Free_Windows_64-9.5.0\configuration\resources\lib\groovy-json-3.0.17.jar;C:\Users\Ali Asad\.katalon\packages\Katalon_Studio_Free_Windows_64-9.5.0\Katalon_Studio_Free_Windows_64-9.5.0\configuration\resources\lib\groovy-jsr223-3.0.17.jar;C:\Users\Ali Asad\.katalon\packages\Katalon_Studio_Free_Windows_64-9.5.0\Katalon_Studio_Free_Windows_64-9.5.0\configuration\resources\lib\groovy-macro-3.0.17.jar;C:\Users\Ali Asad\.katalon\packages\Katalon_Studio_Free_Windows_64-9.5.0\Katalon_Studio_Free_Windows_64-9.5.0\configuration\resources\lib\groovy-nio-3.0.17.jar;C:\Users\Ali Asad\.katalon\packages\Katalon_Studio_Free_Windows_64-9.5.0\Katalon_Studio_Free_Windows_64-9.5.0\configuration\resources\lib\groovy-servlet-3.0.17.jar;C:\Users\Ali Asad\.katalon\packages\Katalon_Studio_Free_Windows_64-9.5.0\Katalon_Studio_Free_Windows_64-9.5.0\configuration\resources\lib\groovy-sql-3.0.17.jar;C:\Users\Ali Asad\.katalon\packages\Katalon_Studio_Free_Windows_64-9.5.0\Katalon_Studio_Free_Windows_64-9.5.0\configuration\resources\lib\groovy-swing-3.0.17.jar;C:\Users\Ali Asad\.katalon\packages\Katalon_Studio_Free_Windows_64-9.5.0\Katalon_Studio_Free_Windows_64-9.5.0\configuration\resources\lib\groovy-templates-3.0.17.jar;C:\Users\Ali Asad\.katalon\packages\Katalon_Studio_Free_Windows_64-9.5.0\Katalon_Studio_Free_Windows_64-9.5.0\configuration\resources\lib\groovy-test-3.0.17.jar;C:\Users\Ali Asad\.katalon\packages\Katalon_Studio_Free_Windows_64-9.5.0\Katalon_Studio_Free_Windows_64-9.5.0\configuration\resources\lib\groovy-test-junit5-3.0.17.jar;C:\Users\Ali Asad\.katalon\packages\Katalon_Studio_Free_Windows_64-9.5.0\Katalon_Studio_Free_Windows_64-9.5.0\configuration\resources\lib\groovy-testng-3.0.17.jar;C:\Users\Ali Asad\.katalon\packages\Katalon_Studio_Free_Windows_64-9.5.0\Katalon_Studio_Free_Windows_64-9.5.0\configuration\resources\lib\groovy-xml-3.0.17.jar;C:\Users\Ali Asad\.katalon\packages\Katalon_Studio_Free_Windows_64-9.5.0\Katalon_Studio_Free_Windows_64-9.5.0\configuration\resources\lib\java-client-7.0.0.jar;C:\Users\Ali Asad\.katalon\packages\Katalon_Studio_Free_Windows_64-9.5.0\Katalon_Studio_Free_Windows_64-9.5.0\configuration\resources\lib\javax.servlet-api_3.1.0.jar;C:\Users\Ali Asad\.katalon\packages\Katalon_Studio_Free_Windows_64-9.5.0\Katalon_Studio_Free_Windows_64-9.5.0\configuration\resources\lib\jna-5.12.1.jar;C:\Users\Ali Asad\.katalon\packages\Katalon_Studio_Free_Windows_64-9.5.0\Katalon_Studio_Free_Windows_64-9.5.0\configuration\resources\lib\jna-platform-5.12.1.jar;C:\Users\Ali Asad\.katalon\packages\Katalon_Studio_Free_Windows_64-9.5.0\Katalon_Studio_Free_Windows_64-9.5.0\configuration\resources\lib\jzlib-1.1.3.jar;C:\Users\Ali Asad\.katalon\packages\Katalon_Studio_Free_Windows_64-9.5.0\Katalon_Studio_Free_Windows_64-9.5.0\configuration\resources\lib\kat-server.jar;C:\Users\Ali Asad\.katalon\packages\Katalon_Studio_Free_Windows_64-9.5.0\Katalon_Studio_Free_Windows_64-9.5.0\configuration\resources\lib\littleproxy-1.1.0-beta-bmp-17.jar;C:\Users\Ali Asad\.katalon\packages\Katalon_Studio_Free_Windows_64-9.5.0\Katalon_Studio_Free_Windows_64-9.5.0\configuration\resources\lib\log4j-1.2-api-2.17.1.jar;C:\Users\Ali Asad\.katalon\packages\Katalon_Studio_Free_Windows_64-9.5.0\Katalon_Studio_Free_Windows_64-9.5.0\configuration\resources\lib\log4j-api-2.17.1.jar;C:\Users\Ali Asad\.katalon\packages\Katalon_Studio_Free_Windows_64-9.5.0\Katalon_Studio_Free_Windows_64-9.5.0\configuration\resources\lib\log4j-core-2.17.1.jar;C:\Users\Ali Asad\.katalon\packages\Katalon_Studio_Free_Windows_64-9.5.0\Katalon_Studio_Free_Windows_64-9.5.0\configuration\resources\lib\mitm-2.1.5.jar;C:\Users\Ali Asad\.katalon\packages\Katalon_Studio_Free_Windows_64-9.5.0\Katalon_Studio_Free_Windows_64-9.5.0\configuration\resources\lib\mockito-core-5.2.0.jar;C:\Users\Ali Asad\.katalon\packages\Katalon_Studio_Free_Windows_64-9.5.0\Katalon_Studio_Free_Windows_64-9.5.0\configuration\resources\lib\mockito-inline-5.2.0.jar;C:\Users\Ali Asad\.katalon\packages\Katalon_Studio_Free_Windows_64-9.5.0\Katalon_Studio_Free_Windows_64-9.5.0\configuration\resources\lib\netty-all-4.1.109.Final.jar;C:\Users\Ali Asad\.katalon\packages\Katalon_Studio_Free_Windows_64-9.5.0\Katalon_Studio_Free_Windows_64-9.5.0\configuration\resources\lib\objenesis-3.3.jar;C:\Users\Ali Asad\.katalon\packages\Katalon_Studio_Free_Windows_64-9.5.0\Katalon_Studio_Free_Windows_64-9.5.0\configuration\resources\lib\poi-3.17.jar;C:\Users\Ali Asad\.katalon\packages\Katalon_Studio_Free_Windows_64-9.5.0\Katalon_Studio_Free_Windows_64-9.5.0\configuration\resources\lib\poi-ooxml-3.17.jar;C:\Users\Ali Asad\.katalon\packages\Katalon_Studio_Free_Windows_64-9.5.0\Katalon_Studio_Free_Windows_64-9.5.0\configuration\resources\lib\poi-ooxml-schemas-3.17.jar;C:\Users\Ali Asad\.katalon\packages\Katalon_Studio_Free_Windows_64-9.5.0\Katalon_Studio_Free_Windows_64-9.5.0\configuration\resources\lib\proxy-vole-1.0.4-SNAPSHOT-jar-with-dependencies.jar;C:\Users\Ali Asad\.katalon\packages\Katalon_Studio_Free_Windows_64-9.5.0\Katalon_Studio_Free_Windows_64-9.5.0\configuration\resources\lib\repackaged-sikuli-api-1.0.2-standalone.jar;C:\Users\Ali Asad\.katalon\packages\Katalon_Studio_Free_Windows_64-9.5.0\Katalon_Studio_Free_Windows_64-9.5.0\configuration\resources\lib\selenium-leg-rc-3.141.59.jar;C:\Users\Ali Asad\.katalon\packages\Katalon_Studio_Free_Windows_64-9.5.0\Katalon_Studio_Free_Windows_64-9.5.0\configuration\resources\lib\selenium-server-standalone-3.141.59.jar;C:\Users\Ali Asad\.katalon\packages\Katalon_Studio_Free_Windows_64-9.5.0\Katalon_Studio_Free_Windows_64-9.5.0\configuration\resources\lib\selenium-shutterbug-1.1.jar;C:\Users\Ali Asad\.katalon\packages\Katalon_Studio_Free_Windows_64-9.5.0\Katalon_Studio_Free_Windows_64-9.5.0\configuration\resources\lib\slf4j-api-1.7.25.jar;C:\Users\Ali Asad\.katalon\packages\Katalon_Studio_Free_Windows_64-9.5.0\Katalon_Studio_Free_Windows_64-9.5.0\configuration\resources\lib\soap-builder-1.0.0.jar;C:\Users\Ali Asad\.katalon\packages\Katalon_Studio_Free_Windows_64-9.5.0\Katalon_Studio_Free_Windows_64-9.5.0\configuration\resources\lib\soap-common-1.0.0.jar;C:\Users\Ali Asad\.katalon\packages\Katalon_Studio_Free_Windows_64-9.5.0\Katalon_Studio_Free_Windows_64-9.5.0\configuration\resources\lib\soap-legacy-1.0.0.jar;C:\Users\Ali Asad\.katalon\packages\Katalon_Studio_Free_Windows_64-9.5.0\Katalon_Studio_Free_Windows_64-9.5.0\configuration\resources\lib\spring-context-5.3.19.jar;C:\Users\Ali Asad\.katalon\packages\Katalon_Studio_Free_Windows_64-9.5.0\Katalon_Studio_Free_Windows_64-9.5.0\configuration\resources\lib\stax2-api-4.0.0.jar;C:\Users\Ali Asad\.katalon\packages\Katalon_Studio_Free_Windows_64-9.5.0\Katalon_Studio_Free_Windows_64-9.5.0\configuration\resources\lib\su.jar;C:\Users\Ali Asad\.katalon\packages\Katalon_Studio_Free_Windows_64-9.5.0\Katalon_Studio_Free_Windows_64-9.5.0\configuration\resources\lib\testng-7.8.0.jar;C:\Users\Ali Asad\.katalon\packages\Katalon_Studio_Free_Windows_64-9.5.0\Katalon_Studio_Free_Windows_64-9.5.0\configuration\resources\lib\wadl.jar;C:\Users\Ali Asad\.katalon\packages\Katalon_Studio_Free_Windows_64-9.5.0\Katalon_Studio_Free_Windows_64-9.5.0\configuration\resources\lib\xmlbeans-3.1.0.jar;C:\Users\Ali Asad\.katalon\packages\Katalon_Studio_Free_Windows_64-9.5.0\Katalon_Studio_Free_Windows_64-9.5.0\plugins\net.sf.supercsv.super-csv_2.1.0.jar;C:\Users\Ali Asad\.katalon\packages\Katalon_Studio_Free_Windows_64-9.5.0\Katalon_Studio_Free_Windows_64-9.5.0\plugins\org.apache.commons.io_2.4.0.jar;C:\Users\Ali Asad\.katalon\packages\Katalon_Studio_Free_Windows_64-9.5.0\Katalon_Studio_Free_Windows_64-9.5.0\plugins\org.apache.commons.lang_2.6.0.jar;C:\Users\Ali Asad\.katalon\packages\Katalon_Studio_Free_Windows_64-9.5.0\Katalon_Studio_Free_Windows_64-9.5.0\plugins\com.google.gson_2.10.1.v20230109-0753.jar;C:\Users\Ali Asad\.katalon\packages\Katalon_Studio_Free_Windows_64-9.5.0\Katalon_Studio_Free_Windows_64-9.5.0\plugins\org.jsoup_1.14.3.jar;C:\Users\Ali Asad\.katalon\packages\Katalon_Studio_Free_Windows_64-9.5.0\Katalon_Studio_Free_Windows_64-9.5.0\plugins\org.apache.commons.dbutils_1.6.0.jar;C:\Users\Ali Asad\.katalon\packages\Katalon_Studio_Free_Windows_64-9.5.0\Katalon_Studio_Free_Windows_64-9.5.0\plugins\com.oracle.jdbc.ojdbc7_12.1.0.2.jar;C:\Users\Ali Asad\.katalon\packages\Katalon_Studio_Free_Windows_64-9.5.0\Katalon_Studio_Free_Windows_64-9.5.0\plugins\org.postgresql.jdbc_42.7.3.jar;c:\Users\Ali Asad\.katalon\packages\Katalon_Studio_Free_Windows_64-9.5.0\Katalon_Studio_Free_Windows_64-9.5.0\plugins\org.eclipse.osgi_3.18.300.v20230220-1352.jar;C:\Users\Ali Asad\.katalon\packages\Katalon_Studio_Free_Windows_64-9.5.0\Katalon_Studio_Free_Windows_64-9.5.0\plugins\com.kms.katalon.constant_1.0.0.202405291026.jar;C:\Users\Ali Asad\.katalon\packages\Katalon_Studio_Free_Windows_64-9.5.0\Katalon_Studio_Free_Windows_64-9.5.0\plugins\org.eclipse.persistence.eclipselink_2.7.11.jar;C:\Users\Ali Asad\.katalon\packages\Katalon_Studio_Free_Windows_64-9.5.0\Katalon_Studio_Free_Windows_64-9.5.0\plugins\com.kms.katalon.selenium-standalone_1.0.0.202405291026.jar;C:\Users\Ali Asad\.katalon\packages\Katalon_Studio_Free_Windows_64-9.5.0\Katalon_Studio_Free_Windows_64-9.5.0\plugins\atu.testrecorder.screen-recorder_2.1.0.jar;C:\Users\Ali Asad\.katalon\packages\Katalon_Studio_Free_Windows_64-9.5.0\Katalon_Studio_Free_Windows_64-9.5.0\plugins\com.google.guava_23.0.0.jar;C:\Users\Ali Asad\.katalon\packages\Katalon_Studio_Free_Windows_64-9.5.0\Katalon_Studio_Free_Windows_64-9.5.0\plugins\com.kms.katalon.util_1.0.0.202405291026.jar;C:\Users\Ali Asad\.katalon\packages\Katalon_Studio_Free_Windows_64-9.5.0\Katalon_Studio_Free_Windows_64-9.5.0\plugins\org.apache.httpcomponents.httpclient_4.5.14.v20221207-1049.jar;C:\Users\Ali Asad\.katalon\packages\Katalon_Studio_Free_Windows_64-9.5.0\Katalon_Studio_Free_Windows_64-9.5.0\plugins\org.apache.httpcomponents.httpcore_4.4.16.v20221207-1049.jar;C:\Users\Ali Asad\.katalon\packages\Katalon_Studio_Free_Windows_64-9.5.0\Katalon_Studio_Free_Windows_64-9.5.0\plugins\org.apache.httpcomponents.httpmime_4.5.13.jar;C:\Users\Ali Asad\.katalon\packages\Katalon_Studio_Free_Windows_64-9.5.0\Katalon_Studio_Free_Windows_64-9.5.0\plugins\org.apache.commons.lang3_3.14.0.jar;C:\Users\Ali Asad\.katalon\packages\Katalon_Studio_Free_Windows_64-9.5.0\Katalon_Studio_Free_Windows_64-9.5.0\plugins\org.greenrobot.eventbus_3.1.1.jar;C:\Users\Ali Asad\.katalon\packages\Katalon_Studio_Free_Windows_64-9.5.0\Katalon_Studio_Free_Windows_64-9.5.0\plugins\net.bytebuddy.byte-buddy_1.14.15.jar;C:\Users\Ali Asad\.katalon\packages\Katalon_Studio_Free_Windows_64-9.5.0\Katalon_Studio_Free_Windows_64-9.5.0\plugins\org.junit_4.13.2.v20211018-1956.jar;C:\Users\Ali Asad\.katalon\packages\Katalon_Studio_Free_Windows_64-9.5.0\Katalon_Studio_Free_Windows_64-9.5.0\plugins\com.fasterxml.jackson.core.jackson-databind_2.17.1.jar;C:\Users\Ali Asad\.katalon\packages\Katalon_Studio_Free_Windows_64-9.5.0\Katalon_Studio_Free_Windows_64-9.5.0\plugins\com.fasterxml.jackson.core.jackson-core_2.17.1.jar;C:\Users\Ali Asad\.katalon\packages\Katalon_Studio_Free_Windows_64-9.5.0\Katalon_Studio_Free_Windows_64-9.5.0\plugins\com.fasterxml.jackson.core.jackson-annotations_2.17.1.jar;C:\Users\Ali Asad\.katalon\packages\Katalon_Studio_Free_Windows_64-9.5.0\Katalon_Studio_Free_Windows_64-9.5.0\plugins\ch.qos.logback.classic_1.2.13.jar;C:\Users\Ali Asad\.katalon\packages\Katalon_Studio_Free_Windows_64-9.5.0\Katalon_Studio_Free_Windows_64-9.5.0\plugins\ch.qos.logback.core_1.2.13.jar;C:\Users\Ali Asad\.katalon\packages\Katalon_Studio_Free_Windows_64-9.5.0\Katalon_Studio_Free_Windows_64-9.5.0\plugins\slf4j.api_1.7.36.jar;C:\Users\Ali Asad\.katalon\packages\Katalon_Studio_Free_Windows_64-9.5.0\Katalon_Studio_Free_Windows_64-9.5.0\plugins\org.fusesource.jansi_1.17.1.jar;C:\Users\Ali Asad\.katalon\packages\Katalon_Studio_Free_Windows_64-9.5.0\Katalon_Studio_Free_Windows_64-9.5.0\plugins\com.kms.katalon.netlightbody_1.0.0.202405291026.jar;C:\Users\Ali Asad\.katalon\packages\Katalon_Studio_Free_Windows_64-9.5.0\Katalon_Studio_Free_Windows_64-9.5.0\plugins\com.kms.katalon.poi_1.0.0.202405291026.jar;C:\Users\Ali Asad\.katalon\packages\Katalon_Studio_Free_Windows_64-9.5.0\Katalon_Studio_Free_Windows_64-9.5.0\plugins\org.apache.commons.commons-text_1.10.0.jar;C:\Users\Ali Asad\.katalon\packages\Katalon_Studio_Free_Windows_64-9.5.0\Katalon_Studio_Free_Windows_64-9.5.0\plugins\com.kms.katalon.proxyvole_1.0.0.202405291026.jar;C:\Users\Ali Asad\.katalon\packages\Katalon_Studio_Free_Windows_64-9.5.0\Katalon_Studio_Free_Windows_64-9.5.0\plugins\com.microsoft.sqlserver.mssql-jdbc_6.2.2.jre8.jar;C:\Users\Ali Asad\.katalon\packages\Katalon_Studio_Free_Windows_64-9.5.0\Katalon_Studio_Free_Windows_64-9.5.0\plugins\com.github.kklisura.cdt.java-client_2.1.0.jar;C:\Users\Ali Asad\.katalon\packages\Katalon_Studio_Free_Windows_64-9.5.0\Katalon_Studio_Free_Windows_64-9.5.0\plugins\javax.websocket-api_1.1.0.jar;C:\Users\Ali Asad\.katalon\packages\Katalon_Studio_Free_Windows_64-9.5.0\Katalon_Studio_Free_Windows_64-9.5.0\plugins\org.glassfish.tyrus.container-grizzly-client_1.13.1.jar;C:\Users\Ali Asad\.katalon\packages\Katalon_Studio_Free_Windows_64-9.5.0\Katalon_Studio_Free_Windows_64-9.5.0\plugins\org.glassfish.grizzly.http-server_2.3.25.jar;C:\Users\Ali Asad\.katalon\packages\Katalon_Studio_Free_Windows_64-9.5.0\Katalon_Studio_Free_Windows_64-9.5.0\plugins\org.glassfish.grizzly.framework_2.3.25.jar;C:\Users\Ali Asad\.katalon\packages\Katalon_Studio_Free_Windows_64-9.5.0\Katalon_Studio_Free_Windows_64-9.5.0\plugins\org.glassfish.grizzly.http_2.3.25.jar;C:\Users\Ali Asad\.katalon\packages\Katalon_Studio_Free_Windows_64-9.5.0\Katalon_Studio_Free_Windows_64-9.5.0\plugins\org.glassfish.tyrus.client_1.13.1.jar;C:\Users\Ali Asad\.katalon\packages\Katalon_Studio_Free_Windows_64-9.5.0\Katalon_Studio_Free_Windows_64-9.5.0\plugins\org.glassfish.tyrus.core_1.13.1.jar;C:\Users\Ali Asad\.katalon\packages\Katalon_Studio_Free_Windows_64-9.5.0\Katalon_Studio_Free_Windows_64-9.5.0\plugins\org.glassfish.tyrus.spi_1.13.1.jar;C:\Users\Ali Asad\.katalon\packages\Katalon_Studio_Free_Windows_64-9.5.0\Katalon_Studio_Free_Windows_64-9.5.0\plugins\javassist_3.28.0.GA.jar;C:\Users\Ali Asad\.katalon\packages\Katalon_Studio_Free_Windows_64-9.5.0\Katalon_Studio_Free_Windows_64-9.5.0\plugins\graphql-java_17.5.0.jar;C:\Users\Ali Asad\.katalon\packages\Katalon_Studio_Free_Windows_64-9.5.0\Katalon_Studio_Free_Windows_64-9.5.0\plugins\org.glassfish.jaxb.runtime_2.3.6.jar;C:\Users\Ali Asad\.katalon\packages\Katalon_Studio_Free_Windows_64-9.5.0\Katalon_Studio_Free_Windows_64-9.5.0\plugins\org.glassfish.jaxb.txw2_2.3.6.jar;C:\Users\Ali Asad\.katalon\packages\Katalon_Studio_Free_Windows_64-9.5.0\Katalon_Studio_Free_Windows_64-9.5.0\plugins\org.dom4j_2.1.4.jar;C:\Users\Ali Asad\.katalon\packages\Katalon_Studio_Free_Windows_64-9.5.0\Katalon_Studio_Free_Windows_64-9.5.0\plugins\com.kms.katalon.groovy-extended_1.0.0.202405291026.jar;C:\Users\Ali Asad\.katalon\packages\Katalon_Studio_Free_Windows_64-9.5.0\Katalon_Studio_Free_Windows_64-9.5.0\plugins\com.sun.activation.javax.activation_1.2.0.jar;C:\Users\Ali Asad\.katalon\packages\Katalon_Studio_Free_Windows_64-9.5.0\Katalon_Studio_Free_Windows_64-9.5.0\plugins\jakarta.xml.bind-api_2.3.3.jar;C:\Users\Ali Asad\.katalon\packages\Katalon_Studio_Free_Windows_64-9.5.0\Katalon_Studio_Free_Windows_64-9.5.0\plugins\com.sun.xml.bind.jaxb-impl_2.3.6.jar;C:\Users\Ali Asad\.katalon\packages\Katalon_Studio_Free_Windows_64-9.5.0\Katalon_Studio_Free_Windows_64-9.5.0\plugins\org.eclipse.jface_3.29.0.v20230214-1401.jar;C:\Users\Ali Asad\.katalon\packages\Katalon_Studio_Free_Windows_64-9.5.0\Katalon_Studio_Free_Windows_64-9.5.0\plugins\com.kms.katalon.logging_1.0.0.202405291026.jar;C:\Users\Ali Asad\.katalon\packages\Katalon_Studio_Free_Windows_64-9.5.0\Katalon_Studio_Free_Windows_64-9.5.0\plugins\json_20240303.0.0.jar;C:\Users\Ali Asad\.katalon\packages\Katalon_Studio_Free_Windows_64-9.5.0\Katalon_Studio_Free_Windows_64-9.5.0\plugins\assertj-core_3.25.3.jar;C:\Users\Ali Asad\.katalon\packages\Katalon_Studio_Free_Windows_64-9.5.0\Katalon_Studio_Free_Windows_64-9.5.0\plugins\org.apache.commons.logging_1.2.0.v20180409-1502.jar;C:\Users\Ali Asad\.katalon\packages\Katalon_Studio_Free_Windows_64-9.5.0\Katalon_Studio_Free_Windows_64-9.5.0\plugins\org.hamcrest.core_1.3.0.v20180420-1519.jar;C:\Users\Ali Asad\.katalon\packages\Katalon_Studio_Free_Windows_64-9.5.0\Katalon_Studio_Free_Windows_64-9.5.0\plugins\org.beanshell.bsh_2.0.0.0b4.jar;C:\Users\Ali Asad\.katalon\packages\Katalon_Studio_Free_Windows_64-9.5.0\Katalon_Studio_Free_Windows_64-9.5.0\plugins\org.apache.ant.launcher_1.9.6.jar;C:\Users\Ali Asad\.katalon\packages\Katalon_Studio_Free_Windows_64-9.5.0\Katalon_Studio_Free_Windows_64-9.5.0\plugins\com.kms.katalon.core.appium_1.0.0.202405291026.jar;C:\Users\Ali Asad\.katalon\packages\Katalon_Studio_Free_Windows_64-9.5.0\Katalon_Studio_Free_Windows_64-9.5.0\plugins\com.kms.katalon.api_1.0.0.202405291026.jar;C:\Users\Ali Asad\.katalon\packages\Katalon_Studio_Free_Windows_64-9.5.0\Katalon_Studio_Free_Windows_64-9.5.0\plugins\org.eclipse.equinox.common_3.17.100.v20230202-1341.jar;C:\Users\Ali Asad\.katalon\packages\Katalon_Studio_Free_Windows_64-9.5.0\Katalon_Studio_Free_Windows_64-9.5.0\plugins\com.kms.katalon.testcloud.core_1.0.0.202405291026.jar;C:\Users\Ali Asad\.katalon\packages\Katalon_Studio_Free_Windows_64-9.5.0\Katalon_Studio_Free_Windows_64-9.5.0\plugins\org.eclipse.e4.core.di.annotations_1.7.200.v20220613-1008.jar;C:\Users\Ali Asad\.katalon\packages\Katalon_Studio_Free_Windows_64-9.5.0\Katalon_Studio_Free_Windows_64-9.5.0\plugins\org.eclipse.swt_3.123.0.v20230220-1431.jar;C:\Users\Ali Asad\.katalon\packages\Katalon_Studio_Free_Windows_64-9.5.0\Katalon_Studio_Free_Windows_64-9.5.0\plugins\com.kms.katalon.configuration.core_1.0.0.202405291026.jar;C:\Users\Ali Asad\.katalon\packages\Katalon_Studio_Free_Windows_64-9.5.0\Katalon_Studio_Free_Windows_64-9.5.0\plugins\org.semver4j_5.3.0.jar;C:\Users\Ali Asad\.katalon\packages\Katalon_Studio_Free_Windows_64-9.5.0\Katalon_Studio_Free_Windows_64-9.5.0\plugins\com.kms.katalon.core.webui_1.0.0.202405291026.jar;C:\Users\Ali Asad\.katalon\packages\Katalon_Studio_Free_Windows_64-9.5.0\Katalon_Studio_Free_Windows_64-9.5.0\plugins\org.eclipse.e4.core.contexts_1.11.0.v20220716-0839.jar;C:\Users\Ali Asad\.katalon\packages\Katalon_Studio_Free_Windows_64-9.5.0\Katalon_Studio_Free_Windows_64-9.5.0\plugins\org.eclipse.e4.core.services_2.3.400.v20220915-1347.jar;C:\Users\Ali Asad\.katalon\packages\Katalon_Studio_Free_Windows_64-9.5.0\Katalon_Studio_Free_Windows_64-9.5.0\plugins\com.kms.katalon.core.mobile_1.0.0.202405291026.jar;C:\Users\Ali Asad\.katalon\packages\Katalon_Studio_Free_Windows_64-9.5.0\Katalon_Studio_Free_Windows_64-9.5.0\plugins\org.apache.commons.commons-validator_1.7.0.jar;C:\Users\Ali Asad\.katalon\packages\Katalon_Studio_Free_Windows_64-9.5.0\Katalon_Studio_Free_Windows_64-9.5.0\plugins\com.kms.katalon.core.cucumber_1.0.0.202405291026.jar;C:\Users\Ali Asad\.katalon\packages\Katalon_Studio_Free_Windows_64-9.5.0\Katalon_Studio_Free_Windows_64-9.5.0\plugins\io.cucumber.core_3.0.3.jar;C:\Users\Ali Asad\.katalon\packages\Katalon_Studio_Free_Windows_64-9.5.0\Katalon_Studio_Free_Windows_64-9.5.0\plugins\io.cucumber.datatable_1.1.15.jar;C:\Users\Ali Asad\.katalon\packages\Katalon_Studio_Free_Windows_64-9.5.0\Katalon_Studio_Free_Windows_64-9.5.0\plugins\io.cucumber.datatable-dependencies_1.1.15.jar;C:\Users\Ali Asad\.katalon\packages\Katalon_Studio_Free_Windows_64-9.5.0\Katalon_Studio_Free_Windows_64-9.5.0\plugins\io.cucumber.expressions_5.0.19.jar;C:\Users\Ali Asad\.katalon\packages\Katalon_Studio_Free_Windows_64-9.5.0\Katalon_Studio_Free_Windows_64-9.5.0\plugins\io.cucumber.gherkin_5.0.0.jar;C:\Users\Ali Asad\.katalon\packages\Katalon_Studio_Free_Windows_64-9.5.0\Katalon_Studio_Free_Windows_64-9.5.0\plugins\io.cucumber.html_0.2.7.jar;C:\Users\Ali Asad\.katalon\packages\Katalon_Studio_Free_Windows_64-9.5.0\Katalon_Studio_Free_Windows_64-9.5.0\plugins\io.cucumber.java_3.0.3.jar;C:\Users\Ali Asad\.katalon\packages\Katalon_Studio_Free_Windows_64-9.5.0\Katalon_Studio_Free_Windows_64-9.5.0\plugins\io.cucumber.tag-expressions_1.1.1.jar;C:\Users\Ali Asad\.katalon\packages\Katalon_Studio_Free_Windows_64-9.5.0\Katalon_Studio_Free_Windows_64-9.5.0\plugins\io.cucumber.junit_3.0.3.jar;C:\Users\Ali Asad\.katalon\packages\Katalon_Studio_Free_Windows_64-9.5.0\Katalon_Studio_Free_Windows_64-9.5.0\plugins\com.kms.katalon.core.webservice_1.0.0.202405291026.jar;C:\Users\Ali Asad\.katalon\packages\Katalon_Studio_Free_Windows_64-9.5.0\Katalon_Studio_Free_Windows_64-9.5.0\plugins\wsdl4j_1.6.2.jar;C:\Users\Ali Asad\.katalon\packages\Katalon_Studio_Free_Windows_64-9.5.0\Katalon_Studio_Free_Windows_64-9.5.0\plugins\com.google.oauth-client.google-oauth-client_1.22.0.jar;C:\Users\Ali Asad\.katalon\packages\Katalon_Studio_Free_Windows_64-9.5.0\Katalon_Studio_Free_Windows_64-9.5.0\plugins\com.google.http-client.google-http-client_1.22.0.jar;C:\Users\Ali Asad\.katalon\packages\Katalon_Studio_Free_Windows_64-9.5.0\Katalon_Studio_Free_Windows_64-9.5.0\plugins\ca.juliusdavies.not-yet-commons-ssl_0.3.11.jar;C:\Users\Ali Asad\.katalon\packages\Katalon_Studio_Free_Windows_64-9.5.0\Katalon_Studio_Free_Windows_64-9.5.0\plugins\com.kms.katalon.preferences_1.0.0.202405291026.jar;C:\Users\Ali Asad\.katalon\packages\Katalon_Studio_Free_Windows_64-9.5.0\Katalon_Studio_Free_Windows_64-9.5.0\plugins\org.apache.xmlbeans_3.1.0.jar;C:\Users\Ali Asad\.katalon\packages\Katalon_Studio_Free_Windows_64-9.5.0\Katalon_Studio_Free_Windows_64-9.5.0\plugins\com.kms.katalon.entity_1.0.0.202405291026.jar;C:\Users\Ali Asad\.katalon\packages\Katalon_Studio_Free_Windows_64-9.5.0\Katalon_Studio_Free_Windows_64-9.5.0\plugins\org.antlr.antlr4-runtime_4.9.2.jar;C:\Users\Ali Asad\.katalon\packages\Katalon_Studio_Free_Windows_64-9.5.0\Katalon_Studio_Free_Windows_64-9.5.0\plugins\com.networknt.json-schema-validator_1.0.66.jar;C:\Users\Ali Asad\.katalon\packages\Katalon_Studio_Free_Windows_64-9.5.0\Katalon_Studio_Free_Windows_64-9.5.0\plugins\jakarta.xml.ws-api_2.3.3.jar;C:\Users\Ali Asad\.katalon\packages\Katalon_Studio_Free_Windows_64-9.5.0\Katalon_Studio_Free_Windows_64-9.5.0\plugins\javax.xml.soap-api_1.4.0.jar;C:\Users\Ali Asad\.katalon\packages\Katalon_Studio_Free_Windows_64-9.5.0\Katalon_Studio_Free_Windows_64-9.5.0\plugins\com.kms.katalon.core.windows_1.0.0.202405291026.jar;C:\Users\Ali Asad\.katalon\packages\Katalon_Studio_Free_Windows_64-9.5.0\Katalon_Studio_Free_Windows_64-9.5.0\plugins\com.kms.katalon.core.testng_1.0.0.202405291026.jar;C:\Users\Ali Asad\.katalon\packages\Katalon_Studio_Free_Windows_64-9.5.0\Katalon_Studio_Free_Windows_64-9.5.0\configuration\org.eclipse.osgi\28\0\.cp\resources\basic-report\katalon-studio-report-plugin.jar;C:\Users\Ali Asad\.katalon\packages\Katalon_Studio_Free_Windows_64-9.5.0\Katalon_Studio_Free_Windows_64-9.5.0\plugins\org.codehaus.groovy_3.0.17.v202303311542-e2303\lib\groovy-3.0.17-indy.jar;C:\Users\Ali Asad\.katalon\packages\Katalon_Studio_Free_Windows_64-9.5.0\Katalon_Studio_Free_Windows_64-9.5.0\plugins\org.codehaus.groovy_3.0.17.v202303311542-e2303\lib\ivy-2.5.1.jar --main groovy.ui.GroovyMain --encoding UTF-8 --indy C:\Users\Ali Asad\Katalon Studio\Data Plain - Android\Libs\TempTestCase1724160586815.groovy

Host: Intel(R) Core(TM) i5-3230M CPU @ 2.60GHz, 4 cores, 11G,  Windows 10 , 64 bit Build 19041 (10.0.19041.4597)
Time: Tue Aug 20 18:30:06 2024 Pakistan Standard Time elapsed time: 18.293922 seconds (0d 0h 0m 18s)

---------------  T H R E A D  ---------------

Current thread (0x0000025c2c9ae820):  JavaThread "C2 CompilerThread0" daemon [_thread_in_native, id=5884, stack(0x000000d255700000,0x000000d255800000)]


Current CompileTask:
C2:  18294 4961       4       groovy.lang.MetaClassImpl$1MOPIter::methodNameAction (325 bytes)

Stack: [0x000000d255700000,0x000000d255800000]
Native frames: (J=compiled Java code, j=interpreted, Vv=VM code, C=native code)
V  [jvm.dll+0x67754a]
V  [jvm.dll+0x834304]
V  [jvm.dll+0x835aae]
V  [jvm.dll+0x836113]
V  [jvm.dll+0x24696f]
V  [jvm.dll+0xac0ac]
V  [jvm.dll+0xac67c]
V  [jvm.dll+0x364de2]
V  [jvm.dll+0x1bcc02]
V  [jvm.dll+0x219799]
V  [jvm.dll+0x218a61]
V  [jvm.dll+0x1a4d8d]
V  [jvm.dll+0x2284da]
V  [jvm.dll+0x226615]
V  [jvm.dll+0x7ea90b]
V  [jvm.dll+0x7e4e7a]
V  [jvm.dll+0x676395]
C  [ucrtbase.dll+0x21bb2]
C  [KERNEL32.DLL+0x17374]
C  [ntdll.dll+0x4cc91]


---------------  P R O C E S S  ---------------

Threads class SMR info:
_java_thread_list=0x0000025c35978c60, length=12, elements={
0x0000025c1121d890, 0x0000025c2c9833e0, 0x0000025c2c984a10, 0x0000025c2c9700a0,
0x0000025c2c970570, 0x0000025c2c970a40, 0x0000025c2c9aa010, 0x0000025c2c9ae820,
0x0000025c2ca18390, 0x0000025c2ca1b050, 0x0000025c2cb90990, 0x0000025c3184d350
}

Java Threads: ( => current thread )
  0x0000025c1121d890 JavaThread "main" [_thread_in_native, id=13656, stack(0x000000d254a00000,0x000000d254b00000)]
  0x0000025c2c9833e0 JavaThread "Reference Handler" daemon [_thread_blocked, id=1252, stack(0x000000d255100000,0x000000d255200000)]
  0x0000025c2c984a10 JavaThread "Finalizer" daemon [_thread_blocked, id=11692, stack(0x000000d255200000,0x000000d255300000)]
  0x0000025c2c9700a0 JavaThread "Signal Dispatcher" daemon [_thread_blocked, id=7952, stack(0x000000d255300000,0x000000d255400000)]
  0x0000025c2c970570 JavaThread "Attach Listener" daemon [_thread_blocked, id=9288, stack(0x000000d255400000,0x000000d255500000)]
  0x0000025c2c970a40 JavaThread "Service Thread" daemon [_thread_blocked, id=16036, stack(0x000000d255500000,0x000000d255600000)]
  0x0000025c2c9aa010 JavaThread "Monitor Deflation Thread" daemon [_thread_blocked, id=4444, stack(0x000000d255600000,0x000000d255700000)]
=>0x0000025c2c9ae820 JavaThread "C2 CompilerThread0" daemon [_thread_in_native, id=5884, stack(0x000000d255700000,0x000000d255800000)]
  0x0000025c2ca18390 JavaThread "C1 CompilerThread0" daemon [_thread_blocked, id=7056, stack(0x000000d255800000,0x000000d255900000)]
  0x0000025c2ca1b050 JavaThread "Sweeper thread" daemon [_thread_blocked, id=9652, stack(0x000000d255900000,0x000000d255a00000)]
  0x0000025c2cb90990 JavaThread "Common-Cleaner" daemon [_thread_blocked, id=15420, stack(0x000000d255a00000,0x000000d255b00000)]
  0x0000025c3184d350 JavaThread "Notification Thread" daemon [_thread_blocked, id=6976, stack(0x000000d255f00000,0x000000d256000000)]

Other Threads:
  0x0000025c2c8ff130 VMThread "VM Thread" [stack: 0x000000d255000000,0x000000d255100000] [id=7752]
  0x0000025c3184d820 WatcherThread [stack: 0x000000d256000000,0x000000d256100000] [id=7936]
  0x0000025c1127f450 GCTaskThread "GC Thread#0" [stack: 0x000000d254b00000,0x000000d254c00000] [id=5292]
  0x0000025c31307d10 GCTaskThread "GC Thread#1" [stack: 0x000000d255b00000,0x000000d255c00000] [id=12568]
  0x0000025c31095ac0 GCTaskThread "GC Thread#2" [stack: 0x000000d255c00000,0x000000d255d00000] [id=14876]
  0x0000025c31333b10 GCTaskThread "GC Thread#3" [stack: 0x000000d255d00000,0x000000d255e00000] [id=6196]
  0x0000025c112902a0 ConcurrentGCThread "G1 Main Marker" [stack: 0x000000d254c00000,0x000000d254d00000] [id=5680]
  0x0000025c11290bc0 ConcurrentGCThread "G1 Conc#0" [stack: 0x000000d254d00000,0x000000d254e00000] [id=14644]
  0x0000025c2c7b0020 ConcurrentGCThread "G1 Refine#0" [stack: 0x000000d254e00000,0x000000d254f00000] [id=13208]
  0x0000025c2c7b2e50 ConcurrentGCThread "G1 Service" [stack: 0x000000d254f00000,0x000000d255000000] [id=2880]

Threads with active compile tasks:
C2 CompilerThread0    18328 4961       4       groovy.lang.MetaClassImpl$1MOPIter::methodNameAction (325 bytes)

VM state: not at safepoint (normal execution)

VM Mutex/Monitor currently owned by a thread: None

Heap address: 0x0000000080000000, size: 2048 MB, Compressed Oops mode: 32-bit

CDS archive(s) not mapped
Compressed class space mapped at: 0x0000000100000000-0x0000000140000000, reserved size: 1073741824
Narrow klass base: 0x0000000000000000, Narrow klass shift: 3, Narrow klass range: 0x140000000

GC Precious Log:
 CPUs: 4 total, 4 available
 Memory: 12180M
 Large Page Support: Disabled
 NUMA Support: Disabled
 Compressed Oops: Enabled (32-bit)
 Heap Region Size: 1M
 Heap Min Capacity: 8M
 Heap Initial Capacity: 192M
 Heap Max Capacity: 2G
 Pre-touch: Disabled
 Parallel Workers: 4
 Concurrent Workers: 1
 Concurrent Refinement Workers: 4
 Periodic GC: Disabled

Heap:
 garbage-first heap   total 116736K, used 54963K [0x0000000080000000, 0x0000000100000000)
  region size 1024K, 30 young (30720K), 6 survivors (6144K)
 Metaspace       used 37223K, committed 37696K, reserved 1114112K
  class space    used 3972K, committed 4224K, reserved 1048576K

Heap Regions: E=young(eden), S=young(survivor), O=old, HS=humongous(starts), HC=humongous(continues), CS=collection set, F=free, OA=open archive, CA=closed archive, TAMS=top-at-mark-start (previous, next)
|   0|0x0000000080000000, 0x0000000080100000, 0x0000000080100000|100%|HS|  |TAMS 0x0000000080100000, 0x0000000080000000| Complete 
|   1|0x0000000080100000, 0x0000000080200000, 0x0000000080200000|100%|HS|  |TAMS 0x0000000080200000, 0x0000000080100000| Complete 
|   2|0x0000000080200000, 0x0000000080300000, 0x0000000080300000|100%| O|  |TAMS 0x0000000080300000, 0x0000000080200000| Untracked 
|   3|0x0000000080300000, 0x0000000080400000, 0x0000000080400000|100%| O|  |TAMS 0x0000000080400000, 0x0000000080300000| Untracked 
|   4|0x0000000080400000, 0x0000000080500000, 0x0000000080500000|100%| O|  |TAMS 0x0000000080500000, 0x0000000080400000| Untracked 
|   5|0x0000000080500000, 0x0000000080600000, 0x0000000080600000|100%| O|  |TAMS 0x0000000080600000, 0x0000000080500000| Untracked 
|   6|0x0000000080600000, 0x0000000080700000, 0x0000000080700000|100%| O|  |TAMS 0x0000000080700000, 0x0000000080600000| Untracked 
|   7|0x0000000080700000, 0x0000000080800000, 0x0000000080800000|100%| O|  |TAMS 0x0000000080800000, 0x0000000080700000| Untracked 
|   8|0x0000000080800000, 0x0000000080900000, 0x0000000080900000|100%|HS|  |TAMS 0x0000000080900000, 0x0000000080800000| Complete 
|   9|0x0000000080900000, 0x0000000080a00000, 0x0000000080a00000|100%| O|  |TAMS 0x0000000080a00000, 0x0000000080900000| Untracked 
|  10|0x0000000080a00000, 0x0000000080b00000, 0x0000000080b00000|100%| O|  |TAMS 0x0000000080b00000, 0x0000000080a00000| Untracked 
|  11|0x0000000080b00000, 0x0000000080b00000, 0x0000000080c00000|  0%| F|  |TAMS 0x0000000080b00000, 0x0000000080b00000| Untracked 
|  12|0x0000000080c00000, 0x0000000080d00000, 0x0000000080d00000|100%| O|  |TAMS 0x0000000080d00000, 0x0000000080c00000| Untracked 
|  13|0x0000000080d00000, 0x0000000080df0400, 0x0000000080e00000| 93%| O|  |TAMS 0x0000000080df0400, 0x0000000080d00000| Untracked 
|  14|0x0000000080e00000, 0x0000000080f00000, 0x0000000080f00000|100%| O|  |TAMS 0x0000000080f00000, 0x0000000080e00000| Untracked 
|  15|0x0000000080f00000, 0x0000000081000000, 0x0000000081000000|100%| O|  |TAMS 0x0000000081000000, 0x0000000080f00000| Untracked 
|  16|0x0000000081000000, 0x0000000081100000, 0x0000000081100000|100%| O|  |TAMS 0x0000000081100000, 0x0000000081000000| Untracked 
|  17|0x0000000081100000, 0x0000000081200000, 0x0000000081200000|100%| O|  |TAMS 0x0000000081200000, 0x0000000081100000| Untracked 
|  18|0x0000000081200000, 0x0000000081300000, 0x0000000081300000|100%| O|  |TAMS 0x0000000081300000, 0x0000000081200000| Untracked 
|  19|0x0000000081300000, 0x0000000081400000, 0x0000000081400000|100%| O|  |TAMS 0x0000000081400000, 0x0000000081300000| Untracked 
|  20|0x0000000081400000, 0x0000000081500000, 0x0000000081500000|100%| O|  |TAMS 0x0000000081500000, 0x0000000081400000| Untracked 
|  21|0x0000000081500000, 0x0000000081600000, 0x0000000081600000|100%| O|  |TAMS 0x0000000081600000, 0x0000000081500000| Untracked 
|  22|0x0000000081600000, 0x0000000081600000, 0x0000000081700000|  0%| F|  |TAMS 0x0000000081600000, 0x0000000081600000| Untracked 
|  23|0x0000000081700000, 0x0000000081700000, 0x0000000081800000|  0%| F|  |TAMS 0x0000000081700000, 0x0000000081700000| Untracked 
|  24|0x0000000081800000, 0x0000000081900000, 0x0000000081900000|100%| O|  |TAMS 0x0000000081900000, 0x0000000081800000| Untracked 
|  25|0x0000000081900000, 0x0000000081a00000, 0x0000000081a00000|100%| O|  |TAMS 0x0000000081a00000, 0x0000000081900000| Untracked 
|  26|0x0000000081a00000, 0x0000000081b00000, 0x0000000081b00000|100%| O|  |TAMS 0x0000000081b00000, 0x0000000081a00000| Untracked 
|  27|0x0000000081b00000, 0x0000000081c00000, 0x0000000081c00000|100%| O|  |TAMS 0x0000000081c00000, 0x0000000081b00000| Untracked 
|  28|0x0000000081c00000, 0x0000000081c99000, 0x0000000081d00000| 59%| O|  |TAMS 0x0000000081c99000, 0x0000000081c00000| Untracked 
|  29|0x0000000081d00000, 0x0000000081d00000, 0x0000000081e00000|  0%| F|  |TAMS 0x0000000081d00000, 0x0000000081d00000| Untracked 
|  30|0x0000000081e00000, 0x0000000081e00000, 0x0000000081f00000|  0%| F|  |TAMS 0x0000000081e00000, 0x0000000081e00000| Untracked 
|  31|0x0000000081f00000, 0x0000000081f00000, 0x0000000082000000|  0%| F|  |TAMS 0x0000000081f00000, 0x0000000081f00000| Untracked 
|  32|0x0000000082000000, 0x0000000082000000, 0x0000000082100000|  0%| F|  |TAMS 0x0000000082000000, 0x0000000082000000| Untracked 
|  33|0x0000000082100000, 0x0000000082100000, 0x0000000082200000|  0%| F|  |TAMS 0x0000000082100000, 0x0000000082100000| Untracked 
|  34|0x0000000082200000, 0x0000000082200000, 0x0000000082300000|  0%| F|  |TAMS 0x0000000082200000, 0x0000000082200000| Untracked 
|  35|0x0000000082300000, 0x0000000082300000, 0x0000000082400000|  0%| F|  |TAMS 0x0000000082300000, 0x0000000082300000| Untracked 
|  36|0x0000000082400000, 0x0000000082400000, 0x0000000082500000|  0%| F|  |TAMS 0x0000000082400000, 0x0000000082400000| Untracked 
|  37|0x0000000082500000, 0x0000000082500000, 0x0000000082600000|  0%| F|  |TAMS 0x0000000082500000, 0x0000000082500000| Untracked 
|  38|0x0000000082600000, 0x0000000082600000, 0x0000000082700000|  0%| F|  |TAMS 0x0000000082600000, 0x0000000082600000| Untracked 
|  39|0x0000000082700000, 0x0000000082700000, 0x0000000082800000|  0%| F|  |TAMS 0x0000000082700000, 0x0000000082700000| Untracked 
|  40|0x0000000082800000, 0x0000000082800000, 0x0000000082900000|  0%| F|  |TAMS 0x0000000082800000, 0x0000000082800000| Untracked 
|  41|0x0000000082900000, 0x0000000082900000, 0x0000000082a00000|  0%| F|  |TAMS 0x0000000082900000, 0x0000000082900000| Untracked 
|  42|0x0000000082a00000, 0x0000000082a00000, 0x0000000082b00000|  0%| F|  |TAMS 0x0000000082a00000, 0x0000000082a00000| Untracked 
|  43|0x0000000082b00000, 0x0000000082b00000, 0x0000000082c00000|  0%| F|  |TAMS 0x0000000082b00000, 0x0000000082b00000| Untracked 
|  44|0x0000000082c00000, 0x0000000082c00000, 0x0000000082d00000|  0%| F|  |TAMS 0x0000000082c00000, 0x0000000082c00000| Untracked 
|  45|0x0000000082d00000, 0x0000000082d00000, 0x0000000082e00000|  0%| F|  |TAMS 0x0000000082d00000, 0x0000000082d00000| Untracked 
|  46|0x0000000082e00000, 0x0000000082e00000, 0x0000000082f00000|  0%| F|  |TAMS 0x0000000082e00000, 0x0000000082e00000| Untracked 
|  47|0x0000000082f00000, 0x0000000082f00000, 0x0000000083000000|  0%| F|  |TAMS 0x0000000082f00000, 0x0000000082f00000| Untracked 
|  48|0x0000000083000000, 0x0000000083000000, 0x0000000083100000|  0%| F|  |TAMS 0x0000000083000000, 0x0000000083000000| Untracked 
|  49|0x0000000083100000, 0x0000000083100000, 0x0000000083200000|  0%| F|  |TAMS 0x0000000083100000, 0x0000000083100000| Untracked 
|  50|0x0000000083200000, 0x0000000083200000, 0x0000000083300000|  0%| F|  |TAMS 0x0000000083200000, 0x0000000083200000| Untracked 
|  51|0x0000000083300000, 0x0000000083300000, 0x0000000083400000|  0%| F|  |TAMS 0x0000000083300000, 0x0000000083300000| Untracked 
|  52|0x0000000083400000, 0x0000000083400000, 0x0000000083500000|  0%| F|  |TAMS 0x0000000083400000, 0x0000000083400000| Untracked 
|  53|0x0000000083500000, 0x0000000083500000, 0x0000000083600000|  0%| F|  |TAMS 0x0000000083500000, 0x0000000083500000| Untracked 
|  54|0x0000000083600000, 0x0000000083600000, 0x0000000083700000|  0%| F|  |TAMS 0x0000000083600000, 0x0000000083600000| Untracked 
|  55|0x0000000083700000, 0x0000000083700000, 0x0000000083800000|  0%| F|  |TAMS 0x0000000083700000, 0x0000000083700000| Untracked 
|  56|0x0000000083800000, 0x0000000083800000, 0x0000000083900000|  0%| F|  |TAMS 0x0000000083800000, 0x0000000083800000| Untracked 
|  57|0x0000000083900000, 0x0000000083900000, 0x0000000083a00000|  0%| F|  |TAMS 0x0000000083900000, 0x0000000083900000| Untracked 
|  58|0x0000000083a00000, 0x0000000083a00000, 0x0000000083b00000|  0%| F|  |TAMS 0x0000000083a00000, 0x0000000083a00000| Untracked 
|  59|0x0000000083b00000, 0x0000000083b00000, 0x0000000083c00000|  0%| F|  |TAMS 0x0000000083b00000, 0x0000000083b00000| Untracked 
|  60|0x0000000083c00000, 0x0000000083c00000, 0x0000000083d00000|  0%| F|  |TAMS 0x0000000083c00000, 0x0000000083c00000| Untracked 
|  61|0x0000000083d00000, 0x0000000083d00000, 0x0000000083e00000|  0%| F|  |TAMS 0x0000000083d00000, 0x0000000083d00000| Untracked 
|  62|0x0000000083e00000, 0x0000000083e00000, 0x0000000083f00000|  0%| F|  |TAMS 0x0000000083e00000, 0x0000000083e00000| Untracked 
|  63|0x0000000083f00000, 0x0000000083f00000, 0x0000000084000000|  0%| F|  |TAMS 0x0000000083f00000, 0x0000000083f00000| Untracked 
|  64|0x0000000084000000, 0x0000000084000000, 0x0000000084100000|  0%| F|  |TAMS 0x0000000084000000, 0x0000000084000000| Untracked 
|  65|0x0000000084100000, 0x0000000084100000, 0x0000000084200000|  0%| F|  |TAMS 0x0000000084100000, 0x0000000084100000| Untracked 
|  66|0x0000000084200000, 0x0000000084200000, 0x0000000084300000|  0%| F|  |TAMS 0x0000000084200000, 0x0000000084200000| Untracked 
|  67|0x0000000084300000, 0x0000000084300000, 0x0000000084400000|  0%| F|  |TAMS 0x0000000084300000, 0x0000000084300000| Untracked 
|  68|0x0000000084400000, 0x0000000084400000, 0x0000000084500000|  0%| F|  |TAMS 0x0000000084400000, 0x0000000084400000| Untracked 
|  69|0x0000000084500000, 0x0000000084500000, 0x0000000084600000|  0%| F|  |TAMS 0x0000000084500000, 0x0000000084500000| Untracked 
|  70|0x0000000084600000, 0x0000000084600000, 0x0000000084700000|  0%| F|  |TAMS 0x0000000084600000, 0x0000000084600000| Untracked 
|  71|0x0000000084700000, 0x0000000084700000, 0x0000000084800000|  0%| F|  |TAMS 0x0000000084700000, 0x0000000084700000| Untracked 
|  72|0x0000000084800000, 0x0000000084800000, 0x0000000084900000|  0%| F|  |TAMS 0x0000000084800000, 0x0000000084800000| Untracked 
|  73|0x0000000084900000, 0x0000000084900000, 0x0000000084a00000|  0%| F|  |TAMS 0x0000000084900000, 0x0000000084900000| Untracked 
|  74|0x0000000084a00000, 0x0000000084a00000, 0x0000000084b00000|  0%| F|  |TAMS 0x0000000084a00000, 0x0000000084a00000| Untracked 
|  75|0x0000000084b00000, 0x0000000084b00000, 0x0000000084c00000|  0%| F|  |TAMS 0x0000000084b00000, 0x0000000084b00000| Untracked 
|  76|0x0000000084c00000, 0x0000000084c00000, 0x0000000084d00000|  0%| F|  |TAMS 0x0000000084c00000, 0x0000000084c00000| Untracked 
|  77|0x0000000084d00000, 0x0000000084d00000, 0x0000000084e00000|  0%| F|  |TAMS 0x0000000084d00000, 0x0000000084d00000| Untracked 
|  78|0x0000000084e00000, 0x0000000084e00000, 0x0000000084f00000|  0%| F|  |TAMS 0x0000000084e00000, 0x0000000084e00000| Untracked 
|  79|0x0000000084f00000, 0x0000000084f00000, 0x0000000085000000|  0%| F|  |TAMS 0x0000000084f00000, 0x0000000084f00000| Untracked 
|  80|0x0000000085000000, 0x0000000085000000, 0x0000000085100000|  0%| F|  |TAMS 0x0000000085000000, 0x0000000085000000| Untracked 
|  81|0x0000000085100000, 0x0000000085100000, 0x0000000085200000|  0%| F|  |TAMS 0x0000000085100000, 0x0000000085100000| Untracked 
|  82|0x0000000085200000, 0x0000000085200000, 0x0000000085300000|  0%| F|  |TAMS 0x0000000085200000, 0x0000000085200000| Untracked 
|  83|0x0000000085300000, 0x0000000085300000, 0x0000000085400000|  0%| F|  |TAMS 0x0000000085300000, 0x0000000085300000| Untracked 
|  84|0x0000000085400000, 0x0000000085500000, 0x0000000085500000|100%| E|  |TAMS 0x0000000085400000, 0x0000000085400000| Complete 
|  85|0x0000000085500000, 0x0000000085600000, 0x0000000085600000|100%| E|CS|TAMS 0x0000000085500000, 0x0000000085500000| Complete 
|  86|0x0000000085600000, 0x0000000085623870, 0x0000000085700000| 13%| S|CS|TAMS 0x0000000085600000, 0x0000000085600000| Complete 
|  87|0x0000000085700000, 0x0000000085800000, 0x0000000085800000|100%| S|CS|TAMS 0x0000000085700000, 0x0000000085700000| Complete 
|  88|0x0000000085800000, 0x0000000085900000, 0x0000000085900000|100%| S|CS|TAMS 0x0000000085800000, 0x0000000085800000| Complete 
|  89|0x0000000085900000, 0x0000000085a00000, 0x0000000085a00000|100%| S|CS|TAMS 0x0000000085900000, 0x0000000085900000| Complete 
|  90|0x0000000085a00000, 0x0000000085b00000, 0x0000000085b00000|100%| S|CS|TAMS 0x0000000085a00000, 0x0000000085a00000| Complete 
|  91|0x0000000085b00000, 0x0000000085c00000, 0x0000000085c00000|100%| S|CS|TAMS 0x0000000085b00000, 0x0000000085b00000| Complete 
|  92|0x0000000085c00000, 0x0000000085d00000, 0x0000000085d00000|100%| E|CS|TAMS 0x0000000085c00000, 0x0000000085c00000| Complete 
|  93|0x0000000085d00000, 0x0000000085e00000, 0x0000000085e00000|100%| E|CS|TAMS 0x0000000085d00000, 0x0000000085d00000| Complete 
|  94|0x0000000085e00000, 0x0000000085f00000, 0x0000000085f00000|100%| E|CS|TAMS 0x0000000085e00000, 0x0000000085e00000| Complete 
|  95|0x0000000085f00000, 0x0000000086000000, 0x0000000086000000|100%| E|CS|TAMS 0x0000000085f00000, 0x0000000085f00000| Complete 
|  96|0x0000000086000000, 0x0000000086100000, 0x0000000086100000|100%| E|CS|TAMS 0x0000000086000000, 0x0000000086000000| Complete 
|  97|0x0000000086100000, 0x0000000086200000, 0x0000000086200000|100%| E|CS|TAMS 0x0000000086100000, 0x0000000086100000| Complete 
|  98|0x0000000086200000, 0x0000000086300000, 0x0000000086300000|100%| E|CS|TAMS 0x0000000086200000, 0x0000000086200000| Complete 
|  99|0x0000000086300000, 0x0000000086400000, 0x0000000086400000|100%| E|CS|TAMS 0x0000000086300000, 0x0000000086300000| Complete 
| 100|0x0000000086400000, 0x0000000086500000, 0x0000000086500000|100%| E|CS|TAMS 0x0000000086400000, 0x0000000086400000| Complete 
| 101|0x0000000086500000, 0x0000000086600000, 0x0000000086600000|100%| E|CS|TAMS 0x0000000086500000, 0x0000000086500000| Complete 
| 102|0x0000000086600000, 0x0000000086700000, 0x0000000086700000|100%| E|CS|TAMS 0x0000000086600000, 0x0000000086600000| Complete 
| 103|0x0000000086700000, 0x0000000086800000, 0x0000000086800000|100%| E|CS|TAMS 0x0000000086700000, 0x0000000086700000| Complete 
| 104|0x0000000086800000, 0x0000000086900000, 0x0000000086900000|100%| E|CS|TAMS 0x0000000086800000, 0x0000000086800000| Complete 
| 105|0x0000000086900000, 0x0000000086a00000, 0x0000000086a00000|100%| E|CS|TAMS 0x0000000086900000, 0x0000000086900000| Complete 
| 106|0x0000000086a00000, 0x0000000086b00000, 0x0000000086b00000|100%| E|CS|TAMS 0x0000000086a00000, 0x0000000086a00000| Complete 
| 107|0x0000000086b00000, 0x0000000086c00000, 0x0000000086c00000|100%| E|CS|TAMS 0x0000000086b00000, 0x0000000086b00000| Complete 
| 108|0x0000000086c00000, 0x0000000086d00000, 0x0000000086d00000|100%| E|CS|TAMS 0x0000000086c00000, 0x0000000086c00000| Complete 
| 109|0x0000000086d00000, 0x0000000086e00000, 0x0000000086e00000|100%| E|CS|TAMS 0x0000000086d00000, 0x0000000086d00000| Complete 
| 110|0x0000000086e00000, 0x0000000086f00000, 0x0000000086f00000|100%| E|CS|TAMS 0x0000000086e00000, 0x0000000086e00000| Complete 
| 111|0x0000000086f00000, 0x0000000087000000, 0x0000000087000000|100%| E|CS|TAMS 0x0000000086f00000, 0x0000000086f00000| Complete 
| 173|0x000000008ad00000, 0x000000008ae00000, 0x000000008ae00000|100%| E|CS|TAMS 0x000000008ad00000, 0x000000008ad00000| Complete 
| 191|0x000000008bf00000, 0x000000008c000000, 0x000000008c000000|100%| E|CS|TAMS 0x000000008bf00000, 0x000000008bf00000| Complete 

Card table byte_map: [0x0000025c25a90000,0x0000025c25e90000] _byte_map_base: 0x0000025c25690000

Marking Bits (Prev, Next): (CMBitMap*) 0x0000025c1127f970, (CMBitMap*) 0x0000025c1127f9b0
 Prev Bits: [0x0000025c26290000, 0x0000025c28290000)
 Next Bits: [0x0000025c28290000, 0x0000025c2a290000)

Polling page: 0x0000025c16040000

Metaspace:

Usage:
  Non-class:     32.47 MB used.
      Class:      3.88 MB used.
       Both:     36.35 MB used.

Virtual space:
  Non-class space:       64.00 MB reserved,      32.69 MB ( 51%) committed,  1 nodes.
      Class space:        1.00 GB reserved,       4.12 MB ( <1%) committed,  1 nodes.
             Both:        1.06 GB reserved,      36.81 MB (  3%) committed. 

Chunk freelists:
   Non-Class:  15.06 MB
       Class:  11.91 MB
        Both:  26.97 MB

MaxMetaspaceSize: unlimited
CompressedClassSpaceSize: 1.00 GB
Initial GC threshold: 21.00 MB
Current GC threshold: 58.75 MB
CDS: off
MetaspaceReclaimPolicy: balanced
 - commit_granule_bytes: 65536.
 - commit_granule_words: 8192.
 - virtual_space_node_default_size: 8388608.
 - enlarge_chunks_in_place: 1.
 - new_chunks_are_fully_committed: 0.
 - uncommit_free_chunks: 1.
 - use_allocation_guard: 0.
 - handle_deallocations: 1.


Internal statistics:

num_allocs_failed_limit: 6.
num_arena_births: 622.
num_arena_deaths: 0.
num_vsnodes_births: 2.
num_vsnodes_deaths: 0.
num_space_committed: 589.
num_space_uncommitted: 0.
num_chunks_returned_to_freelist: 6.
num_chunks_taken_from_freelist: 1496.
num_chunk_merges: 6.
num_chunk_splits: 1012.
num_chunks_enlarged: 655.
num_inconsistent_stats: 0.

CodeHeap 'non-profiled nmethods': size=120000Kb used=2649Kb max_used=2808Kb free=117350Kb
 bounds [0x0000025c1db30000, 0x0000025c1de10000, 0x0000025c25060000]
CodeHeap 'profiled nmethods': size=120000Kb used=7852Kb max_used=7852Kb free=112147Kb
 bounds [0x0000025c16060000, 0x0000025c16810000, 0x0000025c1d590000]
CodeHeap 'non-nmethods': size=5760Kb used=2293Kb max_used=2359Kb free=3466Kb
 bounds [0x0000025c1d590000, 0x0000025c1d800000, 0x0000025c1db30000]
 total_blobs=4958 nmethods=4155 adapters=715
 compilation: enabled
              stopped_count=0, restarted_count=0
 full_count=0

Compilation events (20 events):
Event: 18.181 Thread 0x0000025c2ca18390 4968       3       java.lang.reflect.Field::getRoot (5 bytes)
Event: 18.181 Thread 0x0000025c2ca18390 nmethod 4968 0x0000025c167fb110 code [0x0000025c167fb2a0, 0x0000025c167fb3b8]
Event: 18.181 Thread 0x0000025c2ca18390 4969       3       jdk.internal.reflect.UnsafeFieldAccessorFactory::newFieldAccessor (638 bytes)
Event: 18.185 Thread 0x0000025c2ca18390 nmethod 4969 0x0000025c167fb490 code [0x0000025c167fbc60, 0x0000025c167fee58]
Event: 18.185 Thread 0x0000025c2ca18390 4970       3       jdk.internal.reflect.FieldAccessorImpl::<init> (5 bytes)
Event: 18.186 Thread 0x0000025c2ca18390 nmethod 4970 0x0000025c167ffd10 code [0x0000025c167ffec0, 0x0000025c16800078]
Event: 18.186 Thread 0x0000025c2ca18390 4971       3       java.lang.reflect.Field::set (30 bytes)
Event: 18.186 Thread 0x0000025c2ca18390 nmethod 4971 0x0000025c16800190 code [0x0000025c16800360, 0x0000025c16800738]
Event: 18.186 Thread 0x0000025c2ca18390 4972       3       jdk.internal.misc.Unsafe::staticFieldOffset (18 bytes)
Event: 18.186 Thread 0x0000025c2ca18390 nmethod 4972 0x0000025c16800890 code [0x0000025c16800a40, 0x0000025c16800c78]
Event: 18.187 Thread 0x0000025c2ca18390 4973       3       java.lang.reflect.Field::acquireFieldAccessor (59 bytes)
Event: 18.187 Thread 0x0000025c2ca18390 nmethod 4973 0x0000025c16800d90 code [0x0000025c16800f80, 0x0000025c16801598]
Event: 18.188 Thread 0x0000025c2ca18390 4974       3       jdk.internal.reflect.UnsafeFieldAccessorImpl::<init> (56 bytes)
Event: 18.188 Thread 0x0000025c2ca18390 nmethod 4974 0x0000025c16801710 code [0x0000025c16801940, 0x0000025c16802138]
Event: 18.188 Thread 0x0000025c2ca18390 4977  s!   3       org.eclipse.osgi.util.NLS$MessagesProperties::put (168 bytes)
Event: 18.191 Thread 0x0000025c2ca18390 nmethod 4977 0x0000025c16802410 code [0x0000025c16802860, 0x0000025c16804628]
Event: 18.191 Thread 0x0000025c2ca18390 4978       3       jdk.internal.reflect.UnsafeStaticObjectFieldAccessorImpl::set (54 bytes)
Event: 18.193 Thread 0x0000025c2ca18390 nmethod 4978 0x0000025c16805090 code [0x0000025c168052c0, 0x0000025c16805ba8]
Event: 18.271 Thread 0x0000025c2ca18390 4979       3       com.sun.beans.TypeResolver::resolveInClass (9 bytes)
Event: 18.272 Thread 0x0000025c2ca18390 nmethod 4979 0x0000025c16805e90 code [0x0000025c168060c0, 0x0000025c16806818]

GC Heap History (20 events):
Event: 2.939 GC heap before
{Heap before GC invocations=2 (full 0):
 garbage-first heap   total 196608K, used 31369K [0x0000000080000000, 0x0000000100000000)
  region size 1024K, 19 young (19456K), 2 survivors (2048K)
 Metaspace       used 9597K, committed 9728K, reserved 1114112K
  class space    used 827K, committed 896K, reserved 1048576K
}
Event: 2.942 GC heap after
{Heap after GC invocations=3 (full 0):
 garbage-first heap   total 196608K, used 15583K [0x0000000080000000, 0x0000000100000000)
  region size 1024K, 2 young (2048K), 2 survivors (2048K)
 Metaspace       used 9597K, committed 9728K, reserved 1114112K
  class space    used 827K, committed 896K, reserved 1048576K
}
Event: 7.068 GC heap before
{Heap before GC invocations=3 (full 0):
 garbage-first heap   total 196608K, used 91359K [0x0000000080000000, 0x0000000100000000)
  region size 1024K, 77 young (78848K), 2 survivors (2048K)
 Metaspace       used 21351K, committed 21504K, reserved 1114112K
  class space    used 2227K, committed 2304K, reserved 1048576K
}
Event: 7.078 GC heap after
{Heap after GC invocations=4 (full 0):
 garbage-first heap   total 196608K, used 21280K [0x0000000080000000, 0x0000000100000000)
  region size 1024K, 7 young (7168K), 7 survivors (7168K)
 Metaspace       used 21351K, committed 21504K, reserved 1114112K
  class space    used 2227K, committed 2304K, reserved 1048576K
}
Event: 7.992 GC heap before
{Heap before GC invocations=5 (full 0):
 garbage-first heap   total 75776K, used 59168K [0x0000000080000000, 0x0000000100000000)
  region size 1024K, 44 young (45056K), 7 survivors (7168K)
 Metaspace       used 22158K, committed 22400K, reserved 1114112K
  class space    used 2310K, committed 2432K, reserved 1048576K
}
Event: 8.005 GC heap after
{Heap after GC invocations=6 (full 0):
 garbage-first heap   total 75776K, used 22091K [0x0000000080000000, 0x0000000100000000)
  region size 1024K, 2 young (2048K), 2 survivors (2048K)
 Metaspace       used 22158K, committed 22400K, reserved 1114112K
  class space    used 2310K, committed 2432K, reserved 1048576K
}
Event: 8.008 GC heap before
{Heap before GC invocations=6 (full 0):
 garbage-first heap   total 75776K, used 23115K [0x0000000080000000, 0x0000000100000000)
  region size 1024K, 3 young (3072K), 2 survivors (2048K)
 Metaspace       used 22158K, committed 22400K, reserved 1114112K
  class space    used 2310K, committed 2432K, reserved 1048576K
}
Event: 8.015 GC heap after
{Heap after GC invocations=7 (full 0):
 garbage-first heap   total 75776K, used 21817K [0x0000000080000000, 0x0000000100000000)
  region size 1024K, 1 young (1024K), 1 survivors (1024K)
 Metaspace       used 22158K, committed 22400K, reserved 1114112K
  class space    used 2310K, committed 2432K, reserved 1048576K
}
Event: 9.284 GC heap before
{Heap before GC invocations=7 (full 0):
 garbage-first heap   total 75776K, used 52537K [0x0000000080000000, 0x0000000100000000)
  region size 1024K, 31 young (31744K), 1 survivors (1024K)
 Metaspace       used 24419K, committed 24640K, reserved 1114112K
  class space    used 2523K, committed 2624K, reserved 1048576K
}
Event: 9.290 GC heap after
{Heap after GC invocations=8 (full 0):
 garbage-first heap   total 75776K, used 23407K [0x0000000080000000, 0x0000000100000000)
  region size 1024K, 2 young (2048K), 2 survivors (2048K)
 Metaspace       used 24419K, committed 24640K, reserved 1114112K
  class space    used 2523K, committed 2624K, reserved 1048576K
}
Event: 11.620 GC heap before
{Heap before GC invocations=8 (full 0):
 garbage-first heap   total 75776K, used 55151K [0x0000000080000000, 0x0000000100000000)
  region size 1024K, 33 young (33792K), 2 survivors (2048K)
 Metaspace       used 30701K, committed 31104K, reserved 1114112K
  class space    used 3263K, committed 3456K, reserved 1048576K
}
Event: 11.631 GC heap after
{Heap after GC invocations=9 (full 0):
 garbage-first heap   total 75776K, used 26308K [0x0000000080000000, 0x0000000100000000)
  region size 1024K, 5 young (5120K), 5 survivors (5120K)
 Metaspace       used 30701K, committed 31104K, reserved 1114112K
  class space    used 3263K, committed 3456K, reserved 1048576K
}
Event: 12.531 GC heap before
{Heap before GC invocations=9 (full 0):
 garbage-first heap   total 75776K, used 59076K [0x0000000080000000, 0x0000000100000000)
  region size 1024K, 34 young (34816K), 5 survivors (5120K)
 Metaspace       used 32322K, committed 32768K, reserved 1114112K
  class space    used 3380K, committed 3584K, reserved 1048576K
}
Event: 12.544 GC heap after
{Heap after GC invocations=10 (full 0):
 garbage-first heap   total 75776K, used 26914K [0x0000000080000000, 0x0000000100000000)
  region size 1024K, 1 young (1024K), 1 survivors (1024K)
 Metaspace       used 32322K, committed 32768K, reserved 1114112K
  class space    used 3380K, committed 3584K, reserved 1048576K
}
Event: 12.867 GC heap before
{Heap before GC invocations=10 (full 0):
 garbage-first heap   total 75776K, used 57634K [0x0000000080000000, 0x0000000100000000)
  region size 1024K, 31 young (31744K), 1 survivors (1024K)
 Metaspace       used 32813K, committed 33216K, reserved 1114112K
  class space    used 3445K, committed 3648K, reserved 1048576K
}
Event: 12.870 GC heap after
{Heap after GC invocations=11 (full 0):
 garbage-first heap   total 75776K, used 27173K [0x0000000080000000, 0x0000000100000000)
  region size 1024K, 1 young (1024K), 1 survivors (1024K)
 Metaspace       used 32813K, committed 33216K, reserved 1114112K
  class space    used 3445K, committed 3648K, reserved 1048576K
}
Event: 13.602 GC heap before
{Heap before GC invocations=11 (full 0):
 garbage-first heap   total 75776K, used 58917K [0x0000000080000000, 0x0000000100000000)
  region size 1024K, 32 young (32768K), 1 survivors (1024K)
 Metaspace       used 34654K, committed 35072K, reserved 1114112K
  class space    used 3656K, committed 3840K, reserved 1048576K
}
Event: 13.608 GC heap after
{Heap after GC invocations=12 (full 0):
 garbage-first heap   total 179200K, used 27808K [0x0000000080000000, 0x0000000100000000)
  region size 1024K, 2 young (2048K), 2 survivors (2048K)
 Metaspace       used 34654K, committed 35072K, reserved 1114112K
  class space    used 3656K, committed 3840K, reserved 1048576K
}
Event: 15.810 GC heap before
{Heap before GC invocations=12 (full 0):
 garbage-first heap   total 179200K, used 111776K [0x0000000080000000, 0x0000000100000000)
  region size 1024K, 85 young (87040K), 2 survivors (2048K)
 Metaspace       used 35489K, committed 35968K, reserved 1114112K
  class space    used 3728K, committed 3968K, reserved 1048576K
}
Event: 15.818 GC heap after
{Heap after GC invocations=13 (full 0):
 garbage-first heap   total 179200K, used 31411K [0x0000000080000000, 0x0000000100000000)
  region size 1024K, 6 young (6144K), 6 survivors (6144K)
 Metaspace       used 35489K, committed 35968K, reserved 1114112K
  class space    used 3728K, committed 3968K, reserved 1048576K
}

Dll operation events (6 events):
Event: 0.014 Loaded shared library C:\Users\Ali Asad\.katalon\packages\Katalon_Studio_Free_Windows_64-9.5.0\Katalon_Studio_Free_Windows_64-9.5.0\jre\bin\java.dll
Event: 0.638 Loaded shared library C:\Users\Ali Asad\.katalon\packages\Katalon_Studio_Free_Windows_64-9.5.0\Katalon_Studio_Free_Windows_64-9.5.0\jre\bin\net.dll
Event: 0.641 Loaded shared library C:\Users\Ali Asad\.katalon\packages\Katalon_Studio_Free_Windows_64-9.5.0\Katalon_Studio_Free_Windows_64-9.5.0\jre\bin\nio.dll
Event: 0.659 Loaded shared library C:\Users\Ali Asad\.katalon\packages\Katalon_Studio_Free_Windows_64-9.5.0\Katalon_Studio_Free_Windows_64-9.5.0\jre\bin\zip.dll
Event: 1.869 Loaded shared library C:\Users\Ali Asad\.katalon\packages\Katalon_Studio_Free_Windows_64-9.5.0\Katalon_Studio_Free_Windows_64-9.5.0\jre\bin\verify.dll
Event: 2.900 Loaded shared library C:\Users\Ali Asad\.katalon\packages\Katalon_Studio_Free_Windows_64-9.5.0\Katalon_Studio_Free_Windows_64-9.5.0\jre\bin\jimage.dll

Deoptimization events (20 events):
Event: 15.837 Thread 0x0000025c1121d890 Uncommon trap: trap_request=0xffffffde fr.pc=0x0000025c1dcd53b4 relative=0x00000000000005d4
Event: 15.837 Thread 0x0000025c1121d890 Uncommon trap: reason=class_check action=maybe_recompile pc=0x0000025c1dcd53b4 method=java.util.regex.Matcher.search(I)Z @ 121 c2
Event: 15.837 Thread 0x0000025c1121d890 DEOPT PACKING pc=0x0000025c1dcd53b4 sp=0x000000d254afc510
Event: 15.837 Thread 0x0000025c1121d890 DEOPT UNPACKING pc=0x0000025c1d5e69a3 sp=0x000000d254afc4d0 mode 2
Event: 16.010 Thread 0x0000025c1121d890 DEOPT PACKING pc=0x0000025c1623ddc5 sp=0x000000d254afc120
Event: 16.011 Thread 0x0000025c1121d890 DEOPT UNPACKING pc=0x0000025c1d5e7143 sp=0x000000d254afb608 mode 0
Event: 17.011 Thread 0x0000025c1121d890 Uncommon trap: trap_request=0xffffff45 fr.pc=0x0000025c1db728bc relative=0x000000000000195c
Event: 17.011 Thread 0x0000025c1121d890 Uncommon trap: reason=unstable_if action=reinterpret pc=0x0000025c1db728bc method=java.util.zip.ZipFile$Source.getEntryPos(Ljava/lang/String;Z)I @ 104 c2
Event: 17.011 Thread 0x0000025c1121d890 DEOPT PACKING pc=0x0000025c1db728bc sp=0x000000d254afc510
Event: 17.011 Thread 0x0000025c1121d890 DEOPT UNPACKING pc=0x0000025c1d5e69a3 sp=0x000000d254afc4d8 mode 2
Event: 17.011 Thread 0x0000025c1121d890 Uncommon trap: trap_request=0xffffff45 fr.pc=0x0000025c1db884a0 relative=0x00000000000002c0
Event: 17.011 Thread 0x0000025c1121d890 Uncommon trap: reason=unstable_if action=reinterpret pc=0x0000025c1db884a0 method=java.util.zip.ZipFile.getZipEntry(Ljava/lang/String;I)Ljava/util/zip/ZipEntry; @ 74 c2
Event: 17.011 Thread 0x0000025c1121d890 DEOPT PACKING pc=0x0000025c1db884a0 sp=0x000000d254afc5c0
Event: 17.011 Thread 0x0000025c1121d890 DEOPT UNPACKING pc=0x0000025c1d5e69a3 sp=0x000000d254afc508 mode 2
Event: 17.361 Thread 0x0000025c1121d890 Uncommon trap: trap_request=0xffffff45 fr.pc=0x0000025c1dbfc7e4 relative=0x0000000000000064
Event: 17.361 Thread 0x0000025c1121d890 Uncommon trap: reason=unstable_if action=reinterpret pc=0x0000025c1dbfc7e4 method=java.util.zip.ZipFile$ZipEntryIterator.hasNext()Z @ 8 c2
Event: 17.361 Thread 0x0000025c1121d890 DEOPT PACKING pc=0x0000025c1dbfc7e4 sp=0x000000d254afc8d0
Event: 17.361 Thread 0x0000025c1121d890 DEOPT UNPACKING pc=0x0000025c1d5e69a3 sp=0x000000d254afc808 mode 2
Event: 18.179 Thread 0x0000025c1121d890 DEOPT PACKING pc=0x0000025c161fc1ce sp=0x000000d254afbaa0
Event: 18.179 Thread 0x0000025c1121d890 DEOPT UNPACKING pc=0x0000025c1d5e7143 sp=0x000000d254afaf90 mode 0

Classes unloaded (0 events):
No events

Classes redefined (0 events):
No events

Internal exceptions (20 events):
Event: 17.431 Thread 0x0000025c1121d890 Exception <a 'java/lang/ClassNotFoundException'{0x0000000086163b58}: com/kms/katalon/core/mobile/keyword/builtin/StartExistingApplicationKeywordBeanInfo> (0x0000000086163b58) 
thrown [s\src\hotspot\share\classfile\systemDictionary.cpp, line 256]
Event: 17.445 Thread 0x0000025c1121d890 Exception <a 'java/lang/ClassNotFoundException'{0x0000000086199ee0}: com/kms/katalon/core/mobile/keyword/internal/MobileAbstractKeywordBeanInfo> (0x0000000086199ee0) 
thrown [s\src\hotspot\share\classfile\systemDictionary.cpp, line 256]
Event: 17.453 Thread 0x0000025c1121d890 Exception <a 'java/lang/ClassNotFoundException'{0x00000000861cdf18}: com/kms/katalon/core/keyword/internal/AbstractKeywordBeanInfo> (0x00000000861cdf18) 
thrown [s\src\hotspot\share\classfile\systemDictionary.cpp, line 256]
Event: 17.479 Thread 0x0000025c1121d890 Exception <a 'java/lang/ClassNotFoundException'{0x00000000860025e0}: com/kms/katalon/core/keyword/internal/AbstractKeywordCustomizer> (0x00000000860025e0) 
thrown [s\src\hotspot\share\classfile\systemDictionary.cpp, line 256]
Event: 17.500 Thread 0x0000025c1121d890 Exception <a 'java/lang/ClassNotFoundException'{0x000000008603cf28}: com/kms/katalon/core/mobile/keyword/internal/MobileAbstractKeywordCustomizer> (0x000000008603cf28) 
thrown [s\src\hotspot\share\classfile\systemDictionary.cpp, line 256]
Event: 17.533 Thread 0x0000025c1121d890 Exception <a 'java/lang/ClassNotFoundException'{0x0000000086077cc0}: com/kms/katalon/core/mobile/keyword/builtin/StartExistingApplicationKeywordCustomizer> (0x0000000086077cc0) 
thrown [s\src\hotspot\share\classfile\systemDictionary.cpp, line 256]
Event: 17.547 Thread 0x0000025c1121d890 Exception <a 'java/lang/ClassNotFoundException'{0x00000000860d63b0}: com/kms/katalon/core/logging/KeywordLoggerBeanInfo> (0x00000000860d63b0) 
thrown [s\src\hotspot\share\classfile\systemDictionary.cpp, line 256]
Event: 17.553 Thread 0x0000025c1121d890 Exception <a 'java/lang/ClassNotFoundException'{0x0000000085f098a8}: com/kms/katalon/core/logging/KeywordLoggerCustomizer> (0x0000000085f098a8) 
thrown [s\src\hotspot\share\classfile\systemDictionary.cpp, line 256]
Event: 17.691 Thread 0x0000025c1121d890 Exception <a 'java/lang/ClassNotFoundException'{0x0000000085ff0a80}: groovy/lang/ReferenceBeanInfo> (0x0000000085ff0a80) 
thrown [s\src\hotspot\share\classfile\systemDictionary.cpp, line 256]
Event: 17.707 Thread 0x0000025c1121d890 Exception <a 'java/lang/ClassNotFoundException'{0x0000000085e68c60}: groovy/lang/ReferenceCustomizer> (0x0000000085e68c60) 
thrown [s\src\hotspot\share\classfile\systemDictionary.cpp, line 256]
Event: 17.791 Thread 0x0000025c1121d890 Exception <a 'java/lang/ClassNotFoundException'{0x0000000085ec66d0}: com/kms/katalon/core/util/TestCloudPropertyUtilBeanInfo> (0x0000000085ec66d0) 
thrown [s\src\hotspot\share\classfile\systemDictionary.cpp, line 256]
Event: 17.799 Thread 0x0000025c1121d890 Exception <a 'java/lang/ClassNotFoundException'{0x0000000085ef8e70}: com/kms/katalon/core/util/TestCloudPropertyUtilCustomizer> (0x0000000085ef8e70) 
thrown [s\src\hotspot\share\classfile\systemDictionary.cpp, line 256]
Event: 17.943 Thread 0x0000025c1121d890 Exception <a 'java/lang/ClassNotFoundException'{0x0000000085dc2d28}: com/kms/katalon/core/mobile/constants/CoreMobileMessageConstantsBeanInfo> (0x0000000085dc2d28) 
thrown [s\src\hotspot\share\classfile\systemDictionary.cpp, line 256]
Event: 17.950 Thread 0x0000025c1121d890 Exception <a 'java/lang/ClassNotFoundException'{0x0000000085df1e58}: org/eclipse/osgi/util/NLSBeanInfo> (0x0000000085df1e58) 
thrown [s\src\hotspot\share\classfile\systemDictionary.cpp, line 256]
Event: 18.077 Thread 0x0000025c1121d890 Exception <a 'java/lang/ClassNotFoundException'{0x0000000085c21260}: org/eclipse/osgi/util/NLSCustomizer> (0x0000000085c21260) 
thrown [s\src\hotspot\share\classfile\systemDictionary.cpp, line 256]
Event: 18.159 Thread 0x0000025c1121d890 Exception <a 'java/lang/ClassNotFoundException'{0x0000000085c5a650}: com/kms/katalon/core/mobile/constants/CoreMobileMessageConstantsCustomizer> (0x0000000085c5a650) 
thrown [s\src\hotspot\share\classfile\systemDictionary.cpp, line 256]
Event: 18.215 Thread 0x0000025c1121d890 Exception <a 'java/lang/ClassNotFoundException'{0x0000000085cf9110}: java/text/MessageFormatBeanInfo> (0x0000000085cf9110) 
thrown [s\src\hotspot\share\classfile\systemDictionary.cpp, line 256]
Event: 18.240 Thread 0x0000025c1121d890 Exception <a 'java/lang/ClassNotFoundException'{0x000000008551a520}: java/text/FormatBeanInfo> (0x000000008551a520) 
thrown [s\src\hotspot\share\classfile\systemDictionary.cpp, line 256]
Event: 18.252 Thread 0x0000025c1121d890 Exception <a 'java/lang/ClassNotFoundException'{0x000000008553b748}: java/text/FormatCustomizer> (0x000000008553b748) 
thrown [s\src\hotspot\share\classfile\systemDictionary.cpp, line 256]
Event: 18.270 Thread 0x0000025c1121d890 Exception <a 'java/lang/ClassNotFoundException'{0x0000000085561050}: java/text/MessageFormatCustomizer> (0x0000000085561050) 
thrown [s\src\hotspot\share\classfile\systemDictionary.cpp, line 256]

VM Operations (20 events):
Event: 13.845 Executing VM operation: HandshakeAllThreads
Event: 13.845 Executing VM operation: HandshakeAllThreads done
Event: 14.268 Executing VM operation: HandshakeAllThreads
Event: 14.268 Executing VM operation: HandshakeAllThreads done
Event: 14.842 Executing VM operation: ICBufferFull
Event: 14.842 Executing VM operation: ICBufferFull done
Event: 15.191 Executing VM operation: HandshakeAllThreads
Event: 15.191 Executing VM operation: HandshakeAllThreads done
Event: 15.809 Executing VM operation: CollectForMetadataAllocation
Event: 15.819 Executing VM operation: CollectForMetadataAllocation done
Event: 15.874 Executing VM operation: G1Concurrent
Event: 15.876 Executing VM operation: G1Concurrent done
Event: 15.896 Executing VM operation: G1Concurrent
Event: 15.896 Executing VM operation: G1Concurrent done
Event: 15.920 Executing VM operation: HandshakeAllThreads
Event: 15.920 Executing VM operation: HandshakeAllThreads done
Event: 16.925 Executing VM operation: Cleanup
Event: 16.925 Executing VM operation: Cleanup done
Event: 17.930 Executing VM operation: Cleanup
Event: 17.931 Executing VM operation: Cleanup done

Events (20 events):
Event: 18.193 loading class java/text/AttributedCharacterIterator
Event: 18.193 loading class java/text/CharacterIterator
Event: 18.193 loading class java/text/CharacterIterator done
Event: 18.193 loading class java/text/AttributedCharacterIterator done
Event: 18.196 loading class java/text/MessageFormatBeanInfo
Event: 18.196 loading class java/text/MessageFormatBeanInfo done
Event: 18.215 loading class java/text/MessageFormatBeanInfo
Event: 18.215 loading class java/text/MessageFormatBeanInfo done
Event: 18.219 loading class java/text/FormatBeanInfo
Event: 18.219 loading class java/text/FormatBeanInfo done
Event: 18.240 loading class java/text/FormatBeanInfo
Event: 18.240 loading class java/text/FormatBeanInfo done
Event: 18.243 loading class java/text/FormatCustomizer
Event: 18.243 loading class java/text/FormatCustomizer done
Event: 18.252 loading class java/text/FormatCustomizer
Event: 18.252 loading class java/text/FormatCustomizer done
Event: 18.253 loading class java/text/MessageFormatCustomizer
Event: 18.253 loading class java/text/MessageFormatCustomizer done
Event: 18.270 loading class java/text/MessageFormatCustomizer
Event: 18.270 loading class java/text/MessageFormatCustomizer done


Dynamic libraries:
0x00007ff6d1ae0000 - 0x00007ff6d1aee000 	C:\Users\Ali Asad\.katalon\packages\Katalon_Studio_Free_Windows_64-9.5.0\Katalon_Studio_Free_Windows_64-9.5.0\jre\bin\javaw.exe
0x00007fffe3150000 - 0x00007fffe3348000 	C:\Windows\SYSTEM32\ntdll.dll
0x00007fffe1180000 - 0x00007fffe1241000 	C:\Windows\System32\KERNEL32.DLL
0x00007fffe0c90000 - 0x00007fffe0f86000 	C:\Windows\System32\KERNELBASE.dll
0x00007fffe0a40000 - 0x00007fffe0b40000 	C:\Windows\System32\ucrtbase.dll
0x00007fffd9b10000 - 0x00007fffd9b27000 	C:\Users\Ali Asad\.katalon\packages\Katalon_Studio_Free_Windows_64-9.5.0\Katalon_Studio_Free_Windows_64-9.5.0\jre\bin\jli.dll
0x00007fffe1ea0000 - 0x00007fffe203f000 	C:\Windows\System32\USER32.dll
0x00007fffe1030000 - 0x00007fffe1052000 	C:\Windows\System32\win32u.dll
0x00007fffe30e0000 - 0x00007fffe310b000 	C:\Windows\System32\GDI32.dll
0x00007fffe0b70000 - 0x00007fffe0c87000 	C:\Windows\System32\gdi32full.dll
0x00007fffe0f90000 - 0x00007fffe102d000 	C:\Windows\System32\msvcp_win.dll
0x00007fffcae40000 - 0x00007fffcae59000 	C:\Users\Ali Asad\.katalon\packages\Katalon_Studio_Free_Windows_64-9.5.0\Katalon_Studio_Free_Windows_64-9.5.0\jre\bin\VCRUNTIME140.dll
0x00007fffcf360000 - 0x00007fffcf5fa000 	C:\Windows\WinSxS\amd64_microsoft.windows.common-controls_6595b64144ccf1df_6.0.19041.4355_none_60b8b9eb71f62e16\COMCTL32.dll
0x00007fffe2be0000 - 0x00007fffe2c7e000 	C:\Windows\System32\msvcrt.dll
0x00007fffe1da0000 - 0x00007fffe1dcf000 	C:\Windows\System32\IMM32.DLL
0x00007fffdbd40000 - 0x00007fffdbd4c000 	C:\Users\Ali Asad\.katalon\packages\Katalon_Studio_Free_Windows_64-9.5.0\Katalon_Studio_Free_Windows_64-9.5.0\jre\bin\vcruntime140_1.dll
0x00007fff96260000 - 0x00007fff962f1000 	C:\Users\Ali Asad\.katalon\packages\Katalon_Studio_Free_Windows_64-9.5.0\Katalon_Studio_Free_Windows_64-9.5.0\jre\bin\msvcp140.dll
0x00007fffa12c0000 - 0x00007fffa1f08000 	C:\Users\Ali Asad\.katalon\packages\Katalon_Studio_Free_Windows_64-9.5.0\Katalon_Studio_Free_Windows_64-9.5.0\jre\bin\server\jvm.dll
0x00007fffe2f30000 - 0x00007fffe2fe0000 	C:\Windows\System32\ADVAPI32.dll
0x00007fffe2b40000 - 0x00007fffe2be0000 	C:\Windows\System32\sechost.dll
0x00007fffe2e00000 - 0x00007fffe2f23000 	C:\Windows\System32\RPCRT4.dll
0x00007fffe0b40000 - 0x00007fffe0b67000 	C:\Windows\System32\bcrypt.dll
0x00007fffdce10000 - 0x00007fffdce19000 	C:\Windows\SYSTEM32\WSOCK32.dll
0x00007fffe2fe0000 - 0x00007fffe304b000 	C:\Windows\System32\WS2_32.dll
0x00007fffd19b0000 - 0x00007fffd19d7000 	C:\Windows\SYSTEM32\WINMM.dll
0x00007fffd48b0000 - 0x00007fffd48ba000 	C:\Windows\SYSTEM32\VERSION.dll
0x00007fffde680000 - 0x00007fffde692000 	C:\Windows\SYSTEM32\kernel.appcore.dll
0x00007fffdbd70000 - 0x00007fffdbd7a000 	C:\Users\Ali Asad\.katalon\packages\Katalon_Studio_Free_Windows_64-9.5.0\Katalon_Studio_Free_Windows_64-9.5.0\jre\bin\jimage.dll
0x00007fffd2f60000 - 0x00007fffd3144000 	C:\Windows\SYSTEM32\DBGHELP.DLL
0x00007fffd15c0000 - 0x00007fffd15f4000 	C:\Windows\SYSTEM32\dbgcore.DLL
0x00007fffe09b0000 - 0x00007fffe0a32000 	C:\Windows\System32\bcryptPrimitives.dll
0x00007fffda680000 - 0x00007fffda6a5000 	C:\Users\Ali Asad\.katalon\packages\Katalon_Studio_Free_Windows_64-9.5.0\Katalon_Studio_Free_Windows_64-9.5.0\jre\bin\java.dll
0x00007fffdb7e0000 - 0x00007fffdb7f8000 	C:\Users\Ali Asad\.katalon\packages\Katalon_Studio_Free_Windows_64-9.5.0\Katalon_Studio_Free_Windows_64-9.5.0\jre\bin\zip.dll
0x00007fffe22b0000 - 0x00007fffe2a1c000 	C:\Windows\System32\SHELL32.dll
0x00007fffde880000 - 0x00007fffdf01e000 	C:\Windows\SYSTEM32\windows.storage.dll
0x00007fffe1250000 - 0x00007fffe15a3000 	C:\Windows\System32\combase.dll
0x00007fffe0150000 - 0x00007fffe017e000 	C:\Windows\SYSTEM32\Wldp.dll
0x00007fffe1dd0000 - 0x00007fffe1e9d000 	C:\Windows\System32\OLEAUT32.dll
0x00007fffe2c80000 - 0x00007fffe2d2d000 	C:\Windows\System32\SHCORE.dll
0x00007fffe1cc0000 - 0x00007fffe1d15000 	C:\Windows\System32\shlwapi.dll
0x00007fffe0730000 - 0x00007fffe0754000 	C:\Windows\SYSTEM32\profapi.dll
0x00007fffdb0d0000 - 0x00007fffdb0e9000 	C:\Users\Ali Asad\.katalon\packages\Katalon_Studio_Free_Windows_64-9.5.0\Katalon_Studio_Free_Windows_64-9.5.0\jre\bin\net.dll
0x00007fffd7ed0000 - 0x00007fffd7fda000 	C:\Windows\SYSTEM32\WINHTTP.dll
0x00007fffdfeb0000 - 0x00007fffdff1a000 	C:\Windows\system32\mswsock.dll
0x00007fffd9ec0000 - 0x00007fffd9ed5000 	C:\Users\Ali Asad\.katalon\packages\Katalon_Studio_Free_Windows_64-9.5.0\Katalon_Studio_Free_Windows_64-9.5.0\jre\bin\nio.dll
0x00007fffdbd30000 - 0x00007fffdbd40000 	C:\Users\Ali Asad\.katalon\packages\Katalon_Studio_Free_Windows_64-9.5.0\Katalon_Studio_Free_Windows_64-9.5.0\jre\bin\verify.dll

dbghelp: loaded successfully - version: 4.0.5 - missing functions: none
symbol engine: initialized successfully - sym options: 0x614 - pdb path: .;C:\Users\Ali Asad\.katalon\packages\Katalon_Studio_Free_Windows_64-9.5.0\Katalon_Studio_Free_Windows_64-9.5.0\jre\bin;C:\Windows\SYSTEM32;C:\Windows\WinSxS\amd64_microsoft.windows.common-controls_6595b64144ccf1df_6.0.19041.4355_none_60b8b9eb71f62e16;C:\Users\Ali Asad\.katalon\packages\Katalon_Studio_Free_Windows_64-9.5.0\Katalon_Studio_Free_Windows_64-9.5.0\jre\bin\server

VM Arguments:
jvm_args: -Dgroovy.home=C:\Users\Ali Asad/.groovy -Djava.system.class.loader=groovy.lang.GroovyClassLoader -Xmx2048m -Dfile.encoding=UTF-8 -XX:+ShowCodeDetailsInExceptionMessages 
java_command: org.codehaus.groovy.tools.GroovyStarter --classpath C:\Users\Ali Asad\Katalon Studio\Data Plain - Android\bin\keyword;C:\Users\Ali Asad\Katalon Studio\Data Plain - Android\Keywords;C:\Users\Ali Asad\Katalon Studio\Data Plain - Android\bin\listener;C:\Users\Ali Asad\Katalon Studio\Data Plain - Android\Test Listeners;C:\Users\Ali Asad\Katalon Studio\Data Plain - Android\bin\lib;C:\Users\Ali Asad\Katalon Studio\Data Plain - Android\Libs;C:\Users\Ali Asad\Katalon Studio\Data Plain - Android\bin\groovy;C:\Users\Ali Asad\Katalon Studio\Data Plain - Android\Include\scripts\groovy;C:\Users\Ali Asad\.katalon\packages\Katalon_Studio_Free_Windows_64-9.5.0\Katalon_Studio_Free_Windows_64-9.5.0\plugins\com.kms.katalon.core_1.0.0.202405291026.jar;C:\Users\Ali Asad\.katalon\packages\Katalon_Studio_Free_Windows_64-9.5.0\Katalon_Studio_Free_Windows_64-9.5.0\configuration\resources\lib\aalto-xml-1.0.0.jar;C:\Users\Ali Asad\.katalon\packages\Katalon_Studio_Free_Windows_64-9.5.0\Katalon_Studio_Free_Windows_64-9.5.0\configuration\resources\lib\aspectjweaver-1.9.1.jar;C:\Users\Ali Asad\.katalon\packages\Katalon_Studio_Free_Windows_64-9.5.0\Katalon_Studio_Free_Windows_64-9.5.0\configuration\resources\lib\bcpkix-jdk15on-1.64.jar;C:\Users\Ali Asad\.katalon\packages\Katalon_Studio_Free_Windows_64-9.5.0\Katalon_Studio_Free_Windows_64-9.5.0\configuration\resources\lib\bcprov-jdk15on-1.64.jar;C:\Users\Ali Asad\.katalon\packages\Katalon_Studio_Free_Windows_64-9.5.0\Katalon_Studio_Free_Windows_64-9.5.0\configuration\resources\lib\browsermob-core-2.1.5.jar;C:\Users\Ali Asad\.katalon\packages\Katalon_Studio_Free_Windows_64-9.5.0\Katalon_Studio_Free_Windows_64-9.5.0\configuration\resources\lib\byte-buddy-1.14.3.jar;C:\Users\Ali Asad\.katalon\packages\Katalon_Studio_Free_Windows_64-9.5.0\Katalon_Studio_Free_Windows_64-9.5.0\configuration\resources\lib\byte-buddy-agent-1.14.3.jar;C:\Users\Ali Asad\.katalon\packages\Katalon_Studio_Free_Windows_64-9.5.0\Katalon_Studio_Free_Windows_64-9.5.
java_class_path (initial): C:\Users\Ali Asad\Katalon Studio\Data Plain - Android\bin\keyword;C:\Users\Ali Asad\Katalon Studio\Data Plain - Android\bin\listener;C:\Users\Ali Asad\Katalon Studio\Data Plain - Android\bin\lib;C:\Users\Ali Asad\Katalon Studio\Data Plain - Android\bin\groovy;C:\Users\Ali Asad\Katalon Studio\Data Plain - Android\bin;C:\Users\Ali Asad\.katalon\packages\Katalon_Studio_Free_Windows_64-9.5.0\Katalon_Studio_Free_Windows_64-9.5.0\plugins\com.kms.katalon.core_1.0.0.202405291026.jar;C:\Users\Ali Asad\.katalon\packages\Katalon_Studio_Free_Windows_64-9.5.0\Katalon_Studio_Free_Windows_64-9.5.0\configuration\resources\lib\aalto-xml-1.0.0.jar;C:\Users\Ali Asad\.katalon\packages\Katalon_Studio_Free_Windows_64-9.5.0\Katalon_Studio_Free_Windows_64-9.5.0\configuration\resources\lib\aspectjweaver-1.9.1.jar;C:\Users\Ali Asad\.katalon\packages\Katalon_Studio_Free_Windows_64-9.5.0\Katalon_Studio_Free_Windows_64-9.5.0\configuration\resources\lib\bcpkix-jdk15on-1.64.jar;C:\Users\Ali Asad\.katalon\packages\Katalon_Studio_Free_Windows_64-9.5.0\Katalon_Studio_Free_Windows_64-9.5.0\configuration\resources\lib\bcprov-jdk15on-1.64.jar;C:\Users\Ali Asad\.katalon\packages\Katalon_Studio_Free_Windows_64-9.5.0\Katalon_Studio_Free_Windows_64-9.5.0\configuration\resources\lib\browsermob-core-2.1.5.jar;C:\Users\Ali Asad\.katalon\packages\Katalon_Studio_Free_Windows_64-9.5.0\Katalon_Studio_Free_Windows_64-9.5.0\configuration\resources\lib\byte-buddy-1.14.3.jar;C:\Users\Ali Asad\.katalon\packages\Katalon_Studio_Free_Windows_64-9.5.0\Katalon_Studio_Free_Windows_64-9.5.0\configuration\resources\lib\byte-buddy-agent-1.14.3.jar;C:\Users\Ali Asad\.katalon\packages\Katalon_Studio_Free_Windows_64-9.5.0\Katalon_Studio_Free_Windows_64-9.5.0\configuration\resources\lib\cglib-3.2.10.jar;C:\Users\Ali Asad\.katalon\packages\Katalon_Studio_Free_Windows_64-9.5.0\Katalon_Studio_Free_Windows_64-9.5.0\configuration\resources\lib\commons-codec-1.10.jar;C:\Users\Ali Asad\.katalon\packages\Katal
Launcher Type: SUN_STANDARD

[Global flags]
     intx CICompilerCount                          = 3                                         {product} {ergonomic}
     uint ConcGCThreads                            = 1                                         {product} {ergonomic}
     uint G1ConcRefinementThreads                  = 4                                         {product} {ergonomic}
   size_t G1HeapRegionSize                         = 1048576                                   {product} {ergonomic}
    uintx GCDrainStackTargetSize                   = 64                                        {product} {ergonomic}
   size_t InitialHeapSize                          = 201326592                                 {product} {ergonomic}
   size_t MarkStackSize                            = 4194304                                   {product} {ergonomic}
   size_t MaxHeapSize                              = 2147483648                                {product} {command line}
   size_t MaxNewSize                               = 1287651328                                {product} {ergonomic}
   size_t MinHeapDeltaBytes                        = 1048576                                   {product} {ergonomic}
   size_t MinHeapSize                              = 8388608                                   {product} {ergonomic}
    uintx NonNMethodCodeHeapSize                   = 5832780                                {pd product} {ergonomic}
    uintx NonProfiledCodeHeapSize                  = 122912730                              {pd product} {ergonomic}
    uintx ProfiledCodeHeapSize                     = 122912730                              {pd product} {ergonomic}
    uintx ReservedCodeCacheSize                    = 251658240                              {pd product} {ergonomic}
     bool SegmentedCodeCache                       = true                                      {product} {ergonomic}
     bool ShowCodeDetailsInExceptionMessages       = true                                   {manageable} {command line}
   size_t SoftMaxHeapSize                          = 2147483648                             {manageable} {ergonomic}
     bool UseCompressedClassPointers               = true                           {product lp64_product} {ergonomic}
     bool UseCompressedOops                        = true                           {product lp64_product} {ergonomic}
     bool UseG1GC                                  = true                                      {product} {ergonomic}
     bool UseLargePagesIndividualAllocation        = false                                  {pd product} {ergonomic}

Logging:
Log output configuration:
 #0: stdout all=warning uptime,level,tags
 #1: stderr all=off uptime,level,tags

Environment Variables:
JAVA_HOME=C:\Users\Ali Asad\.katalon\packages\Katalon_Studio_Free_Windows_64-9.5.0\Katalon_Studio_Free_Windows_64-9.5.0\jre
PATH=C:/Users/Ali Asad/.katalon/packages/Katalon_Studio_Free_Windows_64-9.5.0/Katalon_Studio_Free_Windows_64-9.5.0/jre/bin/server;C:/Users/Ali Asad/.katalon/packages/Katalon_Studio_Free_Windows_64-9.5.0/Katalon_Studio_Free_Windows_64-9.5.0/jre/bin;C:\Program Files\Common Files\Oracle\Java\javapath;C:\Users\Ali Asad\AppData\Local\Programs\Python\Python312\Scripts\;C:\Users\Ali Asad\AppData\Local\Programs\Python\Python312\;C:\Users\Ali Asad\AppData\Local\Microsoft\WindowsApps;C:\Users\Ali Asad\AppData\Local\Programs\Microsoft VS Code\bin;C:\Users\Ali Asad\AppData\Roaming\npm;C:\Program Files\nodejs;C:\Program Files\JetBrains\PyCharm Community Edition 2024.2\bin;;C:\Users\Ali Asad\.katalon\tools\android_sdk\platform-tools;C:\Program Files\Java\jdk-22;C:\Program Files\Common Files\Oracle\Java\javapath;;C:\Users\Ali Asad\.katalon\packages\Katalon_Studio_Free_Windows_64-9.5.0\Katalon_Studio_Free_Windows_64-9.5.0;:C:\Users\Ali Asad\.katalon\packages\Katalon_Studio_Free_Windows_64-9.5.0\Katalon_Studio_Free_Windows_64-9.5.0\jre\bin
USERNAME=Ali Asad
OS=Windows_NT
PROCESSOR_IDENTIFIER=Intel64 Family 6 Model 58 Stepping 9, GenuineIntel
TMP=C:\Users\ALIASA~1\AppData\Local\Temp
TEMP=C:\Users\ALIASA~1\AppData\Local\Temp



---------------  S Y S T E M  ---------------

OS:
 Windows 10 , 64 bit Build 19041 (10.0.19041.4597)
OS uptime: 4 days 1:35 hours

CPU: total 4 (initial active 4) (2 cores per cpu, 2 threads per core) family 6 model 58 stepping 9 microcode 0x21, cx8, cmov, fxsr, ht, mmx, sse, sse2, sse3, ssse3, sse4.1, sse4.2, popcnt, tsc, tscinvbit, avx, aes, erms, clmul, vzeroupper, clflush

Memory: 4k page, system-wide physical 12180M (2324M free)
TotalPageFile size 18662M (AvailPageFile size 4M)
current process WorkingSet (physical memory assigned to process): 250M, peak: 292M
current process commit charge ("private bytes"): 297M, peak: 359M

vm_info: OpenJDK 64-Bit Server VM (17.0.7+7) for windows-amd64 JRE (17.0.7+7), built on Apr 18 2023 22:10:42 by "temurin" with MS VC++ 16.7 (VS2019)

END.
