#
# There is insufficient memory for the Java Runtime Environment to continue.
# Native memory allocation (malloc) failed to allocate 1335136 bytes for Chunk::new
# Possible reasons:
#   The system is out of physical RAM or swap space
#   The process is running with CompressedOops enabled, and the Java Heap may be blocking the growth of the native heap
# Possible solutions:
#   Reduce memory load on the system
#   Increase physical memory or swap space
#   Check if swap backing store is full
#   Decrease Java heap size (-Xmx/-Xms)
#   Decrease number of Java threads
#   Decrease Java thread stack sizes (-Xss)
#   Set larger code cache with -XX:ReservedCodeCacheSize=
#   JVM is running with Unscaled Compressed Oops mode in which the Java heap is
#     placed in the first 4GB address space. The Java Heap base address is the
#     maximum limit for the native heap growth. Please use -XX:HeapBaseMinAddress
#     to set the Java Heap base and to place the Java Heap above 4GB virtual address.
# This output file may be truncated or incomplete.
#
#  Out of Memory Error (arena.cpp:189), pid=12904, tid=10252
#
# JRE version: OpenJDK Runtime Environment Temurin-17.0.7+7 (17.0.7+7) (build 17.0.7+7)
# Java VM: OpenJDK 64-Bit Server VM Temurin-17.0.7+7 (17.0.7+7, mixed mode, tiered, compressed oops, compressed class ptrs, g1 gc, windows-amd64)
# No core dump will be written. Minidumps are not enabled by default on client versions of Windows
#

---------------  S U M M A R Y ------------

Command Line: -Dgroovy.home=C:\Users\Ali Asad/.groovy -Djava.system.class.loader=groovy.lang.GroovyClassLoader -Xmx2048m -Dfile.encoding=UTF-8 -XX:+ShowCodeDetailsInExceptionMessages org.codehaus.groovy.tools.GroovyStarter --classpath C:\Users\Ali Asad\Katalon Studio\Data Plain - Android\bin\keyword;C:\Users\Ali Asad\Katalon Studio\Data Plain - Android\Keywords;C:\Users\Ali Asad\Katalon Studio\Data Plain - Android\bin\listener;C:\Users\Ali Asad\Katalon Studio\Data Plain - Android\Test Listeners;C:\Users\Ali Asad\Katalon Studio\Data Plain - Android\bin\lib;C:\Users\Ali Asad\Katalon Studio\Data Plain - Android\Libs;C:\Users\Ali Asad\Katalon Studio\Data Plain - Android\bin\groovy;C:\Users\Ali Asad\Katalon Studio\Data Plain - Android\Include\scripts\groovy;C:\Users\Ali Asad\.katalon\packages\Katalon_Studio_Free_Windows_64-9.5.0\Katalon_Studio_Free_Windows_64-9.5.0\plugins\com.kms.katalon.core_1.0.0.202405291026.jar;C:\Users\Ali Asad\.katalon\packages\Katalon_Studio_Free_Windows_64-9.5.0\Katalon_Studio_Free_Windows_64-9.5.0\configuration\resources\lib\aalto-xml-1.0.0.jar;C:\Users\Ali Asad\.katalon\packages\Katalon_Studio_Free_Windows_64-9.5.0\Katalon_Studio_Free_Windows_64-9.5.0\configuration\resources\lib\aspectjweaver-1.9.1.jar;C:\Users\Ali Asad\.katalon\packages\Katalon_Studio_Free_Windows_64-9.5.0\Katalon_Studio_Free_Windows_64-9.5.0\configuration\resources\lib\bcpkix-jdk15on-1.64.jar;C:\Users\Ali Asad\.katalon\packages\Katalon_Studio_Free_Windows_64-9.5.0\Katalon_Studio_Free_Windows_64-9.5.0\configuration\resources\lib\bcprov-jdk15on-1.64.jar;C:\Users\Ali Asad\.katalon\packages\Katalon_Studio_Free_Windows_64-9.5.0\Katalon_Studio_Free_Windows_64-9.5.0\configuration\resources\lib\browsermob-core-2.1.5.jar;C:\Users\Ali Asad\.katalon\packages\Katalon_Studio_Free_Windows_64-9.5.0\Katalon_Studio_Free_Windows_64-9.5.0\configuration\resources\lib\byte-buddy-1.14.3.jar;C:\Users\Ali Asad\.katalon\packages\Katalon_Studio_Free_Windows_64-9.5.0\Katalon_Studio_Free_Windows_64-9.5.0\configuration\resources\lib\byte-buddy-agent-1.14.3.jar;C:\Users\Ali Asad\.katalon\packages\Katalon_Studio_Free_Windows_64-9.5.0\Katalon_Studio_Free_Windows_64-9.5.0\configuration\resources\lib\cglib-3.2.10.jar;C:\Users\Ali Asad\.katalon\packages\Katalon_Studio_Free_Windows_64-9.5.0\Katalon_Studio_Free_Windows_64-9.5.0\configuration\resources\lib\commons-codec-1.10.jar;C:\Users\Ali Asad\.katalon\packages\Katalon_Studio_Free_Windows_64-9.5.0\Katalon_Studio_Free_Windows_64-9.5.0\configuration\resources\lib\commons-collections4-4.1.jar;C:\Users\Ali Asad\.katalon\packages\Katalon_Studio_Free_Windows_64-9.5.0\Katalon_Studio_Free_Windows_64-9.5.0\configuration\resources\lib\commons-validator-1.6.jar;C:\Users\Ali Asad\.katalon\packages\Katalon_Studio_Free_Windows_64-9.5.0\Katalon_Studio_Free_Windows_64-9.5.0\configuration\resources\lib\curvesapi-1.04.jar;C:\Users\Ali Asad\.katalon\packages\Katalon_Studio_Free_Windows_64-9.5.0\Katalon_Studio_Free_Windows_64-9.5.0\configuration\resources\lib\dnsjava-2.1.8.jar;C:\Users\Ali Asad\.katalon\packages\Katalon_Studio_Free_Windows_64-9.5.0\Katalon_Studio_Free_Windows_64-9.5.0\configuration\resources\lib\groovy-ant-3.0.17.jar;C:\Users\Ali Asad\.katalon\packages\Katalon_Studio_Free_Windows_64-9.5.0\Katalon_Studio_Free_Windows_64-9.5.0\configuration\resources\lib\groovy-astbuilder-3.0.17.jar;C:\Users\Ali Asad\.katalon\packages\Katalon_Studio_Free_Windows_64-9.5.0\Katalon_Studio_Free_Windows_64-9.5.0\configuration\resources\lib\groovy-cli-picocli-3.0.17.jar;C:\Users\Ali Asad\.katalon\packages\Katalon_Studio_Free_Windows_64-9.5.0\Katalon_Studio_Free_Windows_64-9.5.0\configuration\resources\lib\groovy-console-3.0.17.jar;C:\Users\Ali Asad\.katalon\packages\Katalon_Studio_Free_Windows_64-9.5.0\Katalon_Studio_Free_Windows_64-9.5.0\configuration\resources\lib\groovy-datetime-3.0.17.jar;C:\Users\Ali Asad\.katalon\packages\Katalon_Studio_Free_Windows_64-9.5.0\Katalon_Studio_Free_Windows_64-9.5.0\configuration\resources\lib\groovy-dateutil-3.0.17.jar;C:\Users\Ali Asad\.katalon\packages\Katalon_Studio_Free_Windows_64-9.5.0\Katalon_Studio_Free_Windows_64-9.5.0\configuration\resources\lib\groovy-docgenerator-3.0.17.jar;C:\Users\Ali Asad\.katalon\packages\Katalon_Studio_Free_Windows_64-9.5.0\Katalon_Studio_Free_Windows_64-9.5.0\configuration\resources\lib\groovy-groovydoc-3.0.17.jar;C:\Users\Ali Asad\.katalon\packages\Katalon_Studio_Free_Windows_64-9.5.0\Katalon_Studio_Free_Windows_64-9.5.0\configuration\resources\lib\groovy-groovysh-3.0.17.jar;C:\Users\Ali Asad\.katalon\packages\Katalon_Studio_Free_Windows_64-9.5.0\Katalon_Studio_Free_Windows_64-9.5.0\configuration\resources\lib\groovy-jmx-3.0.17.jar;C:\Users\Ali Asad\.katalon\packages\Katalon_Studio_Free_Windows_64-9.5.0\Katalon_Studio_Free_Windows_64-9.5.0\configuration\resources\lib\groovy-json-3.0.17.jar;C:\Users\Ali Asad\.katalon\packages\Katalon_Studio_Free_Windows_64-9.5.0\Katalon_Studio_Free_Windows_64-9.5.0\configuration\resources\lib\groovy-jsr223-3.0.17.jar;C:\Users\Ali Asad\.katalon\packages\Katalon_Studio_Free_Windows_64-9.5.0\Katalon_Studio_Free_Windows_64-9.5.0\configuration\resources\lib\groovy-macro-3.0.17.jar;C:\Users\Ali Asad\.katalon\packages\Katalon_Studio_Free_Windows_64-9.5.0\Katalon_Studio_Free_Windows_64-9.5.0\configuration\resources\lib\groovy-nio-3.0.17.jar;C:\Users\Ali Asad\.katalon\packages\Katalon_Studio_Free_Windows_64-9.5.0\Katalon_Studio_Free_Windows_64-9.5.0\configuration\resources\lib\groovy-servlet-3.0.17.jar;C:\Users\Ali Asad\.katalon\packages\Katalon_Studio_Free_Windows_64-9.5.0\Katalon_Studio_Free_Windows_64-9.5.0\configuration\resources\lib\groovy-sql-3.0.17.jar;C:\Users\Ali Asad\.katalon\packages\Katalon_Studio_Free_Windows_64-9.5.0\Katalon_Studio_Free_Windows_64-9.5.0\configuration\resources\lib\groovy-swing-3.0.17.jar;C:\Users\Ali Asad\.katalon\packages\Katalon_Studio_Free_Windows_64-9.5.0\Katalon_Studio_Free_Windows_64-9.5.0\configuration\resources\lib\groovy-templates-3.0.17.jar;C:\Users\Ali Asad\.katalon\packages\Katalon_Studio_Free_Windows_64-9.5.0\Katalon_Studio_Free_Windows_64-9.5.0\configuration\resources\lib\groovy-test-3.0.17.jar;C:\Users\Ali Asad\.katalon\packages\Katalon_Studio_Free_Windows_64-9.5.0\Katalon_Studio_Free_Windows_64-9.5.0\configuration\resources\lib\groovy-test-junit5-3.0.17.jar;C:\Users\Ali Asad\.katalon\packages\Katalon_Studio_Free_Windows_64-9.5.0\Katalon_Studio_Free_Windows_64-9.5.0\configuration\resources\lib\groovy-testng-3.0.17.jar;C:\Users\Ali Asad\.katalon\packages\Katalon_Studio_Free_Windows_64-9.5.0\Katalon_Studio_Free_Windows_64-9.5.0\configuration\resources\lib\groovy-xml-3.0.17.jar;C:\Users\Ali Asad\.katalon\packages\Katalon_Studio_Free_Windows_64-9.5.0\Katalon_Studio_Free_Windows_64-9.5.0\configuration\resources\lib\java-client-7.0.0.jar;C:\Users\Ali Asad\.katalon\packages\Katalon_Studio_Free_Windows_64-9.5.0\Katalon_Studio_Free_Windows_64-9.5.0\configuration\resources\lib\javax.servlet-api_3.1.0.jar;C:\Users\Ali Asad\.katalon\packages\Katalon_Studio_Free_Windows_64-9.5.0\Katalon_Studio_Free_Windows_64-9.5.0\configuration\resources\lib\jna-5.12.1.jar;C:\Users\Ali Asad\.katalon\packages\Katalon_Studio_Free_Windows_64-9.5.0\Katalon_Studio_Free_Windows_64-9.5.0\configuration\resources\lib\jna-platform-5.12.1.jar;C:\Users\Ali Asad\.katalon\packages\Katalon_Studio_Free_Windows_64-9.5.0\Katalon_Studio_Free_Windows_64-9.5.0\configuration\resources\lib\jzlib-1.1.3.jar;C:\Users\Ali Asad\.katalon\packages\Katalon_Studio_Free_Windows_64-9.5.0\Katalon_Studio_Free_Windows_64-9.5.0\configuration\resources\lib\kat-server.jar;C:\Users\Ali Asad\.katalon\packages\Katalon_Studio_Free_Windows_64-9.5.0\Katalon_Studio_Free_Windows_64-9.5.0\configuration\resources\lib\littleproxy-1.1.0-beta-bmp-17.jar;C:\Users\Ali Asad\.katalon\packages\Katalon_Studio_Free_Windows_64-9.5.0\Katalon_Studio_Free_Windows_64-9.5.0\configuration\resources\lib\log4j-1.2-api-2.17.1.jar;C:\Users\Ali Asad\.katalon\packages\Katalon_Studio_Free_Windows_64-9.5.0\Katalon_Studio_Free_Windows_64-9.5.0\configuration\resources\lib\log4j-api-2.17.1.jar;C:\Users\Ali Asad\.katalon\packages\Katalon_Studio_Free_Windows_64-9.5.0\Katalon_Studio_Free_Windows_64-9.5.0\configuration\resources\lib\log4j-core-2.17.1.jar;C:\Users\Ali Asad\.katalon\packages\Katalon_Studio_Free_Windows_64-9.5.0\Katalon_Studio_Free_Windows_64-9.5.0\configuration\resources\lib\mitm-2.1.5.jar;C:\Users\Ali Asad\.katalon\packages\Katalon_Studio_Free_Windows_64-9.5.0\Katalon_Studio_Free_Windows_64-9.5.0\configuration\resources\lib\mockito-core-5.2.0.jar;C:\Users\Ali Asad\.katalon\packages\Katalon_Studio_Free_Windows_64-9.5.0\Katalon_Studio_Free_Windows_64-9.5.0\configuration\resources\lib\mockito-inline-5.2.0.jar;C:\Users\Ali Asad\.katalon\packages\Katalon_Studio_Free_Windows_64-9.5.0\Katalon_Studio_Free_Windows_64-9.5.0\configuration\resources\lib\netty-all-4.1.109.Final.jar;C:\Users\Ali Asad\.katalon\packages\Katalon_Studio_Free_Windows_64-9.5.0\Katalon_Studio_Free_Windows_64-9.5.0\configuration\resources\lib\objenesis-3.3.jar;C:\Users\Ali Asad\.katalon\packages\Katalon_Studio_Free_Windows_64-9.5.0\Katalon_Studio_Free_Windows_64-9.5.0\configuration\resources\lib\poi-3.17.jar;C:\Users\Ali Asad\.katalon\packages\Katalon_Studio_Free_Windows_64-9.5.0\Katalon_Studio_Free_Windows_64-9.5.0\configuration\resources\lib\poi-ooxml-3.17.jar;C:\Users\Ali Asad\.katalon\packages\Katalon_Studio_Free_Windows_64-9.5.0\Katalon_Studio_Free_Windows_64-9.5.0\configuration\resources\lib\poi-ooxml-schemas-3.17.jar;C:\Users\Ali Asad\.katalon\packages\Katalon_Studio_Free_Windows_64-9.5.0\Katalon_Studio_Free_Windows_64-9.5.0\configuration\resources\lib\proxy-vole-1.0.4-SNAPSHOT-jar-with-dependencies.jar;C:\Users\Ali Asad\.katalon\packages\Katalon_Studio_Free_Windows_64-9.5.0\Katalon_Studio_Free_Windows_64-9.5.0\configuration\resources\lib\repackaged-sikuli-api-1.0.2-standalone.jar;C:\Users\Ali Asad\.katalon\packages\Katalon_Studio_Free_Windows_64-9.5.0\Katalon_Studio_Free_Windows_64-9.5.0\configuration\resources\lib\selenium-leg-rc-3.141.59.jar;C:\Users\Ali Asad\.katalon\packages\Katalon_Studio_Free_Windows_64-9.5.0\Katalon_Studio_Free_Windows_64-9.5.0\configuration\resources\lib\selenium-server-standalone-3.141.59.jar;C:\Users\Ali Asad\.katalon\packages\Katalon_Studio_Free_Windows_64-9.5.0\Katalon_Studio_Free_Windows_64-9.5.0\configuration\resources\lib\selenium-shutterbug-1.1.jar;C:\Users\Ali Asad\.katalon\packages\Katalon_Studio_Free_Windows_64-9.5.0\Katalon_Studio_Free_Windows_64-9.5.0\configuration\resources\lib\slf4j-api-1.7.25.jar;C:\Users\Ali Asad\.katalon\packages\Katalon_Studio_Free_Windows_64-9.5.0\Katalon_Studio_Free_Windows_64-9.5.0\configuration\resources\lib\soap-builder-1.0.0.jar;C:\Users\Ali Asad\.katalon\packages\Katalon_Studio_Free_Windows_64-9.5.0\Katalon_Studio_Free_Windows_64-9.5.0\configuration\resources\lib\soap-common-1.0.0.jar;C:\Users\Ali Asad\.katalon\packages\Katalon_Studio_Free_Windows_64-9.5.0\Katalon_Studio_Free_Windows_64-9.5.0\configuration\resources\lib\soap-legacy-1.0.0.jar;C:\Users\Ali Asad\.katalon\packages\Katalon_Studio_Free_Windows_64-9.5.0\Katalon_Studio_Free_Windows_64-9.5.0\configuration\resources\lib\spring-context-5.3.19.jar;C:\Users\Ali Asad\.katalon\packages\Katalon_Studio_Free_Windows_64-9.5.0\Katalon_Studio_Free_Windows_64-9.5.0\configuration\resources\lib\stax2-api-4.0.0.jar;C:\Users\Ali Asad\.katalon\packages\Katalon_Studio_Free_Windows_64-9.5.0\Katalon_Studio_Free_Windows_64-9.5.0\configuration\resources\lib\su.jar;C:\Users\Ali Asad\.katalon\packages\Katalon_Studio_Free_Windows_64-9.5.0\Katalon_Studio_Free_Windows_64-9.5.0\configuration\resources\lib\testng-7.8.0.jar;C:\Users\Ali Asad\.katalon\packages\Katalon_Studio_Free_Windows_64-9.5.0\Katalon_Studio_Free_Windows_64-9.5.0\configuration\resources\lib\wadl.jar;C:\Users\Ali Asad\.katalon\packages\Katalon_Studio_Free_Windows_64-9.5.0\Katalon_Studio_Free_Windows_64-9.5.0\configuration\resources\lib\xmlbeans-3.1.0.jar;C:\Users\Ali Asad\.katalon\packages\Katalon_Studio_Free_Windows_64-9.5.0\Katalon_Studio_Free_Windows_64-9.5.0\plugins\net.sf.supercsv.super-csv_2.1.0.jar;C:\Users\Ali Asad\.katalon\packages\Katalon_Studio_Free_Windows_64-9.5.0\Katalon_Studio_Free_Windows_64-9.5.0\plugins\org.apache.commons.io_2.4.0.jar;C:\Users\Ali Asad\.katalon\packages\Katalon_Studio_Free_Windows_64-9.5.0\Katalon_Studio_Free_Windows_64-9.5.0\plugins\org.apache.commons.lang_2.6.0.jar;C:\Users\Ali Asad\.katalon\packages\Katalon_Studio_Free_Windows_64-9.5.0\Katalon_Studio_Free_Windows_64-9.5.0\plugins\com.google.gson_2.10.1.v20230109-0753.jar;C:\Users\Ali Asad\.katalon\packages\Katalon_Studio_Free_Windows_64-9.5.0\Katalon_Studio_Free_Windows_64-9.5.0\plugins\org.jsoup_1.14.3.jar;C:\Users\Ali Asad\.katalon\packages\Katalon_Studio_Free_Windows_64-9.5.0\Katalon_Studio_Free_Windows_64-9.5.0\plugins\org.apache.commons.dbutils_1.6.0.jar;C:\Users\Ali Asad\.katalon\packages\Katalon_Studio_Free_Windows_64-9.5.0\Katalon_Studio_Free_Windows_64-9.5.0\plugins\com.oracle.jdbc.ojdbc7_12.1.0.2.jar;C:\Users\Ali Asad\.katalon\packages\Katalon_Studio_Free_Windows_64-9.5.0\Katalon_Studio_Free_Windows_64-9.5.0\plugins\org.postgresql.jdbc_42.7.3.jar;c:\Users\Ali Asad\.katalon\packages\Katalon_Studio_Free_Windows_64-9.5.0\Katalon_Studio_Free_Windows_64-9.5.0\plugins\org.eclipse.osgi_3.18.300.v20230220-1352.jar;C:\Users\Ali Asad\.katalon\packages\Katalon_Studio_Free_Windows_64-9.5.0\Katalon_Studio_Free_Windows_64-9.5.0\plugins\com.kms.katalon.constant_1.0.0.202405291026.jar;C:\Users\Ali Asad\.katalon\packages\Katalon_Studio_Free_Windows_64-9.5.0\Katalon_Studio_Free_Windows_64-9.5.0\plugins\org.eclipse.persistence.eclipselink_2.7.11.jar;C:\Users\Ali Asad\.katalon\packages\Katalon_Studio_Free_Windows_64-9.5.0\Katalon_Studio_Free_Windows_64-9.5.0\plugins\com.kms.katalon.selenium-standalone_1.0.0.202405291026.jar;C:\Users\Ali Asad\.katalon\packages\Katalon_Studio_Free_Windows_64-9.5.0\Katalon_Studio_Free_Windows_64-9.5.0\plugins\atu.testrecorder.screen-recorder_2.1.0.jar;C:\Users\Ali Asad\.katalon\packages\Katalon_Studio_Free_Windows_64-9.5.0\Katalon_Studio_Free_Windows_64-9.5.0\plugins\com.google.guava_23.0.0.jar;C:\Users\Ali Asad\.katalon\packages\Katalon_Studio_Free_Windows_64-9.5.0\Katalon_Studio_Free_Windows_64-9.5.0\plugins\com.kms.katalon.util_1.0.0.202405291026.jar;C:\Users\Ali Asad\.katalon\packages\Katalon_Studio_Free_Windows_64-9.5.0\Katalon_Studio_Free_Windows_64-9.5.0\plugins\org.apache.httpcomponents.httpclient_4.5.14.v20221207-1049.jar;C:\Users\Ali Asad\.katalon\packages\Katalon_Studio_Free_Windows_64-9.5.0\Katalon_Studio_Free_Windows_64-9.5.0\plugins\org.apache.httpcomponents.httpcore_4.4.16.v20221207-1049.jar;C:\Users\Ali Asad\.katalon\packages\Katalon_Studio_Free_Windows_64-9.5.0\Katalon_Studio_Free_Windows_64-9.5.0\plugins\org.apache.httpcomponents.httpmime_4.5.13.jar;C:\Users\Ali Asad\.katalon\packages\Katalon_Studio_Free_Windows_64-9.5.0\Katalon_Studio_Free_Windows_64-9.5.0\plugins\org.apache.commons.lang3_3.14.0.jar;C:\Users\Ali Asad\.katalon\packages\Katalon_Studio_Free_Windows_64-9.5.0\Katalon_Studio_Free_Windows_64-9.5.0\plugins\org.greenrobot.eventbus_3.1.1.jar;C:\Users\Ali Asad\.katalon\packages\Katalon_Studio_Free_Windows_64-9.5.0\Katalon_Studio_Free_Windows_64-9.5.0\plugins\net.bytebuddy.byte-buddy_1.14.15.jar;C:\Users\Ali Asad\.katalon\packages\Katalon_Studio_Free_Windows_64-9.5.0\Katalon_Studio_Free_Windows_64-9.5.0\plugins\org.junit_4.13.2.v20211018-1956.jar;C:\Users\Ali Asad\.katalon\packages\Katalon_Studio_Free_Windows_64-9.5.0\Katalon_Studio_Free_Windows_64-9.5.0\plugins\com.fasterxml.jackson.core.jackson-databind_2.17.1.jar;C:\Users\Ali Asad\.katalon\packages\Katalon_Studio_Free_Windows_64-9.5.0\Katalon_Studio_Free_Windows_64-9.5.0\plugins\com.fasterxml.jackson.core.jackson-core_2.17.1.jar;C:\Users\Ali Asad\.katalon\packages\Katalon_Studio_Free_Windows_64-9.5.0\Katalon_Studio_Free_Windows_64-9.5.0\plugins\com.fasterxml.jackson.core.jackson-annotations_2.17.1.jar;C:\Users\Ali Asad\.katalon\packages\Katalon_Studio_Free_Windows_64-9.5.0\Katalon_Studio_Free_Windows_64-9.5.0\plugins\ch.qos.logback.classic_1.2.13.jar;C:\Users\Ali Asad\.katalon\packages\Katalon_Studio_Free_Windows_64-9.5.0\Katalon_Studio_Free_Windows_64-9.5.0\plugins\ch.qos.logback.core_1.2.13.jar;C:\Users\Ali Asad\.katalon\packages\Katalon_Studio_Free_Windows_64-9.5.0\Katalon_Studio_Free_Windows_64-9.5.0\plugins\slf4j.api_1.7.36.jar;C:\Users\Ali Asad\.katalon\packages\Katalon_Studio_Free_Windows_64-9.5.0\Katalon_Studio_Free_Windows_64-9.5.0\plugins\org.fusesource.jansi_1.17.1.jar;C:\Users\Ali Asad\.katalon\packages\Katalon_Studio_Free_Windows_64-9.5.0\Katalon_Studio_Free_Windows_64-9.5.0\plugins\com.kms.katalon.netlightbody_1.0.0.202405291026.jar;C:\Users\Ali Asad\.katalon\packages\Katalon_Studio_Free_Windows_64-9.5.0\Katalon_Studio_Free_Windows_64-9.5.0\plugins\com.kms.katalon.poi_1.0.0.202405291026.jar;C:\Users\Ali Asad\.katalon\packages\Katalon_Studio_Free_Windows_64-9.5.0\Katalon_Studio_Free_Windows_64-9.5.0\plugins\org.apache.commons.commons-text_1.10.0.jar;C:\Users\Ali Asad\.katalon\packages\Katalon_Studio_Free_Windows_64-9.5.0\Katalon_Studio_Free_Windows_64-9.5.0\plugins\com.kms.katalon.proxyvole_1.0.0.202405291026.jar;C:\Users\Ali Asad\.katalon\packages\Katalon_Studio_Free_Windows_64-9.5.0\Katalon_Studio_Free_Windows_64-9.5.0\plugins\com.microsoft.sqlserver.mssql-jdbc_6.2.2.jre8.jar;C:\Users\Ali Asad\.katalon\packages\Katalon_Studio_Free_Windows_64-9.5.0\Katalon_Studio_Free_Windows_64-9.5.0\plugins\com.github.kklisura.cdt.java-client_2.1.0.jar;C:\Users\Ali Asad\.katalon\packages\Katalon_Studio_Free_Windows_64-9.5.0\Katalon_Studio_Free_Windows_64-9.5.0\plugins\javax.websocket-api_1.1.0.jar;C:\Users\Ali Asad\.katalon\packages\Katalon_Studio_Free_Windows_64-9.5.0\Katalon_Studio_Free_Windows_64-9.5.0\plugins\org.glassfish.tyrus.container-grizzly-client_1.13.1.jar;C:\Users\Ali Asad\.katalon\packages\Katalon_Studio_Free_Windows_64-9.5.0\Katalon_Studio_Free_Windows_64-9.5.0\plugins\org.glassfish.grizzly.http-server_2.3.25.jar;C:\Users\Ali Asad\.katalon\packages\Katalon_Studio_Free_Windows_64-9.5.0\Katalon_Studio_Free_Windows_64-9.5.0\plugins\org.glassfish.grizzly.framework_2.3.25.jar;C:\Users\Ali Asad\.katalon\packages\Katalon_Studio_Free_Windows_64-9.5.0\Katalon_Studio_Free_Windows_64-9.5.0\plugins\org.glassfish.grizzly.http_2.3.25.jar;C:\Users\Ali Asad\.katalon\packages\Katalon_Studio_Free_Windows_64-9.5.0\Katalon_Studio_Free_Windows_64-9.5.0\plugins\org.glassfish.tyrus.client_1.13.1.jar;C:\Users\Ali Asad\.katalon\packages\Katalon_Studio_Free_Windows_64-9.5.0\Katalon_Studio_Free_Windows_64-9.5.0\plugins\org.glassfish.tyrus.core_1.13.1.jar;C:\Users\Ali Asad\.katalon\packages\Katalon_Studio_Free_Windows_64-9.5.0\Katalon_Studio_Free_Windows_64-9.5.0\plugins\org.glassfish.tyrus.spi_1.13.1.jar;C:\Users\Ali Asad\.katalon\packages\Katalon_Studio_Free_Windows_64-9.5.0\Katalon_Studio_Free_Windows_64-9.5.0\plugins\javassist_3.28.0.GA.jar;C:\Users\Ali Asad\.katalon\packages\Katalon_Studio_Free_Windows_64-9.5.0\Katalon_Studio_Free_Windows_64-9.5.0\plugins\graphql-java_17.5.0.jar;C:\Users\Ali Asad\.katalon\packages\Katalon_Studio_Free_Windows_64-9.5.0\Katalon_Studio_Free_Windows_64-9.5.0\plugins\org.glassfish.jaxb.runtime_2.3.6.jar;C:\Users\Ali Asad\.katalon\packages\Katalon_Studio_Free_Windows_64-9.5.0\Katalon_Studio_Free_Windows_64-9.5.0\plugins\org.glassfish.jaxb.txw2_2.3.6.jar;C:\Users\Ali Asad\.katalon\packages\Katalon_Studio_Free_Windows_64-9.5.0\Katalon_Studio_Free_Windows_64-9.5.0\plugins\org.dom4j_2.1.4.jar;C:\Users\Ali Asad\.katalon\packages\Katalon_Studio_Free_Windows_64-9.5.0\Katalon_Studio_Free_Windows_64-9.5.0\plugins\com.kms.katalon.groovy-extended_1.0.0.202405291026.jar;C:\Users\Ali Asad\.katalon\packages\Katalon_Studio_Free_Windows_64-9.5.0\Katalon_Studio_Free_Windows_64-9.5.0\plugins\com.sun.activation.javax.activation_1.2.0.jar;C:\Users\Ali Asad\.katalon\packages\Katalon_Studio_Free_Windows_64-9.5.0\Katalon_Studio_Free_Windows_64-9.5.0\plugins\jakarta.xml.bind-api_2.3.3.jar;C:\Users\Ali Asad\.katalon\packages\Katalon_Studio_Free_Windows_64-9.5.0\Katalon_Studio_Free_Windows_64-9.5.0\plugins\com.sun.xml.bind.jaxb-impl_2.3.6.jar;C:\Users\Ali Asad\.katalon\packages\Katalon_Studio_Free_Windows_64-9.5.0\Katalon_Studio_Free_Windows_64-9.5.0\plugins\org.eclipse.jface_3.29.0.v20230214-1401.jar;C:\Users\Ali Asad\.katalon\packages\Katalon_Studio_Free_Windows_64-9.5.0\Katalon_Studio_Free_Windows_64-9.5.0\plugins\com.kms.katalon.logging_1.0.0.202405291026.jar;C:\Users\Ali Asad\.katalon\packages\Katalon_Studio_Free_Windows_64-9.5.0\Katalon_Studio_Free_Windows_64-9.5.0\plugins\json_20240303.0.0.jar;C:\Users\Ali Asad\.katalon\packages\Katalon_Studio_Free_Windows_64-9.5.0\Katalon_Studio_Free_Windows_64-9.5.0\plugins\assertj-core_3.25.3.jar;C:\Users\Ali Asad\.katalon\packages\Katalon_Studio_Free_Windows_64-9.5.0\Katalon_Studio_Free_Windows_64-9.5.0\plugins\org.apache.commons.logging_1.2.0.v20180409-1502.jar;C:\Users\Ali Asad\.katalon\packages\Katalon_Studio_Free_Windows_64-9.5.0\Katalon_Studio_Free_Windows_64-9.5.0\plugins\org.hamcrest.core_1.3.0.v20180420-1519.jar;C:\Users\Ali Asad\.katalon\packages\Katalon_Studio_Free_Windows_64-9.5.0\Katalon_Studio_Free_Windows_64-9.5.0\plugins\org.beanshell.bsh_2.0.0.0b4.jar;C:\Users\Ali Asad\.katalon\packages\Katalon_Studio_Free_Windows_64-9.5.0\Katalon_Studio_Free_Windows_64-9.5.0\plugins\org.apache.ant.launcher_1.9.6.jar;C:\Users\Ali Asad\.katalon\packages\Katalon_Studio_Free_Windows_64-9.5.0\Katalon_Studio_Free_Windows_64-9.5.0\plugins\com.kms.katalon.core.appium_1.0.0.202405291026.jar;C:\Users\Ali Asad\.katalon\packages\Katalon_Studio_Free_Windows_64-9.5.0\Katalon_Studio_Free_Windows_64-9.5.0\plugins\com.kms.katalon.api_1.0.0.202405291026.jar;C:\Users\Ali Asad\.katalon\packages\Katalon_Studio_Free_Windows_64-9.5.0\Katalon_Studio_Free_Windows_64-9.5.0\plugins\org.eclipse.equinox.common_3.17.100.v20230202-1341.jar;C:\Users\Ali Asad\.katalon\packages\Katalon_Studio_Free_Windows_64-9.5.0\Katalon_Studio_Free_Windows_64-9.5.0\plugins\com.kms.katalon.testcloud.core_1.0.0.202405291026.jar;C:\Users\Ali Asad\.katalon\packages\Katalon_Studio_Free_Windows_64-9.5.0\Katalon_Studio_Free_Windows_64-9.5.0\plugins\org.eclipse.e4.core.di.annotations_1.7.200.v20220613-1008.jar;C:\Users\Ali Asad\.katalon\packages\Katalon_Studio_Free_Windows_64-9.5.0\Katalon_Studio_Free_Windows_64-9.5.0\plugins\org.eclipse.swt_3.123.0.v20230220-1431.jar;C:\Users\Ali Asad\.katalon\packages\Katalon_Studio_Free_Windows_64-9.5.0\Katalon_Studio_Free_Windows_64-9.5.0\plugins\com.kms.katalon.configuration.core_1.0.0.202405291026.jar;C:\Users\Ali Asad\.katalon\packages\Katalon_Studio_Free_Windows_64-9.5.0\Katalon_Studio_Free_Windows_64-9.5.0\plugins\org.semver4j_5.3.0.jar;C:\Users\Ali Asad\.katalon\packages\Katalon_Studio_Free_Windows_64-9.5.0\Katalon_Studio_Free_Windows_64-9.5.0\plugins\com.kms.katalon.core.webui_1.0.0.202405291026.jar;C:\Users\Ali Asad\.katalon\packages\Katalon_Studio_Free_Windows_64-9.5.0\Katalon_Studio_Free_Windows_64-9.5.0\plugins\org.eclipse.e4.core.contexts_1.11.0.v20220716-0839.jar;C:\Users\Ali Asad\.katalon\packages\Katalon_Studio_Free_Windows_64-9.5.0\Katalon_Studio_Free_Windows_64-9.5.0\plugins\org.eclipse.e4.core.services_2.3.400.v20220915-1347.jar;C:\Users\Ali Asad\.katalon\packages\Katalon_Studio_Free_Windows_64-9.5.0\Katalon_Studio_Free_Windows_64-9.5.0\plugins\com.kms.katalon.core.mobile_1.0.0.202405291026.jar;C:\Users\Ali Asad\.katalon\packages\Katalon_Studio_Free_Windows_64-9.5.0\Katalon_Studio_Free_Windows_64-9.5.0\plugins\org.apache.commons.commons-validator_1.7.0.jar;C:\Users\Ali Asad\.katalon\packages\Katalon_Studio_Free_Windows_64-9.5.0\Katalon_Studio_Free_Windows_64-9.5.0\plugins\com.kms.katalon.core.cucumber_1.0.0.202405291026.jar;C:\Users\Ali Asad\.katalon\packages\Katalon_Studio_Free_Windows_64-9.5.0\Katalon_Studio_Free_Windows_64-9.5.0\plugins\io.cucumber.core_3.0.3.jar;C:\Users\Ali Asad\.katalon\packages\Katalon_Studio_Free_Windows_64-9.5.0\Katalon_Studio_Free_Windows_64-9.5.0\plugins\io.cucumber.datatable_1.1.15.jar;C:\Users\Ali Asad\.katalon\packages\Katalon_Studio_Free_Windows_64-9.5.0\Katalon_Studio_Free_Windows_64-9.5.0\plugins\io.cucumber.datatable-dependencies_1.1.15.jar;C:\Users\Ali Asad\.katalon\packages\Katalon_Studio_Free_Windows_64-9.5.0\Katalon_Studio_Free_Windows_64-9.5.0\plugins\io.cucumber.expressions_5.0.19.jar;C:\Users\Ali Asad\.katalon\packages\Katalon_Studio_Free_Windows_64-9.5.0\Katalon_Studio_Free_Windows_64-9.5.0\plugins\io.cucumber.gherkin_5.0.0.jar;C:\Users\Ali Asad\.katalon\packages\Katalon_Studio_Free_Windows_64-9.5.0\Katalon_Studio_Free_Windows_64-9.5.0\plugins\io.cucumber.html_0.2.7.jar;C:\Users\Ali Asad\.katalon\packages\Katalon_Studio_Free_Windows_64-9.5.0\Katalon_Studio_Free_Windows_64-9.5.0\plugins\io.cucumber.java_3.0.3.jar;C:\Users\Ali Asad\.katalon\packages\Katalon_Studio_Free_Windows_64-9.5.0\Katalon_Studio_Free_Windows_64-9.5.0\plugins\io.cucumber.tag-expressions_1.1.1.jar;C:\Users\Ali Asad\.katalon\packages\Katalon_Studio_Free_Windows_64-9.5.0\Katalon_Studio_Free_Windows_64-9.5.0\plugins\io.cucumber.junit_3.0.3.jar;C:\Users\Ali Asad\.katalon\packages\Katalon_Studio_Free_Windows_64-9.5.0\Katalon_Studio_Free_Windows_64-9.5.0\plugins\com.kms.katalon.core.webservice_1.0.0.202405291026.jar;C:\Users\Ali Asad\.katalon\packages\Katalon_Studio_Free_Windows_64-9.5.0\Katalon_Studio_Free_Windows_64-9.5.0\plugins\wsdl4j_1.6.2.jar;C:\Users\Ali Asad\.katalon\packages\Katalon_Studio_Free_Windows_64-9.5.0\Katalon_Studio_Free_Windows_64-9.5.0\plugins\com.google.oauth-client.google-oauth-client_1.22.0.jar;C:\Users\Ali Asad\.katalon\packages\Katalon_Studio_Free_Windows_64-9.5.0\Katalon_Studio_Free_Windows_64-9.5.0\plugins\com.google.http-client.google-http-client_1.22.0.jar;C:\Users\Ali Asad\.katalon\packages\Katalon_Studio_Free_Windows_64-9.5.0\Katalon_Studio_Free_Windows_64-9.5.0\plugins\ca.juliusdavies.not-yet-commons-ssl_0.3.11.jar;C:\Users\Ali Asad\.katalon\packages\Katalon_Studio_Free_Windows_64-9.5.0\Katalon_Studio_Free_Windows_64-9.5.0\plugins\com.kms.katalon.preferences_1.0.0.202405291026.jar;C:\Users\Ali Asad\.katalon\packages\Katalon_Studio_Free_Windows_64-9.5.0\Katalon_Studio_Free_Windows_64-9.5.0\plugins\org.apache.xmlbeans_3.1.0.jar;C:\Users\Ali Asad\.katalon\packages\Katalon_Studio_Free_Windows_64-9.5.0\Katalon_Studio_Free_Windows_64-9.5.0\plugins\com.kms.katalon.entity_1.0.0.202405291026.jar;C:\Users\Ali Asad\.katalon\packages\Katalon_Studio_Free_Windows_64-9.5.0\Katalon_Studio_Free_Windows_64-9.5.0\plugins\org.antlr.antlr4-runtime_4.9.2.jar;C:\Users\Ali Asad\.katalon\packages\Katalon_Studio_Free_Windows_64-9.5.0\Katalon_Studio_Free_Windows_64-9.5.0\plugins\com.networknt.json-schema-validator_1.0.66.jar;C:\Users\Ali Asad\.katalon\packages\Katalon_Studio_Free_Windows_64-9.5.0\Katalon_Studio_Free_Windows_64-9.5.0\plugins\jakarta.xml.ws-api_2.3.3.jar;C:\Users\Ali Asad\.katalon\packages\Katalon_Studio_Free_Windows_64-9.5.0\Katalon_Studio_Free_Windows_64-9.5.0\plugins\javax.xml.soap-api_1.4.0.jar;C:\Users\Ali Asad\.katalon\packages\Katalon_Studio_Free_Windows_64-9.5.0\Katalon_Studio_Free_Windows_64-9.5.0\plugins\com.kms.katalon.core.windows_1.0.0.202405291026.jar;C:\Users\Ali Asad\.katalon\packages\Katalon_Studio_Free_Windows_64-9.5.0\Katalon_Studio_Free_Windows_64-9.5.0\plugins\com.kms.katalon.core.testng_1.0.0.202405291026.jar;C:\Users\Ali Asad\.katalon\packages\Katalon_Studio_Free_Windows_64-9.5.0\Katalon_Studio_Free_Windows_64-9.5.0\configuration\org.eclipse.osgi\28\0\.cp\resources\basic-report\katalon-studio-report-plugin.jar;C:\Users\Ali Asad\.katalon\packages\Katalon_Studio_Free_Windows_64-9.5.0\Katalon_Studio_Free_Windows_64-9.5.0\plugins\org.codehaus.groovy_3.0.17.v202303311542-e2303\lib\groovy-3.0.17-indy.jar;C:\Users\Ali Asad\.katalon\packages\Katalon_Studio_Free_Windows_64-9.5.0\Katalon_Studio_Free_Windows_64-9.5.0\plugins\org.codehaus.groovy_3.0.17.v202303311542-e2303\lib\ivy-2.5.1.jar --main groovy.ui.GroovyMain --encoding UTF-8 --indy C:\Users\Ali Asad\Katalon Studio\Data Plain - Android\Libs\TempTestCase1724156669526.groovy

Host: Intel(R) Core(TM) i5-3230M CPU @ 2.60GHz, 4 cores, 11G,  Windows 10 , 64 bit Build 19041 (10.0.19041.4597)
Time: Tue Aug 20 17:24:32 2024 Pakistan Standard Time elapsed time: 2.477016 seconds (0d 0h 0m 2s)

---------------  T H R E A D  ---------------

Current thread (0x000001abde08a190):  JavaThread "C2 CompilerThread0" daemon [_thread_in_native, id=10252, stack(0x00000004a3700000,0x00000004a3800000)]


Current CompileTask:
C2:   2477  741   !   4       jdk.internal.loader.URLClassPath$JarLoader::getResource (65 bytes)

Stack: [0x00000004a3700000,0x00000004a3800000]
Native frames: (J=compiled Java code, j=interpreted, Vv=VM code, C=native code)
V  [jvm.dll+0x67754a]
V  [jvm.dll+0x834304]
V  [jvm.dll+0x835aae]
V  [jvm.dll+0x836113]
V  [jvm.dll+0x24696f]
V  [jvm.dll+0xac0ac]
V  [jvm.dll+0xac67c]
V  [jvm.dll+0x2adbef]
V  [jvm.dll+0x580067]
V  [jvm.dll+0x221e72]
V  [jvm.dll+0x22224f]
V  [jvm.dll+0x21b4a5]
V  [jvm.dll+0x21895b]
V  [jvm.dll+0x1a4d8d]
V  [jvm.dll+0x2284da]
V  [jvm.dll+0x226615]
V  [jvm.dll+0x7ea90b]
V  [jvm.dll+0x7e4e7a]
V  [jvm.dll+0x676395]
C  [ucrtbase.dll+0x21bb2]
C  [KERNEL32.DLL+0x17374]
C  [ntdll.dll+0x4cc91]


---------------  P R O C E S S  ---------------

Threads class SMR info:
_java_thread_list=0x000001abdea7bf90, length=13, elements={
0x000001abc073f480, 0x000001abde0607e0, 0x000001abde062200, 0x000001abde04d790,
0x000001abde087c10, 0x000001abde0884d0, 0x000001abde088d90, 0x000001abde08a190,
0x000001abde0f68d0, 0x000001abde0f9590, 0x000001abde3df6a0, 0x000001abde4c98f0,
0x000001abdf15a660
}

Java Threads: ( => current thread )
  0x000001abc073f480 JavaThread "main" [_thread_in_Java, id=14788, stack(0x00000004a2900000,0x00000004a2a00000)]
  0x000001abde0607e0 JavaThread "Reference Handler" daemon [_thread_blocked, id=9024, stack(0x00000004a3100000,0x00000004a3200000)]
  0x000001abde062200 JavaThread "Finalizer" daemon [_thread_blocked, id=2552, stack(0x00000004a3200000,0x00000004a3300000)]
  0x000001abde04d790 JavaThread "Signal Dispatcher" daemon [_thread_blocked, id=15060, stack(0x00000004a3300000,0x00000004a3400000)]
  0x000001abde087c10 JavaThread "Attach Listener" daemon [_thread_blocked, id=6272, stack(0x00000004a3400000,0x00000004a3500000)]
  0x000001abde0884d0 JavaThread "Service Thread" daemon [_thread_blocked, id=10264, stack(0x00000004a3500000,0x00000004a3600000)]
  0x000001abde088d90 JavaThread "Monitor Deflation Thread" daemon [_thread_blocked, id=16476, stack(0x00000004a3600000,0x00000004a3700000)]
=>0x000001abde08a190 JavaThread "C2 CompilerThread0" daemon [_thread_in_native, id=10252, stack(0x00000004a3700000,0x00000004a3800000)]
  0x000001abde0f68d0 JavaThread "C1 CompilerThread0" daemon [_thread_in_native, id=9220, stack(0x00000004a3800000,0x00000004a3900000)]
  0x000001abde0f9590 JavaThread "Sweeper thread" daemon [_thread_blocked, id=17072, stack(0x00000004a3900000,0x00000004a3a00000)]
  0x000001abde3df6a0 JavaThread "Common-Cleaner" daemon [_thread_blocked, id=5212, stack(0x00000004a3a00000,0x00000004a3b00000)]
  0x000001abde4c98f0 JavaThread "C2 CompilerThread1" daemon [_thread_in_native, id=18180, stack(0x00000004a3b00000,0x00000004a3c00000)]
  0x000001abdf15a660 JavaThread "Notification Thread" daemon [_thread_blocked, id=15876, stack(0x00000004a3f00000,0x00000004a4000000)]

Other Threads:
  0x000001abd9ebe680 VMThread "VM Thread" [stack: 0x00000004a3000000,0x00000004a3100000] [id=16200]
  0x000001abc07400e0 WatcherThread [stack: 0x00000004a4000000,0x00000004a4100000] [id=704]
  0x000001abc079e0e0 GCTaskThread "GC Thread#0" [stack: 0x00000004a2b00000,0x00000004a2c00000] [id=9896]
  0x000001abde73ebb0 GCTaskThread "GC Thread#1" [stack: 0x00000004a3c00000,0x00000004a3d00000] [id=1428]
  0x000001abde75f710 GCTaskThread "GC Thread#2" [stack: 0x00000004a3d00000,0x00000004a3e00000] [id=18084]
  0x000001abde43cd70 GCTaskThread "GC Thread#3" [stack: 0x00000004a3e00000,0x00000004a3f00000] [id=7076]
  0x000001abc07aef30 ConcurrentGCThread "G1 Main Marker" [stack: 0x00000004a2c00000,0x00000004a2d00000] [id=7888]
  0x000001abc07b0130 ConcurrentGCThread "G1 Conc#0" [stack: 0x00000004a2d00000,0x00000004a2e00000] [id=5816]
  0x000001abd9d70c90 ConcurrentGCThread "G1 Refine#0" [stack: 0x00000004a2e00000,0x00000004a2f00000] [id=11328]
  0x000001abd9d71ea0 ConcurrentGCThread "G1 Service" [stack: 0x00000004a2f00000,0x00000004a3000000] [id=17472]

Threads with active compile tasks:
C2 CompilerThread0     2507  741   !   4       jdk.internal.loader.URLClassPath$JarLoader::getResource (65 bytes)
C1 CompilerThread0     2507 1231       2       org.codehaus.groovy.reflection.CachedClass$3$$Lambda$18/0x00000001000de6b0::apply (12 bytes)
C2 CompilerThread1     2507 1171   !   4       jdk.internal.loader.URLClassPath$JarLoader::ensureOpen (36 bytes)

VM state: not at safepoint (normal execution)

VM Mutex/Monitor currently owned by a thread: None

Heap address: 0x0000000080000000, size: 2048 MB, Compressed Oops mode: 32-bit

CDS archive(s) not mapped
Compressed class space mapped at: 0x0000000100000000-0x0000000140000000, reserved size: 1073741824
Narrow klass base: 0x0000000000000000, Narrow klass shift: 3, Narrow klass range: 0x140000000

GC Precious Log:
 CPUs: 4 total, 4 available
 Memory: 12180M
 Large Page Support: Disabled
 NUMA Support: Disabled
 Compressed Oops: Enabled (32-bit)
 Heap Region Size: 1M
 Heap Min Capacity: 8M
 Heap Initial Capacity: 192M
 Heap Max Capacity: 2G
 Pre-touch: Disabled
 Parallel Workers: 4
 Concurrent Workers: 1
 Concurrent Refinement Workers: 4
 Periodic GC: Disabled

Heap:
 garbage-first heap   total 196608K, used 26862K [0x0000000080000000, 0x0000000100000000)
  region size 1024K, 14 young (14336K), 2 survivors (2048K)
 Metaspace       used 12045K, committed 12288K, reserved 1114112K
  class space    used 1016K, committed 1152K, reserved 1048576K

Heap Regions: E=young(eden), S=young(survivor), O=old, HS=humongous(starts), HC=humongous(continues), CS=collection set, F=free, OA=open archive, CA=closed archive, TAMS=top-at-mark-start (previous, next)
|   0|0x0000000080000000, 0x0000000080100000, 0x0000000080100000|100%|HS|  |TAMS 0x0000000080000000, 0x0000000080000000| Complete 
|   1|0x0000000080100000, 0x0000000080200000, 0x0000000080200000|100%|HS|  |TAMS 0x0000000080100000, 0x0000000080100000| Complete 
|   2|0x0000000080200000, 0x0000000080300000, 0x0000000080300000|100%| O|  |TAMS 0x0000000080200000, 0x0000000080200000| Untracked 
|   3|0x0000000080300000, 0x0000000080400000, 0x0000000080400000|100%| O|  |TAMS 0x0000000080300000, 0x0000000080300000| Untracked 
|   4|0x0000000080400000, 0x0000000080500000, 0x0000000080500000|100%| O|  |TAMS 0x0000000080400000, 0x0000000080400000| Untracked 
|   5|0x0000000080500000, 0x0000000080600000, 0x0000000080600000|100%| O|  |TAMS 0x0000000080500000, 0x0000000080500000| Untracked 
|   6|0x0000000080600000, 0x0000000080700000, 0x0000000080700000|100%| O|  |TAMS 0x0000000080600000, 0x0000000080600000| Untracked 
|   7|0x0000000080700000, 0x0000000080800000, 0x0000000080800000|100%| O|  |TAMS 0x0000000080700000, 0x0000000080700000| Untracked 
|   8|0x0000000080800000, 0x0000000080900000, 0x0000000080900000|100%| O|  |TAMS 0x0000000080800000, 0x0000000080800000| Untracked 
|   9|0x0000000080900000, 0x0000000080a00000, 0x0000000080a00000|100%|HS|  |TAMS 0x0000000080900000, 0x0000000080900000| Complete 
|  10|0x0000000080a00000, 0x0000000080b00000, 0x0000000080b00000|100%| O|  |TAMS 0x0000000080a00000, 0x0000000080a00000| Untracked 
|  11|0x0000000080b00000, 0x0000000080c00000, 0x0000000080c00000|100%| O|  |TAMS 0x0000000080b00000, 0x0000000080b00000| Untracked 
|  12|0x0000000080c00000, 0x0000000080d00000, 0x0000000080d00000|100%| O|  |TAMS 0x0000000080c00000, 0x0000000080c00000| Untracked 
|  13|0x0000000080d00000, 0x0000000080e00000, 0x0000000080e00000|100%| O|  |TAMS 0x0000000080d00000, 0x0000000080d00000| Untracked 
|  14|0x0000000080e00000, 0x0000000080e1ca00, 0x0000000080f00000| 11%| O|  |TAMS 0x0000000080e00000, 0x0000000080e00000| Untracked 
|  15|0x0000000080f00000, 0x0000000080f00000, 0x0000000081000000|  0%| F|  |TAMS 0x0000000080f00000, 0x0000000080f00000| Untracked 
|  16|0x0000000081000000, 0x0000000081000000, 0x0000000081100000|  0%| F|  |TAMS 0x0000000081000000, 0x0000000081000000| Untracked 
|  17|0x0000000081100000, 0x0000000081100000, 0x0000000081200000|  0%| F|  |TAMS 0x0000000081100000, 0x0000000081100000| Untracked 
|  18|0x0000000081200000, 0x0000000081200000, 0x0000000081300000|  0%| F|  |TAMS 0x0000000081200000, 0x0000000081200000| Untracked 
|  19|0x0000000081300000, 0x0000000081300000, 0x0000000081400000|  0%| F|  |TAMS 0x0000000081300000, 0x0000000081300000| Untracked 
|  20|0x0000000081400000, 0x0000000081400000, 0x0000000081500000|  0%| F|  |TAMS 0x0000000081400000, 0x0000000081400000| Untracked 
|  21|0x0000000081500000, 0x0000000081500000, 0x0000000081600000|  0%| F|  |TAMS 0x0000000081500000, 0x0000000081500000| Untracked 
|  22|0x0000000081600000, 0x0000000081600000, 0x0000000081700000|  0%| F|  |TAMS 0x0000000081600000, 0x0000000081600000| Untracked 
|  23|0x0000000081700000, 0x0000000081700000, 0x0000000081800000|  0%| F|  |TAMS 0x0000000081700000, 0x0000000081700000| Untracked 
|  24|0x0000000081800000, 0x0000000081800000, 0x0000000081900000|  0%| F|  |TAMS 0x0000000081800000, 0x0000000081800000| Untracked 
|  25|0x0000000081900000, 0x0000000081900000, 0x0000000081a00000|  0%| F|  |TAMS 0x0000000081900000, 0x0000000081900000| Untracked 
|  26|0x0000000081a00000, 0x0000000081a00000, 0x0000000081b00000|  0%| F|  |TAMS 0x0000000081a00000, 0x0000000081a00000| Untracked 
|  27|0x0000000081b00000, 0x0000000081b00000, 0x0000000081c00000|  0%| F|  |TAMS 0x0000000081b00000, 0x0000000081b00000| Untracked 
|  28|0x0000000081c00000, 0x0000000081c00000, 0x0000000081d00000|  0%| F|  |TAMS 0x0000000081c00000, 0x0000000081c00000| Untracked 
|  29|0x0000000081d00000, 0x0000000081d00000, 0x0000000081e00000|  0%| F|  |TAMS 0x0000000081d00000, 0x0000000081d00000| Untracked 
|  30|0x0000000081e00000, 0x0000000081e00000, 0x0000000081f00000|  0%| F|  |TAMS 0x0000000081e00000, 0x0000000081e00000| Untracked 
|  31|0x0000000081f00000, 0x0000000081f00000, 0x0000000082000000|  0%| F|  |TAMS 0x0000000081f00000, 0x0000000081f00000| Untracked 
|  32|0x0000000082000000, 0x0000000082000000, 0x0000000082100000|  0%| F|  |TAMS 0x0000000082000000, 0x0000000082000000| Untracked 
|  33|0x0000000082100000, 0x0000000082100000, 0x0000000082200000|  0%| F|  |TAMS 0x0000000082100000, 0x0000000082100000| Untracked 
|  34|0x0000000082200000, 0x0000000082200000, 0x0000000082300000|  0%| F|  |TAMS 0x0000000082200000, 0x0000000082200000| Untracked 
|  35|0x0000000082300000, 0x0000000082300000, 0x0000000082400000|  0%| F|  |TAMS 0x0000000082300000, 0x0000000082300000| Untracked 
|  36|0x0000000082400000, 0x0000000082400000, 0x0000000082500000|  0%| F|  |TAMS 0x0000000082400000, 0x0000000082400000| Untracked 
|  37|0x0000000082500000, 0x0000000082500000, 0x0000000082600000|  0%| F|  |TAMS 0x0000000082500000, 0x0000000082500000| Untracked 
|  38|0x0000000082600000, 0x0000000082600000, 0x0000000082700000|  0%| F|  |TAMS 0x0000000082600000, 0x0000000082600000| Untracked 
|  39|0x0000000082700000, 0x0000000082700000, 0x0000000082800000|  0%| F|  |TAMS 0x0000000082700000, 0x0000000082700000| Untracked 
|  40|0x0000000082800000, 0x0000000082800000, 0x0000000082900000|  0%| F|  |TAMS 0x0000000082800000, 0x0000000082800000| Untracked 
|  41|0x0000000082900000, 0x0000000082900000, 0x0000000082a00000|  0%| F|  |TAMS 0x0000000082900000, 0x0000000082900000| Untracked 
|  42|0x0000000082a00000, 0x0000000082a00000, 0x0000000082b00000|  0%| F|  |TAMS 0x0000000082a00000, 0x0000000082a00000| Untracked 
|  43|0x0000000082b00000, 0x0000000082b00000, 0x0000000082c00000|  0%| F|  |TAMS 0x0000000082b00000, 0x0000000082b00000| Untracked 
|  44|0x0000000082c00000, 0x0000000082c00000, 0x0000000082d00000|  0%| F|  |TAMS 0x0000000082c00000, 0x0000000082c00000| Untracked 
|  45|0x0000000082d00000, 0x0000000082d00000, 0x0000000082e00000|  0%| F|  |TAMS 0x0000000082d00000, 0x0000000082d00000| Untracked 
|  46|0x0000000082e00000, 0x0000000082e00000, 0x0000000082f00000|  0%| F|  |TAMS 0x0000000082e00000, 0x0000000082e00000| Untracked 
|  47|0x0000000082f00000, 0x0000000082f00000, 0x0000000083000000|  0%| F|  |TAMS 0x0000000082f00000, 0x0000000082f00000| Untracked 
|  48|0x0000000083000000, 0x0000000083000000, 0x0000000083100000|  0%| F|  |TAMS 0x0000000083000000, 0x0000000083000000| Untracked 
|  49|0x0000000083100000, 0x0000000083100000, 0x0000000083200000|  0%| F|  |TAMS 0x0000000083100000, 0x0000000083100000| Untracked 
|  50|0x0000000083200000, 0x0000000083200000, 0x0000000083300000|  0%| F|  |TAMS 0x0000000083200000, 0x0000000083200000| Untracked 
|  51|0x0000000083300000, 0x0000000083300000, 0x0000000083400000|  0%| F|  |TAMS 0x0000000083300000, 0x0000000083300000| Untracked 
|  52|0x0000000083400000, 0x0000000083400000, 0x0000000083500000|  0%| F|  |TAMS 0x0000000083400000, 0x0000000083400000| Untracked 
|  53|0x0000000083500000, 0x0000000083500000, 0x0000000083600000|  0%| F|  |TAMS 0x0000000083500000, 0x0000000083500000| Untracked 
|  54|0x0000000083600000, 0x0000000083600000, 0x0000000083700000|  0%| F|  |TAMS 0x0000000083600000, 0x0000000083600000| Untracked 
|  55|0x0000000083700000, 0x0000000083700000, 0x0000000083800000|  0%| F|  |TAMS 0x0000000083700000, 0x0000000083700000| Untracked 
|  56|0x0000000083800000, 0x0000000083800000, 0x0000000083900000|  0%| F|  |TAMS 0x0000000083800000, 0x0000000083800000| Untracked 
|  57|0x0000000083900000, 0x0000000083900000, 0x0000000083a00000|  0%| F|  |TAMS 0x0000000083900000, 0x0000000083900000| Untracked 
|  58|0x0000000083a00000, 0x0000000083a00000, 0x0000000083b00000|  0%| F|  |TAMS 0x0000000083a00000, 0x0000000083a00000| Untracked 
|  59|0x0000000083b00000, 0x0000000083b00000, 0x0000000083c00000|  0%| F|  |TAMS 0x0000000083b00000, 0x0000000083b00000| Untracked 
|  60|0x0000000083c00000, 0x0000000083c00000, 0x0000000083d00000|  0%| F|  |TAMS 0x0000000083c00000, 0x0000000083c00000| Untracked 
|  61|0x0000000083d00000, 0x0000000083d00000, 0x0000000083e00000|  0%| F|  |TAMS 0x0000000083d00000, 0x0000000083d00000| Untracked 
|  62|0x0000000083e00000, 0x0000000083e00000, 0x0000000083f00000|  0%| F|  |TAMS 0x0000000083e00000, 0x0000000083e00000| Untracked 
|  63|0x0000000083f00000, 0x0000000083f00000, 0x0000000084000000|  0%| F|  |TAMS 0x0000000083f00000, 0x0000000083f00000| Untracked 
|  64|0x0000000084000000, 0x0000000084000000, 0x0000000084100000|  0%| F|  |TAMS 0x0000000084000000, 0x0000000084000000| Untracked 
|  65|0x0000000084100000, 0x0000000084100000, 0x0000000084200000|  0%| F|  |TAMS 0x0000000084100000, 0x0000000084100000| Untracked 
|  66|0x0000000084200000, 0x0000000084200000, 0x0000000084300000|  0%| F|  |TAMS 0x0000000084200000, 0x0000000084200000| Untracked 
|  67|0x0000000084300000, 0x0000000084300000, 0x0000000084400000|  0%| F|  |TAMS 0x0000000084300000, 0x0000000084300000| Untracked 
|  68|0x0000000084400000, 0x0000000084400000, 0x0000000084500000|  0%| F|  |TAMS 0x0000000084400000, 0x0000000084400000| Untracked 
|  69|0x0000000084500000, 0x0000000084500000, 0x0000000084600000|  0%| F|  |TAMS 0x0000000084500000, 0x0000000084500000| Untracked 
|  70|0x0000000084600000, 0x0000000084600000, 0x0000000084700000|  0%| F|  |TAMS 0x0000000084600000, 0x0000000084600000| Untracked 
|  71|0x0000000084700000, 0x0000000084700000, 0x0000000084800000|  0%| F|  |TAMS 0x0000000084700000, 0x0000000084700000| Untracked 
|  72|0x0000000084800000, 0x0000000084800000, 0x0000000084900000|  0%| F|  |TAMS 0x0000000084800000, 0x0000000084800000| Untracked 
|  73|0x0000000084900000, 0x0000000084900000, 0x0000000084a00000|  0%| F|  |TAMS 0x0000000084900000, 0x0000000084900000| Untracked 
|  74|0x0000000084a00000, 0x0000000084a00000, 0x0000000084b00000|  0%| F|  |TAMS 0x0000000084a00000, 0x0000000084a00000| Untracked 
|  75|0x0000000084b00000, 0x0000000084b00000, 0x0000000084c00000|  0%| F|  |TAMS 0x0000000084b00000, 0x0000000084b00000| Untracked 
|  76|0x0000000084c00000, 0x0000000084c00000, 0x0000000084d00000|  0%| F|  |TAMS 0x0000000084c00000, 0x0000000084c00000| Untracked 
|  77|0x0000000084d00000, 0x0000000084d00000, 0x0000000084e00000|  0%| F|  |TAMS 0x0000000084d00000, 0x0000000084d00000| Untracked 
|  78|0x0000000084e00000, 0x0000000084e00000, 0x0000000084f00000|  0%| F|  |TAMS 0x0000000084e00000, 0x0000000084e00000| Untracked 
|  79|0x0000000084f00000, 0x0000000084f00000, 0x0000000085000000|  0%| F|  |TAMS 0x0000000084f00000, 0x0000000084f00000| Untracked 
|  80|0x0000000085000000, 0x0000000085000000, 0x0000000085100000|  0%| F|  |TAMS 0x0000000085000000, 0x0000000085000000| Untracked 
|  81|0x0000000085100000, 0x0000000085100000, 0x0000000085200000|  0%| F|  |TAMS 0x0000000085100000, 0x0000000085100000| Untracked 
|  82|0x0000000085200000, 0x0000000085200000, 0x0000000085300000|  0%| F|  |TAMS 0x0000000085200000, 0x0000000085200000| Untracked 
|  83|0x0000000085300000, 0x0000000085300000, 0x0000000085400000|  0%| F|  |TAMS 0x0000000085300000, 0x0000000085300000| Untracked 
|  84|0x0000000085400000, 0x0000000085400000, 0x0000000085500000|  0%| F|  |TAMS 0x0000000085400000, 0x0000000085400000| Untracked 
|  85|0x0000000085500000, 0x0000000085500000, 0x0000000085600000|  0%| F|  |TAMS 0x0000000085500000, 0x0000000085500000| Untracked 
|  86|0x0000000085600000, 0x0000000085600000, 0x0000000085700000|  0%| F|  |TAMS 0x0000000085600000, 0x0000000085600000| Untracked 
|  87|0x0000000085700000, 0x0000000085700000, 0x0000000085800000|  0%| F|  |TAMS 0x0000000085700000, 0x0000000085700000| Untracked 
|  88|0x0000000085800000, 0x0000000085800000, 0x0000000085900000|  0%| F|  |TAMS 0x0000000085800000, 0x0000000085800000| Untracked 
|  89|0x0000000085900000, 0x0000000085900000, 0x0000000085a00000|  0%| F|  |TAMS 0x0000000085900000, 0x0000000085900000| Untracked 
|  90|0x0000000085a00000, 0x0000000085a00000, 0x0000000085b00000|  0%| F|  |TAMS 0x0000000085a00000, 0x0000000085a00000| Untracked 
|  91|0x0000000085b00000, 0x0000000085b00000, 0x0000000085c00000|  0%| F|  |TAMS 0x0000000085b00000, 0x0000000085b00000| Untracked 
|  92|0x0000000085c00000, 0x0000000085c00000, 0x0000000085d00000|  0%| F|  |TAMS 0x0000000085c00000, 0x0000000085c00000| Untracked 
|  93|0x0000000085d00000, 0x0000000085d00000, 0x0000000085e00000|  0%| F|  |TAMS 0x0000000085d00000, 0x0000000085d00000| Untracked 
|  94|0x0000000085e00000, 0x0000000085e00000, 0x0000000085f00000|  0%| F|  |TAMS 0x0000000085e00000, 0x0000000085e00000| Untracked 
|  95|0x0000000085f00000, 0x0000000085f00000, 0x0000000086000000|  0%| F|  |TAMS 0x0000000085f00000, 0x0000000085f00000| Untracked 
|  96|0x0000000086000000, 0x0000000086000000, 0x0000000086100000|  0%| F|  |TAMS 0x0000000086000000, 0x0000000086000000| Untracked 
|  97|0x0000000086100000, 0x0000000086100000, 0x0000000086200000|  0%| F|  |TAMS 0x0000000086100000, 0x0000000086100000| Untracked 
|  98|0x0000000086200000, 0x0000000086200000, 0x0000000086300000|  0%| F|  |TAMS 0x0000000086200000, 0x0000000086200000| Untracked 
|  99|0x0000000086300000, 0x0000000086300000, 0x0000000086400000|  0%| F|  |TAMS 0x0000000086300000, 0x0000000086300000| Untracked 
| 100|0x0000000086400000, 0x0000000086400000, 0x0000000086500000|  0%| F|  |TAMS 0x0000000086400000, 0x0000000086400000| Untracked 
| 101|0x0000000086500000, 0x0000000086500000, 0x0000000086600000|  0%| F|  |TAMS 0x0000000086500000, 0x0000000086500000| Untracked 
| 102|0x0000000086600000, 0x0000000086600000, 0x0000000086700000|  0%| F|  |TAMS 0x0000000086600000, 0x0000000086600000| Untracked 
| 103|0x0000000086700000, 0x0000000086700000, 0x0000000086800000|  0%| F|  |TAMS 0x0000000086700000, 0x0000000086700000| Untracked 
| 104|0x0000000086800000, 0x0000000086800000, 0x0000000086900000|  0%| F|  |TAMS 0x0000000086800000, 0x0000000086800000| Untracked 
| 105|0x0000000086900000, 0x0000000086900000, 0x0000000086a00000|  0%| F|  |TAMS 0x0000000086900000, 0x0000000086900000| Untracked 
| 106|0x0000000086a00000, 0x0000000086a00000, 0x0000000086b00000|  0%| F|  |TAMS 0x0000000086a00000, 0x0000000086a00000| Untracked 
| 107|0x0000000086b00000, 0x0000000086b00000, 0x0000000086c00000|  0%| F|  |TAMS 0x0000000086b00000, 0x0000000086b00000| Untracked 
| 108|0x0000000086c00000, 0x0000000086c00000, 0x0000000086d00000|  0%| F|  |TAMS 0x0000000086c00000, 0x0000000086c00000| Untracked 
| 109|0x0000000086d00000, 0x0000000086d00000, 0x0000000086e00000|  0%| F|  |TAMS 0x0000000086d00000, 0x0000000086d00000| Untracked 
| 110|0x0000000086e00000, 0x0000000086e00000, 0x0000000086f00000|  0%| F|  |TAMS 0x0000000086e00000, 0x0000000086e00000| Untracked 
| 111|0x0000000086f00000, 0x0000000086f00000, 0x0000000087000000|  0%| F|  |TAMS 0x0000000086f00000, 0x0000000086f00000| Untracked 
| 112|0x0000000087000000, 0x0000000087000000, 0x0000000087100000|  0%| F|  |TAMS 0x0000000087000000, 0x0000000087000000| Untracked 
| 113|0x0000000087100000, 0x0000000087100000, 0x0000000087200000|  0%| F|  |TAMS 0x0000000087100000, 0x0000000087100000| Untracked 
| 114|0x0000000087200000, 0x0000000087200000, 0x0000000087300000|  0%| F|  |TAMS 0x0000000087200000, 0x0000000087200000| Untracked 
| 115|0x0000000087300000, 0x0000000087300000, 0x0000000087400000|  0%| F|  |TAMS 0x0000000087300000, 0x0000000087300000| Untracked 
| 116|0x0000000087400000, 0x0000000087400000, 0x0000000087500000|  0%| F|  |TAMS 0x0000000087400000, 0x0000000087400000| Untracked 
| 117|0x0000000087500000, 0x0000000087500000, 0x0000000087600000|  0%| F|  |TAMS 0x0000000087500000, 0x0000000087500000| Untracked 
| 118|0x0000000087600000, 0x0000000087600000, 0x0000000087700000|  0%| F|  |TAMS 0x0000000087600000, 0x0000000087600000| Untracked 
| 119|0x0000000087700000, 0x0000000087700000, 0x0000000087800000|  0%| F|  |TAMS 0x0000000087700000, 0x0000000087700000| Untracked 
| 120|0x0000000087800000, 0x0000000087800000, 0x0000000087900000|  0%| F|  |TAMS 0x0000000087800000, 0x0000000087800000| Untracked 
| 121|0x0000000087900000, 0x0000000087900000, 0x0000000087a00000|  0%| F|  |TAMS 0x0000000087900000, 0x0000000087900000| Untracked 
| 122|0x0000000087a00000, 0x0000000087a00000, 0x0000000087b00000|  0%| F|  |TAMS 0x0000000087a00000, 0x0000000087a00000| Untracked 
| 123|0x0000000087b00000, 0x0000000087b00000, 0x0000000087c00000|  0%| F|  |TAMS 0x0000000087b00000, 0x0000000087b00000| Untracked 
| 124|0x0000000087c00000, 0x0000000087c00000, 0x0000000087d00000|  0%| F|  |TAMS 0x0000000087c00000, 0x0000000087c00000| Untracked 
| 125|0x0000000087d00000, 0x0000000087d00000, 0x0000000087e00000|  0%| F|  |TAMS 0x0000000087d00000, 0x0000000087d00000| Untracked 
| 126|0x0000000087e00000, 0x0000000087e00000, 0x0000000087f00000|  0%| F|  |TAMS 0x0000000087e00000, 0x0000000087e00000| Untracked 
| 127|0x0000000087f00000, 0x0000000087f00000, 0x0000000088000000|  0%| F|  |TAMS 0x0000000087f00000, 0x0000000087f00000| Untracked 
| 128|0x0000000088000000, 0x0000000088000000, 0x0000000088100000|  0%| F|  |TAMS 0x0000000088000000, 0x0000000088000000| Untracked 
| 129|0x0000000088100000, 0x0000000088100000, 0x0000000088200000|  0%| F|  |TAMS 0x0000000088100000, 0x0000000088100000| Untracked 
| 130|0x0000000088200000, 0x0000000088200000, 0x0000000088300000|  0%| F|  |TAMS 0x0000000088200000, 0x0000000088200000| Untracked 
| 131|0x0000000088300000, 0x0000000088300000, 0x0000000088400000|  0%| F|  |TAMS 0x0000000088300000, 0x0000000088300000| Untracked 
| 132|0x0000000088400000, 0x0000000088400000, 0x0000000088500000|  0%| F|  |TAMS 0x0000000088400000, 0x0000000088400000| Untracked 
| 133|0x0000000088500000, 0x0000000088500000, 0x0000000088600000|  0%| F|  |TAMS 0x0000000088500000, 0x0000000088500000| Untracked 
| 134|0x0000000088600000, 0x0000000088600000, 0x0000000088700000|  0%| F|  |TAMS 0x0000000088600000, 0x0000000088600000| Untracked 
| 135|0x0000000088700000, 0x0000000088700000, 0x0000000088800000|  0%| F|  |TAMS 0x0000000088700000, 0x0000000088700000| Untracked 
| 136|0x0000000088800000, 0x0000000088800000, 0x0000000088900000|  0%| F|  |TAMS 0x0000000088800000, 0x0000000088800000| Untracked 
| 137|0x0000000088900000, 0x0000000088900000, 0x0000000088a00000|  0%| F|  |TAMS 0x0000000088900000, 0x0000000088900000| Untracked 
| 138|0x0000000088a00000, 0x0000000088a00000, 0x0000000088b00000|  0%| F|  |TAMS 0x0000000088a00000, 0x0000000088a00000| Untracked 
| 139|0x0000000088b00000, 0x0000000088b00000, 0x0000000088c00000|  0%| F|  |TAMS 0x0000000088b00000, 0x0000000088b00000| Untracked 
| 140|0x0000000088c00000, 0x0000000088c00000, 0x0000000088d00000|  0%| F|  |TAMS 0x0000000088c00000, 0x0000000088c00000| Untracked 
| 141|0x0000000088d00000, 0x0000000088d00000, 0x0000000088e00000|  0%| F|  |TAMS 0x0000000088d00000, 0x0000000088d00000| Untracked 
| 142|0x0000000088e00000, 0x0000000088e00000, 0x0000000088f00000|  0%| F|  |TAMS 0x0000000088e00000, 0x0000000088e00000| Untracked 
| 143|0x0000000088f00000, 0x0000000088f00000, 0x0000000089000000|  0%| F|  |TAMS 0x0000000088f00000, 0x0000000088f00000| Untracked 
| 144|0x0000000089000000, 0x0000000089000000, 0x0000000089100000|  0%| F|  |TAMS 0x0000000089000000, 0x0000000089000000| Untracked 
| 145|0x0000000089100000, 0x0000000089100000, 0x0000000089200000|  0%| F|  |TAMS 0x0000000089100000, 0x0000000089100000| Untracked 
| 146|0x0000000089200000, 0x0000000089200000, 0x0000000089300000|  0%| F|  |TAMS 0x0000000089200000, 0x0000000089200000| Untracked 
| 147|0x0000000089300000, 0x0000000089300000, 0x0000000089400000|  0%| F|  |TAMS 0x0000000089300000, 0x0000000089300000| Untracked 
| 148|0x0000000089400000, 0x0000000089400000, 0x0000000089500000|  0%| F|  |TAMS 0x0000000089400000, 0x0000000089400000| Untracked 
| 149|0x0000000089500000, 0x0000000089500000, 0x0000000089600000|  0%| F|  |TAMS 0x0000000089500000, 0x0000000089500000| Untracked 
| 150|0x0000000089600000, 0x0000000089600000, 0x0000000089700000|  0%| F|  |TAMS 0x0000000089600000, 0x0000000089600000| Untracked 
| 151|0x0000000089700000, 0x0000000089700000, 0x0000000089800000|  0%| F|  |TAMS 0x0000000089700000, 0x0000000089700000| Untracked 
| 152|0x0000000089800000, 0x0000000089800000, 0x0000000089900000|  0%| F|  |TAMS 0x0000000089800000, 0x0000000089800000| Untracked 
| 153|0x0000000089900000, 0x0000000089900000, 0x0000000089a00000|  0%| F|  |TAMS 0x0000000089900000, 0x0000000089900000| Untracked 
| 154|0x0000000089a00000, 0x0000000089a00000, 0x0000000089b00000|  0%| F|  |TAMS 0x0000000089a00000, 0x0000000089a00000| Untracked 
| 155|0x0000000089b00000, 0x0000000089b00000, 0x0000000089c00000|  0%| F|  |TAMS 0x0000000089b00000, 0x0000000089b00000| Untracked 
| 156|0x0000000089c00000, 0x0000000089c00000, 0x0000000089d00000|  0%| F|  |TAMS 0x0000000089c00000, 0x0000000089c00000| Untracked 
| 157|0x0000000089d00000, 0x0000000089d00000, 0x0000000089e00000|  0%| F|  |TAMS 0x0000000089d00000, 0x0000000089d00000| Untracked 
| 158|0x0000000089e00000, 0x0000000089e00000, 0x0000000089f00000|  0%| F|  |TAMS 0x0000000089e00000, 0x0000000089e00000| Untracked 
| 159|0x0000000089f00000, 0x0000000089f00000, 0x000000008a000000|  0%| F|  |TAMS 0x0000000089f00000, 0x0000000089f00000| Untracked 
| 160|0x000000008a000000, 0x000000008a000000, 0x000000008a100000|  0%| F|  |TAMS 0x000000008a000000, 0x000000008a000000| Untracked 
| 161|0x000000008a100000, 0x000000008a100000, 0x000000008a200000|  0%| F|  |TAMS 0x000000008a100000, 0x000000008a100000| Untracked 
| 162|0x000000008a200000, 0x000000008a200000, 0x000000008a300000|  0%| F|  |TAMS 0x000000008a200000, 0x000000008a200000| Untracked 
| 163|0x000000008a300000, 0x000000008a300000, 0x000000008a400000|  0%| F|  |TAMS 0x000000008a300000, 0x000000008a300000| Untracked 
| 164|0x000000008a400000, 0x000000008a400000, 0x000000008a500000|  0%| F|  |TAMS 0x000000008a400000, 0x000000008a400000| Untracked 
| 165|0x000000008a500000, 0x000000008a500000, 0x000000008a600000|  0%| F|  |TAMS 0x000000008a500000, 0x000000008a500000| Untracked 
| 166|0x000000008a600000, 0x000000008a600000, 0x000000008a700000|  0%| F|  |TAMS 0x000000008a600000, 0x000000008a600000| Untracked 
| 167|0x000000008a700000, 0x000000008a700000, 0x000000008a800000|  0%| F|  |TAMS 0x000000008a700000, 0x000000008a700000| Untracked 
| 168|0x000000008a800000, 0x000000008a800000, 0x000000008a900000|  0%| F|  |TAMS 0x000000008a800000, 0x000000008a800000| Untracked 
| 169|0x000000008a900000, 0x000000008a900000, 0x000000008aa00000|  0%| F|  |TAMS 0x000000008a900000, 0x000000008a900000| Untracked 
| 170|0x000000008aa00000, 0x000000008aa00000, 0x000000008ab00000|  0%| F|  |TAMS 0x000000008aa00000, 0x000000008aa00000| Untracked 
| 171|0x000000008ab00000, 0x000000008ab1ee40, 0x000000008ac00000| 12%| S|CS|TAMS 0x000000008ab00000, 0x000000008ab00000| Complete 
| 172|0x000000008ac00000, 0x000000008ad00000, 0x000000008ad00000|100%| S|CS|TAMS 0x000000008ac00000, 0x000000008ac00000| Complete 
| 173|0x000000008ad00000, 0x000000008ad00000, 0x000000008ae00000|  0%| F|  |TAMS 0x000000008ad00000, 0x000000008ad00000| Untracked 
| 174|0x000000008ae00000, 0x000000008ae00000, 0x000000008af00000|  0%| F|  |TAMS 0x000000008ae00000, 0x000000008ae00000| Untracked 
| 175|0x000000008af00000, 0x000000008af00000, 0x000000008b000000|  0%| F|  |TAMS 0x000000008af00000, 0x000000008af00000| Untracked 
| 176|0x000000008b000000, 0x000000008b000000, 0x000000008b100000|  0%| F|  |TAMS 0x000000008b000000, 0x000000008b000000| Untracked 
| 177|0x000000008b100000, 0x000000008b100000, 0x000000008b200000|  0%| F|  |TAMS 0x000000008b100000, 0x000000008b100000| Untracked 
| 178|0x000000008b200000, 0x000000008b200000, 0x000000008b300000|  0%| F|  |TAMS 0x000000008b200000, 0x000000008b200000| Untracked 
| 179|0x000000008b300000, 0x000000008b300000, 0x000000008b400000|  0%| F|  |TAMS 0x000000008b300000, 0x000000008b300000| Untracked 
| 180|0x000000008b400000, 0x000000008b500000, 0x000000008b500000|100%| E|  |TAMS 0x000000008b400000, 0x000000008b400000| Complete 
| 181|0x000000008b500000, 0x000000008b600000, 0x000000008b600000|100%| E|CS|TAMS 0x000000008b500000, 0x000000008b500000| Complete 
| 182|0x000000008b600000, 0x000000008b700000, 0x000000008b700000|100%| E|CS|TAMS 0x000000008b600000, 0x000000008b600000| Complete 
| 183|0x000000008b700000, 0x000000008b800000, 0x000000008b800000|100%| E|CS|TAMS 0x000000008b700000, 0x000000008b700000| Complete 
| 184|0x000000008b800000, 0x000000008b900000, 0x000000008b900000|100%| E|CS|TAMS 0x000000008b800000, 0x000000008b800000| Complete 
| 185|0x000000008b900000, 0x000000008ba00000, 0x000000008ba00000|100%| E|CS|TAMS 0x000000008b900000, 0x000000008b900000| Complete 
| 186|0x000000008ba00000, 0x000000008bb00000, 0x000000008bb00000|100%| E|CS|TAMS 0x000000008ba00000, 0x000000008ba00000| Complete 
| 187|0x000000008bb00000, 0x000000008bc00000, 0x000000008bc00000|100%| E|CS|TAMS 0x000000008bb00000, 0x000000008bb00000| Complete 
| 188|0x000000008bc00000, 0x000000008bd00000, 0x000000008bd00000|100%| E|CS|TAMS 0x000000008bc00000, 0x000000008bc00000| Complete 
| 189|0x000000008bd00000, 0x000000008be00000, 0x000000008be00000|100%| E|CS|TAMS 0x000000008bd00000, 0x000000008bd00000| Complete 
| 190|0x000000008be00000, 0x000000008bf00000, 0x000000008bf00000|100%| E|CS|TAMS 0x000000008be00000, 0x000000008be00000| Complete 
| 191|0x000000008bf00000, 0x000000008c000000, 0x000000008c000000|100%| E|CS|TAMS 0x000000008bf00000, 0x000000008bf00000| Complete 

Card table byte_map: [0x000001abd31b0000,0x000001abd35b0000] _byte_map_base: 0x000001abd2db0000

Marking Bits (Prev, Next): (CMBitMap*) 0x000001abc079e600, (CMBitMap*) 0x000001abc079e640
 Prev Bits: [0x000001abd39b0000, 0x000001abd59b0000)
 Next Bits: [0x000001abd59b0000, 0x000001abd79b0000)

Polling page: 0x000001abbe660000

Metaspace:

Usage:
  Non-class:     10.78 MB used.
      Class:   1020.19 KB used.
       Both:     11.78 MB used.

Virtual space:
  Non-class space:       64.00 MB reserved,      10.88 MB ( 17%) committed,  1 nodes.
      Class space:        1.00 GB reserved,       1.12 MB ( <1%) committed,  1 nodes.
             Both:        1.06 GB reserved,      12.00 MB (  1%) committed. 

Chunk freelists:
   Non-Class:  4.86 MB
       Class:  14.73 MB
        Both:  19.59 MB

MaxMetaspaceSize: unlimited
CompressedClassSpaceSize: 1.00 GB
Initial GC threshold: 21.00 MB
Current GC threshold: 21.00 MB
CDS: off
MetaspaceReclaimPolicy: balanced
 - commit_granule_bytes: 65536.
 - commit_granule_words: 8192.
 - virtual_space_node_default_size: 8388608.
 - enlarge_chunks_in_place: 1.
 - new_chunks_are_fully_committed: 0.
 - uncommit_free_chunks: 1.
 - use_allocation_guard: 0.
 - handle_deallocations: 1.


Internal statistics:

num_allocs_failed_limit: 0.
num_arena_births: 76.
num_arena_deaths: 0.
num_vsnodes_births: 2.
num_vsnodes_deaths: 0.
num_space_committed: 192.
num_space_uncommitted: 0.
num_chunks_returned_to_freelist: 0.
num_chunks_taken_from_freelist: 202.
num_chunk_merges: 0.
num_chunk_splits: 131.
num_chunks_enlarged: 83.
num_inconsistent_stats: 0.

CodeHeap 'non-profiled nmethods': size=120000Kb used=474Kb max_used=474Kb free=119525Kb
 bounds [0x000001abcb880000, 0x000001abcbaf0000, 0x000001abd2db0000]
CodeHeap 'profiled nmethods': size=120000Kb used=2042Kb max_used=2042Kb free=117957Kb
 bounds [0x000001abc3db0000, 0x000001abc4020000, 0x000001abcb2e0000]
CodeHeap 'non-nmethods': size=5760Kb used=1456Kb max_used=1502Kb free=4303Kb
 bounds [0x000001abcb2e0000, 0x000001abcb550000, 0x000001abcb880000]
 total_blobs=1701 nmethods=1212 adapters=402
 compilation: enabled
              stopped_count=0, restarted_count=0
 full_count=0

Compilation events (20 events):
Event: 2.462 Thread 0x000001abde0f68d0 nmethod 1193 0x000001abc3fa0410 code [0x000001abc3fa05c0, 0x000001abc3fa0748]
Event: 2.462 Thread 0x000001abde0f68d0 1194       2       java.util.HashMap::<init> (98 bytes)
Event: 2.463 Thread 0x000001abde0f68d0 nmethod 1194 0x000001abc3fa0810 code [0x000001abc3fa0a60, 0x000001abc3fa1088]
Event: 2.464 Thread 0x000001abde0f68d0 1195       3       java.lang.reflect.Modifier::isStatic (13 bytes)
Event: 2.464 Thread 0x000001abde0f68d0 nmethod 1195 0x000001abc3fa1390 code [0x000001abc3fa1520, 0x000001abc3fa1678]
Event: 2.466 Thread 0x000001abde4c98f0 nmethod 1169 0x000001abcb8f0b10 code [0x000001abcb8f0e00, 0x000001abcb8f2de0]
Event: 2.466 Thread 0x000001abde4c98f0 1172       4       java.lang.StringLatin1::newString (24 bytes)
Event: 2.468 Thread 0x000001abde0f68d0 1196       2       java.lang.Class::copyMethods (36 bytes)
Event: 2.469 Thread 0x000001abde0f68d0 nmethod 1196 0x000001abc3fa1710 code [0x000001abc3fa1900, 0x000001abc3fa1dc8]
Event: 2.469 Thread 0x000001abde0f68d0 1197       2       java.util.HashMap::<init> (8 bytes)
Event: 2.469 Thread 0x000001abde0f68d0 nmethod 1197 0x000001abc3fa2090 code [0x000001abc3fa2240, 0x000001abc3fa2368]
Event: 2.470 Thread 0x000001abde0f68d0 1199       2       org.codehaus.groovy.reflection.ParameterTypes::setParametersTypes (32 bytes)
Event: 2.470 Thread 0x000001abde0f68d0 nmethod 1199 0x000001abc3fa2410 code [0x000001abc3fa25a0, 0x000001abc3fa2778]
Event: 2.472 Thread 0x000001abde4c98f0 nmethod 1172 0x000001abcb8f4410 code [0x000001abcb8f45a0, 0x000001abcb8f49d8]
Event: 2.472 Thread 0x000001abde4c98f0 1177       4       java.lang.String::substring (58 bytes)
Event: 2.473 Thread 0x000001abde0f68d0 1200       3       java.lang.String::compareTo (63 bytes)
Event: 2.473 Thread 0x000001abde0f68d0 nmethod 1200 0x000001abc3fa2890 code [0x000001abc3fa2aa0, 0x000001abc3fa2f38]
Event: 2.473 Thread 0x000001abde0f68d0 1201       3       java.lang.StringLatin1::compareTo (14 bytes)
Event: 2.473 Thread 0x000001abde0f68d0 nmethod 1201 0x000001abc3fa3110 code [0x000001abc3fa32c0, 0x000001abc3fa33e8]
Event: 2.474 Thread 0x000001abde0f68d0 1202  s    2       java.util.jar.JarFile::getInputStream (72 bytes)

GC Heap History (6 events):
Event: 0.924 GC heap before
{Heap before GC invocations=0 (full 0):
 garbage-first heap   total 196608K, used 14336K [0x0000000080000000, 0x0000000100000000)
  region size 1024K, 13 young (13312K), 0 survivors (0K)
 Metaspace       used 4838K, committed 4928K, reserved 1114112K
  class space    used 388K, committed 448K, reserved 1048576K
}
Event: 0.928 GC heap after
{Heap after GC invocations=1 (full 0):
 garbage-first heap   total 196608K, used 11212K [0x0000000080000000, 0x0000000100000000)
  region size 1024K, 2 young (2048K), 2 survivors (2048K)
 Metaspace       used 4838K, committed 4928K, reserved 1114112K
  class space    used 388K, committed 448K, reserved 1048576K
}
Event: 1.263 GC heap before
{Heap before GC invocations=1 (full 0):
 garbage-first heap   total 196608K, used 19404K [0x0000000080000000, 0x0000000100000000)
  region size 1024K, 10 young (10240K), 2 survivors (2048K)
 Metaspace       used 6752K, committed 6976K, reserved 1114112K
  class space    used 523K, committed 640K, reserved 1048576K
}
Event: 1.266 GC heap after
{Heap after GC invocations=2 (full 0):
 garbage-first heap   total 196608K, used 14539K [0x0000000080000000, 0x0000000100000000)
  region size 1024K, 2 young (2048K), 2 survivors (2048K)
 Metaspace       used 6752K, committed 6976K, reserved 1114112K
  class space    used 523K, committed 640K, reserved 1048576K
}
Event: 1.923 GC heap before
{Heap before GC invocations=2 (full 0):
 garbage-first heap   total 196608K, used 31947K [0x0000000080000000, 0x0000000100000000)
  region size 1024K, 19 young (19456K), 2 survivors (2048K)
 Metaspace       used 8832K, committed 9024K, reserved 1114112K
  class space    used 734K, committed 832K, reserved 1048576K
}
Event: 1.925 GC heap after
{Heap after GC invocations=3 (full 0):
 garbage-first heap   total 196608K, used 15598K [0x0000000080000000, 0x0000000100000000)
  region size 1024K, 2 young (2048K), 2 survivors (2048K)
 Metaspace       used 8832K, committed 9024K, reserved 1114112K
  class space    used 734K, committed 832K, reserved 1048576K
}

Dll operation events (6 events):
Event: 0.015 Loaded shared library C:\Users\Ali Asad\.katalon\packages\Katalon_Studio_Free_Windows_64-9.5.0\Katalon_Studio_Free_Windows_64-9.5.0\jre\bin\java.dll
Event: 0.699 Loaded shared library C:\Users\Ali Asad\.katalon\packages\Katalon_Studio_Free_Windows_64-9.5.0\Katalon_Studio_Free_Windows_64-9.5.0\jre\bin\net.dll
Event: 0.701 Loaded shared library C:\Users\Ali Asad\.katalon\packages\Katalon_Studio_Free_Windows_64-9.5.0\Katalon_Studio_Free_Windows_64-9.5.0\jre\bin\nio.dll
Event: 0.712 Loaded shared library C:\Users\Ali Asad\.katalon\packages\Katalon_Studio_Free_Windows_64-9.5.0\Katalon_Studio_Free_Windows_64-9.5.0\jre\bin\zip.dll
Event: 1.477 Loaded shared library C:\Users\Ali Asad\.katalon\packages\Katalon_Studio_Free_Windows_64-9.5.0\Katalon_Studio_Free_Windows_64-9.5.0\jre\bin\verify.dll
Event: 1.978 Loaded shared library C:\Users\Ali Asad\.katalon\packages\Katalon_Studio_Free_Windows_64-9.5.0\Katalon_Studio_Free_Windows_64-9.5.0\jre\bin\jimage.dll

Deoptimization events (20 events):
Event: 2.005 Thread 0x000001abc073f480 DEOPT PACKING pc=0x000001abc3f24608 sp=0x00000004a29f4df0
Event: 2.005 Thread 0x000001abc073f480 DEOPT UNPACKING pc=0x000001abcb337143 sp=0x00000004a29f42f8 mode 0
Event: 2.052 Thread 0x000001abc073f480 DEOPT PACKING pc=0x000001abc3f24608 sp=0x00000004a29f70c0
Event: 2.052 Thread 0x000001abc073f480 DEOPT UNPACKING pc=0x000001abcb337143 sp=0x00000004a29f65c8 mode 0
Event: 2.119 Thread 0x000001abc073f480 Uncommon trap: trap_request=0xffffff45 fr.pc=0x000001abcb8aceac relative=0x000000000000028c
Event: 2.119 Thread 0x000001abc073f480 Uncommon trap: reason=unstable_if action=reinterpret pc=0x000001abcb8aceac method=java.lang.String.startsWith(Ljava/lang/String;I)Z @ 14 c2
Event: 2.119 Thread 0x000001abc073f480 DEOPT PACKING pc=0x000001abcb8aceac sp=0x00000004a29fb3a0
Event: 2.120 Thread 0x000001abc073f480 DEOPT UNPACKING pc=0x000001abcb3369a3 sp=0x00000004a29fb300 mode 2
Event: 2.185 Thread 0x000001abc073f480 DEOPT PACKING pc=0x000001abc3f24608 sp=0x00000004a29f7240
Event: 2.186 Thread 0x000001abc073f480 DEOPT UNPACKING pc=0x000001abcb337143 sp=0x00000004a29f6748 mode 0
Event: 2.223 Thread 0x000001abc073f480 DEOPT PACKING pc=0x000001abc3f24608 sp=0x00000004a29fa0c0
Event: 2.223 Thread 0x000001abc073f480 DEOPT UNPACKING pc=0x000001abcb337143 sp=0x00000004a29f95c8 mode 0
Event: 2.244 Thread 0x000001abc073f480 DEOPT PACKING pc=0x000001abc3f24608 sp=0x00000004a29fa0c0
Event: 2.244 Thread 0x000001abc073f480 DEOPT UNPACKING pc=0x000001abcb337143 sp=0x00000004a29f95c8 mode 0
Event: 2.291 Thread 0x000001abc073f480 DEOPT PACKING pc=0x000001abc3f24608 sp=0x00000004a29fa420
Event: 2.291 Thread 0x000001abc073f480 DEOPT UNPACKING pc=0x000001abcb337143 sp=0x00000004a29f9928 mode 0
Event: 2.371 Thread 0x000001abc073f480 DEOPT PACKING pc=0x000001abc3f24608 sp=0x00000004a29facb0
Event: 2.371 Thread 0x000001abc073f480 DEOPT UNPACKING pc=0x000001abcb337143 sp=0x00000004a29fa1b8 mode 0
Event: 2.422 Thread 0x000001abc073f480 DEOPT PACKING pc=0x000001abc3f24608 sp=0x00000004a29fa150
Event: 2.422 Thread 0x000001abc073f480 DEOPT UNPACKING pc=0x000001abcb337143 sp=0x00000004a29f9658 mode 0

Classes unloaded (0 events):
No events

Classes redefined (0 events):
No events

Internal exceptions (16 events):
Event: 1.211 Thread 0x000001abc073f480 Exception <a 'java/lang/NoSuchMethodError'{0x000000008b83aab0}: 'java.lang.Object java.lang.invoke.DirectMethodHandle$Holder.invokeStatic(java.lang.Object, java.lang.Object, int)'> (0x000000008b83aab0) 
thrown [s\src\hotspot\share\interpreter\linkResolver.cpp, line 759]
Event: 1.217 Thread 0x000001abc073f480 Exception <a 'java/lang/NoSuchMethodError'{0x000000008b847000}: 'void java.lang.invoke.DelegatingMethodHandle$Holder.delegate(java.lang.Object, java.lang.Object, int, java.lang.Object)'> (0x000000008b847000) 
thrown [s\src\hotspot\share\interpreter\linkResolver.cpp, line 759]
Event: 1.219 Thread 0x000001abc073f480 Exception <a 'java/lang/NoSuchMethodError'{0x000000008b84b240}: 'int java.lang.invoke.DirectMethodHandle$Holder.invokeSpecial(java.lang.Object, java.lang.Object, java.lang.Object)'> (0x000000008b84b240) 
thrown [s\src\hotspot\share\interpreter\linkResolver.cpp, line 759]
Event: 1.992 Thread 0x000001abc073f480 Exception <a 'java/lang/NoSuchMethodError'{0x000000008bffc238}: 'java.lang.Object java.lang.invoke.DirectMethodHandle$Holder.invokeStaticInit(java.lang.Object, java.lang.Object, java.lang.Object)'> (0x000000008bffc238) 
thrown [s\src\hotspot\share\interpreter\linkResolver.cpp, line 759]
Event: 2.055 Thread 0x000001abc073f480 Exception <a 'java/lang/NoSuchMethodError'{0x000000008bd89c68}: 'void java.lang.invoke.DirectMethodHandle$Holder.invokeStatic(java.lang.Object, java.lang.Object, java.lang.Object)'> (0x000000008bd89c68) 
thrown [s\src\hotspot\share\interpreter\linkResolver.cpp, line 759]
Event: 2.056 Thread 0x000001abc073f480 Exception <a 'java/lang/NoSuchMethodError'{0x000000008bd8d960}: 'void java.lang.invoke.DirectMethodHandle$Holder.invokeStaticInit(java.lang.Object, java.lang.Object, java.lang.Object)'> (0x000000008bd8d960) 
thrown [s\src\hotspot\share\interpreter\linkResolver.cpp, line 759]
Event: 2.058 Thread 0x000001abc073f480 Exception <a 'java/lang/NoSuchMethodError'{0x000000008bd94650}: 'void java.lang.invoke.DirectMethodHandle$Holder.invokeStatic(java.lang.Object, java.lang.Object, java.lang.Object, java.lang.Object)'> (0x000000008bd94650) 
thrown [s\src\hotspot\share\interpreter\linkResolver.cpp, line 759]
Event: 2.059 Thread 0x000001abc073f480 Exception <a 'java/lang/NoSuchMethodError'{0x000000008bd985a0}: 'void java.lang.invoke.DirectMethodHandle$Holder.invokeStaticInit(java.lang.Object, java.lang.Object, java.lang.Object, java.lang.Object)'> (0x000000008bd985a0) 
thrown [s\src\hotspot\share\interpreter\linkResolver.cpp, line 759]
Event: 2.065 Thread 0x000001abc073f480 Exception <a 'java/lang/NoSuchMethodError'{0x000000008bdba0a8}: 'void java.lang.invoke.DirectMethodHandle$Holder.invokeStaticInit(java.lang.Object, java.lang.Object, java.lang.Object, java.lang.Object, java.lang.Object)'> (0x000000008bdba0a8) 
thrown [s\src\hotspot\share\interpreter\linkResolver.cpp, line 759]
Event: 2.068 Thread 0x000001abc073f480 Exception <a 'java/lang/NoSuchMethodError'{0x000000008bdc7b28}: 'int java.lang.invoke.DirectMethodHandle$Holder.invokeStaticInit(java.lang.Object, java.lang.Object, java.lang.Object)'> (0x000000008bdc7b28) 
thrown [s\src\hotspot\share\interpreter\linkResolver.cpp, line 759]
Event: 2.099 Thread 0x000001abc073f480 Exception <a 'java/lang/NoSuchMethodError'{0x000000008bc3c010}: 'int java.lang.invoke.DirectMethodHandle$Holder.invokeStaticInit(java.lang.Object, java.lang.Object, java.lang.Object, java.lang.Object)'> (0x000000008bc3c010) 
thrown [s\src\hotspot\share\interpreter\linkResolver.cpp, line 759]
Event: 2.100 Thread 0x000001abc073f480 Exception <a 'java/lang/NoSuchMethodError'{0x000000008bc458d8}: 'java.lang.Object java.lang.invoke.DirectMethodHandle$Holder.invokeInterface(java.lang.Object, java.lang.Object)'> (0x000000008bc458d8) 
thrown [s\src\hotspot\share\interpreter\linkResolver.cpp, line 759]
Event: 2.101 Thread 0x000001abc073f480 Exception <a 'java/lang/IncompatibleClassChangeError'{0x000000008bc49378}: Found class java.lang.Object, but interface was expected> (0x000000008bc49378) 
thrown [s\src\hotspot\share\interpreter\linkResolver.cpp, line 826]
Event: 2.102 Thread 0x000001abc073f480 Exception <a 'java/lang/NoSuchMethodError'{0x000000008bc4c360}: 'void java.lang.invoke.DirectMethodHandle$Holder.invokeStatic(java.lang.Object, java.lang.Object)'> (0x000000008bc4c360) 
thrown [s\src\hotspot\share\interpreter\linkResolver.cpp, line 759]
Event: 2.102 Thread 0x000001abc073f480 Exception <a 'java/lang/NoSuchMethodError'{0x000000008bc4fe08}: 'void java.lang.invoke.DirectMethodHandle$Holder.invokeStaticInit(java.lang.Object, java.lang.Object)'> (0x000000008bc4fe08) 
thrown [s\src\hotspot\share\interpreter\linkResolver.cpp, line 759]
Event: 2.103 Thread 0x000001abc073f480 Exception <a 'java/lang/NoSuchMethodError'{0x000000008bc55c50}: 'int java.lang.invoke.DirectMethodHandle$Holder.invokeStaticInit(java.lang.Object, java.lang.Object)'> (0x000000008bc55c50) 
thrown [s\src\hotspot\share\interpreter\linkResolver.cpp, line 759]

VM Operations (12 events):
Event: 0.722 Executing VM operation: HandshakeAllThreads
Event: 0.722 Executing VM operation: HandshakeAllThreads done
Event: 0.924 Executing VM operation: G1CollectForAllocation
Event: 0.928 Executing VM operation: G1CollectForAllocation done
Event: 1.210 Executing VM operation: HandshakeAllThreads
Event: 1.210 Executing VM operation: HandshakeAllThreads done
Event: 1.263 Executing VM operation: G1CollectForAllocation
Event: 1.266 Executing VM operation: G1CollectForAllocation done
Event: 1.660 Executing VM operation: HandshakeAllThreads
Event: 1.660 Executing VM operation: HandshakeAllThreads done
Event: 1.922 Executing VM operation: G1CollectForAllocation
Event: 1.925 Executing VM operation: G1CollectForAllocation done

Events (20 events):
Event: 2.457 loading class java/time/temporal/TemporalQuery
Event: 2.458 loading class java/time/temporal/TemporalQuery done
Event: 2.458 loading class java/time/temporal/ValueRange
Event: 2.458 loading class java/time/temporal/ValueRange done
Event: 2.459 loading class java/time/format/DateTimeFormatter
Event: 2.460 loading class java/time/format/DateTimeFormatter done
Event: 2.460 loading class java/time/chrono/Chronology
Event: 2.460 loading class java/time/chrono/Chronology done
Event: 2.461 loading class java/time/chrono/Era
Event: 2.461 loading class java/time/chrono/Era done
Event: 2.466 loading class java/io/InvalidObjectException
Event: 2.466 loading class java/io/InvalidObjectException done
Event: 2.466 loading class java/time/format/TextStyle
Event: 2.467 loading class java/time/format/TextStyle done
Event: 2.467 loading class java/time/zone/ZoneRules
Event: 2.467 loading class java/time/zone/ZoneRules done
Event: 2.470 loading class java/time/format/ResolverStyle
Event: 2.470 loading class java/time/format/ResolverStyle done
Event: 2.471 loading class java/text/DateFormatSymbols
Event: 2.472 loading class java/text/DateFormatSymbols done


Dynamic libraries:
0x00007ff6d1ae0000 - 0x00007ff6d1aee000 	C:\Users\Ali Asad\.katalon\packages\Katalon_Studio_Free_Windows_64-9.5.0\Katalon_Studio_Free_Windows_64-9.5.0\jre\bin\javaw.exe
0x00007fffe3150000 - 0x00007fffe3348000 	C:\Windows\SYSTEM32\ntdll.dll
0x00007fffe1180000 - 0x00007fffe1241000 	C:\Windows\System32\KERNEL32.DLL
0x00007fffe0c90000 - 0x00007fffe0f86000 	C:\Windows\System32\KERNELBASE.dll
0x00007fffe0a40000 - 0x00007fffe0b40000 	C:\Windows\System32\ucrtbase.dll
0x00007fffda6b0000 - 0x00007fffda6c7000 	C:\Users\Ali Asad\.katalon\packages\Katalon_Studio_Free_Windows_64-9.5.0\Katalon_Studio_Free_Windows_64-9.5.0\jre\bin\jli.dll
0x00007fffe1ea0000 - 0x00007fffe203f000 	C:\Windows\System32\USER32.dll
0x00007fffe1030000 - 0x00007fffe1052000 	C:\Windows\System32\win32u.dll
0x00007fffe30e0000 - 0x00007fffe310b000 	C:\Windows\System32\GDI32.dll
0x00007fffe0b70000 - 0x00007fffe0c87000 	C:\Windows\System32\gdi32full.dll
0x00007fffe0f90000 - 0x00007fffe102d000 	C:\Windows\System32\msvcp_win.dll
0x00007fffd9c80000 - 0x00007fffd9c99000 	C:\Users\Ali Asad\.katalon\packages\Katalon_Studio_Free_Windows_64-9.5.0\Katalon_Studio_Free_Windows_64-9.5.0\jre\bin\VCRUNTIME140.dll
0x00007fffcf360000 - 0x00007fffcf5fa000 	C:\Windows\WinSxS\amd64_microsoft.windows.common-controls_6595b64144ccf1df_6.0.19041.4355_none_60b8b9eb71f62e16\COMCTL32.dll
0x00007fffe2be0000 - 0x00007fffe2c7e000 	C:\Windows\System32\msvcrt.dll
0x00007fffe1da0000 - 0x00007fffe1dcf000 	C:\Windows\System32\IMM32.DLL
0x00007fffda6a0000 - 0x00007fffda6ac000 	C:\Users\Ali Asad\.katalon\packages\Katalon_Studio_Free_Windows_64-9.5.0\Katalon_Studio_Free_Windows_64-9.5.0\jre\bin\vcruntime140_1.dll
0x00007fffb9010000 - 0x00007fffb90a1000 	C:\Users\Ali Asad\.katalon\packages\Katalon_Studio_Free_Windows_64-9.5.0\Katalon_Studio_Free_Windows_64-9.5.0\jre\bin\msvcp140.dll
0x00007fffa12c0000 - 0x00007fffa1f08000 	C:\Users\Ali Asad\.katalon\packages\Katalon_Studio_Free_Windows_64-9.5.0\Katalon_Studio_Free_Windows_64-9.5.0\jre\bin\server\jvm.dll
0x00007fffe2f30000 - 0x00007fffe2fe0000 	C:\Windows\System32\ADVAPI32.dll
0x00007fffe2b40000 - 0x00007fffe2be0000 	C:\Windows\System32\sechost.dll
0x00007fffe2e00000 - 0x00007fffe2f23000 	C:\Windows\System32\RPCRT4.dll
0x00007fffe0b40000 - 0x00007fffe0b67000 	C:\Windows\System32\bcrypt.dll
0x00007fffdce10000 - 0x00007fffdce19000 	C:\Windows\SYSTEM32\WSOCK32.dll
0x00007fffe2fe0000 - 0x00007fffe304b000 	C:\Windows\System32\WS2_32.dll
0x00007fffd19b0000 - 0x00007fffd19d7000 	C:\Windows\SYSTEM32\WINMM.dll
0x00007fffd48b0000 - 0x00007fffd48ba000 	C:\Windows\SYSTEM32\VERSION.dll
0x00007fffde680000 - 0x00007fffde692000 	C:\Windows\SYSTEM32\kernel.appcore.dll
0x00007fffdbd70000 - 0x00007fffdbd7a000 	C:\Users\Ali Asad\.katalon\packages\Katalon_Studio_Free_Windows_64-9.5.0\Katalon_Studio_Free_Windows_64-9.5.0\jre\bin\jimage.dll
0x00007fffd2f60000 - 0x00007fffd3144000 	C:\Windows\SYSTEM32\DBGHELP.DLL
0x00007fffd15c0000 - 0x00007fffd15f4000 	C:\Windows\SYSTEM32\dbgcore.DLL
0x00007fffe09b0000 - 0x00007fffe0a32000 	C:\Windows\System32\bcryptPrimitives.dll
0x00007fffd9eb0000 - 0x00007fffd9ed5000 	C:\Users\Ali Asad\.katalon\packages\Katalon_Studio_Free_Windows_64-9.5.0\Katalon_Studio_Free_Windows_64-9.5.0\jre\bin\java.dll
0x00007fffdb7e0000 - 0x00007fffdb7f8000 	C:\Users\Ali Asad\.katalon\packages\Katalon_Studio_Free_Windows_64-9.5.0\Katalon_Studio_Free_Windows_64-9.5.0\jre\bin\zip.dll
0x00007fffe22b0000 - 0x00007fffe2a1c000 	C:\Windows\System32\SHELL32.dll
0x00007fffde880000 - 0x00007fffdf01e000 	C:\Windows\SYSTEM32\windows.storage.dll
0x00007fffe1250000 - 0x00007fffe15a3000 	C:\Windows\System32\combase.dll
0x00007fffe0150000 - 0x00007fffe017e000 	C:\Windows\SYSTEM32\Wldp.dll
0x00007fffe1dd0000 - 0x00007fffe1e9d000 	C:\Windows\System32\OLEAUT32.dll
0x00007fffe2c80000 - 0x00007fffe2d2d000 	C:\Windows\System32\SHCORE.dll
0x00007fffe1cc0000 - 0x00007fffe1d15000 	C:\Windows\System32\shlwapi.dll
0x00007fffe0730000 - 0x00007fffe0754000 	C:\Windows\SYSTEM32\profapi.dll
0x00007fffdb0d0000 - 0x00007fffdb0e9000 	C:\Users\Ali Asad\.katalon\packages\Katalon_Studio_Free_Windows_64-9.5.0\Katalon_Studio_Free_Windows_64-9.5.0\jre\bin\net.dll
0x00007fffd7ed0000 - 0x00007fffd7fda000 	C:\Windows\SYSTEM32\WINHTTP.dll
0x00007fffdfeb0000 - 0x00007fffdff1a000 	C:\Windows\system32\mswsock.dll
0x00007fffda680000 - 0x00007fffda695000 	C:\Users\Ali Asad\.katalon\packages\Katalon_Studio_Free_Windows_64-9.5.0\Katalon_Studio_Free_Windows_64-9.5.0\jre\bin\nio.dll
0x00007fffdbd30000 - 0x00007fffdbd40000 	C:\Users\Ali Asad\.katalon\packages\Katalon_Studio_Free_Windows_64-9.5.0\Katalon_Studio_Free_Windows_64-9.5.0\jre\bin\verify.dll

dbghelp: loaded successfully - version: 4.0.5 - missing functions: none
symbol engine: initialized successfully - sym options: 0x614 - pdb path: .;C:\Users\Ali Asad\.katalon\packages\Katalon_Studio_Free_Windows_64-9.5.0\Katalon_Studio_Free_Windows_64-9.5.0\jre\bin;C:\Windows\SYSTEM32;C:\Windows\WinSxS\amd64_microsoft.windows.common-controls_6595b64144ccf1df_6.0.19041.4355_none_60b8b9eb71f62e16;C:\Users\Ali Asad\.katalon\packages\Katalon_Studio_Free_Windows_64-9.5.0\Katalon_Studio_Free_Windows_64-9.5.0\jre\bin\server

VM Arguments:
jvm_args: -Dgroovy.home=C:\Users\Ali Asad/.groovy -Djava.system.class.loader=groovy.lang.GroovyClassLoader -Xmx2048m -Dfile.encoding=UTF-8 -XX:+ShowCodeDetailsInExceptionMessages 
java_command: org.codehaus.groovy.tools.GroovyStarter --classpath C:\Users\Ali Asad\Katalon Studio\Data Plain - Android\bin\keyword;C:\Users\Ali Asad\Katalon Studio\Data Plain - Android\Keywords;C:\Users\Ali Asad\Katalon Studio\Data Plain - Android\bin\listener;C:\Users\Ali Asad\Katalon Studio\Data Plain - Android\Test Listeners;C:\Users\Ali Asad\Katalon Studio\Data Plain - Android\bin\lib;C:\Users\Ali Asad\Katalon Studio\Data Plain - Android\Libs;C:\Users\Ali Asad\Katalon Studio\Data Plain - Android\bin\groovy;C:\Users\Ali Asad\Katalon Studio\Data Plain - Android\Include\scripts\groovy;C:\Users\Ali Asad\.katalon\packages\Katalon_Studio_Free_Windows_64-9.5.0\Katalon_Studio_Free_Windows_64-9.5.0\plugins\com.kms.katalon.core_1.0.0.202405291026.jar;C:\Users\Ali Asad\.katalon\packages\Katalon_Studio_Free_Windows_64-9.5.0\Katalon_Studio_Free_Windows_64-9.5.0\configuration\resources\lib\aalto-xml-1.0.0.jar;C:\Users\Ali Asad\.katalon\packages\Katalon_Studio_Free_Windows_64-9.5.0\Katalon_Studio_Free_Windows_64-9.5.0\configuration\resources\lib\aspectjweaver-1.9.1.jar;C:\Users\Ali Asad\.katalon\packages\Katalon_Studio_Free_Windows_64-9.5.0\Katalon_Studio_Free_Windows_64-9.5.0\configuration\resources\lib\bcpkix-jdk15on-1.64.jar;C:\Users\Ali Asad\.katalon\packages\Katalon_Studio_Free_Windows_64-9.5.0\Katalon_Studio_Free_Windows_64-9.5.0\configuration\resources\lib\bcprov-jdk15on-1.64.jar;C:\Users\Ali Asad\.katalon\packages\Katalon_Studio_Free_Windows_64-9.5.0\Katalon_Studio_Free_Windows_64-9.5.0\configuration\resources\lib\browsermob-core-2.1.5.jar;C:\Users\Ali Asad\.katalon\packages\Katalon_Studio_Free_Windows_64-9.5.0\Katalon_Studio_Free_Windows_64-9.5.0\configuration\resources\lib\byte-buddy-1.14.3.jar;C:\Users\Ali Asad\.katalon\packages\Katalon_Studio_Free_Windows_64-9.5.0\Katalon_Studio_Free_Windows_64-9.5.0\configuration\resources\lib\byte-buddy-agent-1.14.3.jar;C:\Users\Ali Asad\.katalon\packages\Katalon_Studio_Free_Windows_64-9.5.0\Katalon_Studio_Free_Windows_64-9.5.
java_class_path (initial): C:\Users\Ali Asad\Katalon Studio\Data Plain - Android\bin\keyword;C:\Users\Ali Asad\Katalon Studio\Data Plain - Android\bin\listener;C:\Users\Ali Asad\Katalon Studio\Data Plain - Android\bin\lib;C:\Users\Ali Asad\Katalon Studio\Data Plain - Android\bin\groovy;C:\Users\Ali Asad\Katalon Studio\Data Plain - Android\bin;C:\Users\Ali Asad\.katalon\packages\Katalon_Studio_Free_Windows_64-9.5.0\Katalon_Studio_Free_Windows_64-9.5.0\plugins\com.kms.katalon.core_1.0.0.202405291026.jar;C:\Users\Ali Asad\.katalon\packages\Katalon_Studio_Free_Windows_64-9.5.0\Katalon_Studio_Free_Windows_64-9.5.0\configuration\resources\lib\aalto-xml-1.0.0.jar;C:\Users\Ali Asad\.katalon\packages\Katalon_Studio_Free_Windows_64-9.5.0\Katalon_Studio_Free_Windows_64-9.5.0\configuration\resources\lib\aspectjweaver-1.9.1.jar;C:\Users\Ali Asad\.katalon\packages\Katalon_Studio_Free_Windows_64-9.5.0\Katalon_Studio_Free_Windows_64-9.5.0\configuration\resources\lib\bcpkix-jdk15on-1.64.jar;C:\Users\Ali Asad\.katalon\packages\Katalon_Studio_Free_Windows_64-9.5.0\Katalon_Studio_Free_Windows_64-9.5.0\configuration\resources\lib\bcprov-jdk15on-1.64.jar;C:\Users\Ali Asad\.katalon\packages\Katalon_Studio_Free_Windows_64-9.5.0\Katalon_Studio_Free_Windows_64-9.5.0\configuration\resources\lib\browsermob-core-2.1.5.jar;C:\Users\Ali Asad\.katalon\packages\Katalon_Studio_Free_Windows_64-9.5.0\Katalon_Studio_Free_Windows_64-9.5.0\configuration\resources\lib\byte-buddy-1.14.3.jar;C:\Users\Ali Asad\.katalon\packages\Katalon_Studio_Free_Windows_64-9.5.0\Katalon_Studio_Free_Windows_64-9.5.0\configuration\resources\lib\byte-buddy-agent-1.14.3.jar;C:\Users\Ali Asad\.katalon\packages\Katalon_Studio_Free_Windows_64-9.5.0\Katalon_Studio_Free_Windows_64-9.5.0\configuration\resources\lib\cglib-3.2.10.jar;C:\Users\Ali Asad\.katalon\packages\Katalon_Studio_Free_Windows_64-9.5.0\Katalon_Studio_Free_Windows_64-9.5.0\configuration\resources\lib\commons-codec-1.10.jar;C:\Users\Ali Asad\.katalon\packages\Katal
Launcher Type: SUN_STANDARD

[Global flags]
     intx CICompilerCount                          = 3                                         {product} {ergonomic}
     uint ConcGCThreads                            = 1                                         {product} {ergonomic}
     uint G1ConcRefinementThreads                  = 4                                         {product} {ergonomic}
   size_t G1HeapRegionSize                         = 1048576                                   {product} {ergonomic}
    uintx GCDrainStackTargetSize                   = 64                                        {product} {ergonomic}
   size_t InitialHeapSize                          = 201326592                                 {product} {ergonomic}
   size_t MarkStackSize                            = 4194304                                   {product} {ergonomic}
   size_t MaxHeapSize                              = 2147483648                                {product} {command line}
   size_t MaxNewSize                               = 1287651328                                {product} {ergonomic}
   size_t MinHeapDeltaBytes                        = 1048576                                   {product} {ergonomic}
   size_t MinHeapSize                              = 8388608                                   {product} {ergonomic}
    uintx NonNMethodCodeHeapSize                   = 5832780                                {pd product} {ergonomic}
    uintx NonProfiledCodeHeapSize                  = 122912730                              {pd product} {ergonomic}
    uintx ProfiledCodeHeapSize                     = 122912730                              {pd product} {ergonomic}
    uintx ReservedCodeCacheSize                    = 251658240                              {pd product} {ergonomic}
     bool SegmentedCodeCache                       = true                                      {product} {ergonomic}
     bool ShowCodeDetailsInExceptionMessages       = true                                   {manageable} {command line}
   size_t SoftMaxHeapSize                          = 2147483648                             {manageable} {ergonomic}
     bool UseCompressedClassPointers               = true                           {product lp64_product} {ergonomic}
     bool UseCompressedOops                        = true                           {product lp64_product} {ergonomic}
     bool UseG1GC                                  = true                                      {product} {ergonomic}
     bool UseLargePagesIndividualAllocation        = false                                  {pd product} {ergonomic}

Logging:
Log output configuration:
 #0: stdout all=warning uptime,level,tags
 #1: stderr all=off uptime,level,tags

Environment Variables:
JAVA_HOME=C:\Users\Ali Asad\.katalon\packages\Katalon_Studio_Free_Windows_64-9.5.0\Katalon_Studio_Free_Windows_64-9.5.0\jre
PATH=C:/Users/Ali Asad/.katalon/packages/Katalon_Studio_Free_Windows_64-9.5.0/Katalon_Studio_Free_Windows_64-9.5.0/jre/bin/server;C:/Users/Ali Asad/.katalon/packages/Katalon_Studio_Free_Windows_64-9.5.0/Katalon_Studio_Free_Windows_64-9.5.0/jre/bin;C:\Program Files\Common Files\Oracle\Java\javapath;C:\Users\Ali Asad\AppData\Local\Programs\Python\Python312\Scripts\;C:\Users\Ali Asad\AppData\Local\Programs\Python\Python312\;C:\Users\Ali Asad\AppData\Local\Microsoft\WindowsApps;C:\Users\Ali Asad\AppData\Local\Programs\Microsoft VS Code\bin;C:\Users\Ali Asad\AppData\Roaming\npm;C:\Program Files\nodejs;C:\Program Files\JetBrains\PyCharm Community Edition 2024.2\bin;;C:\Users\Ali Asad\.katalon\tools\android_sdk\platform-tools;C:\Program Files\Java\jdk-22;C:\Program Files\Common Files\Oracle\Java\javapath;;C:\Users\Ali Asad\.katalon\packages\Katalon_Studio_Free_Windows_64-9.5.0\Katalon_Studio_Free_Windows_64-9.5.0;:C:\Users\Ali Asad\.katalon\packages\Katalon_Studio_Free_Windows_64-9.5.0\Katalon_Studio_Free_Windows_64-9.5.0\jre\bin
USERNAME=Ali Asad
OS=Windows_NT
PROCESSOR_IDENTIFIER=Intel64 Family 6 Model 58 Stepping 9, GenuineIntel
TMP=C:\Users\ALIASA~1\AppData\Local\Temp
TEMP=C:\Users\ALIASA~1\AppData\Local\Temp



---------------  S Y S T E M  ---------------

OS:
 Windows 10 , 64 bit Build 19041 (10.0.19041.4597)
OS uptime: 4 days 0:29 hours

CPU: total 4 (initial active 4) (2 cores per cpu, 2 threads per core) family 6 model 58 stepping 9 microcode 0x21, cx8, cmov, fxsr, ht, mmx, sse, sse2, sse3, ssse3, sse4.1, sse4.2, popcnt, tsc, tscinvbit, avx, aes, erms, clmul, vzeroupper, clflush

Memory: 4k page, system-wide physical 12180M (1228M free)
TotalPageFile size 18465M (AvailPageFile size 6M)
current process WorkingSet (physical memory assigned to process): 126M, peak: 129M
current process commit charge ("private bytes"): 323M, peak: 327M

vm_info: OpenJDK 64-Bit Server VM (17.0.7+7) for windows-amd64 JRE (17.0.7+7), built on Apr 18 2023 22:10:42 by "temurin" with MS VC++ 16.7 (VS2019)

END.
