#
# There is insufficient memory for the Java Runtime Environment to continue.
# Native memory allocation (malloc) failed to allocate 827744 bytes for Chunk::new
# Possible reasons:
#   The system is out of physical RAM or swap space
#   The process is running with CompressedOops enabled, and the Java Heap may be blocking the growth of the native heap
# Possible solutions:
#   Reduce memory load on the system
#   Increase physical memory or swap space
#   Check if swap backing store is full
#   Decrease Java heap size (-Xmx/-Xms)
#   Decrease number of Java threads
#   Decrease Java thread stack sizes (-Xss)
#   Set larger code cache with -XX:ReservedCodeCacheSize=
#   JVM is running with Unscaled Compressed Oops mode in which the Java heap is
#     placed in the first 4GB address space. The Java Heap base address is the
#     maximum limit for the native heap growth. Please use -XX:HeapBaseMinAddress
#     to set the Java Heap base and to place the Java Heap above 4GB virtual address.
# This output file may be truncated or incomplete.
#
#  Out of Memory Error (arena.cpp:189), pid=9420, tid=18156
#
# JRE version: OpenJDK Runtime Environment Temurin-17.0.7+7 (17.0.7+7) (build 17.0.7+7)
# Java VM: OpenJDK 64-Bit Server VM Temurin-17.0.7+7 (17.0.7+7, mixed mode, tiered, compressed oops, compressed class ptrs, g1 gc, windows-amd64)
# No core dump will be written. Minidumps are not enabled by default on client versions of Windows
#

---------------  S U M M A R Y ------------

Command Line: -Dgroovy.home=C:\Users\Ali Asad/.groovy -Djava.system.class.loader=groovy.lang.GroovyClassLoader -Xmx2048m -Dfile.encoding=UTF-8 -XX:+ShowCodeDetailsInExceptionMessages org.codehaus.groovy.tools.GroovyStarter --classpath C:\Users\Ali Asad\Katalon Studio\Data Plain - Android\bin\keyword;C:\Users\Ali Asad\Katalon Studio\Data Plain - Android\Keywords;C:\Users\Ali Asad\Katalon Studio\Data Plain - Android\bin\listener;C:\Users\Ali Asad\Katalon Studio\Data Plain - Android\Test Listeners;C:\Users\Ali Asad\Katalon Studio\Data Plain - Android\bin\lib;C:\Users\Ali Asad\Katalon Studio\Data Plain - Android\Libs;C:\Users\Ali Asad\Katalon Studio\Data Plain - Android\bin\groovy;C:\Users\Ali Asad\Katalon Studio\Data Plain - Android\Include\scripts\groovy;C:\Users\Ali Asad\.katalon\packages\Katalon_Studio_Free_Windows_64-9.5.0\Katalon_Studio_Free_Windows_64-9.5.0\plugins\com.kms.katalon.core_1.0.0.202405291026.jar;C:\Users\Ali Asad\.katalon\packages\Katalon_Studio_Free_Windows_64-9.5.0\Katalon_Studio_Free_Windows_64-9.5.0\configuration\resources\lib\aalto-xml-1.0.0.jar;C:\Users\Ali Asad\.katalon\packages\Katalon_Studio_Free_Windows_64-9.5.0\Katalon_Studio_Free_Windows_64-9.5.0\configuration\resources\lib\aspectjweaver-1.9.1.jar;C:\Users\Ali Asad\.katalon\packages\Katalon_Studio_Free_Windows_64-9.5.0\Katalon_Studio_Free_Windows_64-9.5.0\configuration\resources\lib\bcpkix-jdk15on-1.64.jar;C:\Users\Ali Asad\.katalon\packages\Katalon_Studio_Free_Windows_64-9.5.0\Katalon_Studio_Free_Windows_64-9.5.0\configuration\resources\lib\bcprov-jdk15on-1.64.jar;C:\Users\Ali Asad\.katalon\packages\Katalon_Studio_Free_Windows_64-9.5.0\Katalon_Studio_Free_Windows_64-9.5.0\configuration\resources\lib\browsermob-core-2.1.5.jar;C:\Users\Ali Asad\.katalon\packages\Katalon_Studio_Free_Windows_64-9.5.0\Katalon_Studio_Free_Windows_64-9.5.0\configuration\resources\lib\byte-buddy-1.14.3.jar;C:\Users\Ali Asad\.katalon\packages\Katalon_Studio_Free_Windows_64-9.5.0\Katalon_Studio_Free_Windows_64-9.5.0\configuration\resources\lib\byte-buddy-agent-1.14.3.jar;C:\Users\Ali Asad\.katalon\packages\Katalon_Studio_Free_Windows_64-9.5.0\Katalon_Studio_Free_Windows_64-9.5.0\configuration\resources\lib\cglib-3.2.10.jar;C:\Users\Ali Asad\.katalon\packages\Katalon_Studio_Free_Windows_64-9.5.0\Katalon_Studio_Free_Windows_64-9.5.0\configuration\resources\lib\commons-codec-1.10.jar;C:\Users\Ali Asad\.katalon\packages\Katalon_Studio_Free_Windows_64-9.5.0\Katalon_Studio_Free_Windows_64-9.5.0\configuration\resources\lib\commons-collections4-4.1.jar;C:\Users\Ali Asad\.katalon\packages\Katalon_Studio_Free_Windows_64-9.5.0\Katalon_Studio_Free_Windows_64-9.5.0\configuration\resources\lib\commons-validator-1.6.jar;C:\Users\Ali Asad\.katalon\packages\Katalon_Studio_Free_Windows_64-9.5.0\Katalon_Studio_Free_Windows_64-9.5.0\configuration\resources\lib\curvesapi-1.04.jar;C:\Users\Ali Asad\.katalon\packages\Katalon_Studio_Free_Windows_64-9.5.0\Katalon_Studio_Free_Windows_64-9.5.0\configuration\resources\lib\dnsjava-2.1.8.jar;C:\Users\Ali Asad\.katalon\packages\Katalon_Studio_Free_Windows_64-9.5.0\Katalon_Studio_Free_Windows_64-9.5.0\configuration\resources\lib\groovy-ant-3.0.17.jar;C:\Users\Ali Asad\.katalon\packages\Katalon_Studio_Free_Windows_64-9.5.0\Katalon_Studio_Free_Windows_64-9.5.0\configuration\resources\lib\groovy-astbuilder-3.0.17.jar;C:\Users\Ali Asad\.katalon\packages\Katalon_Studio_Free_Windows_64-9.5.0\Katalon_Studio_Free_Windows_64-9.5.0\configuration\resources\lib\groovy-cli-picocli-3.0.17.jar;C:\Users\Ali Asad\.katalon\packages\Katalon_Studio_Free_Windows_64-9.5.0\Katalon_Studio_Free_Windows_64-9.5.0\configuration\resources\lib\groovy-console-3.0.17.jar;C:\Users\Ali Asad\.katalon\packages\Katalon_Studio_Free_Windows_64-9.5.0\Katalon_Studio_Free_Windows_64-9.5.0\configuration\resources\lib\groovy-datetime-3.0.17.jar;C:\Users\Ali Asad\.katalon\packages\Katalon_Studio_Free_Windows_64-9.5.0\Katalon_Studio_Free_Windows_64-9.5.0\configuration\resources\lib\groovy-dateutil-3.0.17.jar;C:\Users\Ali Asad\.katalon\packages\Katalon_Studio_Free_Windows_64-9.5.0\Katalon_Studio_Free_Windows_64-9.5.0\configuration\resources\lib\groovy-docgenerator-3.0.17.jar;C:\Users\Ali Asad\.katalon\packages\Katalon_Studio_Free_Windows_64-9.5.0\Katalon_Studio_Free_Windows_64-9.5.0\configuration\resources\lib\groovy-groovydoc-3.0.17.jar;C:\Users\Ali Asad\.katalon\packages\Katalon_Studio_Free_Windows_64-9.5.0\Katalon_Studio_Free_Windows_64-9.5.0\configuration\resources\lib\groovy-groovysh-3.0.17.jar;C:\Users\Ali Asad\.katalon\packages\Katalon_Studio_Free_Windows_64-9.5.0\Katalon_Studio_Free_Windows_64-9.5.0\configuration\resources\lib\groovy-jmx-3.0.17.jar;C:\Users\Ali Asad\.katalon\packages\Katalon_Studio_Free_Windows_64-9.5.0\Katalon_Studio_Free_Windows_64-9.5.0\configuration\resources\lib\groovy-json-3.0.17.jar;C:\Users\Ali Asad\.katalon\packages\Katalon_Studio_Free_Windows_64-9.5.0\Katalon_Studio_Free_Windows_64-9.5.0\configuration\resources\lib\groovy-jsr223-3.0.17.jar;C:\Users\Ali Asad\.katalon\packages\Katalon_Studio_Free_Windows_64-9.5.0\Katalon_Studio_Free_Windows_64-9.5.0\configuration\resources\lib\groovy-macro-3.0.17.jar;C:\Users\Ali Asad\.katalon\packages\Katalon_Studio_Free_Windows_64-9.5.0\Katalon_Studio_Free_Windows_64-9.5.0\configuration\resources\lib\groovy-nio-3.0.17.jar;C:\Users\Ali Asad\.katalon\packages\Katalon_Studio_Free_Windows_64-9.5.0\Katalon_Studio_Free_Windows_64-9.5.0\configuration\resources\lib\groovy-servlet-3.0.17.jar;C:\Users\Ali Asad\.katalon\packages\Katalon_Studio_Free_Windows_64-9.5.0\Katalon_Studio_Free_Windows_64-9.5.0\configuration\resources\lib\groovy-sql-3.0.17.jar;C:\Users\Ali Asad\.katalon\packages\Katalon_Studio_Free_Windows_64-9.5.0\Katalon_Studio_Free_Windows_64-9.5.0\configuration\resources\lib\groovy-swing-3.0.17.jar;C:\Users\Ali Asad\.katalon\packages\Katalon_Studio_Free_Windows_64-9.5.0\Katalon_Studio_Free_Windows_64-9.5.0\configuration\resources\lib\groovy-templates-3.0.17.jar;C:\Users\Ali Asad\.katalon\packages\Katalon_Studio_Free_Windows_64-9.5.0\Katalon_Studio_Free_Windows_64-9.5.0\configuration\resources\lib\groovy-test-3.0.17.jar;C:\Users\Ali Asad\.katalon\packages\Katalon_Studio_Free_Windows_64-9.5.0\Katalon_Studio_Free_Windows_64-9.5.0\configuration\resources\lib\groovy-test-junit5-3.0.17.jar;C:\Users\Ali Asad\.katalon\packages\Katalon_Studio_Free_Windows_64-9.5.0\Katalon_Studio_Free_Windows_64-9.5.0\configuration\resources\lib\groovy-testng-3.0.17.jar;C:\Users\Ali Asad\.katalon\packages\Katalon_Studio_Free_Windows_64-9.5.0\Katalon_Studio_Free_Windows_64-9.5.0\configuration\resources\lib\groovy-xml-3.0.17.jar;C:\Users\Ali Asad\.katalon\packages\Katalon_Studio_Free_Windows_64-9.5.0\Katalon_Studio_Free_Windows_64-9.5.0\configuration\resources\lib\java-client-7.0.0.jar;C:\Users\Ali Asad\.katalon\packages\Katalon_Studio_Free_Windows_64-9.5.0\Katalon_Studio_Free_Windows_64-9.5.0\configuration\resources\lib\javax.servlet-api_3.1.0.jar;C:\Users\Ali Asad\.katalon\packages\Katalon_Studio_Free_Windows_64-9.5.0\Katalon_Studio_Free_Windows_64-9.5.0\configuration\resources\lib\jna-5.12.1.jar;C:\Users\Ali Asad\.katalon\packages\Katalon_Studio_Free_Windows_64-9.5.0\Katalon_Studio_Free_Windows_64-9.5.0\configuration\resources\lib\jna-platform-5.12.1.jar;C:\Users\Ali Asad\.katalon\packages\Katalon_Studio_Free_Windows_64-9.5.0\Katalon_Studio_Free_Windows_64-9.5.0\configuration\resources\lib\jzlib-1.1.3.jar;C:\Users\Ali Asad\.katalon\packages\Katalon_Studio_Free_Windows_64-9.5.0\Katalon_Studio_Free_Windows_64-9.5.0\configuration\resources\lib\kat-server.jar;C:\Users\Ali Asad\.katalon\packages\Katalon_Studio_Free_Windows_64-9.5.0\Katalon_Studio_Free_Windows_64-9.5.0\configuration\resources\lib\littleproxy-1.1.0-beta-bmp-17.jar;C:\Users\Ali Asad\.katalon\packages\Katalon_Studio_Free_Windows_64-9.5.0\Katalon_Studio_Free_Windows_64-9.5.0\configuration\resources\lib\log4j-1.2-api-2.17.1.jar;C:\Users\Ali Asad\.katalon\packages\Katalon_Studio_Free_Windows_64-9.5.0\Katalon_Studio_Free_Windows_64-9.5.0\configuration\resources\lib\log4j-api-2.17.1.jar;C:\Users\Ali Asad\.katalon\packages\Katalon_Studio_Free_Windows_64-9.5.0\Katalon_Studio_Free_Windows_64-9.5.0\configuration\resources\lib\log4j-core-2.17.1.jar;C:\Users\Ali Asad\.katalon\packages\Katalon_Studio_Free_Windows_64-9.5.0\Katalon_Studio_Free_Windows_64-9.5.0\configuration\resources\lib\mitm-2.1.5.jar;C:\Users\Ali Asad\.katalon\packages\Katalon_Studio_Free_Windows_64-9.5.0\Katalon_Studio_Free_Windows_64-9.5.0\configuration\resources\lib\mockito-core-5.2.0.jar;C:\Users\Ali Asad\.katalon\packages\Katalon_Studio_Free_Windows_64-9.5.0\Katalon_Studio_Free_Windows_64-9.5.0\configuration\resources\lib\mockito-inline-5.2.0.jar;C:\Users\Ali Asad\.katalon\packages\Katalon_Studio_Free_Windows_64-9.5.0\Katalon_Studio_Free_Windows_64-9.5.0\configuration\resources\lib\netty-all-4.1.109.Final.jar;C:\Users\Ali Asad\.katalon\packages\Katalon_Studio_Free_Windows_64-9.5.0\Katalon_Studio_Free_Windows_64-9.5.0\configuration\resources\lib\objenesis-3.3.jar;C:\Users\Ali Asad\.katalon\packages\Katalon_Studio_Free_Windows_64-9.5.0\Katalon_Studio_Free_Windows_64-9.5.0\configuration\resources\lib\poi-3.17.jar;C:\Users\Ali Asad\.katalon\packages\Katalon_Studio_Free_Windows_64-9.5.0\Katalon_Studio_Free_Windows_64-9.5.0\configuration\resources\lib\poi-ooxml-3.17.jar;C:\Users\Ali Asad\.katalon\packages\Katalon_Studio_Free_Windows_64-9.5.0\Katalon_Studio_Free_Windows_64-9.5.0\configuration\resources\lib\poi-ooxml-schemas-3.17.jar;C:\Users\Ali Asad\.katalon\packages\Katalon_Studio_Free_Windows_64-9.5.0\Katalon_Studio_Free_Windows_64-9.5.0\configuration\resources\lib\proxy-vole-1.0.4-SNAPSHOT-jar-with-dependencies.jar;C:\Users\Ali Asad\.katalon\packages\Katalon_Studio_Free_Windows_64-9.5.0\Katalon_Studio_Free_Windows_64-9.5.0\configuration\resources\lib\repackaged-sikuli-api-1.0.2-standalone.jar;C:\Users\Ali Asad\.katalon\packages\Katalon_Studio_Free_Windows_64-9.5.0\Katalon_Studio_Free_Windows_64-9.5.0\configuration\resources\lib\selenium-leg-rc-3.141.59.jar;C:\Users\Ali Asad\.katalon\packages\Katalon_Studio_Free_Windows_64-9.5.0\Katalon_Studio_Free_Windows_64-9.5.0\configuration\resources\lib\selenium-server-standalone-3.141.59.jar;C:\Users\Ali Asad\.katalon\packages\Katalon_Studio_Free_Windows_64-9.5.0\Katalon_Studio_Free_Windows_64-9.5.0\configuration\resources\lib\selenium-shutterbug-1.1.jar;C:\Users\Ali Asad\.katalon\packages\Katalon_Studio_Free_Windows_64-9.5.0\Katalon_Studio_Free_Windows_64-9.5.0\configuration\resources\lib\slf4j-api-1.7.25.jar;C:\Users\Ali Asad\.katalon\packages\Katalon_Studio_Free_Windows_64-9.5.0\Katalon_Studio_Free_Windows_64-9.5.0\configuration\resources\lib\soap-builder-1.0.0.jar;C:\Users\Ali Asad\.katalon\packages\Katalon_Studio_Free_Windows_64-9.5.0\Katalon_Studio_Free_Windows_64-9.5.0\configuration\resources\lib\soap-common-1.0.0.jar;C:\Users\Ali Asad\.katalon\packages\Katalon_Studio_Free_Windows_64-9.5.0\Katalon_Studio_Free_Windows_64-9.5.0\configuration\resources\lib\soap-legacy-1.0.0.jar;C:\Users\Ali Asad\.katalon\packages\Katalon_Studio_Free_Windows_64-9.5.0\Katalon_Studio_Free_Windows_64-9.5.0\configuration\resources\lib\spring-context-5.3.19.jar;C:\Users\Ali Asad\.katalon\packages\Katalon_Studio_Free_Windows_64-9.5.0\Katalon_Studio_Free_Windows_64-9.5.0\configuration\resources\lib\stax2-api-4.0.0.jar;C:\Users\Ali Asad\.katalon\packages\Katalon_Studio_Free_Windows_64-9.5.0\Katalon_Studio_Free_Windows_64-9.5.0\configuration\resources\lib\su.jar;C:\Users\Ali Asad\.katalon\packages\Katalon_Studio_Free_Windows_64-9.5.0\Katalon_Studio_Free_Windows_64-9.5.0\configuration\resources\lib\testng-7.8.0.jar;C:\Users\Ali Asad\.katalon\packages\Katalon_Studio_Free_Windows_64-9.5.0\Katalon_Studio_Free_Windows_64-9.5.0\configuration\resources\lib\wadl.jar;C:\Users\Ali Asad\.katalon\packages\Katalon_Studio_Free_Windows_64-9.5.0\Katalon_Studio_Free_Windows_64-9.5.0\configuration\resources\lib\xmlbeans-3.1.0.jar;C:\Users\Ali Asad\.katalon\packages\Katalon_Studio_Free_Windows_64-9.5.0\Katalon_Studio_Free_Windows_64-9.5.0\plugins\net.sf.supercsv.super-csv_2.1.0.jar;C:\Users\Ali Asad\.katalon\packages\Katalon_Studio_Free_Windows_64-9.5.0\Katalon_Studio_Free_Windows_64-9.5.0\plugins\org.apache.commons.io_2.4.0.jar;C:\Users\Ali Asad\.katalon\packages\Katalon_Studio_Free_Windows_64-9.5.0\Katalon_Studio_Free_Windows_64-9.5.0\plugins\org.apache.commons.lang_2.6.0.jar;C:\Users\Ali Asad\.katalon\packages\Katalon_Studio_Free_Windows_64-9.5.0\Katalon_Studio_Free_Windows_64-9.5.0\plugins\com.google.gson_2.10.1.v20230109-0753.jar;C:\Users\Ali Asad\.katalon\packages\Katalon_Studio_Free_Windows_64-9.5.0\Katalon_Studio_Free_Windows_64-9.5.0\plugins\org.jsoup_1.14.3.jar;C:\Users\Ali Asad\.katalon\packages\Katalon_Studio_Free_Windows_64-9.5.0\Katalon_Studio_Free_Windows_64-9.5.0\plugins\org.apache.commons.dbutils_1.6.0.jar;C:\Users\Ali Asad\.katalon\packages\Katalon_Studio_Free_Windows_64-9.5.0\Katalon_Studio_Free_Windows_64-9.5.0\plugins\com.oracle.jdbc.ojdbc7_12.1.0.2.jar;C:\Users\Ali Asad\.katalon\packages\Katalon_Studio_Free_Windows_64-9.5.0\Katalon_Studio_Free_Windows_64-9.5.0\plugins\org.postgresql.jdbc_42.7.3.jar;c:\Users\Ali Asad\.katalon\packages\Katalon_Studio_Free_Windows_64-9.5.0\Katalon_Studio_Free_Windows_64-9.5.0\plugins\org.eclipse.osgi_3.18.300.v20230220-1352.jar;C:\Users\Ali Asad\.katalon\packages\Katalon_Studio_Free_Windows_64-9.5.0\Katalon_Studio_Free_Windows_64-9.5.0\plugins\com.kms.katalon.constant_1.0.0.202405291026.jar;C:\Users\Ali Asad\.katalon\packages\Katalon_Studio_Free_Windows_64-9.5.0\Katalon_Studio_Free_Windows_64-9.5.0\plugins\org.eclipse.persistence.eclipselink_2.7.11.jar;C:\Users\Ali Asad\.katalon\packages\Katalon_Studio_Free_Windows_64-9.5.0\Katalon_Studio_Free_Windows_64-9.5.0\plugins\com.kms.katalon.selenium-standalone_1.0.0.202405291026.jar;C:\Users\Ali Asad\.katalon\packages\Katalon_Studio_Free_Windows_64-9.5.0\Katalon_Studio_Free_Windows_64-9.5.0\plugins\atu.testrecorder.screen-recorder_2.1.0.jar;C:\Users\Ali Asad\.katalon\packages\Katalon_Studio_Free_Windows_64-9.5.0\Katalon_Studio_Free_Windows_64-9.5.0\plugins\com.google.guava_23.0.0.jar;C:\Users\Ali Asad\.katalon\packages\Katalon_Studio_Free_Windows_64-9.5.0\Katalon_Studio_Free_Windows_64-9.5.0\plugins\com.kms.katalon.util_1.0.0.202405291026.jar;C:\Users\Ali Asad\.katalon\packages\Katalon_Studio_Free_Windows_64-9.5.0\Katalon_Studio_Free_Windows_64-9.5.0\plugins\org.apache.httpcomponents.httpclient_4.5.14.v20221207-1049.jar;C:\Users\Ali Asad\.katalon\packages\Katalon_Studio_Free_Windows_64-9.5.0\Katalon_Studio_Free_Windows_64-9.5.0\plugins\org.apache.httpcomponents.httpcore_4.4.16.v20221207-1049.jar;C:\Users\Ali Asad\.katalon\packages\Katalon_Studio_Free_Windows_64-9.5.0\Katalon_Studio_Free_Windows_64-9.5.0\plugins\org.apache.httpcomponents.httpmime_4.5.13.jar;C:\Users\Ali Asad\.katalon\packages\Katalon_Studio_Free_Windows_64-9.5.0\Katalon_Studio_Free_Windows_64-9.5.0\plugins\org.apache.commons.lang3_3.14.0.jar;C:\Users\Ali Asad\.katalon\packages\Katalon_Studio_Free_Windows_64-9.5.0\Katalon_Studio_Free_Windows_64-9.5.0\plugins\org.greenrobot.eventbus_3.1.1.jar;C:\Users\Ali Asad\.katalon\packages\Katalon_Studio_Free_Windows_64-9.5.0\Katalon_Studio_Free_Windows_64-9.5.0\plugins\net.bytebuddy.byte-buddy_1.14.15.jar;C:\Users\Ali Asad\.katalon\packages\Katalon_Studio_Free_Windows_64-9.5.0\Katalon_Studio_Free_Windows_64-9.5.0\plugins\org.junit_4.13.2.v20211018-1956.jar;C:\Users\Ali Asad\.katalon\packages\Katalon_Studio_Free_Windows_64-9.5.0\Katalon_Studio_Free_Windows_64-9.5.0\plugins\com.fasterxml.jackson.core.jackson-databind_2.17.1.jar;C:\Users\Ali Asad\.katalon\packages\Katalon_Studio_Free_Windows_64-9.5.0\Katalon_Studio_Free_Windows_64-9.5.0\plugins\com.fasterxml.jackson.core.jackson-core_2.17.1.jar;C:\Users\Ali Asad\.katalon\packages\Katalon_Studio_Free_Windows_64-9.5.0\Katalon_Studio_Free_Windows_64-9.5.0\plugins\com.fasterxml.jackson.core.jackson-annotations_2.17.1.jar;C:\Users\Ali Asad\.katalon\packages\Katalon_Studio_Free_Windows_64-9.5.0\Katalon_Studio_Free_Windows_64-9.5.0\plugins\ch.qos.logback.classic_1.2.13.jar;C:\Users\Ali Asad\.katalon\packages\Katalon_Studio_Free_Windows_64-9.5.0\Katalon_Studio_Free_Windows_64-9.5.0\plugins\ch.qos.logback.core_1.2.13.jar;C:\Users\Ali Asad\.katalon\packages\Katalon_Studio_Free_Windows_64-9.5.0\Katalon_Studio_Free_Windows_64-9.5.0\plugins\slf4j.api_1.7.36.jar;C:\Users\Ali Asad\.katalon\packages\Katalon_Studio_Free_Windows_64-9.5.0\Katalon_Studio_Free_Windows_64-9.5.0\plugins\org.fusesource.jansi_1.17.1.jar;C:\Users\Ali Asad\.katalon\packages\Katalon_Studio_Free_Windows_64-9.5.0\Katalon_Studio_Free_Windows_64-9.5.0\plugins\com.kms.katalon.netlightbody_1.0.0.202405291026.jar;C:\Users\Ali Asad\.katalon\packages\Katalon_Studio_Free_Windows_64-9.5.0\Katalon_Studio_Free_Windows_64-9.5.0\plugins\com.kms.katalon.poi_1.0.0.202405291026.jar;C:\Users\Ali Asad\.katalon\packages\Katalon_Studio_Free_Windows_64-9.5.0\Katalon_Studio_Free_Windows_64-9.5.0\plugins\org.apache.commons.commons-text_1.10.0.jar;C:\Users\Ali Asad\.katalon\packages\Katalon_Studio_Free_Windows_64-9.5.0\Katalon_Studio_Free_Windows_64-9.5.0\plugins\com.kms.katalon.proxyvole_1.0.0.202405291026.jar;C:\Users\Ali Asad\.katalon\packages\Katalon_Studio_Free_Windows_64-9.5.0\Katalon_Studio_Free_Windows_64-9.5.0\plugins\com.microsoft.sqlserver.mssql-jdbc_6.2.2.jre8.jar;C:\Users\Ali Asad\.katalon\packages\Katalon_Studio_Free_Windows_64-9.5.0\Katalon_Studio_Free_Windows_64-9.5.0\plugins\com.github.kklisura.cdt.java-client_2.1.0.jar;C:\Users\Ali Asad\.katalon\packages\Katalon_Studio_Free_Windows_64-9.5.0\Katalon_Studio_Free_Windows_64-9.5.0\plugins\javax.websocket-api_1.1.0.jar;C:\Users\Ali Asad\.katalon\packages\Katalon_Studio_Free_Windows_64-9.5.0\Katalon_Studio_Free_Windows_64-9.5.0\plugins\org.glassfish.tyrus.container-grizzly-client_1.13.1.jar;C:\Users\Ali Asad\.katalon\packages\Katalon_Studio_Free_Windows_64-9.5.0\Katalon_Studio_Free_Windows_64-9.5.0\plugins\org.glassfish.grizzly.http-server_2.3.25.jar;C:\Users\Ali Asad\.katalon\packages\Katalon_Studio_Free_Windows_64-9.5.0\Katalon_Studio_Free_Windows_64-9.5.0\plugins\org.glassfish.grizzly.framework_2.3.25.jar;C:\Users\Ali Asad\.katalon\packages\Katalon_Studio_Free_Windows_64-9.5.0\Katalon_Studio_Free_Windows_64-9.5.0\plugins\org.glassfish.grizzly.http_2.3.25.jar;C:\Users\Ali Asad\.katalon\packages\Katalon_Studio_Free_Windows_64-9.5.0\Katalon_Studio_Free_Windows_64-9.5.0\plugins\org.glassfish.tyrus.client_1.13.1.jar;C:\Users\Ali Asad\.katalon\packages\Katalon_Studio_Free_Windows_64-9.5.0\Katalon_Studio_Free_Windows_64-9.5.0\plugins\org.glassfish.tyrus.core_1.13.1.jar;C:\Users\Ali Asad\.katalon\packages\Katalon_Studio_Free_Windows_64-9.5.0\Katalon_Studio_Free_Windows_64-9.5.0\plugins\org.glassfish.tyrus.spi_1.13.1.jar;C:\Users\Ali Asad\.katalon\packages\Katalon_Studio_Free_Windows_64-9.5.0\Katalon_Studio_Free_Windows_64-9.5.0\plugins\javassist_3.28.0.GA.jar;C:\Users\Ali Asad\.katalon\packages\Katalon_Studio_Free_Windows_64-9.5.0\Katalon_Studio_Free_Windows_64-9.5.0\plugins\graphql-java_17.5.0.jar;C:\Users\Ali Asad\.katalon\packages\Katalon_Studio_Free_Windows_64-9.5.0\Katalon_Studio_Free_Windows_64-9.5.0\plugins\org.glassfish.jaxb.runtime_2.3.6.jar;C:\Users\Ali Asad\.katalon\packages\Katalon_Studio_Free_Windows_64-9.5.0\Katalon_Studio_Free_Windows_64-9.5.0\plugins\org.glassfish.jaxb.txw2_2.3.6.jar;C:\Users\Ali Asad\.katalon\packages\Katalon_Studio_Free_Windows_64-9.5.0\Katalon_Studio_Free_Windows_64-9.5.0\plugins\org.dom4j_2.1.4.jar;C:\Users\Ali Asad\.katalon\packages\Katalon_Studio_Free_Windows_64-9.5.0\Katalon_Studio_Free_Windows_64-9.5.0\plugins\com.kms.katalon.groovy-extended_1.0.0.202405291026.jar;C:\Users\Ali Asad\.katalon\packages\Katalon_Studio_Free_Windows_64-9.5.0\Katalon_Studio_Free_Windows_64-9.5.0\plugins\com.sun.activation.javax.activation_1.2.0.jar;C:\Users\Ali Asad\.katalon\packages\Katalon_Studio_Free_Windows_64-9.5.0\Katalon_Studio_Free_Windows_64-9.5.0\plugins\jakarta.xml.bind-api_2.3.3.jar;C:\Users\Ali Asad\.katalon\packages\Katalon_Studio_Free_Windows_64-9.5.0\Katalon_Studio_Free_Windows_64-9.5.0\plugins\com.sun.xml.bind.jaxb-impl_2.3.6.jar;C:\Users\Ali Asad\.katalon\packages\Katalon_Studio_Free_Windows_64-9.5.0\Katalon_Studio_Free_Windows_64-9.5.0\plugins\org.eclipse.jface_3.29.0.v20230214-1401.jar;C:\Users\Ali Asad\.katalon\packages\Katalon_Studio_Free_Windows_64-9.5.0\Katalon_Studio_Free_Windows_64-9.5.0\plugins\com.kms.katalon.logging_1.0.0.202405291026.jar;C:\Users\Ali Asad\.katalon\packages\Katalon_Studio_Free_Windows_64-9.5.0\Katalon_Studio_Free_Windows_64-9.5.0\plugins\json_20240303.0.0.jar;C:\Users\Ali Asad\.katalon\packages\Katalon_Studio_Free_Windows_64-9.5.0\Katalon_Studio_Free_Windows_64-9.5.0\plugins\assertj-core_3.25.3.jar;C:\Users\Ali Asad\.katalon\packages\Katalon_Studio_Free_Windows_64-9.5.0\Katalon_Studio_Free_Windows_64-9.5.0\plugins\org.apache.commons.logging_1.2.0.v20180409-1502.jar;C:\Users\Ali Asad\.katalon\packages\Katalon_Studio_Free_Windows_64-9.5.0\Katalon_Studio_Free_Windows_64-9.5.0\plugins\org.hamcrest.core_1.3.0.v20180420-1519.jar;C:\Users\Ali Asad\.katalon\packages\Katalon_Studio_Free_Windows_64-9.5.0\Katalon_Studio_Free_Windows_64-9.5.0\plugins\org.beanshell.bsh_2.0.0.0b4.jar;C:\Users\Ali Asad\.katalon\packages\Katalon_Studio_Free_Windows_64-9.5.0\Katalon_Studio_Free_Windows_64-9.5.0\plugins\org.apache.ant.launcher_1.9.6.jar;C:\Users\Ali Asad\.katalon\packages\Katalon_Studio_Free_Windows_64-9.5.0\Katalon_Studio_Free_Windows_64-9.5.0\plugins\com.kms.katalon.core.appium_1.0.0.202405291026.jar;C:\Users\Ali Asad\.katalon\packages\Katalon_Studio_Free_Windows_64-9.5.0\Katalon_Studio_Free_Windows_64-9.5.0\plugins\com.kms.katalon.api_1.0.0.202405291026.jar;C:\Users\Ali Asad\.katalon\packages\Katalon_Studio_Free_Windows_64-9.5.0\Katalon_Studio_Free_Windows_64-9.5.0\plugins\org.eclipse.equinox.common_3.17.100.v20230202-1341.jar;C:\Users\Ali Asad\.katalon\packages\Katalon_Studio_Free_Windows_64-9.5.0\Katalon_Studio_Free_Windows_64-9.5.0\plugins\com.kms.katalon.testcloud.core_1.0.0.202405291026.jar;C:\Users\Ali Asad\.katalon\packages\Katalon_Studio_Free_Windows_64-9.5.0\Katalon_Studio_Free_Windows_64-9.5.0\plugins\org.eclipse.e4.core.di.annotations_1.7.200.v20220613-1008.jar;C:\Users\Ali Asad\.katalon\packages\Katalon_Studio_Free_Windows_64-9.5.0\Katalon_Studio_Free_Windows_64-9.5.0\plugins\org.eclipse.swt_3.123.0.v20230220-1431.jar;C:\Users\Ali Asad\.katalon\packages\Katalon_Studio_Free_Windows_64-9.5.0\Katalon_Studio_Free_Windows_64-9.5.0\plugins\com.kms.katalon.configuration.core_1.0.0.202405291026.jar;C:\Users\Ali Asad\.katalon\packages\Katalon_Studio_Free_Windows_64-9.5.0\Katalon_Studio_Free_Windows_64-9.5.0\plugins\org.semver4j_5.3.0.jar;C:\Users\Ali Asad\.katalon\packages\Katalon_Studio_Free_Windows_64-9.5.0\Katalon_Studio_Free_Windows_64-9.5.0\plugins\com.kms.katalon.core.webui_1.0.0.202405291026.jar;C:\Users\Ali Asad\.katalon\packages\Katalon_Studio_Free_Windows_64-9.5.0\Katalon_Studio_Free_Windows_64-9.5.0\plugins\org.eclipse.e4.core.contexts_1.11.0.v20220716-0839.jar;C:\Users\Ali Asad\.katalon\packages\Katalon_Studio_Free_Windows_64-9.5.0\Katalon_Studio_Free_Windows_64-9.5.0\plugins\org.eclipse.e4.core.services_2.3.400.v20220915-1347.jar;C:\Users\Ali Asad\.katalon\packages\Katalon_Studio_Free_Windows_64-9.5.0\Katalon_Studio_Free_Windows_64-9.5.0\plugins\com.kms.katalon.core.mobile_1.0.0.202405291026.jar;C:\Users\Ali Asad\.katalon\packages\Katalon_Studio_Free_Windows_64-9.5.0\Katalon_Studio_Free_Windows_64-9.5.0\plugins\org.apache.commons.commons-validator_1.7.0.jar;C:\Users\Ali Asad\.katalon\packages\Katalon_Studio_Free_Windows_64-9.5.0\Katalon_Studio_Free_Windows_64-9.5.0\plugins\com.kms.katalon.core.cucumber_1.0.0.202405291026.jar;C:\Users\Ali Asad\.katalon\packages\Katalon_Studio_Free_Windows_64-9.5.0\Katalon_Studio_Free_Windows_64-9.5.0\plugins\io.cucumber.core_3.0.3.jar;C:\Users\Ali Asad\.katalon\packages\Katalon_Studio_Free_Windows_64-9.5.0\Katalon_Studio_Free_Windows_64-9.5.0\plugins\io.cucumber.datatable_1.1.15.jar;C:\Users\Ali Asad\.katalon\packages\Katalon_Studio_Free_Windows_64-9.5.0\Katalon_Studio_Free_Windows_64-9.5.0\plugins\io.cucumber.datatable-dependencies_1.1.15.jar;C:\Users\Ali Asad\.katalon\packages\Katalon_Studio_Free_Windows_64-9.5.0\Katalon_Studio_Free_Windows_64-9.5.0\plugins\io.cucumber.expressions_5.0.19.jar;C:\Users\Ali Asad\.katalon\packages\Katalon_Studio_Free_Windows_64-9.5.0\Katalon_Studio_Free_Windows_64-9.5.0\plugins\io.cucumber.gherkin_5.0.0.jar;C:\Users\Ali Asad\.katalon\packages\Katalon_Studio_Free_Windows_64-9.5.0\Katalon_Studio_Free_Windows_64-9.5.0\plugins\io.cucumber.html_0.2.7.jar;C:\Users\Ali Asad\.katalon\packages\Katalon_Studio_Free_Windows_64-9.5.0\Katalon_Studio_Free_Windows_64-9.5.0\plugins\io.cucumber.java_3.0.3.jar;C:\Users\Ali Asad\.katalon\packages\Katalon_Studio_Free_Windows_64-9.5.0\Katalon_Studio_Free_Windows_64-9.5.0\plugins\io.cucumber.tag-expressions_1.1.1.jar;C:\Users\Ali Asad\.katalon\packages\Katalon_Studio_Free_Windows_64-9.5.0\Katalon_Studio_Free_Windows_64-9.5.0\plugins\io.cucumber.junit_3.0.3.jar;C:\Users\Ali Asad\.katalon\packages\Katalon_Studio_Free_Windows_64-9.5.0\Katalon_Studio_Free_Windows_64-9.5.0\plugins\com.kms.katalon.core.webservice_1.0.0.202405291026.jar;C:\Users\Ali Asad\.katalon\packages\Katalon_Studio_Free_Windows_64-9.5.0\Katalon_Studio_Free_Windows_64-9.5.0\plugins\wsdl4j_1.6.2.jar;C:\Users\Ali Asad\.katalon\packages\Katalon_Studio_Free_Windows_64-9.5.0\Katalon_Studio_Free_Windows_64-9.5.0\plugins\com.google.oauth-client.google-oauth-client_1.22.0.jar;C:\Users\Ali Asad\.katalon\packages\Katalon_Studio_Free_Windows_64-9.5.0\Katalon_Studio_Free_Windows_64-9.5.0\plugins\com.google.http-client.google-http-client_1.22.0.jar;C:\Users\Ali Asad\.katalon\packages\Katalon_Studio_Free_Windows_64-9.5.0\Katalon_Studio_Free_Windows_64-9.5.0\plugins\ca.juliusdavies.not-yet-commons-ssl_0.3.11.jar;C:\Users\Ali Asad\.katalon\packages\Katalon_Studio_Free_Windows_64-9.5.0\Katalon_Studio_Free_Windows_64-9.5.0\plugins\com.kms.katalon.preferences_1.0.0.202405291026.jar;C:\Users\Ali Asad\.katalon\packages\Katalon_Studio_Free_Windows_64-9.5.0\Katalon_Studio_Free_Windows_64-9.5.0\plugins\org.apache.xmlbeans_3.1.0.jar;C:\Users\Ali Asad\.katalon\packages\Katalon_Studio_Free_Windows_64-9.5.0\Katalon_Studio_Free_Windows_64-9.5.0\plugins\com.kms.katalon.entity_1.0.0.202405291026.jar;C:\Users\Ali Asad\.katalon\packages\Katalon_Studio_Free_Windows_64-9.5.0\Katalon_Studio_Free_Windows_64-9.5.0\plugins\org.antlr.antlr4-runtime_4.9.2.jar;C:\Users\Ali Asad\.katalon\packages\Katalon_Studio_Free_Windows_64-9.5.0\Katalon_Studio_Free_Windows_64-9.5.0\plugins\com.networknt.json-schema-validator_1.0.66.jar;C:\Users\Ali Asad\.katalon\packages\Katalon_Studio_Free_Windows_64-9.5.0\Katalon_Studio_Free_Windows_64-9.5.0\plugins\jakarta.xml.ws-api_2.3.3.jar;C:\Users\Ali Asad\.katalon\packages\Katalon_Studio_Free_Windows_64-9.5.0\Katalon_Studio_Free_Windows_64-9.5.0\plugins\javax.xml.soap-api_1.4.0.jar;C:\Users\Ali Asad\.katalon\packages\Katalon_Studio_Free_Windows_64-9.5.0\Katalon_Studio_Free_Windows_64-9.5.0\plugins\com.kms.katalon.core.windows_1.0.0.202405291026.jar;C:\Users\Ali Asad\.katalon\packages\Katalon_Studio_Free_Windows_64-9.5.0\Katalon_Studio_Free_Windows_64-9.5.0\plugins\com.kms.katalon.core.testng_1.0.0.202405291026.jar;C:\Users\Ali Asad\.katalon\packages\Katalon_Studio_Free_Windows_64-9.5.0\Katalon_Studio_Free_Windows_64-9.5.0\configuration\org.eclipse.osgi\28\0\.cp\resources\basic-report\katalon-studio-report-plugin.jar;C:\Users\Ali Asad\.katalon\packages\Katalon_Studio_Free_Windows_64-9.5.0\Katalon_Studio_Free_Windows_64-9.5.0\plugins\org.codehaus.groovy_3.0.17.v202303311542-e2303\lib\groovy-3.0.17-indy.jar;C:\Users\Ali Asad\.katalon\packages\Katalon_Studio_Free_Windows_64-9.5.0\Katalon_Studio_Free_Windows_64-9.5.0\plugins\org.codehaus.groovy_3.0.17.v202303311542-e2303\lib\ivy-2.5.1.jar --main groovy.ui.GroovyMain --encoding UTF-8 --indy C:\Users\Ali Asad\Katalon Studio\Data Plain - Android\Libs\TempTestCase1724156384557.groovy

Host: Intel(R) Core(TM) i5-3230M CPU @ 2.60GHz, 4 cores, 11G,  Windows 10 , 64 bit Build 19041 (10.0.19041.4597)
Time: Tue Aug 20 17:19:48 2024 Pakistan Standard Time elapsed time: 3.536674 seconds (0d 0h 0m 3s)

---------------  T H R E A D  ---------------

Current thread (0x000002ab9f6d34d0):  JavaThread "C2 CompilerThread1" daemon [_thread_in_native, id=18156, stack(0x000000af20500000,0x000000af20600000)]


Current CompileTask:
C2:   3536 1132   !   4       jdk.internal.loader.URLClassPath$JarLoader::ensureOpen (36 bytes)

Stack: [0x000000af20500000,0x000000af20600000]
Native frames: (J=compiled Java code, j=interpreted, Vv=VM code, C=native code)
V  [jvm.dll+0x67754a]
V  [jvm.dll+0x834304]
V  [jvm.dll+0x835aae]
V  [jvm.dll+0x836113]
V  [jvm.dll+0x24696f]
V  [jvm.dll+0xac0ac]
V  [jvm.dll+0xac67c]
V  [jvm.dll+0x364e37]
V  [jvm.dll+0x1bca82]
V  [jvm.dll+0x219799]
V  [jvm.dll+0x218a61]
V  [jvm.dll+0x1a4d8d]
V  [jvm.dll+0x2284da]
V  [jvm.dll+0x226615]
V  [jvm.dll+0x7ea90b]
V  [jvm.dll+0x7e4e7a]
V  [jvm.dll+0x676395]
C  [ucrtbase.dll+0x21bb2]
C  [KERNEL32.DLL+0x17374]
C  [ntdll.dll+0x4cc91]


---------------  P R O C E S S  ---------------

Threads class SMR info:
_java_thread_list=0x000002ab9f652fa0, length=13, elements={
0x000002abffadf820, 0x000002ab9a7923e0, 0x000002ab9a793e00, 0x000002ab9a7ae030,
0x000002ab9a7ae8f0, 0x000002ab9a7bd4b0, 0x000002ab9a7bdd70, 0x000002ab9a7be960,
0x000002ab9a82c0d0, 0x000002ab9a82ed90, 0x000002ab9aad13b0, 0x000002ab9f6d34d0,
0x000002ab9fa30890
}

Java Threads: ( => current thread )
  0x000002abffadf820 JavaThread "main" [_thread_in_vm, id=17376, stack(0x000000af1f000000,0x000000af1f100000)]
  0x000002ab9a7923e0 JavaThread "Reference Handler" daemon [_thread_blocked, id=10468, stack(0x000000af1f800000,0x000000af1f900000)]
  0x000002ab9a793e00 JavaThread "Finalizer" daemon [_thread_blocked, id=16492, stack(0x000000af1f900000,0x000000af1fa00000)]
  0x000002ab9a7ae030 JavaThread "Signal Dispatcher" daemon [_thread_blocked, id=9248, stack(0x000000af1fa00000,0x000000af1fb00000)]
  0x000002ab9a7ae8f0 JavaThread "Attach Listener" daemon [_thread_blocked, id=12232, stack(0x000000af1fb00000,0x000000af1fc00000)]
  0x000002ab9a7bd4b0 JavaThread "Service Thread" daemon [_thread_blocked, id=8808, stack(0x000000af1fc00000,0x000000af1fd00000)]
  0x000002ab9a7bdd70 JavaThread "Monitor Deflation Thread" daemon [_thread_blocked, id=2296, stack(0x000000af1fd00000,0x000000af1fe00000)]
  0x000002ab9a7be960 JavaThread "C2 CompilerThread0" daemon [_thread_in_native, id=14680, stack(0x000000af1fe00000,0x000000af1ff00000)]
  0x000002ab9a82c0d0 JavaThread "C1 CompilerThread0" daemon [_thread_blocked, id=3904, stack(0x000000af1ff00000,0x000000af20000000)]
  0x000002ab9a82ed90 JavaThread "Sweeper thread" daemon [_thread_blocked, id=10756, stack(0x000000af20000000,0x000000af20100000)]
  0x000002ab9aad13b0 JavaThread "Common-Cleaner" daemon [_thread_blocked, id=2360, stack(0x000000af20100000,0x000000af20200000)]
=>0x000002ab9f6d34d0 JavaThread "C2 CompilerThread1" daemon [_thread_in_native, id=18156, stack(0x000000af20500000,0x000000af20600000)]
  0x000002ab9fa30890 JavaThread "Notification Thread" daemon [_thread_blocked, id=9640, stack(0x000000af20600000,0x000000af20700000)]

Other Threads:
  0x000002ab9a770d50 VMThread "VM Thread" [stack: 0x000000af1f700000,0x000000af1f800000] [id=11620]
  0x000002abffae0480 WatcherThread [stack: 0x000000af20700000,0x000000af20800000] [id=10428]
  0x000002abffb3e0e0 GCTaskThread "GC Thread#0" [stack: 0x000000af1f200000,0x000000af1f300000] [id=15956]
  0x000002ab9f38a9b0 GCTaskThread "GC Thread#1" [stack: 0x000000af20200000,0x000000af20300000] [id=6492]
  0x000002ab9f0c4960 GCTaskThread "GC Thread#2" [stack: 0x000000af20300000,0x000000af20400000] [id=3444]
  0x000002ab9f468700 GCTaskThread "GC Thread#3" [stack: 0x000000af20400000,0x000000af20500000] [id=7692]
  0x000002abffb4ef30 ConcurrentGCThread "G1 Main Marker" [stack: 0x000000af1f300000,0x000000af1f400000] [id=1404]
  0x000002abffb4f850 ConcurrentGCThread "G1 Conc#0" [stack: 0x000000af1f400000,0x000000af1f500000] [id=17216]
  0x000002ab9a5c0c90 ConcurrentGCThread "G1 Refine#0" [stack: 0x000000af1f500000,0x000000af1f600000] [id=15552]
  0x000002ab9a5c15c0 ConcurrentGCThread "G1 Service" [stack: 0x000000af1f600000,0x000000af1f700000] [id=18312]

Threads with active compile tasks:
C2 CompilerThread0     3576  735   !   4       java.util.jar.JarFile::checkForSpecialAttributes (163 bytes)
C2 CompilerThread1     3576 1132   !   4       jdk.internal.loader.URLClassPath$JarLoader::ensureOpen (36 bytes)

VM state: not at safepoint (normal execution)

VM Mutex/Monitor currently owned by a thread: None

Heap address: 0x0000000080000000, size: 2048 MB, Compressed Oops mode: 32-bit

CDS archive(s) not mapped
Compressed class space mapped at: 0x0000000100000000-0x0000000140000000, reserved size: 1073741824
Narrow klass base: 0x0000000000000000, Narrow klass shift: 3, Narrow klass range: 0x140000000

GC Precious Log:
 CPUs: 4 total, 4 available
 Memory: 12180M
 Large Page Support: Disabled
 NUMA Support: Disabled
 Compressed Oops: Enabled (32-bit)
 Heap Region Size: 1M
 Heap Min Capacity: 8M
 Heap Initial Capacity: 192M
 Heap Max Capacity: 2G
 Pre-touch: Disabled
 Parallel Workers: 4
 Concurrent Workers: 1
 Concurrent Refinement Workers: 4
 Periodic GC: Disabled

Heap:
 garbage-first heap   total 196608K, used 31960K [0x0000000080000000, 0x0000000100000000)
  region size 1024K, 19 young (19456K), 2 survivors (2048K)
 Metaspace       used 12887K, committed 13120K, reserved 1114112K
  class space    used 1149K, committed 1280K, reserved 1048576K

Heap Regions: E=young(eden), S=young(survivor), O=old, HS=humongous(starts), HC=humongous(continues), CS=collection set, F=free, OA=open archive, CA=closed archive, TAMS=top-at-mark-start (previous, next)
|   0|0x0000000080000000, 0x0000000080100000, 0x0000000080100000|100%|HS|  |TAMS 0x0000000080000000, 0x0000000080000000| Complete 
|   1|0x0000000080100000, 0x0000000080200000, 0x0000000080200000|100%|HS|  |TAMS 0x0000000080100000, 0x0000000080100000| Complete 
|   2|0x0000000080200000, 0x0000000080300000, 0x0000000080300000|100%| O|  |TAMS 0x0000000080200000, 0x0000000080200000| Untracked 
|   3|0x0000000080300000, 0x0000000080400000, 0x0000000080400000|100%| O|  |TAMS 0x0000000080300000, 0x0000000080300000| Untracked 
|   4|0x0000000080400000, 0x0000000080500000, 0x0000000080500000|100%| O|  |TAMS 0x0000000080400000, 0x0000000080400000| Untracked 
|   5|0x0000000080500000, 0x0000000080600000, 0x0000000080600000|100%| O|  |TAMS 0x0000000080500000, 0x0000000080500000| Untracked 
|   6|0x0000000080600000, 0x0000000080700000, 0x0000000080700000|100%| O|  |TAMS 0x0000000080600000, 0x0000000080600000| Untracked 
|   7|0x0000000080700000, 0x0000000080800000, 0x0000000080800000|100%| O|  |TAMS 0x0000000080700000, 0x0000000080700000| Untracked 
|   8|0x0000000080800000, 0x0000000080900000, 0x0000000080900000|100%| O|  |TAMS 0x0000000080800000, 0x0000000080800000| Untracked 
|   9|0x0000000080900000, 0x0000000080a00000, 0x0000000080a00000|100%|HS|  |TAMS 0x0000000080900000, 0x0000000080900000| Complete 
|  10|0x0000000080a00000, 0x0000000080b00000, 0x0000000080b00000|100%| O|  |TAMS 0x0000000080a00000, 0x0000000080a00000| Untracked 
|  11|0x0000000080b00000, 0x0000000080c00000, 0x0000000080c00000|100%| O|  |TAMS 0x0000000080b00000, 0x0000000080b00000| Untracked 
|  12|0x0000000080c00000, 0x0000000080d00000, 0x0000000080d00000|100%| O|  |TAMS 0x0000000080c00000, 0x0000000080c00000| Untracked 
|  13|0x0000000080d00000, 0x0000000080df4c00, 0x0000000080e00000| 95%| O|  |TAMS 0x0000000080d00000, 0x0000000080d00000| Untracked 
|  14|0x0000000080e00000, 0x0000000080e00000, 0x0000000080f00000|  0%| F|  |TAMS 0x0000000080e00000, 0x0000000080e00000| Untracked 
|  15|0x0000000080f00000, 0x0000000080f00000, 0x0000000081000000|  0%| F|  |TAMS 0x0000000080f00000, 0x0000000080f00000| Untracked 
|  16|0x0000000081000000, 0x0000000081000000, 0x0000000081100000|  0%| F|  |TAMS 0x0000000081000000, 0x0000000081000000| Untracked 
|  17|0x0000000081100000, 0x0000000081100000, 0x0000000081200000|  0%| F|  |TAMS 0x0000000081100000, 0x0000000081100000| Untracked 
|  18|0x0000000081200000, 0x0000000081200000, 0x0000000081300000|  0%| F|  |TAMS 0x0000000081200000, 0x0000000081200000| Untracked 
|  19|0x0000000081300000, 0x0000000081300000, 0x0000000081400000|  0%| F|  |TAMS 0x0000000081300000, 0x0000000081300000| Untracked 
|  20|0x0000000081400000, 0x0000000081400000, 0x0000000081500000|  0%| F|  |TAMS 0x0000000081400000, 0x0000000081400000| Untracked 
|  21|0x0000000081500000, 0x0000000081500000, 0x0000000081600000|  0%| F|  |TAMS 0x0000000081500000, 0x0000000081500000| Untracked 
|  22|0x0000000081600000, 0x0000000081600000, 0x0000000081700000|  0%| F|  |TAMS 0x0000000081600000, 0x0000000081600000| Untracked 
|  23|0x0000000081700000, 0x0000000081700000, 0x0000000081800000|  0%| F|  |TAMS 0x0000000081700000, 0x0000000081700000| Untracked 
|  24|0x0000000081800000, 0x0000000081800000, 0x0000000081900000|  0%| F|  |TAMS 0x0000000081800000, 0x0000000081800000| Untracked 
|  25|0x0000000081900000, 0x0000000081900000, 0x0000000081a00000|  0%| F|  |TAMS 0x0000000081900000, 0x0000000081900000| Untracked 
|  26|0x0000000081a00000, 0x0000000081a00000, 0x0000000081b00000|  0%| F|  |TAMS 0x0000000081a00000, 0x0000000081a00000| Untracked 
|  27|0x0000000081b00000, 0x0000000081b00000, 0x0000000081c00000|  0%| F|  |TAMS 0x0000000081b00000, 0x0000000081b00000| Untracked 
|  28|0x0000000081c00000, 0x0000000081c00000, 0x0000000081d00000|  0%| F|  |TAMS 0x0000000081c00000, 0x0000000081c00000| Untracked 
|  29|0x0000000081d00000, 0x0000000081d00000, 0x0000000081e00000|  0%| F|  |TAMS 0x0000000081d00000, 0x0000000081d00000| Untracked 
|  30|0x0000000081e00000, 0x0000000081e00000, 0x0000000081f00000|  0%| F|  |TAMS 0x0000000081e00000, 0x0000000081e00000| Untracked 
|  31|0x0000000081f00000, 0x0000000081f00000, 0x0000000082000000|  0%| F|  |TAMS 0x0000000081f00000, 0x0000000081f00000| Untracked 
|  32|0x0000000082000000, 0x0000000082000000, 0x0000000082100000|  0%| F|  |TAMS 0x0000000082000000, 0x0000000082000000| Untracked 
|  33|0x0000000082100000, 0x0000000082100000, 0x0000000082200000|  0%| F|  |TAMS 0x0000000082100000, 0x0000000082100000| Untracked 
|  34|0x0000000082200000, 0x0000000082200000, 0x0000000082300000|  0%| F|  |TAMS 0x0000000082200000, 0x0000000082200000| Untracked 
|  35|0x0000000082300000, 0x0000000082300000, 0x0000000082400000|  0%| F|  |TAMS 0x0000000082300000, 0x0000000082300000| Untracked 
|  36|0x0000000082400000, 0x0000000082400000, 0x0000000082500000|  0%| F|  |TAMS 0x0000000082400000, 0x0000000082400000| Untracked 
|  37|0x0000000082500000, 0x0000000082500000, 0x0000000082600000|  0%| F|  |TAMS 0x0000000082500000, 0x0000000082500000| Untracked 
|  38|0x0000000082600000, 0x0000000082600000, 0x0000000082700000|  0%| F|  |TAMS 0x0000000082600000, 0x0000000082600000| Untracked 
|  39|0x0000000082700000, 0x0000000082700000, 0x0000000082800000|  0%| F|  |TAMS 0x0000000082700000, 0x0000000082700000| Untracked 
|  40|0x0000000082800000, 0x0000000082800000, 0x0000000082900000|  0%| F|  |TAMS 0x0000000082800000, 0x0000000082800000| Untracked 
|  41|0x0000000082900000, 0x0000000082900000, 0x0000000082a00000|  0%| F|  |TAMS 0x0000000082900000, 0x0000000082900000| Untracked 
|  42|0x0000000082a00000, 0x0000000082a00000, 0x0000000082b00000|  0%| F|  |TAMS 0x0000000082a00000, 0x0000000082a00000| Untracked 
|  43|0x0000000082b00000, 0x0000000082b00000, 0x0000000082c00000|  0%| F|  |TAMS 0x0000000082b00000, 0x0000000082b00000| Untracked 
|  44|0x0000000082c00000, 0x0000000082c00000, 0x0000000082d00000|  0%| F|  |TAMS 0x0000000082c00000, 0x0000000082c00000| Untracked 
|  45|0x0000000082d00000, 0x0000000082d00000, 0x0000000082e00000|  0%| F|  |TAMS 0x0000000082d00000, 0x0000000082d00000| Untracked 
|  46|0x0000000082e00000, 0x0000000082e00000, 0x0000000082f00000|  0%| F|  |TAMS 0x0000000082e00000, 0x0000000082e00000| Untracked 
|  47|0x0000000082f00000, 0x0000000082f00000, 0x0000000083000000|  0%| F|  |TAMS 0x0000000082f00000, 0x0000000082f00000| Untracked 
|  48|0x0000000083000000, 0x0000000083000000, 0x0000000083100000|  0%| F|  |TAMS 0x0000000083000000, 0x0000000083000000| Untracked 
|  49|0x0000000083100000, 0x0000000083100000, 0x0000000083200000|  0%| F|  |TAMS 0x0000000083100000, 0x0000000083100000| Untracked 
|  50|0x0000000083200000, 0x0000000083200000, 0x0000000083300000|  0%| F|  |TAMS 0x0000000083200000, 0x0000000083200000| Untracked 
|  51|0x0000000083300000, 0x0000000083300000, 0x0000000083400000|  0%| F|  |TAMS 0x0000000083300000, 0x0000000083300000| Untracked 
|  52|0x0000000083400000, 0x0000000083400000, 0x0000000083500000|  0%| F|  |TAMS 0x0000000083400000, 0x0000000083400000| Untracked 
|  53|0x0000000083500000, 0x0000000083500000, 0x0000000083600000|  0%| F|  |TAMS 0x0000000083500000, 0x0000000083500000| Untracked 
|  54|0x0000000083600000, 0x0000000083600000, 0x0000000083700000|  0%| F|  |TAMS 0x0000000083600000, 0x0000000083600000| Untracked 
|  55|0x0000000083700000, 0x0000000083700000, 0x0000000083800000|  0%| F|  |TAMS 0x0000000083700000, 0x0000000083700000| Untracked 
|  56|0x0000000083800000, 0x0000000083800000, 0x0000000083900000|  0%| F|  |TAMS 0x0000000083800000, 0x0000000083800000| Untracked 
|  57|0x0000000083900000, 0x0000000083900000, 0x0000000083a00000|  0%| F|  |TAMS 0x0000000083900000, 0x0000000083900000| Untracked 
|  58|0x0000000083a00000, 0x0000000083a00000, 0x0000000083b00000|  0%| F|  |TAMS 0x0000000083a00000, 0x0000000083a00000| Untracked 
|  59|0x0000000083b00000, 0x0000000083b00000, 0x0000000083c00000|  0%| F|  |TAMS 0x0000000083b00000, 0x0000000083b00000| Untracked 
|  60|0x0000000083c00000, 0x0000000083c00000, 0x0000000083d00000|  0%| F|  |TAMS 0x0000000083c00000, 0x0000000083c00000| Untracked 
|  61|0x0000000083d00000, 0x0000000083d00000, 0x0000000083e00000|  0%| F|  |TAMS 0x0000000083d00000, 0x0000000083d00000| Untracked 
|  62|0x0000000083e00000, 0x0000000083e00000, 0x0000000083f00000|  0%| F|  |TAMS 0x0000000083e00000, 0x0000000083e00000| Untracked 
|  63|0x0000000083f00000, 0x0000000083f00000, 0x0000000084000000|  0%| F|  |TAMS 0x0000000083f00000, 0x0000000083f00000| Untracked 
|  64|0x0000000084000000, 0x0000000084000000, 0x0000000084100000|  0%| F|  |TAMS 0x0000000084000000, 0x0000000084000000| Untracked 
|  65|0x0000000084100000, 0x0000000084100000, 0x0000000084200000|  0%| F|  |TAMS 0x0000000084100000, 0x0000000084100000| Untracked 
|  66|0x0000000084200000, 0x0000000084200000, 0x0000000084300000|  0%| F|  |TAMS 0x0000000084200000, 0x0000000084200000| Untracked 
|  67|0x0000000084300000, 0x0000000084300000, 0x0000000084400000|  0%| F|  |TAMS 0x0000000084300000, 0x0000000084300000| Untracked 
|  68|0x0000000084400000, 0x0000000084400000, 0x0000000084500000|  0%| F|  |TAMS 0x0000000084400000, 0x0000000084400000| Untracked 
|  69|0x0000000084500000, 0x0000000084500000, 0x0000000084600000|  0%| F|  |TAMS 0x0000000084500000, 0x0000000084500000| Untracked 
|  70|0x0000000084600000, 0x0000000084600000, 0x0000000084700000|  0%| F|  |TAMS 0x0000000084600000, 0x0000000084600000| Untracked 
|  71|0x0000000084700000, 0x0000000084700000, 0x0000000084800000|  0%| F|  |TAMS 0x0000000084700000, 0x0000000084700000| Untracked 
|  72|0x0000000084800000, 0x0000000084800000, 0x0000000084900000|  0%| F|  |TAMS 0x0000000084800000, 0x0000000084800000| Untracked 
|  73|0x0000000084900000, 0x0000000084900000, 0x0000000084a00000|  0%| F|  |TAMS 0x0000000084900000, 0x0000000084900000| Untracked 
|  74|0x0000000084a00000, 0x0000000084a00000, 0x0000000084b00000|  0%| F|  |TAMS 0x0000000084a00000, 0x0000000084a00000| Untracked 
|  75|0x0000000084b00000, 0x0000000084b00000, 0x0000000084c00000|  0%| F|  |TAMS 0x0000000084b00000, 0x0000000084b00000| Untracked 
|  76|0x0000000084c00000, 0x0000000084c00000, 0x0000000084d00000|  0%| F|  |TAMS 0x0000000084c00000, 0x0000000084c00000| Untracked 
|  77|0x0000000084d00000, 0x0000000084d00000, 0x0000000084e00000|  0%| F|  |TAMS 0x0000000084d00000, 0x0000000084d00000| Untracked 
|  78|0x0000000084e00000, 0x0000000084e00000, 0x0000000084f00000|  0%| F|  |TAMS 0x0000000084e00000, 0x0000000084e00000| Untracked 
|  79|0x0000000084f00000, 0x0000000084f00000, 0x0000000085000000|  0%| F|  |TAMS 0x0000000084f00000, 0x0000000084f00000| Untracked 
|  80|0x0000000085000000, 0x0000000085000000, 0x0000000085100000|  0%| F|  |TAMS 0x0000000085000000, 0x0000000085000000| Untracked 
|  81|0x0000000085100000, 0x0000000085100000, 0x0000000085200000|  0%| F|  |TAMS 0x0000000085100000, 0x0000000085100000| Untracked 
|  82|0x0000000085200000, 0x0000000085200000, 0x0000000085300000|  0%| F|  |TAMS 0x0000000085200000, 0x0000000085200000| Untracked 
|  83|0x0000000085300000, 0x0000000085300000, 0x0000000085400000|  0%| F|  |TAMS 0x0000000085300000, 0x0000000085300000| Untracked 
|  84|0x0000000085400000, 0x0000000085400000, 0x0000000085500000|  0%| F|  |TAMS 0x0000000085400000, 0x0000000085400000| Untracked 
|  85|0x0000000085500000, 0x0000000085500000, 0x0000000085600000|  0%| F|  |TAMS 0x0000000085500000, 0x0000000085500000| Untracked 
|  86|0x0000000085600000, 0x0000000085600000, 0x0000000085700000|  0%| F|  |TAMS 0x0000000085600000, 0x0000000085600000| Untracked 
|  87|0x0000000085700000, 0x0000000085700000, 0x0000000085800000|  0%| F|  |TAMS 0x0000000085700000, 0x0000000085700000| Untracked 
|  88|0x0000000085800000, 0x0000000085800000, 0x0000000085900000|  0%| F|  |TAMS 0x0000000085800000, 0x0000000085800000| Untracked 
|  89|0x0000000085900000, 0x0000000085900000, 0x0000000085a00000|  0%| F|  |TAMS 0x0000000085900000, 0x0000000085900000| Untracked 
|  90|0x0000000085a00000, 0x0000000085a00000, 0x0000000085b00000|  0%| F|  |TAMS 0x0000000085a00000, 0x0000000085a00000| Untracked 
|  91|0x0000000085b00000, 0x0000000085b00000, 0x0000000085c00000|  0%| F|  |TAMS 0x0000000085b00000, 0x0000000085b00000| Untracked 
|  92|0x0000000085c00000, 0x0000000085c00000, 0x0000000085d00000|  0%| F|  |TAMS 0x0000000085c00000, 0x0000000085c00000| Untracked 
|  93|0x0000000085d00000, 0x0000000085d00000, 0x0000000085e00000|  0%| F|  |TAMS 0x0000000085d00000, 0x0000000085d00000| Untracked 
|  94|0x0000000085e00000, 0x0000000085e00000, 0x0000000085f00000|  0%| F|  |TAMS 0x0000000085e00000, 0x0000000085e00000| Untracked 
|  95|0x0000000085f00000, 0x0000000085f00000, 0x0000000086000000|  0%| F|  |TAMS 0x0000000085f00000, 0x0000000085f00000| Untracked 
|  96|0x0000000086000000, 0x0000000086000000, 0x0000000086100000|  0%| F|  |TAMS 0x0000000086000000, 0x0000000086000000| Untracked 
|  97|0x0000000086100000, 0x0000000086100000, 0x0000000086200000|  0%| F|  |TAMS 0x0000000086100000, 0x0000000086100000| Untracked 
|  98|0x0000000086200000, 0x0000000086200000, 0x0000000086300000|  0%| F|  |TAMS 0x0000000086200000, 0x0000000086200000| Untracked 
|  99|0x0000000086300000, 0x0000000086300000, 0x0000000086400000|  0%| F|  |TAMS 0x0000000086300000, 0x0000000086300000| Untracked 
| 100|0x0000000086400000, 0x0000000086400000, 0x0000000086500000|  0%| F|  |TAMS 0x0000000086400000, 0x0000000086400000| Untracked 
| 101|0x0000000086500000, 0x0000000086500000, 0x0000000086600000|  0%| F|  |TAMS 0x0000000086500000, 0x0000000086500000| Untracked 
| 102|0x0000000086600000, 0x0000000086600000, 0x0000000086700000|  0%| F|  |TAMS 0x0000000086600000, 0x0000000086600000| Untracked 
| 103|0x0000000086700000, 0x0000000086700000, 0x0000000086800000|  0%| F|  |TAMS 0x0000000086700000, 0x0000000086700000| Untracked 
| 104|0x0000000086800000, 0x0000000086800000, 0x0000000086900000|  0%| F|  |TAMS 0x0000000086800000, 0x0000000086800000| Untracked 
| 105|0x0000000086900000, 0x0000000086900000, 0x0000000086a00000|  0%| F|  |TAMS 0x0000000086900000, 0x0000000086900000| Untracked 
| 106|0x0000000086a00000, 0x0000000086a00000, 0x0000000086b00000|  0%| F|  |TAMS 0x0000000086a00000, 0x0000000086a00000| Untracked 
| 107|0x0000000086b00000, 0x0000000086b00000, 0x0000000086c00000|  0%| F|  |TAMS 0x0000000086b00000, 0x0000000086b00000| Untracked 
| 108|0x0000000086c00000, 0x0000000086c00000, 0x0000000086d00000|  0%| F|  |TAMS 0x0000000086c00000, 0x0000000086c00000| Untracked 
| 109|0x0000000086d00000, 0x0000000086d00000, 0x0000000086e00000|  0%| F|  |TAMS 0x0000000086d00000, 0x0000000086d00000| Untracked 
| 110|0x0000000086e00000, 0x0000000086e00000, 0x0000000086f00000|  0%| F|  |TAMS 0x0000000086e00000, 0x0000000086e00000| Untracked 
| 111|0x0000000086f00000, 0x0000000086f00000, 0x0000000087000000|  0%| F|  |TAMS 0x0000000086f00000, 0x0000000086f00000| Untracked 
| 112|0x0000000087000000, 0x0000000087000000, 0x0000000087100000|  0%| F|  |TAMS 0x0000000087000000, 0x0000000087000000| Untracked 
| 113|0x0000000087100000, 0x0000000087100000, 0x0000000087200000|  0%| F|  |TAMS 0x0000000087100000, 0x0000000087100000| Untracked 
| 114|0x0000000087200000, 0x0000000087200000, 0x0000000087300000|  0%| F|  |TAMS 0x0000000087200000, 0x0000000087200000| Untracked 
| 115|0x0000000087300000, 0x0000000087300000, 0x0000000087400000|  0%| F|  |TAMS 0x0000000087300000, 0x0000000087300000| Untracked 
| 116|0x0000000087400000, 0x0000000087400000, 0x0000000087500000|  0%| F|  |TAMS 0x0000000087400000, 0x0000000087400000| Untracked 
| 117|0x0000000087500000, 0x0000000087500000, 0x0000000087600000|  0%| F|  |TAMS 0x0000000087500000, 0x0000000087500000| Untracked 
| 118|0x0000000087600000, 0x0000000087600000, 0x0000000087700000|  0%| F|  |TAMS 0x0000000087600000, 0x0000000087600000| Untracked 
| 119|0x0000000087700000, 0x0000000087700000, 0x0000000087800000|  0%| F|  |TAMS 0x0000000087700000, 0x0000000087700000| Untracked 
| 120|0x0000000087800000, 0x0000000087800000, 0x0000000087900000|  0%| F|  |TAMS 0x0000000087800000, 0x0000000087800000| Untracked 
| 121|0x0000000087900000, 0x0000000087900000, 0x0000000087a00000|  0%| F|  |TAMS 0x0000000087900000, 0x0000000087900000| Untracked 
| 122|0x0000000087a00000, 0x0000000087a00000, 0x0000000087b00000|  0%| F|  |TAMS 0x0000000087a00000, 0x0000000087a00000| Untracked 
| 123|0x0000000087b00000, 0x0000000087b00000, 0x0000000087c00000|  0%| F|  |TAMS 0x0000000087b00000, 0x0000000087b00000| Untracked 
| 124|0x0000000087c00000, 0x0000000087c00000, 0x0000000087d00000|  0%| F|  |TAMS 0x0000000087c00000, 0x0000000087c00000| Untracked 
| 125|0x0000000087d00000, 0x0000000087d00000, 0x0000000087e00000|  0%| F|  |TAMS 0x0000000087d00000, 0x0000000087d00000| Untracked 
| 126|0x0000000087e00000, 0x0000000087e00000, 0x0000000087f00000|  0%| F|  |TAMS 0x0000000087e00000, 0x0000000087e00000| Untracked 
| 127|0x0000000087f00000, 0x0000000087f00000, 0x0000000088000000|  0%| F|  |TAMS 0x0000000087f00000, 0x0000000087f00000| Untracked 
| 128|0x0000000088000000, 0x0000000088000000, 0x0000000088100000|  0%| F|  |TAMS 0x0000000088000000, 0x0000000088000000| Untracked 
| 129|0x0000000088100000, 0x0000000088100000, 0x0000000088200000|  0%| F|  |TAMS 0x0000000088100000, 0x0000000088100000| Untracked 
| 130|0x0000000088200000, 0x0000000088200000, 0x0000000088300000|  0%| F|  |TAMS 0x0000000088200000, 0x0000000088200000| Untracked 
| 131|0x0000000088300000, 0x0000000088300000, 0x0000000088400000|  0%| F|  |TAMS 0x0000000088300000, 0x0000000088300000| Untracked 
| 132|0x0000000088400000, 0x0000000088400000, 0x0000000088500000|  0%| F|  |TAMS 0x0000000088400000, 0x0000000088400000| Untracked 
| 133|0x0000000088500000, 0x0000000088500000, 0x0000000088600000|  0%| F|  |TAMS 0x0000000088500000, 0x0000000088500000| Untracked 
| 134|0x0000000088600000, 0x0000000088600000, 0x0000000088700000|  0%| F|  |TAMS 0x0000000088600000, 0x0000000088600000| Untracked 
| 135|0x0000000088700000, 0x0000000088700000, 0x0000000088800000|  0%| F|  |TAMS 0x0000000088700000, 0x0000000088700000| Untracked 
| 136|0x0000000088800000, 0x0000000088800000, 0x0000000088900000|  0%| F|  |TAMS 0x0000000088800000, 0x0000000088800000| Untracked 
| 137|0x0000000088900000, 0x0000000088900000, 0x0000000088a00000|  0%| F|  |TAMS 0x0000000088900000, 0x0000000088900000| Untracked 
| 138|0x0000000088a00000, 0x0000000088a00000, 0x0000000088b00000|  0%| F|  |TAMS 0x0000000088a00000, 0x0000000088a00000| Untracked 
| 139|0x0000000088b00000, 0x0000000088b00000, 0x0000000088c00000|  0%| F|  |TAMS 0x0000000088b00000, 0x0000000088b00000| Untracked 
| 140|0x0000000088c00000, 0x0000000088c00000, 0x0000000088d00000|  0%| F|  |TAMS 0x0000000088c00000, 0x0000000088c00000| Untracked 
| 141|0x0000000088d00000, 0x0000000088d00000, 0x0000000088e00000|  0%| F|  |TAMS 0x0000000088d00000, 0x0000000088d00000| Untracked 
| 142|0x0000000088e00000, 0x0000000088e00000, 0x0000000088f00000|  0%| F|  |TAMS 0x0000000088e00000, 0x0000000088e00000| Untracked 
| 143|0x0000000088f00000, 0x0000000088f00000, 0x0000000089000000|  0%| F|  |TAMS 0x0000000088f00000, 0x0000000088f00000| Untracked 
| 144|0x0000000089000000, 0x0000000089000000, 0x0000000089100000|  0%| F|  |TAMS 0x0000000089000000, 0x0000000089000000| Untracked 
| 145|0x0000000089100000, 0x0000000089100000, 0x0000000089200000|  0%| F|  |TAMS 0x0000000089100000, 0x0000000089100000| Untracked 
| 146|0x0000000089200000, 0x0000000089200000, 0x0000000089300000|  0%| F|  |TAMS 0x0000000089200000, 0x0000000089200000| Untracked 
| 147|0x0000000089300000, 0x0000000089300000, 0x0000000089400000|  0%| F|  |TAMS 0x0000000089300000, 0x0000000089300000| Untracked 
| 148|0x0000000089400000, 0x0000000089400000, 0x0000000089500000|  0%| F|  |TAMS 0x0000000089400000, 0x0000000089400000| Untracked 
| 149|0x0000000089500000, 0x0000000089500000, 0x0000000089600000|  0%| F|  |TAMS 0x0000000089500000, 0x0000000089500000| Untracked 
| 150|0x0000000089600000, 0x0000000089600000, 0x0000000089700000|  0%| F|  |TAMS 0x0000000089600000, 0x0000000089600000| Untracked 
| 151|0x0000000089700000, 0x0000000089700000, 0x0000000089800000|  0%| F|  |TAMS 0x0000000089700000, 0x0000000089700000| Untracked 
| 152|0x0000000089800000, 0x0000000089800000, 0x0000000089900000|  0%| F|  |TAMS 0x0000000089800000, 0x0000000089800000| Untracked 
| 153|0x0000000089900000, 0x0000000089900000, 0x0000000089a00000|  0%| F|  |TAMS 0x0000000089900000, 0x0000000089900000| Untracked 
| 154|0x0000000089a00000, 0x0000000089a00000, 0x0000000089b00000|  0%| F|  |TAMS 0x0000000089a00000, 0x0000000089a00000| Untracked 
| 155|0x0000000089b00000, 0x0000000089b00000, 0x0000000089c00000|  0%| F|  |TAMS 0x0000000089b00000, 0x0000000089b00000| Untracked 
| 156|0x0000000089c00000, 0x0000000089c00000, 0x0000000089d00000|  0%| F|  |TAMS 0x0000000089c00000, 0x0000000089c00000| Untracked 
| 157|0x0000000089d00000, 0x0000000089d00000, 0x0000000089e00000|  0%| F|  |TAMS 0x0000000089d00000, 0x0000000089d00000| Untracked 
| 158|0x0000000089e00000, 0x0000000089e00000, 0x0000000089f00000|  0%| F|  |TAMS 0x0000000089e00000, 0x0000000089e00000| Untracked 
| 159|0x0000000089f00000, 0x0000000089f00000, 0x000000008a000000|  0%| F|  |TAMS 0x0000000089f00000, 0x0000000089f00000| Untracked 
| 160|0x000000008a000000, 0x000000008a000000, 0x000000008a100000|  0%| F|  |TAMS 0x000000008a000000, 0x000000008a000000| Untracked 
| 161|0x000000008a100000, 0x000000008a100000, 0x000000008a200000|  0%| F|  |TAMS 0x000000008a100000, 0x000000008a100000| Untracked 
| 162|0x000000008a200000, 0x000000008a200000, 0x000000008a300000|  0%| F|  |TAMS 0x000000008a200000, 0x000000008a200000| Untracked 
| 163|0x000000008a300000, 0x000000008a300000, 0x000000008a400000|  0%| F|  |TAMS 0x000000008a300000, 0x000000008a300000| Untracked 
| 164|0x000000008a400000, 0x000000008a400000, 0x000000008a500000|  0%| F|  |TAMS 0x000000008a400000, 0x000000008a400000| Untracked 
| 165|0x000000008a500000, 0x000000008a500000, 0x000000008a600000|  0%| F|  |TAMS 0x000000008a500000, 0x000000008a500000| Untracked 
| 166|0x000000008a600000, 0x000000008a600000, 0x000000008a700000|  0%| F|  |TAMS 0x000000008a600000, 0x000000008a600000| Untracked 
| 167|0x000000008a700000, 0x000000008a700000, 0x000000008a800000|  0%| F|  |TAMS 0x000000008a700000, 0x000000008a700000| Untracked 
| 168|0x000000008a800000, 0x000000008a800000, 0x000000008a900000|  0%| F|  |TAMS 0x000000008a800000, 0x000000008a800000| Untracked 
| 169|0x000000008a900000, 0x000000008a900000, 0x000000008aa00000|  0%| F|  |TAMS 0x000000008a900000, 0x000000008a900000| Untracked 
| 170|0x000000008aa00000, 0x000000008aa00000, 0x000000008ab00000|  0%| F|  |TAMS 0x000000008aa00000, 0x000000008aa00000| Untracked 
| 171|0x000000008ab00000, 0x000000008ab41608, 0x000000008ac00000| 25%| S|CS|TAMS 0x000000008ab00000, 0x000000008ab00000| Complete 
| 172|0x000000008ac00000, 0x000000008ad00000, 0x000000008ad00000|100%| S|CS|TAMS 0x000000008ac00000, 0x000000008ac00000| Complete 
| 173|0x000000008ad00000, 0x000000008ad00000, 0x000000008ae00000|  0%| F|  |TAMS 0x000000008ad00000, 0x000000008ad00000| Untracked 
| 174|0x000000008ae00000, 0x000000008ae00000, 0x000000008af00000|  0%| F|  |TAMS 0x000000008ae00000, 0x000000008ae00000| Untracked 
| 175|0x000000008af00000, 0x000000008af80800, 0x000000008b000000| 50%| E|  |TAMS 0x000000008af00000, 0x000000008af00000| Complete 
| 176|0x000000008b000000, 0x000000008b100000, 0x000000008b100000|100%| E|CS|TAMS 0x000000008b000000, 0x000000008b000000| Complete 
| 177|0x000000008b100000, 0x000000008b200000, 0x000000008b200000|100%| E|CS|TAMS 0x000000008b100000, 0x000000008b100000| Complete 
| 178|0x000000008b200000, 0x000000008b300000, 0x000000008b300000|100%| E|CS|TAMS 0x000000008b200000, 0x000000008b200000| Complete 
| 179|0x000000008b300000, 0x000000008b400000, 0x000000008b400000|100%| E|CS|TAMS 0x000000008b300000, 0x000000008b300000| Complete 
| 180|0x000000008b400000, 0x000000008b500000, 0x000000008b500000|100%| E|CS|TAMS 0x000000008b400000, 0x000000008b400000| Complete 
| 181|0x000000008b500000, 0x000000008b600000, 0x000000008b600000|100%| E|CS|TAMS 0x000000008b500000, 0x000000008b500000| Complete 
| 182|0x000000008b600000, 0x000000008b700000, 0x000000008b700000|100%| E|CS|TAMS 0x000000008b600000, 0x000000008b600000| Complete 
| 183|0x000000008b700000, 0x000000008b800000, 0x000000008b800000|100%| E|CS|TAMS 0x000000008b700000, 0x000000008b700000| Complete 
| 184|0x000000008b800000, 0x000000008b900000, 0x000000008b900000|100%| E|CS|TAMS 0x000000008b800000, 0x000000008b800000| Complete 
| 185|0x000000008b900000, 0x000000008ba00000, 0x000000008ba00000|100%| E|CS|TAMS 0x000000008b900000, 0x000000008b900000| Complete 
| 186|0x000000008ba00000, 0x000000008bb00000, 0x000000008bb00000|100%| E|CS|TAMS 0x000000008ba00000, 0x000000008ba00000| Complete 
| 187|0x000000008bb00000, 0x000000008bc00000, 0x000000008bc00000|100%| E|CS|TAMS 0x000000008bb00000, 0x000000008bb00000| Complete 
| 188|0x000000008bc00000, 0x000000008bd00000, 0x000000008bd00000|100%| E|CS|TAMS 0x000000008bc00000, 0x000000008bc00000| Complete 
| 189|0x000000008bd00000, 0x000000008be00000, 0x000000008be00000|100%| E|CS|TAMS 0x000000008bd00000, 0x000000008bd00000| Complete 
| 190|0x000000008be00000, 0x000000008bf00000, 0x000000008bf00000|100%| E|CS|TAMS 0x000000008be00000, 0x000000008be00000| Complete 
| 191|0x000000008bf00000, 0x000000008c000000, 0x000000008c000000|100%| E|CS|TAMS 0x000000008bf00000, 0x000000008bf00000| Complete 

Card table byte_map: [0x000002ab93a00000,0x000002ab93e00000] _byte_map_base: 0x000002ab93600000

Marking Bits (Prev, Next): (CMBitMap*) 0x000002abffb3e600, (CMBitMap*) 0x000002abffb3e640
 Prev Bits: [0x000002ab94200000, 0x000002ab96200000)
 Next Bits: [0x000002ab96200000, 0x000002ab98200000)

Polling page: 0x000002abff020000

Metaspace:

Usage:
  Non-class:     11.50 MB used.
      Class:      1.13 MB used.
       Both:     12.63 MB used.

Virtual space:
  Non-class space:       64.00 MB reserved,      11.56 MB ( 18%) committed,  1 nodes.
      Class space:        1.00 GB reserved,       1.25 MB ( <1%) committed,  1 nodes.
             Both:        1.06 GB reserved,      12.81 MB (  1%) committed. 

Chunk freelists:
   Non-Class:  4.19 MB
       Class:  14.61 MB
        Both:  18.80 MB

MaxMetaspaceSize: unlimited
CompressedClassSpaceSize: 1.00 GB
Initial GC threshold: 21.00 MB
Current GC threshold: 21.00 MB
CDS: off
MetaspaceReclaimPolicy: balanced
 - commit_granule_bytes: 65536.
 - commit_granule_words: 8192.
 - virtual_space_node_default_size: 8388608.
 - enlarge_chunks_in_place: 1.
 - new_chunks_are_fully_committed: 0.
 - uncommit_free_chunks: 1.
 - use_allocation_guard: 0.
 - handle_deallocations: 1.


Internal statistics:

num_allocs_failed_limit: 0.
num_arena_births: 76.
num_arena_deaths: 0.
num_vsnodes_births: 2.
num_vsnodes_deaths: 0.
num_space_committed: 205.
num_space_uncommitted: 0.
num_chunks_returned_to_freelist: 0.
num_chunks_taken_from_freelist: 233.
num_chunk_merges: 0.
num_chunk_splits: 157.
num_chunks_enlarged: 109.
num_inconsistent_stats: 0.

CodeHeap 'non-profiled nmethods': size=120000Kb used=626Kb max_used=626Kb free=119373Kb
 bounds [0x000002ab8c4d0000, 0x000002ab8c740000, 0x000002ab93a00000]
CodeHeap 'profiled nmethods': size=120000Kb used=2191Kb max_used=2191Kb free=117808Kb
 bounds [0x000002ab84a00000, 0x000002ab84c70000, 0x000002ab8bf30000]
CodeHeap 'non-nmethods': size=5760Kb used=1458Kb max_used=1512Kb free=4301Kb
 bounds [0x000002ab8bf30000, 0x000002ab8c1a0000, 0x000002ab8c4d0000]
 total_blobs=1790 nmethods=1300 adapters=403
 compilation: enabled
              stopped_count=0, restarted_count=0
 full_count=0

Compilation events (20 events):
Event: 3.496 Thread 0x000002ab9a7be960  777       4       java.util.ArrayList::get (15 bytes)
Event: 3.497 Thread 0x000002ab9a7be960 nmethod 777 0x000002ab8c569690 code [0x000002ab8c569800, 0x000002ab8c5698f8]
Event: 3.497 Thread 0x000002ab9a7be960  757       4       java.util.HashMap::get (19 bytes)
Event: 3.500 Thread 0x000002ab9a82c0d0 1286       2       java.util.stream.Nodes$SpinedNodeBuilder::accept (29 bytes)
Event: 3.500 Thread 0x000002ab9a82c0d0 nmethod 1286 0x000002ab84c16310 code [0x000002ab84c164a0, 0x000002ab84c165c8]
Event: 3.502 Thread 0x000002ab9a7be960 nmethod 757 0x000002ab8c569a10 code [0x000002ab8c569ba0, 0x000002ab8c569e38]
Event: 3.502 Thread 0x000002ab9a82c0d0 1287       3       org.codehaus.groovy.reflection.CachedMethod::compareTo (25 bytes)
Event: 3.502 Thread 0x000002ab9a7be960  778   !   4       java.util.jar.JarFile::isMultiRelease (33 bytes)
Event: 3.503 Thread 0x000002ab9a82c0d0 nmethod 1287 0x000002ab84c16690 code [0x000002ab84c16860, 0x000002ab84c16cd8]
Event: 3.503 Thread 0x000002ab9a82c0d0 1288       3       org.codehaus.groovy.reflection.CachedMethod::compareToCachedMethod (160 bytes)
Event: 3.505 Thread 0x000002ab9a82c0d0 nmethod 1288 0x000002ab84c16e10 code [0x000002ab84c17160, 0x000002ab84c184a8]
Event: 3.507 Thread 0x000002ab9a82c0d0 1289       2       java.util.stream.SpinedBuffer::accept (94 bytes)
Event: 3.508 Thread 0x000002ab9a82c0d0 nmethod 1289 0x000002ab84c18d10 code [0x000002ab84c18ee0, 0x000002ab84c194c8]
Event: 3.511 Thread 0x000002ab9a82c0d0 1291       2       org.codehaus.groovy.reflection.CachedMethod::isStatic (8 bytes)
Event: 3.512 Thread 0x000002ab9a82c0d0 nmethod 1291 0x000002ab84c19710 code [0x000002ab84c198a0, 0x000002ab84c199d8]
Event: 3.512 Thread 0x000002ab9a82c0d0 1292       2       groovy.lang.MetaMethod::isPublic (15 bytes)
Event: 3.512 Thread 0x000002ab9a82c0d0 nmethod 1292 0x000002ab84c19a90 code [0x000002ab84c19c20, 0x000002ab84c19d68]
Event: 3.527 Thread 0x000002ab9a82c0d0 1293   !   2       java.lang.ClassLoader::loadClass (121 bytes)
Event: 3.528 Thread 0x000002ab9a82c0d0 nmethod 1293 0x000002ab84c19e10 code [0x000002ab84c1a040, 0x000002ab84c1a588]
Event: 3.533 Thread 0x000002ab9a82c0d0 1294       2       java.util.Spliterators$ArraySpliterator::forEachRemaining (68 bytes)

GC Heap History (6 events):
Event: 0.964 GC heap before
{Heap before GC invocations=0 (full 0):
 garbage-first heap   total 196608K, used 14336K [0x0000000080000000, 0x0000000100000000)
  region size 1024K, 13 young (13312K), 0 survivors (0K)
 Metaspace       used 4835K, committed 4928K, reserved 1114112K
  class space    used 388K, committed 448K, reserved 1048576K
}
Event: 0.971 GC heap after
{Heap after GC invocations=1 (full 0):
 garbage-first heap   total 196608K, used 10879K [0x0000000080000000, 0x0000000100000000)
  region size 1024K, 2 young (2048K), 2 survivors (2048K)
 Metaspace       used 4835K, committed 4928K, reserved 1114112K
  class space    used 388K, committed 448K, reserved 1048576K
}
Event: 1.394 GC heap before
{Heap before GC invocations=1 (full 0):
 garbage-first heap   total 196608K, used 19071K [0x0000000080000000, 0x0000000100000000)
  region size 1024K, 10 young (10240K), 2 survivors (2048K)
 Metaspace       used 6751K, committed 6976K, reserved 1114112K
  class space    used 523K, committed 640K, reserved 1048576K
}
Event: 1.397 GC heap after
{Heap after GC invocations=2 (full 0):
 garbage-first heap   total 196608K, used 14344K [0x0000000080000000, 0x0000000100000000)
  region size 1024K, 2 young (2048K), 2 survivors (2048K)
 Metaspace       used 6751K, committed 6976K, reserved 1114112K
  class space    used 523K, committed 640K, reserved 1048576K
}
Event: 2.450 GC heap before
{Heap before GC invocations=2 (full 0):
 garbage-first heap   total 196608K, used 31752K [0x0000000080000000, 0x0000000100000000)
  region size 1024K, 19 young (19456K), 2 survivors (2048K)
 Metaspace       used 9588K, committed 9728K, reserved 1114112K
  class space    used 825K, committed 896K, reserved 1048576K
}
Event: 2.455 GC heap after
{Heap after GC invocations=3 (full 0):
 garbage-first heap   total 196608K, used 15576K [0x0000000080000000, 0x0000000100000000)
  region size 1024K, 2 young (2048K), 2 survivors (2048K)
 Metaspace       used 9588K, committed 9728K, reserved 1114112K
  class space    used 825K, committed 896K, reserved 1048576K
}

Dll operation events (6 events):
Event: 0.018 Loaded shared library C:\Users\Ali Asad\.katalon\packages\Katalon_Studio_Free_Windows_64-9.5.0\Katalon_Studio_Free_Windows_64-9.5.0\jre\bin\java.dll
Event: 0.610 Loaded shared library C:\Users\Ali Asad\.katalon\packages\Katalon_Studio_Free_Windows_64-9.5.0\Katalon_Studio_Free_Windows_64-9.5.0\jre\bin\net.dll
Event: 0.613 Loaded shared library C:\Users\Ali Asad\.katalon\packages\Katalon_Studio_Free_Windows_64-9.5.0\Katalon_Studio_Free_Windows_64-9.5.0\jre\bin\nio.dll
Event: 0.631 Loaded shared library C:\Users\Ali Asad\.katalon\packages\Katalon_Studio_Free_Windows_64-9.5.0\Katalon_Studio_Free_Windows_64-9.5.0\jre\bin\zip.dll
Event: 1.704 Loaded shared library C:\Users\Ali Asad\.katalon\packages\Katalon_Studio_Free_Windows_64-9.5.0\Katalon_Studio_Free_Windows_64-9.5.0\jre\bin\verify.dll
Event: 2.423 Loaded shared library C:\Users\Ali Asad\.katalon\packages\Katalon_Studio_Free_Windows_64-9.5.0\Katalon_Studio_Free_Windows_64-9.5.0\jre\bin\jimage.dll

Deoptimization events (20 events):
Event: 3.193 Thread 0x000002abffadf820 DEOPT PACKING pc=0x000002ab8c507e4c sp=0x000000af1f0f6890
Event: 3.193 Thread 0x000002abffadf820 DEOPT UNPACKING pc=0x000002ab8bf869a3 sp=0x000000af1f0f6840 mode 2
Event: 3.234 Thread 0x000002abffadf820 DEOPT PACKING pc=0x000002ab84b6f988 sp=0x000000af1f0f5f70
Event: 3.234 Thread 0x000002abffadf820 DEOPT UNPACKING pc=0x000002ab8bf87143 sp=0x000000af1f0f5478 mode 0
Event: 3.282 Thread 0x000002abffadf820 DEOPT PACKING pc=0x000002ab84b6f988 sp=0x000000af1f0f7780
Event: 3.282 Thread 0x000002abffadf820 DEOPT UNPACKING pc=0x000002ab8bf87143 sp=0x000000af1f0f6c88 mode 0
Event: 3.322 Thread 0x000002abffadf820 DEOPT PACKING pc=0x000002ab84b6f988 sp=0x000000af1f0f78f0
Event: 3.322 Thread 0x000002abffadf820 DEOPT UNPACKING pc=0x000002ab8bf87143 sp=0x000000af1f0f6df8 mode 0
Event: 3.363 Thread 0x000002abffadf820 DEOPT PACKING pc=0x000002ab84b6f988 sp=0x000000af1f0f9380
Event: 3.363 Thread 0x000002abffadf820 DEOPT UNPACKING pc=0x000002ab8bf87143 sp=0x000000af1f0f8888 mode 0
Event: 3.395 Thread 0x000002abffadf820 Uncommon trap: trap_request=0xffffff45 fr.pc=0x000002ab8c533b20 relative=0x0000000000000080
Event: 3.395 Thread 0x000002abffadf820 Uncommon trap: reason=unstable_if action=reinterpret pc=0x000002ab8c533b20 method=sun.net.www.ParseUtil.firstEncodeIndex(Ljava/lang/String;)I @ 51 c2
Event: 3.395 Thread 0x000002abffadf820 DEOPT PACKING pc=0x000002ab8c533b20 sp=0x000000af1f0f6c50
Event: 3.395 Thread 0x000002abffadf820 DEOPT UNPACKING pc=0x000002ab8bf869a3 sp=0x000000af1f0f6bd8 mode 2
Event: 3.411 Thread 0x000002abffadf820 DEOPT PACKING pc=0x000002ab84b6f988 sp=0x000000af1f0f6b30
Event: 3.411 Thread 0x000002abffadf820 DEOPT UNPACKING pc=0x000002ab8bf87143 sp=0x000000af1f0f6038 mode 0
Event: 3.436 Thread 0x000002abffadf820 DEOPT PACKING pc=0x000002ab84b6f988 sp=0x000000af1f0f6b30
Event: 3.436 Thread 0x000002abffadf820 DEOPT UNPACKING pc=0x000002ab8bf87143 sp=0x000000af1f0f6038 mode 0
Event: 3.465 Thread 0x000002abffadf820 DEOPT PACKING pc=0x000002ab84b6f988 sp=0x000000af1f0f6b30
Event: 3.465 Thread 0x000002abffadf820 DEOPT UNPACKING pc=0x000002ab8bf87143 sp=0x000000af1f0f6038 mode 0

Classes unloaded (0 events):
No events

Classes redefined (0 events):
No events

Internal exceptions (16 events):
Event: 1.341 Thread 0x000002abffadf820 Exception <a 'java/lang/NoSuchMethodError'{0x000000008b826b90}: 'java.lang.Object java.lang.invoke.DirectMethodHandle$Holder.invokeStatic(java.lang.Object, java.lang.Object, int)'> (0x000000008b826b90) 
thrown [s\src\hotspot\share\interpreter\linkResolver.cpp, line 759]
Event: 1.346 Thread 0x000002abffadf820 Exception <a 'java/lang/NoSuchMethodError'{0x000000008b833328}: 'void java.lang.invoke.DelegatingMethodHandle$Holder.delegate(java.lang.Object, java.lang.Object, int, java.lang.Object)'> (0x000000008b833328) 
thrown [s\src\hotspot\share\interpreter\linkResolver.cpp, line 759]
Event: 1.347 Thread 0x000002abffadf820 Exception <a 'java/lang/NoSuchMethodError'{0x000000008b837568}: 'int java.lang.invoke.DirectMethodHandle$Holder.invokeSpecial(java.lang.Object, java.lang.Object, java.lang.Object)'> (0x000000008b837568) 
thrown [s\src\hotspot\share\interpreter\linkResolver.cpp, line 759]
Event: 2.457 Thread 0x000002abffadf820 Exception <a 'java/lang/NoSuchMethodError'{0x000000008bf02078}: 'java.lang.Object java.lang.invoke.DirectMethodHandle$Holder.invokeStaticInit(java.lang.Object, java.lang.Object, java.lang.Object)'> (0x000000008bf02078) 
thrown [s\src\hotspot\share\interpreter\linkResolver.cpp, line 759]
Event: 2.570 Thread 0x000002abffadf820 Exception <a 'java/lang/NoSuchMethodError'{0x000000008be715a0}: 'void java.lang.invoke.DirectMethodHandle$Holder.invokeStatic(java.lang.Object, java.lang.Object, java.lang.Object)'> (0x000000008be715a0) 
thrown [s\src\hotspot\share\interpreter\linkResolver.cpp, line 759]
Event: 2.570 Thread 0x000002abffadf820 Exception <a 'java/lang/NoSuchMethodError'{0x000000008be75298}: 'void java.lang.invoke.DirectMethodHandle$Holder.invokeStaticInit(java.lang.Object, java.lang.Object, java.lang.Object)'> (0x000000008be75298) 
thrown [s\src\hotspot\share\interpreter\linkResolver.cpp, line 759]
Event: 2.572 Thread 0x000002abffadf820 Exception <a 'java/lang/NoSuchMethodError'{0x000000008be7bf20}: 'void java.lang.invoke.DirectMethodHandle$Holder.invokeStatic(java.lang.Object, java.lang.Object, java.lang.Object, java.lang.Object)'> (0x000000008be7bf20) 
thrown [s\src\hotspot\share\interpreter\linkResolver.cpp, line 759]
Event: 2.573 Thread 0x000002abffadf820 Exception <a 'java/lang/NoSuchMethodError'{0x000000008be7fe70}: 'void java.lang.invoke.DirectMethodHandle$Holder.invokeStaticInit(java.lang.Object, java.lang.Object, java.lang.Object, java.lang.Object)'> (0x000000008be7fe70) 
thrown [s\src\hotspot\share\interpreter\linkResolver.cpp, line 759]
Event: 2.579 Thread 0x000002abffadf820 Exception <a 'java/lang/NoSuchMethodError'{0x000000008bee3ee0}: 'void java.lang.invoke.DirectMethodHandle$Holder.invokeStaticInit(java.lang.Object, java.lang.Object, java.lang.Object, java.lang.Object, java.lang.Object)'> (0x000000008bee3ee0) 
thrown [s\src\hotspot\share\interpreter\linkResolver.cpp, line 759]
Event: 2.583 Thread 0x000002abffadf820 Exception <a 'java/lang/NoSuchMethodError'{0x000000008bef0a00}: 'int java.lang.invoke.DirectMethodHandle$Holder.invokeStaticInit(java.lang.Object, java.lang.Object, java.lang.Object)'> (0x000000008bef0a00) 
thrown [s\src\hotspot\share\interpreter\linkResolver.cpp, line 759]
Event: 2.632 Thread 0x000002abffadf820 Exception <a 'java/lang/NoSuchMethodError'{0x000000008bd61310}: 'int java.lang.invoke.DirectMethodHandle$Holder.invokeStaticInit(java.lang.Object, java.lang.Object, java.lang.Object, java.lang.Object)'> (0x000000008bd61310) 
thrown [s\src\hotspot\share\interpreter\linkResolver.cpp, line 759]
Event: 2.635 Thread 0x000002abffadf820 Exception <a 'java/lang/NoSuchMethodError'{0x000000008bd6abd8}: 'java.lang.Object java.lang.invoke.DirectMethodHandle$Holder.invokeInterface(java.lang.Object, java.lang.Object)'> (0x000000008bd6abd8) 
thrown [s\src\hotspot\share\interpreter\linkResolver.cpp, line 759]
Event: 2.635 Thread 0x000002abffadf820 Exception <a 'java/lang/IncompatibleClassChangeError'{0x000000008bd6e678}: Found class java.lang.Object, but interface was expected> (0x000000008bd6e678) 
thrown [s\src\hotspot\share\interpreter\linkResolver.cpp, line 826]
Event: 2.636 Thread 0x000002abffadf820 Exception <a 'java/lang/NoSuchMethodError'{0x000000008bd71660}: 'void java.lang.invoke.DirectMethodHandle$Holder.invokeStatic(java.lang.Object, java.lang.Object)'> (0x000000008bd71660) 
thrown [s\src\hotspot\share\interpreter\linkResolver.cpp, line 759]
Event: 2.637 Thread 0x000002abffadf820 Exception <a 'java/lang/NoSuchMethodError'{0x000000008bd75108}: 'void java.lang.invoke.DirectMethodHandle$Holder.invokeStaticInit(java.lang.Object, java.lang.Object)'> (0x000000008bd75108) 
thrown [s\src\hotspot\share\interpreter\linkResolver.cpp, line 759]
Event: 2.639 Thread 0x000002abffadf820 Exception <a 'java/lang/NoSuchMethodError'{0x000000008bd7af30}: 'int java.lang.invoke.DirectMethodHandle$Holder.invokeStaticInit(java.lang.Object, java.lang.Object)'> (0x000000008bd7af30) 
thrown [s\src\hotspot\share\interpreter\linkResolver.cpp, line 759]

VM Operations (18 events):
Event: 0.647 Executing VM operation: HandshakeAllThreads
Event: 0.647 Executing VM operation: HandshakeAllThreads done
Event: 0.964 Executing VM operation: G1CollectForAllocation
Event: 0.971 Executing VM operation: G1CollectForAllocation done
Event: 1.340 Executing VM operation: HandshakeAllThreads
Event: 1.340 Executing VM operation: HandshakeAllThreads done
Event: 1.394 Executing VM operation: G1CollectForAllocation
Event: 1.397 Executing VM operation: G1CollectForAllocation done
Event: 1.940 Executing VM operation: HandshakeAllThreads
Event: 1.941 Executing VM operation: HandshakeAllThreads done
Event: 1.941 Executing VM operation: HandshakeAllThreads
Event: 1.941 Executing VM operation: HandshakeAllThreads done
Event: 2.268 Executing VM operation: HandshakeAllThreads
Event: 2.268 Executing VM operation: HandshakeAllThreads done
Event: 2.450 Executing VM operation: G1CollectForAllocation
Event: 2.456 Executing VM operation: G1CollectForAllocation done
Event: 3.459 Executing VM operation: Cleanup
Event: 3.460 Executing VM operation: Cleanup done

Events (20 events):
Event: 3.188 loading class jdk/internal/jimage/decompressor/ResourceDecompressor$StringsProvider
Event: 3.188 loading class jdk/internal/jimage/decompressor/ResourceDecompressor$StringsProvider done
Event: 3.190 loading class jdk/internal/jimage/decompressor/CompressedResourceHeader
Event: 3.191 loading class jdk/internal/jimage/decompressor/CompressedResourceHeader done
Event: 3.191 loading class jdk/internal/jimage/decompressor/ResourceDecompressorRepository
Event: 3.191 loading class jdk/internal/jimage/decompressor/ResourceDecompressorRepository done
Event: 3.191 loading class jdk/internal/jimage/decompressor/ZipDecompressorFactory
Event: 3.191 loading class jdk/internal/jimage/decompressor/ResourceDecompressorFactory
Event: 3.191 loading class jdk/internal/jimage/decompressor/ResourceDecompressorFactory done
Event: 3.191 loading class jdk/internal/jimage/decompressor/ZipDecompressorFactory done
Event: 3.191 loading class jdk/internal/jimage/decompressor/StringSharingDecompressorFactory
Event: 3.191 loading class jdk/internal/jimage/decompressor/StringSharingDecompressorFactory done
Event: 3.191 loading class jdk/internal/jimage/decompressor/ZipDecompressor
Event: 3.192 loading class jdk/internal/jimage/decompressor/ResourceDecompressor
Event: 3.192 loading class jdk/internal/jimage/decompressor/ResourceDecompressor done
Event: 3.192 loading class jdk/internal/jimage/decompressor/ZipDecompressor done
Event: 3.192 loading class sun/net/www/protocol/jrt/Handler
Event: 3.192 loading class sun/net/www/protocol/jrt/Handler done
Event: 3.244 loading class java/lang/IllegalStateException
Event: 3.244 loading class java/lang/IllegalStateException done


Dynamic libraries:
0x00007ff6d1ae0000 - 0x00007ff6d1aee000 	C:\Users\Ali Asad\.katalon\packages\Katalon_Studio_Free_Windows_64-9.5.0\Katalon_Studio_Free_Windows_64-9.5.0\jre\bin\javaw.exe
0x00007fffe3150000 - 0x00007fffe3348000 	C:\Windows\SYSTEM32\ntdll.dll
0x00007fffe1180000 - 0x00007fffe1241000 	C:\Windows\System32\KERNEL32.DLL
0x00007fffe0c90000 - 0x00007fffe0f86000 	C:\Windows\System32\KERNELBASE.dll
0x00007fffe0a40000 - 0x00007fffe0b40000 	C:\Windows\System32\ucrtbase.dll
0x00007fffda6b0000 - 0x00007fffda6c7000 	C:\Users\Ali Asad\.katalon\packages\Katalon_Studio_Free_Windows_64-9.5.0\Katalon_Studio_Free_Windows_64-9.5.0\jre\bin\jli.dll
0x00007fffe1ea0000 - 0x00007fffe203f000 	C:\Windows\System32\USER32.dll
0x00007fffe1030000 - 0x00007fffe1052000 	C:\Windows\System32\win32u.dll
0x00007fffe30e0000 - 0x00007fffe310b000 	C:\Windows\System32\GDI32.dll
0x00007fffe0b70000 - 0x00007fffe0c87000 	C:\Windows\System32\gdi32full.dll
0x00007fffe0f90000 - 0x00007fffe102d000 	C:\Windows\System32\msvcp_win.dll
0x00007fffd9c80000 - 0x00007fffd9c99000 	C:\Users\Ali Asad\.katalon\packages\Katalon_Studio_Free_Windows_64-9.5.0\Katalon_Studio_Free_Windows_64-9.5.0\jre\bin\VCRUNTIME140.dll
0x00007fffcf360000 - 0x00007fffcf5fa000 	C:\Windows\WinSxS\amd64_microsoft.windows.common-controls_6595b64144ccf1df_6.0.19041.4355_none_60b8b9eb71f62e16\COMCTL32.dll
0x00007fffe2be0000 - 0x00007fffe2c7e000 	C:\Windows\System32\msvcrt.dll
0x00007fffe1da0000 - 0x00007fffe1dcf000 	C:\Windows\System32\IMM32.DLL
0x00007fffda6a0000 - 0x00007fffda6ac000 	C:\Users\Ali Asad\.katalon\packages\Katalon_Studio_Free_Windows_64-9.5.0\Katalon_Studio_Free_Windows_64-9.5.0\jre\bin\vcruntime140_1.dll
0x00007fffb9010000 - 0x00007fffb90a1000 	C:\Users\Ali Asad\.katalon\packages\Katalon_Studio_Free_Windows_64-9.5.0\Katalon_Studio_Free_Windows_64-9.5.0\jre\bin\msvcp140.dll
0x00007fffa12c0000 - 0x00007fffa1f08000 	C:\Users\Ali Asad\.katalon\packages\Katalon_Studio_Free_Windows_64-9.5.0\Katalon_Studio_Free_Windows_64-9.5.0\jre\bin\server\jvm.dll
0x00007fffe2f30000 - 0x00007fffe2fe0000 	C:\Windows\System32\ADVAPI32.dll
0x00007fffe2b40000 - 0x00007fffe2be0000 	C:\Windows\System32\sechost.dll
0x00007fffe2e00000 - 0x00007fffe2f23000 	C:\Windows\System32\RPCRT4.dll
0x00007fffe0b40000 - 0x00007fffe0b67000 	C:\Windows\System32\bcrypt.dll
0x00007fffdce10000 - 0x00007fffdce19000 	C:\Windows\SYSTEM32\WSOCK32.dll
0x00007fffe2fe0000 - 0x00007fffe304b000 	C:\Windows\System32\WS2_32.dll
0x00007fffd19b0000 - 0x00007fffd19d7000 	C:\Windows\SYSTEM32\WINMM.dll
0x00007fffd48b0000 - 0x00007fffd48ba000 	C:\Windows\SYSTEM32\VERSION.dll
0x00007fffde680000 - 0x00007fffde692000 	C:\Windows\SYSTEM32\kernel.appcore.dll
0x00007fffdbd70000 - 0x00007fffdbd7a000 	C:\Users\Ali Asad\.katalon\packages\Katalon_Studio_Free_Windows_64-9.5.0\Katalon_Studio_Free_Windows_64-9.5.0\jre\bin\jimage.dll
0x00007fffd2f60000 - 0x00007fffd3144000 	C:\Windows\SYSTEM32\DBGHELP.DLL
0x00007fffd15c0000 - 0x00007fffd15f4000 	C:\Windows\SYSTEM32\dbgcore.DLL
0x00007fffe09b0000 - 0x00007fffe0a32000 	C:\Windows\System32\bcryptPrimitives.dll
0x00007fffd9eb0000 - 0x00007fffd9ed5000 	C:\Users\Ali Asad\.katalon\packages\Katalon_Studio_Free_Windows_64-9.5.0\Katalon_Studio_Free_Windows_64-9.5.0\jre\bin\java.dll
0x00007fffdb7e0000 - 0x00007fffdb7f8000 	C:\Users\Ali Asad\.katalon\packages\Katalon_Studio_Free_Windows_64-9.5.0\Katalon_Studio_Free_Windows_64-9.5.0\jre\bin\zip.dll
0x00007fffe22b0000 - 0x00007fffe2a1c000 	C:\Windows\System32\SHELL32.dll
0x00007fffde880000 - 0x00007fffdf01e000 	C:\Windows\SYSTEM32\windows.storage.dll
0x00007fffe1250000 - 0x00007fffe15a3000 	C:\Windows\System32\combase.dll
0x00007fffe0150000 - 0x00007fffe017e000 	C:\Windows\SYSTEM32\Wldp.dll
0x00007fffe1dd0000 - 0x00007fffe1e9d000 	C:\Windows\System32\OLEAUT32.dll
0x00007fffe2c80000 - 0x00007fffe2d2d000 	C:\Windows\System32\SHCORE.dll
0x00007fffe1cc0000 - 0x00007fffe1d15000 	C:\Windows\System32\shlwapi.dll
0x00007fffe0730000 - 0x00007fffe0754000 	C:\Windows\SYSTEM32\profapi.dll
0x00007fffdb0d0000 - 0x00007fffdb0e9000 	C:\Users\Ali Asad\.katalon\packages\Katalon_Studio_Free_Windows_64-9.5.0\Katalon_Studio_Free_Windows_64-9.5.0\jre\bin\net.dll
0x00007fffd7ed0000 - 0x00007fffd7fda000 	C:\Windows\SYSTEM32\WINHTTP.dll
0x00007fffdfeb0000 - 0x00007fffdff1a000 	C:\Windows\system32\mswsock.dll
0x00007fffda680000 - 0x00007fffda695000 	C:\Users\Ali Asad\.katalon\packages\Katalon_Studio_Free_Windows_64-9.5.0\Katalon_Studio_Free_Windows_64-9.5.0\jre\bin\nio.dll
0x00007fffdbd30000 - 0x00007fffdbd40000 	C:\Users\Ali Asad\.katalon\packages\Katalon_Studio_Free_Windows_64-9.5.0\Katalon_Studio_Free_Windows_64-9.5.0\jre\bin\verify.dll

dbghelp: loaded successfully - version: 4.0.5 - missing functions: none
symbol engine: initialized successfully - sym options: 0x614 - pdb path: .;C:\Users\Ali Asad\.katalon\packages\Katalon_Studio_Free_Windows_64-9.5.0\Katalon_Studio_Free_Windows_64-9.5.0\jre\bin;C:\Windows\SYSTEM32;C:\Windows\WinSxS\amd64_microsoft.windows.common-controls_6595b64144ccf1df_6.0.19041.4355_none_60b8b9eb71f62e16;C:\Users\Ali Asad\.katalon\packages\Katalon_Studio_Free_Windows_64-9.5.0\Katalon_Studio_Free_Windows_64-9.5.0\jre\bin\server

VM Arguments:
jvm_args: -Dgroovy.home=C:\Users\Ali Asad/.groovy -Djava.system.class.loader=groovy.lang.GroovyClassLoader -Xmx2048m -Dfile.encoding=UTF-8 -XX:+ShowCodeDetailsInExceptionMessages 
java_command: org.codehaus.groovy.tools.GroovyStarter --classpath C:\Users\Ali Asad\Katalon Studio\Data Plain - Android\bin\keyword;C:\Users\Ali Asad\Katalon Studio\Data Plain - Android\Keywords;C:\Users\Ali Asad\Katalon Studio\Data Plain - Android\bin\listener;C:\Users\Ali Asad\Katalon Studio\Data Plain - Android\Test Listeners;C:\Users\Ali Asad\Katalon Studio\Data Plain - Android\bin\lib;C:\Users\Ali Asad\Katalon Studio\Data Plain - Android\Libs;C:\Users\Ali Asad\Katalon Studio\Data Plain - Android\bin\groovy;C:\Users\Ali Asad\Katalon Studio\Data Plain - Android\Include\scripts\groovy;C:\Users\Ali Asad\.katalon\packages\Katalon_Studio_Free_Windows_64-9.5.0\Katalon_Studio_Free_Windows_64-9.5.0\plugins\com.kms.katalon.core_1.0.0.202405291026.jar;C:\Users\Ali Asad\.katalon\packages\Katalon_Studio_Free_Windows_64-9.5.0\Katalon_Studio_Free_Windows_64-9.5.0\configuration\resources\lib\aalto-xml-1.0.0.jar;C:\Users\Ali Asad\.katalon\packages\Katalon_Studio_Free_Windows_64-9.5.0\Katalon_Studio_Free_Windows_64-9.5.0\configuration\resources\lib\aspectjweaver-1.9.1.jar;C:\Users\Ali Asad\.katalon\packages\Katalon_Studio_Free_Windows_64-9.5.0\Katalon_Studio_Free_Windows_64-9.5.0\configuration\resources\lib\bcpkix-jdk15on-1.64.jar;C:\Users\Ali Asad\.katalon\packages\Katalon_Studio_Free_Windows_64-9.5.0\Katalon_Studio_Free_Windows_64-9.5.0\configuration\resources\lib\bcprov-jdk15on-1.64.jar;C:\Users\Ali Asad\.katalon\packages\Katalon_Studio_Free_Windows_64-9.5.0\Katalon_Studio_Free_Windows_64-9.5.0\configuration\resources\lib\browsermob-core-2.1.5.jar;C:\Users\Ali Asad\.katalon\packages\Katalon_Studio_Free_Windows_64-9.5.0\Katalon_Studio_Free_Windows_64-9.5.0\configuration\resources\lib\byte-buddy-1.14.3.jar;C:\Users\Ali Asad\.katalon\packages\Katalon_Studio_Free_Windows_64-9.5.0\Katalon_Studio_Free_Windows_64-9.5.0\configuration\resources\lib\byte-buddy-agent-1.14.3.jar;C:\Users\Ali Asad\.katalon\packages\Katalon_Studio_Free_Windows_64-9.5.0\Katalon_Studio_Free_Windows_64-9.5.
java_class_path (initial): C:\Users\Ali Asad\Katalon Studio\Data Plain - Android\bin\keyword;C:\Users\Ali Asad\Katalon Studio\Data Plain - Android\bin\listener;C:\Users\Ali Asad\Katalon Studio\Data Plain - Android\bin\lib;C:\Users\Ali Asad\Katalon Studio\Data Plain - Android\bin\groovy;C:\Users\Ali Asad\Katalon Studio\Data Plain - Android\bin;C:\Users\Ali Asad\.katalon\packages\Katalon_Studio_Free_Windows_64-9.5.0\Katalon_Studio_Free_Windows_64-9.5.0\plugins\com.kms.katalon.core_1.0.0.202405291026.jar;C:\Users\Ali Asad\.katalon\packages\Katalon_Studio_Free_Windows_64-9.5.0\Katalon_Studio_Free_Windows_64-9.5.0\configuration\resources\lib\aalto-xml-1.0.0.jar;C:\Users\Ali Asad\.katalon\packages\Katalon_Studio_Free_Windows_64-9.5.0\Katalon_Studio_Free_Windows_64-9.5.0\configuration\resources\lib\aspectjweaver-1.9.1.jar;C:\Users\Ali Asad\.katalon\packages\Katalon_Studio_Free_Windows_64-9.5.0\Katalon_Studio_Free_Windows_64-9.5.0\configuration\resources\lib\bcpkix-jdk15on-1.64.jar;C:\Users\Ali Asad\.katalon\packages\Katalon_Studio_Free_Windows_64-9.5.0\Katalon_Studio_Free_Windows_64-9.5.0\configuration\resources\lib\bcprov-jdk15on-1.64.jar;C:\Users\Ali Asad\.katalon\packages\Katalon_Studio_Free_Windows_64-9.5.0\Katalon_Studio_Free_Windows_64-9.5.0\configuration\resources\lib\browsermob-core-2.1.5.jar;C:\Users\Ali Asad\.katalon\packages\Katalon_Studio_Free_Windows_64-9.5.0\Katalon_Studio_Free_Windows_64-9.5.0\configuration\resources\lib\byte-buddy-1.14.3.jar;C:\Users\Ali Asad\.katalon\packages\Katalon_Studio_Free_Windows_64-9.5.0\Katalon_Studio_Free_Windows_64-9.5.0\configuration\resources\lib\byte-buddy-agent-1.14.3.jar;C:\Users\Ali Asad\.katalon\packages\Katalon_Studio_Free_Windows_64-9.5.0\Katalon_Studio_Free_Windows_64-9.5.0\configuration\resources\lib\cglib-3.2.10.jar;C:\Users\Ali Asad\.katalon\packages\Katalon_Studio_Free_Windows_64-9.5.0\Katalon_Studio_Free_Windows_64-9.5.0\configuration\resources\lib\commons-codec-1.10.jar;C:\Users\Ali Asad\.katalon\packages\Katal
Launcher Type: SUN_STANDARD

[Global flags]
     intx CICompilerCount                          = 3                                         {product} {ergonomic}
     uint ConcGCThreads                            = 1                                         {product} {ergonomic}
     uint G1ConcRefinementThreads                  = 4                                         {product} {ergonomic}
   size_t G1HeapRegionSize                         = 1048576                                   {product} {ergonomic}
    uintx GCDrainStackTargetSize                   = 64                                        {product} {ergonomic}
   size_t InitialHeapSize                          = 201326592                                 {product} {ergonomic}
   size_t MarkStackSize                            = 4194304                                   {product} {ergonomic}
   size_t MaxHeapSize                              = 2147483648                                {product} {command line}
   size_t MaxNewSize                               = 1287651328                                {product} {ergonomic}
   size_t MinHeapDeltaBytes                        = 1048576                                   {product} {ergonomic}
   size_t MinHeapSize                              = 8388608                                   {product} {ergonomic}
    uintx NonNMethodCodeHeapSize                   = 5832780                                {pd product} {ergonomic}
    uintx NonProfiledCodeHeapSize                  = 122912730                              {pd product} {ergonomic}
    uintx ProfiledCodeHeapSize                     = 122912730                              {pd product} {ergonomic}
    uintx ReservedCodeCacheSize                    = 251658240                              {pd product} {ergonomic}
     bool SegmentedCodeCache                       = true                                      {product} {ergonomic}
     bool ShowCodeDetailsInExceptionMessages       = true                                   {manageable} {command line}
   size_t SoftMaxHeapSize                          = 2147483648                             {manageable} {ergonomic}
     bool UseCompressedClassPointers               = true                           {product lp64_product} {ergonomic}
     bool UseCompressedOops                        = true                           {product lp64_product} {ergonomic}
     bool UseG1GC                                  = true                                      {product} {ergonomic}
     bool UseLargePagesIndividualAllocation        = false                                  {pd product} {ergonomic}

Logging:
Log output configuration:
 #0: stdout all=warning uptime,level,tags
 #1: stderr all=off uptime,level,tags

Environment Variables:
JAVA_HOME=C:\Users\Ali Asad\.katalon\packages\Katalon_Studio_Free_Windows_64-9.5.0\Katalon_Studio_Free_Windows_64-9.5.0\jre
PATH=C:/Users/Ali Asad/.katalon/packages/Katalon_Studio_Free_Windows_64-9.5.0/Katalon_Studio_Free_Windows_64-9.5.0/jre/bin/server;C:/Users/Ali Asad/.katalon/packages/Katalon_Studio_Free_Windows_64-9.5.0/Katalon_Studio_Free_Windows_64-9.5.0/jre/bin;C:\Program Files\Common Files\Oracle\Java\javapath;C:\Users\Ali Asad\AppData\Local\Programs\Python\Python312\Scripts\;C:\Users\Ali Asad\AppData\Local\Programs\Python\Python312\;C:\Users\Ali Asad\AppData\Local\Microsoft\WindowsApps;C:\Users\Ali Asad\AppData\Local\Programs\Microsoft VS Code\bin;C:\Users\Ali Asad\AppData\Roaming\npm;C:\Program Files\nodejs;C:\Program Files\JetBrains\PyCharm Community Edition 2024.2\bin;;C:\Users\Ali Asad\.katalon\tools\android_sdk\platform-tools;C:\Program Files\Java\jdk-22;C:\Program Files\Common Files\Oracle\Java\javapath;;C:\Users\Ali Asad\.katalon\packages\Katalon_Studio_Free_Windows_64-9.5.0\Katalon_Studio_Free_Windows_64-9.5.0;:C:\Users\Ali Asad\.katalon\packages\Katalon_Studio_Free_Windows_64-9.5.0\Katalon_Studio_Free_Windows_64-9.5.0\jre\bin
USERNAME=Ali Asad
OS=Windows_NT
PROCESSOR_IDENTIFIER=Intel64 Family 6 Model 58 Stepping 9, GenuineIntel
TMP=C:\Users\ALIASA~1\AppData\Local\Temp
TEMP=C:\Users\ALIASA~1\AppData\Local\Temp



---------------  S Y S T E M  ---------------

OS:
 Windows 10 , 64 bit Build 19041 (10.0.19041.4597)
OS uptime: 4 days 0:24 hours

CPU: total 4 (initial active 4) (2 cores per cpu, 2 threads per core) family 6 model 58 stepping 9 microcode 0x21, cx8, cmov, fxsr, ht, mmx, sse, sse2, sse3, ssse3, sse4.1, sse4.2, popcnt, tsc, tscinvbit, avx, aes, erms, clmul, vzeroupper, clflush

Memory: 4k page, system-wide physical 12180M (952M free)
TotalPageFile size 18465M (AvailPageFile size 18M)
current process WorkingSet (physical memory assigned to process): 142M, peak: 149M
current process commit charge ("private bytes"): 340M, peak: 348M

vm_info: OpenJDK 64-Bit Server VM (17.0.7+7) for windows-amd64 JRE (17.0.7+7), built on Apr 18 2023 22:10:42 by "temurin" with MS VC++ 16.7 (VS2019)

END.
