#
# There is insufficient memory for the Java Runtime Environment to continue.
# Native memory allocation (malloc) failed to allocate 298416 bytes for Chunk::new
# Possible reasons:
#   The system is out of physical RAM or swap space
#   The process is running with CompressedOops enabled, and the Java Heap may be blocking the growth of the native heap
# Possible solutions:
#   Reduce memory load on the system
#   Increase physical memory or swap space
#   Check if swap backing store is full
#   Decrease Java heap size (-Xmx/-Xms)
#   Decrease number of Java threads
#   Decrease Java thread stack sizes (-Xss)
#   Set larger code cache with -XX:ReservedCodeCacheSize=
#   JVM is running with Unscaled Compressed Oops mode in which the Java heap is
#     placed in the first 4GB address space. The Java Heap base address is the
#     maximum limit for the native heap growth. Please use -XX:HeapBaseMinAddress
#     to set the Java Heap base and to place the Java Heap above 4GB virtual address.
# This output file may be truncated or incomplete.
#
#  Out of Memory Error (arena.cpp:189), pid=17572, tid=11560
#
# JRE version: OpenJDK Runtime Environment Temurin-17.0.7+7 (17.0.7+7) (build 17.0.7+7)
# Java VM: OpenJDK 64-Bit Server VM Temurin-17.0.7+7 (17.0.7+7, mixed mode, tiered, compressed oops, compressed class ptrs, g1 gc, windows-amd64)
# No core dump will be written. Minidumps are not enabled by default on client versions of Windows
#

---------------  S U M M A R Y ------------

Command Line: -Dgroovy.home=C:\Users\Ali Asad/.groovy -Djava.system.class.loader=groovy.lang.GroovyClassLoader -Xmx2048m -Dfile.encoding=UTF-8 -XX:+ShowCodeDetailsInExceptionMessages org.codehaus.groovy.tools.GroovyStarter --classpath C:\Users\Ali Asad\Katalon Studio\Data Plain - Android\bin\keyword;C:\Users\Ali Asad\Katalon Studio\Data Plain - Android\Keywords;C:\Users\Ali Asad\Katalon Studio\Data Plain - Android\bin\listener;C:\Users\Ali Asad\Katalon Studio\Data Plain - Android\Test Listeners;C:\Users\Ali Asad\Katalon Studio\Data Plain - Android\bin\lib;C:\Users\Ali Asad\Katalon Studio\Data Plain - Android\Libs;C:\Users\Ali Asad\Katalon Studio\Data Plain - Android\bin\groovy;C:\Users\Ali Asad\Katalon Studio\Data Plain - Android\Include\scripts\groovy;C:\Users\Ali Asad\.katalon\packages\Katalon_Studio_Free_Windows_64-9.5.0\Katalon_Studio_Free_Windows_64-9.5.0\plugins\com.kms.katalon.core_1.0.0.202405291026.jar;C:\Users\Ali Asad\.katalon\packages\Katalon_Studio_Free_Windows_64-9.5.0\Katalon_Studio_Free_Windows_64-9.5.0\configuration\resources\lib\aalto-xml-1.0.0.jar;C:\Users\Ali Asad\.katalon\packages\Katalon_Studio_Free_Windows_64-9.5.0\Katalon_Studio_Free_Windows_64-9.5.0\configuration\resources\lib\aspectjweaver-1.9.1.jar;C:\Users\Ali Asad\.katalon\packages\Katalon_Studio_Free_Windows_64-9.5.0\Katalon_Studio_Free_Windows_64-9.5.0\configuration\resources\lib\bcpkix-jdk15on-1.64.jar;C:\Users\Ali Asad\.katalon\packages\Katalon_Studio_Free_Windows_64-9.5.0\Katalon_Studio_Free_Windows_64-9.5.0\configuration\resources\lib\bcprov-jdk15on-1.64.jar;C:\Users\Ali Asad\.katalon\packages\Katalon_Studio_Free_Windows_64-9.5.0\Katalon_Studio_Free_Windows_64-9.5.0\configuration\resources\lib\browsermob-core-2.1.5.jar;C:\Users\Ali Asad\.katalon\packages\Katalon_Studio_Free_Windows_64-9.5.0\Katalon_Studio_Free_Windows_64-9.5.0\configuration\resources\lib\byte-buddy-1.14.3.jar;C:\Users\Ali Asad\.katalon\packages\Katalon_Studio_Free_Windows_64-9.5.0\Katalon_Studio_Free_Windows_64-9.5.0\configuration\resources\lib\byte-buddy-agent-1.14.3.jar;C:\Users\Ali Asad\.katalon\packages\Katalon_Studio_Free_Windows_64-9.5.0\Katalon_Studio_Free_Windows_64-9.5.0\configuration\resources\lib\cglib-3.2.10.jar;C:\Users\Ali Asad\.katalon\packages\Katalon_Studio_Free_Windows_64-9.5.0\Katalon_Studio_Free_Windows_64-9.5.0\configuration\resources\lib\commons-codec-1.10.jar;C:\Users\Ali Asad\.katalon\packages\Katalon_Studio_Free_Windows_64-9.5.0\Katalon_Studio_Free_Windows_64-9.5.0\configuration\resources\lib\commons-collections4-4.1.jar;C:\Users\Ali Asad\.katalon\packages\Katalon_Studio_Free_Windows_64-9.5.0\Katalon_Studio_Free_Windows_64-9.5.0\configuration\resources\lib\commons-validator-1.6.jar;C:\Users\Ali Asad\.katalon\packages\Katalon_Studio_Free_Windows_64-9.5.0\Katalon_Studio_Free_Windows_64-9.5.0\configuration\resources\lib\curvesapi-1.04.jar;C:\Users\Ali Asad\.katalon\packages\Katalon_Studio_Free_Windows_64-9.5.0\Katalon_Studio_Free_Windows_64-9.5.0\configuration\resources\lib\dnsjava-2.1.8.jar;C:\Users\Ali Asad\.katalon\packages\Katalon_Studio_Free_Windows_64-9.5.0\Katalon_Studio_Free_Windows_64-9.5.0\configuration\resources\lib\groovy-ant-3.0.17.jar;C:\Users\Ali Asad\.katalon\packages\Katalon_Studio_Free_Windows_64-9.5.0\Katalon_Studio_Free_Windows_64-9.5.0\configuration\resources\lib\groovy-astbuilder-3.0.17.jar;C:\Users\Ali Asad\.katalon\packages\Katalon_Studio_Free_Windows_64-9.5.0\Katalon_Studio_Free_Windows_64-9.5.0\configuration\resources\lib\groovy-cli-picocli-3.0.17.jar;C:\Users\Ali Asad\.katalon\packages\Katalon_Studio_Free_Windows_64-9.5.0\Katalon_Studio_Free_Windows_64-9.5.0\configuration\resources\lib\groovy-console-3.0.17.jar;C:\Users\Ali Asad\.katalon\packages\Katalon_Studio_Free_Windows_64-9.5.0\Katalon_Studio_Free_Windows_64-9.5.0\configuration\resources\lib\groovy-datetime-3.0.17.jar;C:\Users\Ali Asad\.katalon\packages\Katalon_Studio_Free_Windows_64-9.5.0\Katalon_Studio_Free_Windows_64-9.5.0\configuration\resources\lib\groovy-dateutil-3.0.17.jar;C:\Users\Ali Asad\.katalon\packages\Katalon_Studio_Free_Windows_64-9.5.0\Katalon_Studio_Free_Windows_64-9.5.0\configuration\resources\lib\groovy-docgenerator-3.0.17.jar;C:\Users\Ali Asad\.katalon\packages\Katalon_Studio_Free_Windows_64-9.5.0\Katalon_Studio_Free_Windows_64-9.5.0\configuration\resources\lib\groovy-groovydoc-3.0.17.jar;C:\Users\Ali Asad\.katalon\packages\Katalon_Studio_Free_Windows_64-9.5.0\Katalon_Studio_Free_Windows_64-9.5.0\configuration\resources\lib\groovy-groovysh-3.0.17.jar;C:\Users\Ali Asad\.katalon\packages\Katalon_Studio_Free_Windows_64-9.5.0\Katalon_Studio_Free_Windows_64-9.5.0\configuration\resources\lib\groovy-jmx-3.0.17.jar;C:\Users\Ali Asad\.katalon\packages\Katalon_Studio_Free_Windows_64-9.5.0\Katalon_Studio_Free_Windows_64-9.5.0\configuration\resources\lib\groovy-json-3.0.17.jar;C:\Users\Ali Asad\.katalon\packages\Katalon_Studio_Free_Windows_64-9.5.0\Katalon_Studio_Free_Windows_64-9.5.0\configuration\resources\lib\groovy-jsr223-3.0.17.jar;C:\Users\Ali Asad\.katalon\packages\Katalon_Studio_Free_Windows_64-9.5.0\Katalon_Studio_Free_Windows_64-9.5.0\configuration\resources\lib\groovy-macro-3.0.17.jar;C:\Users\Ali Asad\.katalon\packages\Katalon_Studio_Free_Windows_64-9.5.0\Katalon_Studio_Free_Windows_64-9.5.0\configuration\resources\lib\groovy-nio-3.0.17.jar;C:\Users\Ali Asad\.katalon\packages\Katalon_Studio_Free_Windows_64-9.5.0\Katalon_Studio_Free_Windows_64-9.5.0\configuration\resources\lib\groovy-servlet-3.0.17.jar;C:\Users\Ali Asad\.katalon\packages\Katalon_Studio_Free_Windows_64-9.5.0\Katalon_Studio_Free_Windows_64-9.5.0\configuration\resources\lib\groovy-sql-3.0.17.jar;C:\Users\Ali Asad\.katalon\packages\Katalon_Studio_Free_Windows_64-9.5.0\Katalon_Studio_Free_Windows_64-9.5.0\configuration\resources\lib\groovy-swing-3.0.17.jar;C:\Users\Ali Asad\.katalon\packages\Katalon_Studio_Free_Windows_64-9.5.0\Katalon_Studio_Free_Windows_64-9.5.0\configuration\resources\lib\groovy-templates-3.0.17.jar;C:\Users\Ali Asad\.katalon\packages\Katalon_Studio_Free_Windows_64-9.5.0\Katalon_Studio_Free_Windows_64-9.5.0\configuration\resources\lib\groovy-test-3.0.17.jar;C:\Users\Ali Asad\.katalon\packages\Katalon_Studio_Free_Windows_64-9.5.0\Katalon_Studio_Free_Windows_64-9.5.0\configuration\resources\lib\groovy-test-junit5-3.0.17.jar;C:\Users\Ali Asad\.katalon\packages\Katalon_Studio_Free_Windows_64-9.5.0\Katalon_Studio_Free_Windows_64-9.5.0\configuration\resources\lib\groovy-testng-3.0.17.jar;C:\Users\Ali Asad\.katalon\packages\Katalon_Studio_Free_Windows_64-9.5.0\Katalon_Studio_Free_Windows_64-9.5.0\configuration\resources\lib\groovy-xml-3.0.17.jar;C:\Users\Ali Asad\.katalon\packages\Katalon_Studio_Free_Windows_64-9.5.0\Katalon_Studio_Free_Windows_64-9.5.0\configuration\resources\lib\java-client-7.0.0.jar;C:\Users\Ali Asad\.katalon\packages\Katalon_Studio_Free_Windows_64-9.5.0\Katalon_Studio_Free_Windows_64-9.5.0\configuration\resources\lib\javax.servlet-api_3.1.0.jar;C:\Users\Ali Asad\.katalon\packages\Katalon_Studio_Free_Windows_64-9.5.0\Katalon_Studio_Free_Windows_64-9.5.0\configuration\resources\lib\jna-5.12.1.jar;C:\Users\Ali Asad\.katalon\packages\Katalon_Studio_Free_Windows_64-9.5.0\Katalon_Studio_Free_Windows_64-9.5.0\configuration\resources\lib\jna-platform-5.12.1.jar;C:\Users\Ali Asad\.katalon\packages\Katalon_Studio_Free_Windows_64-9.5.0\Katalon_Studio_Free_Windows_64-9.5.0\configuration\resources\lib\jzlib-1.1.3.jar;C:\Users\Ali Asad\.katalon\packages\Katalon_Studio_Free_Windows_64-9.5.0\Katalon_Studio_Free_Windows_64-9.5.0\configuration\resources\lib\kat-server.jar;C:\Users\Ali Asad\.katalon\packages\Katalon_Studio_Free_Windows_64-9.5.0\Katalon_Studio_Free_Windows_64-9.5.0\configuration\resources\lib\littleproxy-1.1.0-beta-bmp-17.jar;C:\Users\Ali Asad\.katalon\packages\Katalon_Studio_Free_Windows_64-9.5.0\Katalon_Studio_Free_Windows_64-9.5.0\configuration\resources\lib\log4j-1.2-api-2.17.1.jar;C:\Users\Ali Asad\.katalon\packages\Katalon_Studio_Free_Windows_64-9.5.0\Katalon_Studio_Free_Windows_64-9.5.0\configuration\resources\lib\log4j-api-2.17.1.jar;C:\Users\Ali Asad\.katalon\packages\Katalon_Studio_Free_Windows_64-9.5.0\Katalon_Studio_Free_Windows_64-9.5.0\configuration\resources\lib\log4j-core-2.17.1.jar;C:\Users\Ali Asad\.katalon\packages\Katalon_Studio_Free_Windows_64-9.5.0\Katalon_Studio_Free_Windows_64-9.5.0\configuration\resources\lib\mitm-2.1.5.jar;C:\Users\Ali Asad\.katalon\packages\Katalon_Studio_Free_Windows_64-9.5.0\Katalon_Studio_Free_Windows_64-9.5.0\configuration\resources\lib\mockito-core-5.2.0.jar;C:\Users\Ali Asad\.katalon\packages\Katalon_Studio_Free_Windows_64-9.5.0\Katalon_Studio_Free_Windows_64-9.5.0\configuration\resources\lib\mockito-inline-5.2.0.jar;C:\Users\Ali Asad\.katalon\packages\Katalon_Studio_Free_Windows_64-9.5.0\Katalon_Studio_Free_Windows_64-9.5.0\configuration\resources\lib\netty-all-4.1.109.Final.jar;C:\Users\Ali Asad\.katalon\packages\Katalon_Studio_Free_Windows_64-9.5.0\Katalon_Studio_Free_Windows_64-9.5.0\configuration\resources\lib\objenesis-3.3.jar;C:\Users\Ali Asad\.katalon\packages\Katalon_Studio_Free_Windows_64-9.5.0\Katalon_Studio_Free_Windows_64-9.5.0\configuration\resources\lib\poi-3.17.jar;C:\Users\Ali Asad\.katalon\packages\Katalon_Studio_Free_Windows_64-9.5.0\Katalon_Studio_Free_Windows_64-9.5.0\configuration\resources\lib\poi-ooxml-3.17.jar;C:\Users\Ali Asad\.katalon\packages\Katalon_Studio_Free_Windows_64-9.5.0\Katalon_Studio_Free_Windows_64-9.5.0\configuration\resources\lib\poi-ooxml-schemas-3.17.jar;C:\Users\Ali Asad\.katalon\packages\Katalon_Studio_Free_Windows_64-9.5.0\Katalon_Studio_Free_Windows_64-9.5.0\configuration\resources\lib\proxy-vole-1.0.4-SNAPSHOT-jar-with-dependencies.jar;C:\Users\Ali Asad\.katalon\packages\Katalon_Studio_Free_Windows_64-9.5.0\Katalon_Studio_Free_Windows_64-9.5.0\configuration\resources\lib\repackaged-sikuli-api-1.0.2-standalone.jar;C:\Users\Ali Asad\.katalon\packages\Katalon_Studio_Free_Windows_64-9.5.0\Katalon_Studio_Free_Windows_64-9.5.0\configuration\resources\lib\selenium-leg-rc-3.141.59.jar;C:\Users\Ali Asad\.katalon\packages\Katalon_Studio_Free_Windows_64-9.5.0\Katalon_Studio_Free_Windows_64-9.5.0\configuration\resources\lib\selenium-server-standalone-3.141.59.jar;C:\Users\Ali Asad\.katalon\packages\Katalon_Studio_Free_Windows_64-9.5.0\Katalon_Studio_Free_Windows_64-9.5.0\configuration\resources\lib\selenium-shutterbug-1.1.jar;C:\Users\Ali Asad\.katalon\packages\Katalon_Studio_Free_Windows_64-9.5.0\Katalon_Studio_Free_Windows_64-9.5.0\configuration\resources\lib\slf4j-api-1.7.25.jar;C:\Users\Ali Asad\.katalon\packages\Katalon_Studio_Free_Windows_64-9.5.0\Katalon_Studio_Free_Windows_64-9.5.0\configuration\resources\lib\soap-builder-1.0.0.jar;C:\Users\Ali Asad\.katalon\packages\Katalon_Studio_Free_Windows_64-9.5.0\Katalon_Studio_Free_Windows_64-9.5.0\configuration\resources\lib\soap-common-1.0.0.jar;C:\Users\Ali Asad\.katalon\packages\Katalon_Studio_Free_Windows_64-9.5.0\Katalon_Studio_Free_Windows_64-9.5.0\configuration\resources\lib\soap-legacy-1.0.0.jar;C:\Users\Ali Asad\.katalon\packages\Katalon_Studio_Free_Windows_64-9.5.0\Katalon_Studio_Free_Windows_64-9.5.0\configuration\resources\lib\spring-context-5.3.19.jar;C:\Users\Ali Asad\.katalon\packages\Katalon_Studio_Free_Windows_64-9.5.0\Katalon_Studio_Free_Windows_64-9.5.0\configuration\resources\lib\stax2-api-4.0.0.jar;C:\Users\Ali Asad\.katalon\packages\Katalon_Studio_Free_Windows_64-9.5.0\Katalon_Studio_Free_Windows_64-9.5.0\configuration\resources\lib\su.jar;C:\Users\Ali Asad\.katalon\packages\Katalon_Studio_Free_Windows_64-9.5.0\Katalon_Studio_Free_Windows_64-9.5.0\configuration\resources\lib\testng-7.8.0.jar;C:\Users\Ali Asad\.katalon\packages\Katalon_Studio_Free_Windows_64-9.5.0\Katalon_Studio_Free_Windows_64-9.5.0\configuration\resources\lib\wadl.jar;C:\Users\Ali Asad\.katalon\packages\Katalon_Studio_Free_Windows_64-9.5.0\Katalon_Studio_Free_Windows_64-9.5.0\configuration\resources\lib\xmlbeans-3.1.0.jar;C:\Users\Ali Asad\.katalon\packages\Katalon_Studio_Free_Windows_64-9.5.0\Katalon_Studio_Free_Windows_64-9.5.0\plugins\net.sf.supercsv.super-csv_2.1.0.jar;C:\Users\Ali Asad\.katalon\packages\Katalon_Studio_Free_Windows_64-9.5.0\Katalon_Studio_Free_Windows_64-9.5.0\plugins\org.apache.commons.io_2.4.0.jar;C:\Users\Ali Asad\.katalon\packages\Katalon_Studio_Free_Windows_64-9.5.0\Katalon_Studio_Free_Windows_64-9.5.0\plugins\org.apache.commons.lang_2.6.0.jar;C:\Users\Ali Asad\.katalon\packages\Katalon_Studio_Free_Windows_64-9.5.0\Katalon_Studio_Free_Windows_64-9.5.0\plugins\com.google.gson_2.10.1.v20230109-0753.jar;C:\Users\Ali Asad\.katalon\packages\Katalon_Studio_Free_Windows_64-9.5.0\Katalon_Studio_Free_Windows_64-9.5.0\plugins\org.jsoup_1.14.3.jar;C:\Users\Ali Asad\.katalon\packages\Katalon_Studio_Free_Windows_64-9.5.0\Katalon_Studio_Free_Windows_64-9.5.0\plugins\org.apache.commons.dbutils_1.6.0.jar;C:\Users\Ali Asad\.katalon\packages\Katalon_Studio_Free_Windows_64-9.5.0\Katalon_Studio_Free_Windows_64-9.5.0\plugins\com.oracle.jdbc.ojdbc7_12.1.0.2.jar;C:\Users\Ali Asad\.katalon\packages\Katalon_Studio_Free_Windows_64-9.5.0\Katalon_Studio_Free_Windows_64-9.5.0\plugins\org.postgresql.jdbc_42.7.3.jar;c:\Users\Ali Asad\.katalon\packages\Katalon_Studio_Free_Windows_64-9.5.0\Katalon_Studio_Free_Windows_64-9.5.0\plugins\org.eclipse.osgi_3.18.300.v20230220-1352.jar;C:\Users\Ali Asad\.katalon\packages\Katalon_Studio_Free_Windows_64-9.5.0\Katalon_Studio_Free_Windows_64-9.5.0\plugins\com.kms.katalon.constant_1.0.0.202405291026.jar;C:\Users\Ali Asad\.katalon\packages\Katalon_Studio_Free_Windows_64-9.5.0\Katalon_Studio_Free_Windows_64-9.5.0\plugins\org.eclipse.persistence.eclipselink_2.7.11.jar;C:\Users\Ali Asad\.katalon\packages\Katalon_Studio_Free_Windows_64-9.5.0\Katalon_Studio_Free_Windows_64-9.5.0\plugins\com.kms.katalon.selenium-standalone_1.0.0.202405291026.jar;C:\Users\Ali Asad\.katalon\packages\Katalon_Studio_Free_Windows_64-9.5.0\Katalon_Studio_Free_Windows_64-9.5.0\plugins\atu.testrecorder.screen-recorder_2.1.0.jar;C:\Users\Ali Asad\.katalon\packages\Katalon_Studio_Free_Windows_64-9.5.0\Katalon_Studio_Free_Windows_64-9.5.0\plugins\com.google.guava_23.0.0.jar;C:\Users\Ali Asad\.katalon\packages\Katalon_Studio_Free_Windows_64-9.5.0\Katalon_Studio_Free_Windows_64-9.5.0\plugins\com.kms.katalon.util_1.0.0.202405291026.jar;C:\Users\Ali Asad\.katalon\packages\Katalon_Studio_Free_Windows_64-9.5.0\Katalon_Studio_Free_Windows_64-9.5.0\plugins\org.apache.httpcomponents.httpclient_4.5.14.v20221207-1049.jar;C:\Users\Ali Asad\.katalon\packages\Katalon_Studio_Free_Windows_64-9.5.0\Katalon_Studio_Free_Windows_64-9.5.0\plugins\org.apache.httpcomponents.httpcore_4.4.16.v20221207-1049.jar;C:\Users\Ali Asad\.katalon\packages\Katalon_Studio_Free_Windows_64-9.5.0\Katalon_Studio_Free_Windows_64-9.5.0\plugins\org.apache.httpcomponents.httpmime_4.5.13.jar;C:\Users\Ali Asad\.katalon\packages\Katalon_Studio_Free_Windows_64-9.5.0\Katalon_Studio_Free_Windows_64-9.5.0\plugins\org.apache.commons.lang3_3.14.0.jar;C:\Users\Ali Asad\.katalon\packages\Katalon_Studio_Free_Windows_64-9.5.0\Katalon_Studio_Free_Windows_64-9.5.0\plugins\org.greenrobot.eventbus_3.1.1.jar;C:\Users\Ali Asad\.katalon\packages\Katalon_Studio_Free_Windows_64-9.5.0\Katalon_Studio_Free_Windows_64-9.5.0\plugins\net.bytebuddy.byte-buddy_1.14.15.jar;C:\Users\Ali Asad\.katalon\packages\Katalon_Studio_Free_Windows_64-9.5.0\Katalon_Studio_Free_Windows_64-9.5.0\plugins\org.junit_4.13.2.v20211018-1956.jar;C:\Users\Ali Asad\.katalon\packages\Katalon_Studio_Free_Windows_64-9.5.0\Katalon_Studio_Free_Windows_64-9.5.0\plugins\com.fasterxml.jackson.core.jackson-databind_2.17.1.jar;C:\Users\Ali Asad\.katalon\packages\Katalon_Studio_Free_Windows_64-9.5.0\Katalon_Studio_Free_Windows_64-9.5.0\plugins\com.fasterxml.jackson.core.jackson-core_2.17.1.jar;C:\Users\Ali Asad\.katalon\packages\Katalon_Studio_Free_Windows_64-9.5.0\Katalon_Studio_Free_Windows_64-9.5.0\plugins\com.fasterxml.jackson.core.jackson-annotations_2.17.1.jar;C:\Users\Ali Asad\.katalon\packages\Katalon_Studio_Free_Windows_64-9.5.0\Katalon_Studio_Free_Windows_64-9.5.0\plugins\ch.qos.logback.classic_1.2.13.jar;C:\Users\Ali Asad\.katalon\packages\Katalon_Studio_Free_Windows_64-9.5.0\Katalon_Studio_Free_Windows_64-9.5.0\plugins\ch.qos.logback.core_1.2.13.jar;C:\Users\Ali Asad\.katalon\packages\Katalon_Studio_Free_Windows_64-9.5.0\Katalon_Studio_Free_Windows_64-9.5.0\plugins\slf4j.api_1.7.36.jar;C:\Users\Ali Asad\.katalon\packages\Katalon_Studio_Free_Windows_64-9.5.0\Katalon_Studio_Free_Windows_64-9.5.0\plugins\org.fusesource.jansi_1.17.1.jar;C:\Users\Ali Asad\.katalon\packages\Katalon_Studio_Free_Windows_64-9.5.0\Katalon_Studio_Free_Windows_64-9.5.0\plugins\com.kms.katalon.netlightbody_1.0.0.202405291026.jar;C:\Users\Ali Asad\.katalon\packages\Katalon_Studio_Free_Windows_64-9.5.0\Katalon_Studio_Free_Windows_64-9.5.0\plugins\com.kms.katalon.poi_1.0.0.202405291026.jar;C:\Users\Ali Asad\.katalon\packages\Katalon_Studio_Free_Windows_64-9.5.0\Katalon_Studio_Free_Windows_64-9.5.0\plugins\org.apache.commons.commons-text_1.10.0.jar;C:\Users\Ali Asad\.katalon\packages\Katalon_Studio_Free_Windows_64-9.5.0\Katalon_Studio_Free_Windows_64-9.5.0\plugins\com.kms.katalon.proxyvole_1.0.0.202405291026.jar;C:\Users\Ali Asad\.katalon\packages\Katalon_Studio_Free_Windows_64-9.5.0\Katalon_Studio_Free_Windows_64-9.5.0\plugins\com.microsoft.sqlserver.mssql-jdbc_6.2.2.jre8.jar;C:\Users\Ali Asad\.katalon\packages\Katalon_Studio_Free_Windows_64-9.5.0\Katalon_Studio_Free_Windows_64-9.5.0\plugins\com.github.kklisura.cdt.java-client_2.1.0.jar;C:\Users\Ali Asad\.katalon\packages\Katalon_Studio_Free_Windows_64-9.5.0\Katalon_Studio_Free_Windows_64-9.5.0\plugins\javax.websocket-api_1.1.0.jar;C:\Users\Ali Asad\.katalon\packages\Katalon_Studio_Free_Windows_64-9.5.0\Katalon_Studio_Free_Windows_64-9.5.0\plugins\org.glassfish.tyrus.container-grizzly-client_1.13.1.jar;C:\Users\Ali Asad\.katalon\packages\Katalon_Studio_Free_Windows_64-9.5.0\Katalon_Studio_Free_Windows_64-9.5.0\plugins\org.glassfish.grizzly.http-server_2.3.25.jar;C:\Users\Ali Asad\.katalon\packages\Katalon_Studio_Free_Windows_64-9.5.0\Katalon_Studio_Free_Windows_64-9.5.0\plugins\org.glassfish.grizzly.framework_2.3.25.jar;C:\Users\Ali Asad\.katalon\packages\Katalon_Studio_Free_Windows_64-9.5.0\Katalon_Studio_Free_Windows_64-9.5.0\plugins\org.glassfish.grizzly.http_2.3.25.jar;C:\Users\Ali Asad\.katalon\packages\Katalon_Studio_Free_Windows_64-9.5.0\Katalon_Studio_Free_Windows_64-9.5.0\plugins\org.glassfish.tyrus.client_1.13.1.jar;C:\Users\Ali Asad\.katalon\packages\Katalon_Studio_Free_Windows_64-9.5.0\Katalon_Studio_Free_Windows_64-9.5.0\plugins\org.glassfish.tyrus.core_1.13.1.jar;C:\Users\Ali Asad\.katalon\packages\Katalon_Studio_Free_Windows_64-9.5.0\Katalon_Studio_Free_Windows_64-9.5.0\plugins\org.glassfish.tyrus.spi_1.13.1.jar;C:\Users\Ali Asad\.katalon\packages\Katalon_Studio_Free_Windows_64-9.5.0\Katalon_Studio_Free_Windows_64-9.5.0\plugins\javassist_3.28.0.GA.jar;C:\Users\Ali Asad\.katalon\packages\Katalon_Studio_Free_Windows_64-9.5.0\Katalon_Studio_Free_Windows_64-9.5.0\plugins\graphql-java_17.5.0.jar;C:\Users\Ali Asad\.katalon\packages\Katalon_Studio_Free_Windows_64-9.5.0\Katalon_Studio_Free_Windows_64-9.5.0\plugins\org.glassfish.jaxb.runtime_2.3.6.jar;C:\Users\Ali Asad\.katalon\packages\Katalon_Studio_Free_Windows_64-9.5.0\Katalon_Studio_Free_Windows_64-9.5.0\plugins\org.glassfish.jaxb.txw2_2.3.6.jar;C:\Users\Ali Asad\.katalon\packages\Katalon_Studio_Free_Windows_64-9.5.0\Katalon_Studio_Free_Windows_64-9.5.0\plugins\org.dom4j_2.1.4.jar;C:\Users\Ali Asad\.katalon\packages\Katalon_Studio_Free_Windows_64-9.5.0\Katalon_Studio_Free_Windows_64-9.5.0\plugins\com.kms.katalon.groovy-extended_1.0.0.202405291026.jar;C:\Users\Ali Asad\.katalon\packages\Katalon_Studio_Free_Windows_64-9.5.0\Katalon_Studio_Free_Windows_64-9.5.0\plugins\com.sun.activation.javax.activation_1.2.0.jar;C:\Users\Ali Asad\.katalon\packages\Katalon_Studio_Free_Windows_64-9.5.0\Katalon_Studio_Free_Windows_64-9.5.0\plugins\jakarta.xml.bind-api_2.3.3.jar;C:\Users\Ali Asad\.katalon\packages\Katalon_Studio_Free_Windows_64-9.5.0\Katalon_Studio_Free_Windows_64-9.5.0\plugins\com.sun.xml.bind.jaxb-impl_2.3.6.jar;C:\Users\Ali Asad\.katalon\packages\Katalon_Studio_Free_Windows_64-9.5.0\Katalon_Studio_Free_Windows_64-9.5.0\plugins\org.eclipse.jface_3.29.0.v20230214-1401.jar;C:\Users\Ali Asad\.katalon\packages\Katalon_Studio_Free_Windows_64-9.5.0\Katalon_Studio_Free_Windows_64-9.5.0\plugins\com.kms.katalon.logging_1.0.0.202405291026.jar;C:\Users\Ali Asad\.katalon\packages\Katalon_Studio_Free_Windows_64-9.5.0\Katalon_Studio_Free_Windows_64-9.5.0\plugins\json_20240303.0.0.jar;C:\Users\Ali Asad\.katalon\packages\Katalon_Studio_Free_Windows_64-9.5.0\Katalon_Studio_Free_Windows_64-9.5.0\plugins\assertj-core_3.25.3.jar;C:\Users\Ali Asad\.katalon\packages\Katalon_Studio_Free_Windows_64-9.5.0\Katalon_Studio_Free_Windows_64-9.5.0\plugins\org.apache.commons.logging_1.2.0.v20180409-1502.jar;C:\Users\Ali Asad\.katalon\packages\Katalon_Studio_Free_Windows_64-9.5.0\Katalon_Studio_Free_Windows_64-9.5.0\plugins\org.hamcrest.core_1.3.0.v20180420-1519.jar;C:\Users\Ali Asad\.katalon\packages\Katalon_Studio_Free_Windows_64-9.5.0\Katalon_Studio_Free_Windows_64-9.5.0\plugins\org.beanshell.bsh_2.0.0.0b4.jar;C:\Users\Ali Asad\.katalon\packages\Katalon_Studio_Free_Windows_64-9.5.0\Katalon_Studio_Free_Windows_64-9.5.0\plugins\org.apache.ant.launcher_1.9.6.jar;C:\Users\Ali Asad\.katalon\packages\Katalon_Studio_Free_Windows_64-9.5.0\Katalon_Studio_Free_Windows_64-9.5.0\plugins\com.kms.katalon.core.appium_1.0.0.202405291026.jar;C:\Users\Ali Asad\.katalon\packages\Katalon_Studio_Free_Windows_64-9.5.0\Katalon_Studio_Free_Windows_64-9.5.0\plugins\com.kms.katalon.api_1.0.0.202405291026.jar;C:\Users\Ali Asad\.katalon\packages\Katalon_Studio_Free_Windows_64-9.5.0\Katalon_Studio_Free_Windows_64-9.5.0\plugins\org.eclipse.equinox.common_3.17.100.v20230202-1341.jar;C:\Users\Ali Asad\.katalon\packages\Katalon_Studio_Free_Windows_64-9.5.0\Katalon_Studio_Free_Windows_64-9.5.0\plugins\com.kms.katalon.testcloud.core_1.0.0.202405291026.jar;C:\Users\Ali Asad\.katalon\packages\Katalon_Studio_Free_Windows_64-9.5.0\Katalon_Studio_Free_Windows_64-9.5.0\plugins\org.eclipse.e4.core.di.annotations_1.7.200.v20220613-1008.jar;C:\Users\Ali Asad\.katalon\packages\Katalon_Studio_Free_Windows_64-9.5.0\Katalon_Studio_Free_Windows_64-9.5.0\plugins\org.eclipse.swt_3.123.0.v20230220-1431.jar;C:\Users\Ali Asad\.katalon\packages\Katalon_Studio_Free_Windows_64-9.5.0\Katalon_Studio_Free_Windows_64-9.5.0\plugins\com.kms.katalon.configuration.core_1.0.0.202405291026.jar;C:\Users\Ali Asad\.katalon\packages\Katalon_Studio_Free_Windows_64-9.5.0\Katalon_Studio_Free_Windows_64-9.5.0\plugins\org.semver4j_5.3.0.jar;C:\Users\Ali Asad\.katalon\packages\Katalon_Studio_Free_Windows_64-9.5.0\Katalon_Studio_Free_Windows_64-9.5.0\plugins\com.kms.katalon.core.webui_1.0.0.202405291026.jar;C:\Users\Ali Asad\.katalon\packages\Katalon_Studio_Free_Windows_64-9.5.0\Katalon_Studio_Free_Windows_64-9.5.0\plugins\org.eclipse.e4.core.contexts_1.11.0.v20220716-0839.jar;C:\Users\Ali Asad\.katalon\packages\Katalon_Studio_Free_Windows_64-9.5.0\Katalon_Studio_Free_Windows_64-9.5.0\plugins\org.eclipse.e4.core.services_2.3.400.v20220915-1347.jar;C:\Users\Ali Asad\.katalon\packages\Katalon_Studio_Free_Windows_64-9.5.0\Katalon_Studio_Free_Windows_64-9.5.0\plugins\com.kms.katalon.core.mobile_1.0.0.202405291026.jar;C:\Users\Ali Asad\.katalon\packages\Katalon_Studio_Free_Windows_64-9.5.0\Katalon_Studio_Free_Windows_64-9.5.0\plugins\org.apache.commons.commons-validator_1.7.0.jar;C:\Users\Ali Asad\.katalon\packages\Katalon_Studio_Free_Windows_64-9.5.0\Katalon_Studio_Free_Windows_64-9.5.0\plugins\com.kms.katalon.core.cucumber_1.0.0.202405291026.jar;C:\Users\Ali Asad\.katalon\packages\Katalon_Studio_Free_Windows_64-9.5.0\Katalon_Studio_Free_Windows_64-9.5.0\plugins\io.cucumber.core_3.0.3.jar;C:\Users\Ali Asad\.katalon\packages\Katalon_Studio_Free_Windows_64-9.5.0\Katalon_Studio_Free_Windows_64-9.5.0\plugins\io.cucumber.datatable_1.1.15.jar;C:\Users\Ali Asad\.katalon\packages\Katalon_Studio_Free_Windows_64-9.5.0\Katalon_Studio_Free_Windows_64-9.5.0\plugins\io.cucumber.datatable-dependencies_1.1.15.jar;C:\Users\Ali Asad\.katalon\packages\Katalon_Studio_Free_Windows_64-9.5.0\Katalon_Studio_Free_Windows_64-9.5.0\plugins\io.cucumber.expressions_5.0.19.jar;C:\Users\Ali Asad\.katalon\packages\Katalon_Studio_Free_Windows_64-9.5.0\Katalon_Studio_Free_Windows_64-9.5.0\plugins\io.cucumber.gherkin_5.0.0.jar;C:\Users\Ali Asad\.katalon\packages\Katalon_Studio_Free_Windows_64-9.5.0\Katalon_Studio_Free_Windows_64-9.5.0\plugins\io.cucumber.html_0.2.7.jar;C:\Users\Ali Asad\.katalon\packages\Katalon_Studio_Free_Windows_64-9.5.0\Katalon_Studio_Free_Windows_64-9.5.0\plugins\io.cucumber.java_3.0.3.jar;C:\Users\Ali Asad\.katalon\packages\Katalon_Studio_Free_Windows_64-9.5.0\Katalon_Studio_Free_Windows_64-9.5.0\plugins\io.cucumber.tag-expressions_1.1.1.jar;C:\Users\Ali Asad\.katalon\packages\Katalon_Studio_Free_Windows_64-9.5.0\Katalon_Studio_Free_Windows_64-9.5.0\plugins\io.cucumber.junit_3.0.3.jar;C:\Users\Ali Asad\.katalon\packages\Katalon_Studio_Free_Windows_64-9.5.0\Katalon_Studio_Free_Windows_64-9.5.0\plugins\com.kms.katalon.core.webservice_1.0.0.202405291026.jar;C:\Users\Ali Asad\.katalon\packages\Katalon_Studio_Free_Windows_64-9.5.0\Katalon_Studio_Free_Windows_64-9.5.0\plugins\wsdl4j_1.6.2.jar;C:\Users\Ali Asad\.katalon\packages\Katalon_Studio_Free_Windows_64-9.5.0\Katalon_Studio_Free_Windows_64-9.5.0\plugins\com.google.oauth-client.google-oauth-client_1.22.0.jar;C:\Users\Ali Asad\.katalon\packages\Katalon_Studio_Free_Windows_64-9.5.0\Katalon_Studio_Free_Windows_64-9.5.0\plugins\com.google.http-client.google-http-client_1.22.0.jar;C:\Users\Ali Asad\.katalon\packages\Katalon_Studio_Free_Windows_64-9.5.0\Katalon_Studio_Free_Windows_64-9.5.0\plugins\ca.juliusdavies.not-yet-commons-ssl_0.3.11.jar;C:\Users\Ali Asad\.katalon\packages\Katalon_Studio_Free_Windows_64-9.5.0\Katalon_Studio_Free_Windows_64-9.5.0\plugins\com.kms.katalon.preferences_1.0.0.202405291026.jar;C:\Users\Ali Asad\.katalon\packages\Katalon_Studio_Free_Windows_64-9.5.0\Katalon_Studio_Free_Windows_64-9.5.0\plugins\org.apache.xmlbeans_3.1.0.jar;C:\Users\Ali Asad\.katalon\packages\Katalon_Studio_Free_Windows_64-9.5.0\Katalon_Studio_Free_Windows_64-9.5.0\plugins\com.kms.katalon.entity_1.0.0.202405291026.jar;C:\Users\Ali Asad\.katalon\packages\Katalon_Studio_Free_Windows_64-9.5.0\Katalon_Studio_Free_Windows_64-9.5.0\plugins\org.antlr.antlr4-runtime_4.9.2.jar;C:\Users\Ali Asad\.katalon\packages\Katalon_Studio_Free_Windows_64-9.5.0\Katalon_Studio_Free_Windows_64-9.5.0\plugins\com.networknt.json-schema-validator_1.0.66.jar;C:\Users\Ali Asad\.katalon\packages\Katalon_Studio_Free_Windows_64-9.5.0\Katalon_Studio_Free_Windows_64-9.5.0\plugins\jakarta.xml.ws-api_2.3.3.jar;C:\Users\Ali Asad\.katalon\packages\Katalon_Studio_Free_Windows_64-9.5.0\Katalon_Studio_Free_Windows_64-9.5.0\plugins\javax.xml.soap-api_1.4.0.jar;C:\Users\Ali Asad\.katalon\packages\Katalon_Studio_Free_Windows_64-9.5.0\Katalon_Studio_Free_Windows_64-9.5.0\plugins\com.kms.katalon.core.windows_1.0.0.202405291026.jar;C:\Users\Ali Asad\.katalon\packages\Katalon_Studio_Free_Windows_64-9.5.0\Katalon_Studio_Free_Windows_64-9.5.0\plugins\com.kms.katalon.core.testng_1.0.0.202405291026.jar;C:\Users\Ali Asad\.katalon\packages\Katalon_Studio_Free_Windows_64-9.5.0\Katalon_Studio_Free_Windows_64-9.5.0\configuration\org.eclipse.osgi\28\0\.cp\resources\basic-report\katalon-studio-report-plugin.jar;C:\Users\Ali Asad\.katalon\packages\Katalon_Studio_Free_Windows_64-9.5.0\Katalon_Studio_Free_Windows_64-9.5.0\plugins\org.codehaus.groovy_3.0.17.v202303311542-e2303\lib\groovy-3.0.17-indy.jar;C:\Users\Ali Asad\.katalon\packages\Katalon_Studio_Free_Windows_64-9.5.0\Katalon_Studio_Free_Windows_64-9.5.0\plugins\org.codehaus.groovy_3.0.17.v202303311542-e2303\lib\ivy-2.5.1.jar --main groovy.ui.GroovyMain --encoding UTF-8 --indy C:\Users\Ali Asad\Katalon Studio\Data Plain - Android\Libs\TempTestCase1724156454459.groovy

Host: Intel(R) Core(TM) i5-3230M CPU @ 2.60GHz, 4 cores, 11G,  Windows 10 , 64 bit Build 19041 (10.0.19041.4597)
Time: Tue Aug 20 17:21:36 2024 Pakistan Standard Time elapsed time: 40.790320 seconds (0d 0h 0m 40s)

---------------  T H R E A D  ---------------

Current thread (0x00000200841e2bb0):  JavaThread "C2 CompilerThread1" daemon [_thread_in_native, id=11560, stack(0x000000c66a000000,0x000000c66a100000)]


Current CompileTask:
C2:  40790 5862       4       groovyjarjarantlr4.v4.runtime.atn.PredictionContext::getCachedContext (297 bytes)

Stack: [0x000000c66a000000,0x000000c66a100000]
Native frames: (J=compiled Java code, j=interpreted, Vv=VM code, C=native code)
V  [jvm.dll+0x67754a]
V  [jvm.dll+0x834304]
V  [jvm.dll+0x835aae]
V  [jvm.dll+0x836113]
V  [jvm.dll+0x24696f]
V  [jvm.dll+0xac0ac]
V  [jvm.dll+0xac67c]
V  [jvm.dll+0x5619c9]
V  [jvm.dll+0x32f6e0]
V  [jvm.dll+0x32eb5a]
V  [jvm.dll+0x219641]
V  [jvm.dll+0x218a61]
V  [jvm.dll+0x1a4d8d]
V  [jvm.dll+0x2284da]
V  [jvm.dll+0x226615]
V  [jvm.dll+0x7ea90b]
V  [jvm.dll+0x7e4e7a]
V  [jvm.dll+0x676395]
C  [ucrtbase.dll+0x21bb2]
C  [KERNEL32.DLL+0x17374]
C  [ntdll.dll+0x4cc91]


---------------  P R O C E S S  ---------------

Threads class SMR info:
_java_thread_list=0x0000020086314690, length=20, elements={
0x00000200e645dad0, 0x00000200ffc429f0, 0x00000200ffc43c70, 0x00000200ffc8a290,
0x00000200ffc8ab50, 0x00000200ffc8b410, 0x00000200ffc8bcd0, 0x00000200ffc8c8c0,
0x00000200ffcf9000, 0x00000200ffcfc0c0, 0x00000200fffb2cb0, 0x000002008497be60,
0x0000020086d6ab60, 0x0000020086d6b030, 0x0000020086d6b500, 0x0000020086d6b9d0,
0x0000020086d69820, 0x0000020086d6a1c0, 0x0000020086d68e80, 0x00000200841e2bb0
}

Java Threads: ( => current thread )
  0x00000200e645dad0 JavaThread "Forwarding findElements on session 4e7f1c28-2927-48f8-9de0-1d64484a99a0 to remote" [_thread_in_native, id=11224, stack(0x000000c668600000,0x000000c668700000)]
  0x00000200ffc429f0 JavaThread "Reference Handler" daemon [_thread_blocked, id=5868, stack(0x000000c668d00000,0x000000c668e00000)]
  0x00000200ffc43c70 JavaThread "Finalizer" daemon [_thread_blocked, id=5104, stack(0x000000c668e00000,0x000000c668f00000)]
  0x00000200ffc8a290 JavaThread "Signal Dispatcher" daemon [_thread_blocked, id=9948, stack(0x000000c668f00000,0x000000c669000000)]
  0x00000200ffc8ab50 JavaThread "Attach Listener" daemon [_thread_blocked, id=11912, stack(0x000000c669000000,0x000000c669100000)]
  0x00000200ffc8b410 JavaThread "Service Thread" daemon [_thread_blocked, id=13664, stack(0x000000c669100000,0x000000c669200000)]
  0x00000200ffc8bcd0 JavaThread "Monitor Deflation Thread" daemon [_thread_blocked, id=7420, stack(0x000000c669200000,0x000000c669300000)]
  0x00000200ffc8c8c0 JavaThread "C2 CompilerThread0" daemon [_thread_blocked, id=6932, stack(0x000000c669300000,0x000000c669400000)]
  0x00000200ffcf9000 JavaThread "C1 CompilerThread0" daemon [_thread_blocked, id=9680, stack(0x000000c669400000,0x000000c669500000)]
  0x00000200ffcfc0c0 JavaThread "Sweeper thread" daemon [_thread_blocked, id=17828, stack(0x000000c669500000,0x000000c669600000)]
  0x00000200fffb2cb0 JavaThread "Common-Cleaner" daemon [_thread_blocked, id=15840, stack(0x000000c669600000,0x000000c669700000)]
  0x000002008497be60 JavaThread "Notification Thread" daemon [_thread_blocked, id=11476, stack(0x000000c669c00000,0x000000c669d00000)]
  0x0000020086d6ab60 JavaThread "Thread-0" [_thread_blocked, id=6488, stack(0x000000c669b00000,0x000000c669c00000)]
  0x0000020086d6b030 JavaThread "UrlChecker-2" daemon [_thread_blocked, id=18080, stack(0x000000c669e00000,0x000000c669f00000)]
  0x0000020086d6b500 JavaThread "ForkJoinPool.commonPool-worker-1" daemon [_thread_blocked, id=5332, stack(0x000000c66a200000,0x000000c66a300000)]
  0x0000020086d6b9d0 JavaThread "ForkJoinPool.commonPool-worker-2" daemon [_thread_blocked, id=10252, stack(0x000000c66a300000,0x000000c66a400000)]
  0x0000020086d69820 JavaThread "ForkJoinPool.commonPool-worker-3" daemon [_thread_blocked, id=10780, stack(0x000000c66a400000,0x000000c66a500000)]
  0x0000020086d6a1c0 JavaThread "OkHttp ConnectionPool" daemon [_thread_blocked, id=9452, stack(0x000000c66a500000,0x000000c66a600000)]
  0x0000020086d68e80 JavaThread "Okio Watchdog" daemon [_thread_blocked, id=1028, stack(0x000000c66a600000,0x000000c66a700000)]
=>0x00000200841e2bb0 JavaThread "C2 CompilerThread1" daemon [_thread_in_native, id=11560, stack(0x000000c66a000000,0x000000c66a100000)]

Other Threads:
  0x00000200ffc40040 VMThread "VM Thread" [stack: 0x000000c668c00000,0x000000c668d00000] [id=17660]
  0x00000200e645e730 WatcherThread [stack: 0x000000c669d00000,0x000000c669e00000] [id=4604]
  0x00000200e64be410 GCTaskThread "GC Thread#0" [stack: 0x000000c668700000,0x000000c668800000] [id=17592]
  0x0000020084570c80 GCTaskThread "GC Thread#1" [stack: 0x000000c669800000,0x000000c669900000] [id=11964]
  0x0000020084570f30 GCTaskThread "GC Thread#2" [stack: 0x000000c669900000,0x000000c669a00000] [id=13480]
  0x000002008419baf0 GCTaskThread "GC Thread#3" [stack: 0x000000c669a00000,0x000000c669b00000] [id=12388]
  0x00000200e64cf260 ConcurrentGCThread "G1 Main Marker" [stack: 0x000000c668800000,0x000000c668900000] [id=6800]
  0x00000200e64cfb80 ConcurrentGCThread "G1 Conc#0" [stack: 0x000000c668900000,0x000000c668a00000] [id=8424]
  0x00000200e64dec40 ConcurrentGCThread "G1 Refine#0" [stack: 0x000000c668a00000,0x000000c668b00000] [id=6588]
  0x00000200ffa92210 ConcurrentGCThread "G1 Service" [stack: 0x000000c668b00000,0x000000c668c00000] [id=9652]

Threads with active compile tasks:
C2 CompilerThread1    40823 5862       4       groovyjarjarantlr4.v4.runtime.atn.PredictionContext::getCachedContext (297 bytes)

VM state: not at safepoint (normal execution)

VM Mutex/Monitor currently owned by a thread: None

Heap address: 0x0000000080000000, size: 2048 MB, Compressed Oops mode: 32-bit

CDS archive(s) not mapped
Compressed class space mapped at: 0x0000000100000000-0x0000000140000000, reserved size: 1073741824
Narrow klass base: 0x0000000000000000, Narrow klass shift: 3, Narrow klass range: 0x140000000

GC Precious Log:
 CPUs: 4 total, 4 available
 Memory: 12180M
 Large Page Support: Disabled
 NUMA Support: Disabled
 Compressed Oops: Enabled (32-bit)
 Heap Region Size: 1M
 Heap Min Capacity: 8M
 Heap Initial Capacity: 192M
 Heap Max Capacity: 2G
 Pre-touch: Disabled
 Parallel Workers: 4
 Concurrent Workers: 1
 Concurrent Refinement Workers: 4
 Periodic GC: Disabled

Heap:
 garbage-first heap   total 102400K, used 52841K [0x0000000080000000, 0x0000000100000000)
  region size 1024K, 18 young (18432K), 4 survivors (4096K)
 Metaspace       used 50426K, committed 51008K, reserved 1114112K
  class space    used 5749K, committed 6016K, reserved 1048576K

Heap Regions: E=young(eden), S=young(survivor), O=old, HS=humongous(starts), HC=humongous(continues), CS=collection set, F=free, OA=open archive, CA=closed archive, TAMS=top-at-mark-start (previous, next)
|   0|0x0000000080000000, 0x0000000080100000, 0x0000000080100000|100%|HS|  |TAMS 0x0000000080100000, 0x0000000080000000| Complete 
|   1|0x0000000080100000, 0x0000000080200000, 0x0000000080200000|100%|HS|  |TAMS 0x0000000080200000, 0x0000000080100000| Complete 
|   2|0x0000000080200000, 0x0000000080300000, 0x0000000080300000|100%| O|  |TAMS 0x0000000080300000, 0x0000000080200000| Untracked 
|   3|0x0000000080300000, 0x0000000080400000, 0x0000000080400000|100%| O|  |TAMS 0x0000000080400000, 0x0000000080300000| Untracked 
|   4|0x0000000080400000, 0x0000000080500000, 0x0000000080500000|100%| O|  |TAMS 0x0000000080500000, 0x0000000080400000| Untracked 
|   5|0x0000000080500000, 0x0000000080600000, 0x0000000080600000|100%| O|  |TAMS 0x0000000080600000, 0x0000000080500000| Untracked 
|   6|0x0000000080600000, 0x0000000080700000, 0x0000000080700000|100%| O|  |TAMS 0x0000000080700000, 0x0000000080600000| Untracked 
|   7|0x0000000080700000, 0x0000000080800000, 0x0000000080800000|100%| O|  |TAMS 0x0000000080800000, 0x0000000080700000| Untracked 
|   8|0x0000000080800000, 0x0000000080900000, 0x0000000080900000|100%|HS|  |TAMS 0x0000000080900000, 0x0000000080800000| Complete 
|   9|0x0000000080900000, 0x0000000080a00000, 0x0000000080a00000|100%| O|  |TAMS 0x0000000080a00000, 0x0000000080900000| Untracked 
|  10|0x0000000080a00000, 0x0000000080b00000, 0x0000000080b00000|100%| O|  |TAMS 0x0000000080b00000, 0x0000000080a00000| Untracked 
|  11|0x0000000080b00000, 0x0000000080c00000, 0x0000000080c00000|100%| O|  |TAMS 0x0000000080c00000, 0x0000000080b00000| Untracked 
|  12|0x0000000080c00000, 0x0000000080d00000, 0x0000000080d00000|100%| O|  |TAMS 0x0000000080d00000, 0x0000000080c00000| Untracked 
|  13|0x0000000080d00000, 0x0000000080e00000, 0x0000000080e00000|100%| O|  |TAMS 0x0000000080e00000, 0x0000000080d00000| Untracked 
|  14|0x0000000080e00000, 0x0000000080e55200, 0x0000000080f00000| 33%| O|  |TAMS 0x0000000080e55200, 0x0000000080e00000| Untracked 
|  15|0x0000000080f00000, 0x0000000081000000, 0x0000000081000000|100%| O|  |TAMS 0x0000000081000000, 0x0000000080f00000| Untracked 
|  16|0x0000000081000000, 0x0000000081100000, 0x0000000081100000|100%| O|  |TAMS 0x0000000081100000, 0x0000000081000000| Untracked 
|  17|0x0000000081100000, 0x0000000081200000, 0x0000000081200000|100%| O|  |TAMS 0x0000000081200000, 0x0000000081100000| Untracked 
|  18|0x0000000081200000, 0x0000000081300000, 0x0000000081300000|100%| O|  |TAMS 0x0000000081300000, 0x0000000081200000| Untracked 
|  19|0x0000000081300000, 0x0000000081400000, 0x0000000081400000|100%| O|  |TAMS 0x0000000081400000, 0x0000000081300000| Untracked 
|  20|0x0000000081400000, 0x0000000081500000, 0x0000000081500000|100%| O|  |TAMS 0x0000000081500000, 0x0000000081400000| Untracked 
|  21|0x0000000081500000, 0x0000000081600000, 0x0000000081600000|100%| O|  |TAMS 0x0000000081600000, 0x0000000081500000| Untracked 
|  22|0x0000000081600000, 0x0000000081700000, 0x0000000081700000|100%| O|  |TAMS 0x0000000081700000, 0x0000000081600000| Untracked 
|  23|0x0000000081700000, 0x0000000081800000, 0x0000000081800000|100%| O|  |TAMS 0x00000000817a3000, 0x0000000081700000| Untracked 
|  24|0x0000000081800000, 0x0000000081900000, 0x0000000081900000|100%| O|  |TAMS 0x0000000081800000, 0x0000000081800000| Untracked 
|  25|0x0000000081900000, 0x0000000081a00000, 0x0000000081a00000|100%| O|  |TAMS 0x0000000081900000, 0x0000000081900000| Untracked 
|  26|0x0000000081a00000, 0x0000000081b00000, 0x0000000081b00000|100%| O|  |TAMS 0x0000000081b00000, 0x0000000081a00000| Untracked 
|  27|0x0000000081b00000, 0x0000000081c00000, 0x0000000081c00000|100%| O|  |TAMS 0x0000000081c00000, 0x0000000081b00000| Untracked 
|  28|0x0000000081c00000, 0x0000000081d00000, 0x0000000081d00000|100%| O|  |TAMS 0x0000000081d00000, 0x0000000081c00000| Untracked 
|  29|0x0000000081d00000, 0x0000000081e00000, 0x0000000081e00000|100%| O|  |TAMS 0x0000000081e00000, 0x0000000081d00000| Untracked 
|  30|0x0000000081e00000, 0x0000000081f00000, 0x0000000081f00000|100%| O|  |TAMS 0x0000000081e00000, 0x0000000081e00000| Untracked 
|  31|0x0000000081f00000, 0x0000000082000000, 0x0000000082000000|100%| O|  |TAMS 0x0000000081f00000, 0x0000000081f00000| Untracked 
|  32|0x0000000082000000, 0x0000000082100000, 0x0000000082100000|100%| O|  |TAMS 0x0000000082000000, 0x0000000082000000| Untracked 
|  33|0x0000000082100000, 0x0000000082200000, 0x0000000082200000|100%| O|  |TAMS 0x0000000082100000, 0x0000000082100000| Untracked 
|  34|0x0000000082200000, 0x0000000082300000, 0x0000000082300000|100%| O|  |TAMS 0x0000000082200000, 0x0000000082200000| Untracked 
|  35|0x0000000082300000, 0x0000000082345200, 0x0000000082400000| 27%| O|  |TAMS 0x0000000082300000, 0x0000000082300000| Untracked 
|  36|0x0000000082400000, 0x0000000082400000, 0x0000000082500000|  0%| F|  |TAMS 0x0000000082400000, 0x0000000082400000| Untracked 
|  37|0x0000000082500000, 0x0000000082500000, 0x0000000082600000|  0%| F|  |TAMS 0x0000000082500000, 0x0000000082500000| Untracked 
|  38|0x0000000082600000, 0x0000000082600000, 0x0000000082700000|  0%| F|  |TAMS 0x0000000082600000, 0x0000000082600000| Untracked 
|  39|0x0000000082700000, 0x0000000082700000, 0x0000000082800000|  0%| F|  |TAMS 0x0000000082700000, 0x0000000082700000| Untracked 
|  40|0x0000000082800000, 0x0000000082800000, 0x0000000082900000|  0%| F|  |TAMS 0x0000000082800000, 0x0000000082800000| Untracked 
|  41|0x0000000082900000, 0x0000000082900000, 0x0000000082a00000|  0%| F|  |TAMS 0x0000000082900000, 0x0000000082900000| Untracked 
|  42|0x0000000082a00000, 0x0000000082a00000, 0x0000000082b00000|  0%| F|  |TAMS 0x0000000082a00000, 0x0000000082a00000| Untracked 
|  43|0x0000000082b00000, 0x0000000082b00000, 0x0000000082c00000|  0%| F|  |TAMS 0x0000000082b00000, 0x0000000082b00000| Untracked 
|  44|0x0000000082c00000, 0x0000000082c00000, 0x0000000082d00000|  0%| F|  |TAMS 0x0000000082c00000, 0x0000000082c00000| Untracked 
|  45|0x0000000082d00000, 0x0000000082d00000, 0x0000000082e00000|  0%| F|  |TAMS 0x0000000082d00000, 0x0000000082d00000| Untracked 
|  46|0x0000000082e00000, 0x0000000082e00000, 0x0000000082f00000|  0%| F|  |TAMS 0x0000000082e00000, 0x0000000082e00000| Untracked 
|  47|0x0000000082f00000, 0x0000000082f00000, 0x0000000083000000|  0%| F|  |TAMS 0x0000000082f00000, 0x0000000082f00000| Untracked 
|  48|0x0000000083000000, 0x0000000083000000, 0x0000000083100000|  0%| F|  |TAMS 0x0000000083000000, 0x0000000083000000| Untracked 
|  49|0x0000000083100000, 0x0000000083100000, 0x0000000083200000|  0%| F|  |TAMS 0x0000000083100000, 0x0000000083100000| Untracked 
|  50|0x0000000083200000, 0x0000000083200000, 0x0000000083300000|  0%| F|  |TAMS 0x0000000083200000, 0x0000000083200000| Untracked 
|  51|0x0000000083300000, 0x0000000083300000, 0x0000000083400000|  0%| F|  |TAMS 0x0000000083300000, 0x0000000083300000| Untracked 
|  52|0x0000000083400000, 0x0000000083400000, 0x0000000083500000|  0%| F|  |TAMS 0x0000000083400000, 0x0000000083400000| Untracked 
|  53|0x0000000083500000, 0x0000000083500000, 0x0000000083600000|  0%| F|  |TAMS 0x0000000083500000, 0x0000000083500000| Untracked 
|  54|0x0000000083600000, 0x0000000083700000, 0x0000000083700000|100%| S|CS|TAMS 0x0000000083600000, 0x0000000083600000| Complete 
|  55|0x0000000083700000, 0x0000000083800000, 0x0000000083800000|100%| S|CS|TAMS 0x0000000083700000, 0x0000000083700000| Complete 
|  56|0x0000000083800000, 0x0000000083900000, 0x0000000083900000|100%| S|CS|TAMS 0x0000000083800000, 0x0000000083800000| Complete 
|  57|0x0000000083900000, 0x0000000083900000, 0x0000000083a00000|  0%| F|  |TAMS 0x0000000083900000, 0x0000000083900000| Untracked 
|  58|0x0000000083a00000, 0x0000000083a00000, 0x0000000083b00000|  0%| F|  |TAMS 0x0000000083a00000, 0x0000000083a00000| Untracked 
|  59|0x0000000083b00000, 0x0000000083b00000, 0x0000000083c00000|  0%| F|  |TAMS 0x0000000083b00000, 0x0000000083b00000| Untracked 
|  60|0x0000000083c00000, 0x0000000083d00000, 0x0000000083d00000|100%| S|CS|TAMS 0x0000000083c00000, 0x0000000083c00000| Complete 
|  61|0x0000000083d00000, 0x0000000083d00000, 0x0000000083e00000|  0%| F|  |TAMS 0x0000000083d00000, 0x0000000083d00000| Untracked 
|  62|0x0000000083e00000, 0x0000000083e00000, 0x0000000083f00000|  0%| F|  |TAMS 0x0000000083e00000, 0x0000000083e00000| Untracked 
|  63|0x0000000083f00000, 0x0000000083f00000, 0x0000000084000000|  0%| F|  |TAMS 0x0000000083f00000, 0x0000000083f00000| Untracked 
|  64|0x0000000084000000, 0x0000000084000000, 0x0000000084100000|  0%| F|  |TAMS 0x0000000084000000, 0x0000000084000000| Untracked 
|  65|0x0000000084100000, 0x0000000084100000, 0x0000000084200000|  0%| F|  |TAMS 0x0000000084100000, 0x0000000084100000| Untracked 
|  66|0x0000000084200000, 0x0000000084200000, 0x0000000084300000|  0%| F|  |TAMS 0x0000000084200000, 0x0000000084200000| Untracked 
|  67|0x0000000084300000, 0x0000000084300000, 0x0000000084400000|  0%| F|  |TAMS 0x0000000084300000, 0x0000000084300000| Untracked 
|  68|0x0000000084400000, 0x0000000084400000, 0x0000000084500000|  0%| F|  |TAMS 0x0000000084400000, 0x0000000084400000| Untracked 
|  69|0x0000000084500000, 0x0000000084500000, 0x0000000084600000|  0%| F|  |TAMS 0x0000000084500000, 0x0000000084500000| Untracked 
|  70|0x0000000084600000, 0x0000000084600000, 0x0000000084700000|  0%| F|  |TAMS 0x0000000084600000, 0x0000000084600000| Untracked 
|  71|0x0000000084700000, 0x0000000084700000, 0x0000000084800000|  0%| F|  |TAMS 0x0000000084700000, 0x0000000084700000| Untracked 
|  72|0x0000000084800000, 0x0000000084800000, 0x0000000084900000|  0%| F|  |TAMS 0x0000000084800000, 0x0000000084800000| Untracked 
|  73|0x0000000084900000, 0x0000000084900000, 0x0000000084a00000|  0%| F|  |TAMS 0x0000000084900000, 0x0000000084900000| Untracked 
|  74|0x0000000084a00000, 0x0000000084a00000, 0x0000000084b00000|  0%| F|  |TAMS 0x0000000084a00000, 0x0000000084a00000| Untracked 
|  75|0x0000000084b00000, 0x0000000084b00000, 0x0000000084c00000|  0%| F|  |TAMS 0x0000000084b00000, 0x0000000084b00000| Untracked 
|  76|0x0000000084c00000, 0x0000000084c00000, 0x0000000084d00000|  0%| F|  |TAMS 0x0000000084c00000, 0x0000000084c00000| Untracked 
|  77|0x0000000084d00000, 0x0000000084d00000, 0x0000000084e00000|  0%| F|  |TAMS 0x0000000084d00000, 0x0000000084d00000| Untracked 
|  78|0x0000000084e00000, 0x0000000084e00000, 0x0000000084f00000|  0%| F|  |TAMS 0x0000000084e00000, 0x0000000084e00000| Untracked 
|  79|0x0000000084f00000, 0x0000000084f00000, 0x0000000085000000|  0%| F|  |TAMS 0x0000000084f00000, 0x0000000084f00000| Untracked 
|  80|0x0000000085000000, 0x0000000085000000, 0x0000000085100000|  0%| F|  |TAMS 0x0000000085000000, 0x0000000085000000| Untracked 
|  81|0x0000000085100000, 0x0000000085100000, 0x0000000085200000|  0%| F|  |TAMS 0x0000000085100000, 0x0000000085100000| Untracked 
|  82|0x0000000085200000, 0x0000000085200000, 0x0000000085300000|  0%| F|  |TAMS 0x0000000085200000, 0x0000000085200000| Untracked 
|  83|0x0000000085300000, 0x0000000085300000, 0x0000000085400000|  0%| F|  |TAMS 0x0000000085300000, 0x0000000085300000| Untracked 
|  84|0x0000000085400000, 0x0000000085400000, 0x0000000085500000|  0%| F|  |TAMS 0x0000000085400000, 0x0000000085400000| Untracked 
|  85|0x0000000085500000, 0x0000000085500000, 0x0000000085600000|  0%| F|  |TAMS 0x0000000085500000, 0x0000000085500000| Untracked 
|  86|0x0000000085600000, 0x0000000085680800, 0x0000000085700000| 50%| E|  |TAMS 0x0000000085600000, 0x0000000085600000| Complete 
|  87|0x0000000085700000, 0x0000000085800000, 0x0000000085800000|100%| E|CS|TAMS 0x0000000085700000, 0x0000000085700000| Complete 
|  88|0x0000000085800000, 0x0000000085900000, 0x0000000085900000|100%| E|CS|TAMS 0x0000000085800000, 0x0000000085800000| Complete 
|  89|0x0000000085900000, 0x0000000085a00000, 0x0000000085a00000|100%| E|CS|TAMS 0x0000000085900000, 0x0000000085900000| Complete 
|  90|0x0000000085a00000, 0x0000000085b00000, 0x0000000085b00000|100%| E|CS|TAMS 0x0000000085a00000, 0x0000000085a00000| Complete 
|  91|0x0000000085b00000, 0x0000000085c00000, 0x0000000085c00000|100%| E|CS|TAMS 0x0000000085b00000, 0x0000000085b00000| Complete 
| 108|0x0000000086c00000, 0x0000000086d00000, 0x0000000086d00000|100%| E|CS|TAMS 0x0000000086c00000, 0x0000000086c00000| Complete 
| 109|0x0000000086d00000, 0x0000000086e00000, 0x0000000086e00000|100%| E|CS|TAMS 0x0000000086d00000, 0x0000000086d00000| Complete 
| 110|0x0000000086e00000, 0x0000000086f00000, 0x0000000086f00000|100%| E|CS|TAMS 0x0000000086e00000, 0x0000000086e00000| Complete 
| 111|0x0000000086f00000, 0x0000000087000000, 0x0000000087000000|100%| E|CS|TAMS 0x0000000086f00000, 0x0000000086f00000| Complete 
| 112|0x0000000087000000, 0x0000000087100000, 0x0000000087100000|100%| E|CS|TAMS 0x0000000087000000, 0x0000000087000000| Complete 
| 113|0x0000000087100000, 0x0000000087200000, 0x0000000087200000|100%| E|CS|TAMS 0x0000000087100000, 0x0000000087100000| Complete 
| 114|0x0000000087200000, 0x0000000087300000, 0x0000000087300000|100%| E|CS|TAMS 0x0000000087200000, 0x0000000087200000| Complete 
| 191|0x000000008bf00000, 0x000000008c000000, 0x000000008c000000|100%| E|CS|TAMS 0x000000008bf00000, 0x000000008bf00000| Complete 

Card table byte_map: [0x00000200f8ed0000,0x00000200f92d0000] _byte_map_base: 0x00000200f8ad0000

Marking Bits (Prev, Next): (CMBitMap*) 0x00000200e64be930, (CMBitMap*) 0x00000200e64be970
 Prev Bits: [0x00000200f96d0000, 0x00000200fb6d0000)
 Next Bits: [0x00000200fb6d0000, 0x00000200fd6d0000)

Polling page: 0x00000200e5be0000

Metaspace:

Usage:
  Non-class:     43.63 MB used.
      Class:      5.62 MB used.
       Both:     49.24 MB used.

Virtual space:
  Non-class space:       64.00 MB reserved,      43.94 MB ( 69%) committed,  1 nodes.
      Class space:        1.00 GB reserved,       5.88 MB ( <1%) committed,  1 nodes.
             Both:        1.06 GB reserved,      49.81 MB (  5%) committed. 

Chunk freelists:
   Non-Class:  3.38 MB
       Class:  9.95 MB
        Both:  13.32 MB

MaxMetaspaceSize: unlimited
CompressedClassSpaceSize: 1.00 GB
Initial GC threshold: 21.00 MB
Current GC threshold: 58.88 MB
CDS: off
MetaspaceReclaimPolicy: balanced
 - commit_granule_bytes: 65536.
 - commit_granule_words: 8192.
 - virtual_space_node_default_size: 8388608.
 - enlarge_chunks_in_place: 1.
 - new_chunks_are_fully_committed: 0.
 - uncommit_free_chunks: 1.
 - use_allocation_guard: 0.
 - handle_deallocations: 1.


Internal statistics:

num_allocs_failed_limit: 6.
num_arena_births: 778.
num_arena_deaths: 0.
num_vsnodes_births: 2.
num_vsnodes_deaths: 0.
num_space_committed: 797.
num_space_uncommitted: 0.
num_chunks_returned_to_freelist: 6.
num_chunks_taken_from_freelist: 2087.
num_chunk_merges: 6.
num_chunk_splits: 1413.
num_chunks_enlarged: 957.
num_inconsistent_stats: 0.

CodeHeap 'non-profiled nmethods': size=120000Kb used=3344Kb max_used=3344Kb free=116655Kb
 bounds [0x00000200f15a0000, 0x00000200f18f0000, 0x00000200f8ad0000]
CodeHeap 'profiled nmethods': size=120000Kb used=10113Kb max_used=10113Kb free=109887Kb
 bounds [0x00000200e9ad0000, 0x00000200ea4c0000, 0x00000200f1000000]
CodeHeap 'non-nmethods': size=5760Kb used=2344Kb max_used=2371Kb free=3415Kb
 bounds [0x00000200f1000000, 0x00000200f1270000, 0x00000200f15a0000]
 total_blobs=6005 nmethods=5138 adapters=778
 compilation: enabled
              stopped_count=0, restarted_count=0
 full_count=0

Compilation events (20 events):
Event: 40.711 Thread 0x00000200ffcf9000 5938       3       com.google.common.collect.ImmutableCollection::<init> (5 bytes)
Event: 40.711 Thread 0x00000200ffcf9000 nmethod 5938 0x00000200ea4aa990 code [0x00000200ea4aab40, 0x00000200ea4aacf8]
Event: 40.711 Thread 0x00000200ffcf9000 5937       3       com.google.common.base.CharMatcher$IsNot::matches (14 bytes)
Event: 40.711 Thread 0x00000200ffcf9000 nmethod 5937 0x00000200ea4aae10 code [0x00000200ea4aafa0, 0x00000200ea4ab118]
Event: 40.711 Thread 0x00000200ffcf9000 5939       3       java.util.stream.ReferencePipeline::collect (124 bytes)
Event: 40.712 Thread 0x00000200ffcf9000 nmethod 5939 0x00000200ea4ab190 code [0x00000200ea4ab460, 0x00000200ea4ac2c8]
Event: 40.712 Thread 0x00000200ffcf9000 5940       3       org.openqa.selenium.json.JsonInput::hasNext (97 bytes)
Event: 40.714 Thread 0x00000200ffcf9000 nmethod 5940 0x00000200ea4ac690 code [0x00000200ea4ac9e0, 0x00000200ea4ada98]
Event: 40.714 Thread 0x00000200ffcf9000 5941       1       org.openqa.selenium.json.JsonInputIterator::next (5 bytes)
Event: 40.714 Thread 0x00000200ffcf9000 nmethod 5941 0x00000200f18e3990 code [0x00000200f18e3b20, 0x00000200f18e3bf8]
Event: 40.714 Thread 0x00000200ffcf9000 5942       3       com.google.common.collect.ImmutableMap$Builder::ensureCapacity (38 bytes)
Event: 40.715 Thread 0x00000200ffcf9000 nmethod 5942 0x00000200ea4ae090 code [0x00000200ea4ae260, 0x00000200ea4ae618]
Event: 40.715 Thread 0x00000200ffcf9000 5943       3       java.util.stream.ReduceOps::makeRef (42 bytes)
Event: 40.715 Thread 0x00000200ffcf9000 nmethod 5943 0x00000200ea4ae790 code [0x00000200ea4ae9c0, 0x00000200ea4af2d8]
Event: 40.716 Thread 0x00000200ffcf9000 5944   !   3       sun.nio.ch.NioSocketImpl::tryRead (87 bytes)
Event: 40.716 Thread 0x00000200ffcf9000 nmethod 5944 0x00000200ea4af590 code [0x00000200ea4af7a0, 0x00000200ea4afd18]
Event: 40.716 Thread 0x00000200ffcf9000 5945       3       sun.nio.ch.SocketDispatcher::read (8 bytes)
Event: 40.716 Thread 0x00000200ffcf9000 nmethod 5945 0x00000200ea4b0010 code [0x00000200ea4b01a0, 0x00000200ea4b02e8]
Event: 40.716 Thread 0x00000200ffcf9000 5947       3       sun.nio.ch.NioSocketImpl::isOpen (14 bytes)
Event: 40.717 Thread 0x00000200ffcf9000 nmethod 5947 0x00000200ea4b0390 code [0x00000200ea4b0520, 0x00000200ea4b0698]

GC Heap History (20 events):
Event: 10.131 GC heap before
{Heap before GC invocations=7 (full 0):
 garbage-first heap   total 78848K, used 56953K [0x0000000080000000, 0x0000000100000000)
  region size 1024K, 35 young (35840K), 3 survivors (3072K)
 Metaspace       used 31290K, committed 31616K, reserved 1114112K
  class space    used 3328K, committed 3520K, reserved 1048576K
}
Event: 10.145 GC heap after
{Heap after GC invocations=8 (full 0):
 garbage-first heap   total 78848K, used 27037K [0x0000000080000000, 0x0000000100000000)
  region size 1024K, 5 young (5120K), 5 survivors (5120K)
 Metaspace       used 31290K, committed 31616K, reserved 1114112K
  class space    used 3328K, committed 3520K, reserved 1048576K
}
Event: 10.605 GC heap before
{Heap before GC invocations=8 (full 0):
 garbage-first heap   total 78848K, used 59805K [0x0000000080000000, 0x0000000100000000)
  region size 1024K, 35 young (35840K), 5 survivors (5120K)
 Metaspace       used 32724K, committed 33088K, reserved 1114112K
  class space    used 3441K, committed 3584K, reserved 1048576K
}
Event: 10.618 GC heap after
{Heap after GC invocations=9 (full 0):
 garbage-first heap   total 78848K, used 27988K [0x0000000080000000, 0x0000000100000000)
  region size 1024K, 1 young (1024K), 1 survivors (1024K)
 Metaspace       used 32724K, committed 33088K, reserved 1114112K
  class space    used 3441K, committed 3584K, reserved 1048576K
}
Event: 10.867 GC heap before
{Heap before GC invocations=9 (full 0):
 garbage-first heap   total 78848K, used 60756K [0x0000000080000000, 0x0000000100000000)
  region size 1024K, 33 young (33792K), 1 survivors (1024K)
 Metaspace       used 32789K, committed 33152K, reserved 1114112K
  class space    used 3448K, committed 3648K, reserved 1048576K
}
Event: 10.870 GC heap after
{Heap after GC invocations=10 (full 0):
 garbage-first heap   total 78848K, used 27988K [0x0000000080000000, 0x0000000100000000)
  region size 1024K, 1 young (1024K), 1 survivors (1024K)
 Metaspace       used 32789K, committed 33152K, reserved 1114112K
  class space    used 3448K, committed 3648K, reserved 1048576K
}
Event: 11.627 GC heap before
{Heap before GC invocations=10 (full 0):
 garbage-first heap   total 78848K, used 61780K [0x0000000080000000, 0x0000000100000000)
  region size 1024K, 34 young (34816K), 1 survivors (1024K)
 Metaspace       used 34739K, committed 35072K, reserved 1114112K
  class space    used 3674K, committed 3840K, reserved 1048576K
}
Event: 11.634 GC heap after
{Heap after GC invocations=11 (full 0):
 garbage-first heap   total 78848K, used 28831K [0x0000000080000000, 0x0000000100000000)
  region size 1024K, 2 young (2048K), 2 survivors (2048K)
 Metaspace       used 34739K, committed 35072K, reserved 1114112K
  class space    used 3674K, committed 3840K, reserved 1048576K
}
Event: 12.719 GC heap before
{Heap before GC invocations=11 (full 0):
 garbage-first heap   total 78848K, used 62623K [0x0000000080000000, 0x0000000100000000)
  region size 1024K, 35 young (35840K), 2 survivors (2048K)
 Metaspace       used 35258K, committed 35712K, reserved 1114112K
  class space    used 3714K, committed 3968K, reserved 1048576K
}
Event: 12.727 GC heap after
{Heap after GC invocations=12 (full 0):
 garbage-first heap   total 78848K, used 30358K [0x0000000080000000, 0x0000000100000000)
  region size 1024K, 4 young (4096K), 4 survivors (4096K)
 Metaspace       used 35258K, committed 35712K, reserved 1114112K
  class space    used 3714K, committed 3968K, reserved 1048576K
}
Event: 12.835 GC heap before
{Heap before GC invocations=12 (full 0):
 garbage-first heap   total 78848K, used 63126K [0x0000000080000000, 0x0000000100000000)
  region size 1024K, 36 young (36864K), 4 survivors (4096K)
 Metaspace       used 35258K, committed 35712K, reserved 1114112K
  class space    used 3714K, committed 3968K, reserved 1048576K
}
Event: 12.844 GC heap after
{Heap after GC invocations=13 (full 0):
 garbage-first heap   total 78848K, used 30490K [0x0000000080000000, 0x0000000100000000)
  region size 1024K, 3 young (3072K), 3 survivors (3072K)
 Metaspace       used 35258K, committed 35712K, reserved 1114112K
  class space    used 3714K, committed 3968K, reserved 1048576K
}
Event: 13.207 GC heap before
{Heap before GC invocations=13 (full 0):
 garbage-first heap   total 78848K, used 41754K [0x0000000080000000, 0x0000000100000000)
  region size 1024K, 15 young (15360K), 3 survivors (3072K)
 Metaspace       used 35554K, committed 35968K, reserved 1114112K
  class space    used 3750K, committed 3968K, reserved 1048576K
}
Event: 13.216 GC heap after
{Heap after GC invocations=14 (full 0):
 garbage-first heap   total 102400K, used 32224K [0x0000000080000000, 0x0000000100000000)
  region size 1024K, 5 young (5120K), 5 survivors (5120K)
 Metaspace       used 35554K, committed 35968K, reserved 1114112K
  class space    used 3750K, committed 3968K, reserved 1048576K
}
Event: 25.249 GC heap before
{Heap before GC invocations=15 (full 0):
 garbage-first heap   total 102400K, used 75232K [0x0000000080000000, 0x0000000100000000)
  region size 1024K, 47 young (48128K), 5 survivors (5120K)
 Metaspace       used 39806K, committed 40384K, reserved 1114112K
  class space    used 4309K, committed 4608K, reserved 1048576K
}
Event: 25.259 GC heap after
{Heap after GC invocations=16 (full 0):
 garbage-first heap   total 102400K, used 35447K [0x0000000080000000, 0x0000000100000000)
  region size 1024K, 6 young (6144K), 6 survivors (6144K)
 Metaspace       used 39806K, committed 40384K, reserved 1114112K
  class space    used 4309K, committed 4608K, reserved 1048576K
}
Event: 37.884 GC heap before
{Heap before GC invocations=16 (full 0):
 garbage-first heap   total 102400K, used 76407K [0x0000000080000000, 0x0000000100000000)
  region size 1024K, 46 young (47104K), 6 survivors (6144K)
 Metaspace       used 45575K, committed 46144K, reserved 1114112K
  class space    used 5105K, committed 5376K, reserved 1048576K
}
Event: 37.892 GC heap after
{Heap after GC invocations=17 (full 0):
 garbage-first heap   total 102400K, used 37961K [0x0000000080000000, 0x0000000100000000)
  region size 1024K, 3 young (3072K), 3 survivors (3072K)
 Metaspace       used 45575K, committed 46144K, reserved 1114112K
  class space    used 5105K, committed 5376K, reserved 1048576K
}
Event: 39.798 GC heap before
{Heap before GC invocations=17 (full 0):
 garbage-first heap   total 102400K, used 77897K [0x0000000080000000, 0x0000000100000000)
  region size 1024K, 42 young (43008K), 3 survivors (3072K)
 Metaspace       used 49962K, committed 50496K, reserved 1114112K
  class space    used 5686K, committed 5952K, reserved 1048576K
}
Event: 39.803 GC heap after
{Heap after GC invocations=18 (full 0):
 garbage-first heap   total 102400K, used 39529K [0x0000000080000000, 0x0000000100000000)
  region size 1024K, 4 young (4096K), 4 survivors (4096K)
 Metaspace       used 49962K, committed 50496K, reserved 1114112K
  class space    used 5686K, committed 5952K, reserved 1048576K
}

Dll operation events (9 events):
Event: 0.011 Loaded shared library C:\Users\Ali Asad\.katalon\packages\Katalon_Studio_Free_Windows_64-9.5.0\Katalon_Studio_Free_Windows_64-9.5.0\jre\bin\java.dll
Event: 0.713 Loaded shared library C:\Users\Ali Asad\.katalon\packages\Katalon_Studio_Free_Windows_64-9.5.0\Katalon_Studio_Free_Windows_64-9.5.0\jre\bin\net.dll
Event: 0.716 Loaded shared library C:\Users\Ali Asad\.katalon\packages\Katalon_Studio_Free_Windows_64-9.5.0\Katalon_Studio_Free_Windows_64-9.5.0\jre\bin\nio.dll
Event: 0.733 Loaded shared library C:\Users\Ali Asad\.katalon\packages\Katalon_Studio_Free_Windows_64-9.5.0\Katalon_Studio_Free_Windows_64-9.5.0\jre\bin\zip.dll
Event: 1.844 Loaded shared library C:\Users\Ali Asad\.katalon\packages\Katalon_Studio_Free_Windows_64-9.5.0\Katalon_Studio_Free_Windows_64-9.5.0\jre\bin\verify.dll
Event: 2.754 Loaded shared library C:\Users\Ali Asad\.katalon\packages\Katalon_Studio_Free_Windows_64-9.5.0\Katalon_Studio_Free_Windows_64-9.5.0\jre\bin\jimage.dll
Event: 25.270 Loaded shared library C:\Users\Ali Asad\.katalon\packages\Katalon_Studio_Free_Windows_64-9.5.0\Katalon_Studio_Free_Windows_64-9.5.0\jre\bin\sunmscapi.dll
Event: 37.625 Loaded shared library C:\Users\Ali Asad\.katalon\packages\Katalon_Studio_Free_Windows_64-9.5.0\Katalon_Studio_Free_Windows_64-9.5.0\jre\bin\management.dll
Event: 37.630 Loaded shared library C:\Users\Ali Asad\.katalon\packages\Katalon_Studio_Free_Windows_64-9.5.0\Katalon_Studio_Free_Windows_64-9.5.0\jre\bin\management_ext.dll

Deoptimization events (20 events):
Event: 39.822 Thread 0x00000200e645dad0 DEOPT PACKING pc=0x00000200f16db4a8 sp=0x000000c6686fb370
Event: 39.822 Thread 0x00000200e645dad0 DEOPT UNPACKING pc=0x00000200f10569a3 sp=0x000000c6686fb338 mode 2
Event: 40.132 Thread 0x00000200e645dad0 Uncommon trap: trap_request=0xffffff45 fr.pc=0x00000200f17080bc relative=0x000000000000021c
Event: 40.132 Thread 0x00000200e645dad0 Uncommon trap: reason=unstable_if action=reinterpret pc=0x00000200f17080bc method=java.util.regex.Matcher.reset()Ljava/util/regex/Matcher; @ 71 c2
Event: 40.132 Thread 0x00000200e645dad0 DEOPT PACKING pc=0x00000200f17080bc sp=0x000000c6686fa750
Event: 40.132 Thread 0x00000200e645dad0 DEOPT UNPACKING pc=0x00000200f10569a3 sp=0x000000c6686fa6d8 mode 2
Event: 40.132 Thread 0x00000200e645dad0 Uncommon trap: trap_request=0xffffff45 fr.pc=0x00000200f1610934 relative=0x00000000000007b4
Event: 40.132 Thread 0x00000200e645dad0 Uncommon trap: reason=unstable_if action=reinterpret pc=0x00000200f1610934 method=java.util.regex.Matcher.search(I)Z @ 76 c2
Event: 40.132 Thread 0x00000200e645dad0 DEOPT PACKING pc=0x00000200f1610934 sp=0x000000c6686fa770
Event: 40.132 Thread 0x00000200e645dad0 DEOPT UNPACKING pc=0x00000200f10569a3 sp=0x000000c6686fa750 mode 2
Event: 40.377 Thread 0x00000200e645dad0 Uncommon trap: trap_request=0xffffff45 fr.pc=0x00000200f1639794 relative=0x00000000000005b4
Event: 40.377 Thread 0x00000200e645dad0 Uncommon trap: reason=unstable_if action=reinterpret pc=0x00000200f1639794 method=java.util.zip.ZipFile.getZipEntry(Ljava/lang/String;I)Ljava/util/zip/ZipEntry; @ 74 c2
Event: 40.377 Thread 0x00000200e645dad0 DEOPT PACKING pc=0x00000200f1639794 sp=0x000000c6686fc5a0
Event: 40.377 Thread 0x00000200e645dad0 DEOPT UNPACKING pc=0x00000200f10569a3 sp=0x000000c6686fc560 mode 2
Event: 40.387 Thread 0x00000200e645dad0 DEOPT PACKING pc=0x00000200ea48409a sp=0x000000c6686fc720
Event: 40.387 Thread 0x00000200e645dad0 DEOPT UNPACKING pc=0x00000200f1057143 sp=0x000000c6686fbbe0 mode 0
Event: 40.656 Thread 0x00000200e645dad0 Uncommon trap: trap_request=0xffffff45 fr.pc=0x00000200f15ef6a0 relative=0x0000000000000fc0
Event: 40.656 Thread 0x00000200e645dad0 Uncommon trap: reason=unstable_if action=reinterpret pc=0x00000200f15ef6a0 method=jdk.internal.org.objectweb.asm.SymbolTable.addType(Ljava/lang/String;)I @ 33 c2
Event: 40.656 Thread 0x00000200e645dad0 DEOPT PACKING pc=0x00000200f15ef6a0 sp=0x000000c6686fa3f0
Event: 40.656 Thread 0x00000200e645dad0 DEOPT UNPACKING pc=0x00000200f10569a3 sp=0x000000c6686fa3b8 mode 2

Classes unloaded (0 events):
No events

Classes redefined (0 events):
No events

Internal exceptions (20 events):
Event: 40.358 Thread 0x00000200e645dad0 Exception <a 'java/lang/NoSuchMethodError'{0x0000000085b62fe0}: 'java.lang.Object java.lang.invoke.Invokers$Holder.linkToCallSite(java.lang.Object, java.lang.Object, int, java.lang.Object)'> (0x0000000085b62fe0) 
thrown [s\src\hotspot\share\interpreter\linkResolver.cpp, line 759]
Event: 40.358 Thread 0x00000200e645dad0 Exception <a 'java/lang/NoSuchMethodError'{0x0000000085b66b00}: 'void java.lang.invoke.DirectMethodHandle$Holder.invokeStatic(java.lang.Object, java.lang.Object, int)'> (0x0000000085b66b00) 
thrown [s\src\hotspot\share\interpreter\linkResolver.cpp, line 759]
Event: 40.359 Thread 0x00000200e645dad0 Exception <a 'java/lang/NoSuchMethodError'{0x0000000085b6aac0}: 'void java.lang.invoke.DirectMethodHandle$Holder.invokeSpecial(java.lang.Object, java.lang.Object, java.lang.Object, int)'> (0x0000000085b6aac0) 
thrown [s\src\hotspot\share\interpreter\linkResolver.cpp, line 759]
Event: 40.360 Thread 0x00000200e645dad0 Exception <a 'java/lang/NoSuchMethodError'{0x0000000085b6e358}: 'void java.lang.invoke.DelegatingMethodHandle$Holder.reinvoke_L(java.lang.Object, java.lang.Object, int)'> (0x0000000085b6e358) 
thrown [s\src\hotspot\share\interpreter\linkResolver.cpp, line 759]
Event: 40.366 Thread 0x00000200e645dad0 Exception <a 'java/lang/NoSuchMethodError'{0x0000000085b7ec00}: 'java.lang.Object java.lang.invoke.DelegatingMethodHandle$Holder.delegate(java.lang.Object, java.lang.Object, java.lang.Object, java.lang.Object, int)'> (0x0000000085b7ec00) 
thrown [s\src\hotspot\share\interpreter\linkResolver.cpp, line 759]
Event: 40.369 Thread 0x00000200e645dad0 Exception <a 'java/lang/NoSuchMethodError'{0x0000000085b8e208}: 'int java.lang.invoke.DirectMethodHandle$Holder.invokeSpecial(java.lang.Object, java.lang.Object, java.lang.Object, java.lang.Object, int)'> (0x0000000085b8e208) 
thrown [s\src\hotspot\share\interpreter\linkResolver.cpp, line 759]
Event: 40.405 Thread 0x00000200e645dad0 Exception <a 'java/lang/ClassNotFoundException'{0x0000000085a6ab48}: com/kms/katalon/core/mobile/keyword/builtin/TapKeywordBeanInfo> (0x0000000085a6ab48) 
thrown [s\src\hotspot\share\classfile\systemDictionary.cpp, line 256]
Event: 40.420 Thread 0x00000200e645dad0 Exception <a 'java/lang/ClassNotFoundException'{0x0000000085abfcf0}: com/kms/katalon/core/mobile/keyword/builtin/TapKeywordCustomizer> (0x0000000085abfcf0) 
thrown [s\src\hotspot\share\classfile\systemDictionary.cpp, line 256]
Event: 40.438 Thread 0x00000200e645dad0 Exception <a 'java/lang/ClassNotFoundException'{0x000000008591ac30}: java/util/DateBeanInfo> (0x000000008591ac30) 
thrown [s\src\hotspot\share\classfile\systemDictionary.cpp, line 256]
Event: 40.448 Thread 0x00000200e645dad0 Exception <a 'java/lang/ClassNotFoundException'{0x000000008593c0b0}: java/util/DateCustomizer> (0x000000008593c0b0) 
thrown [s\src\hotspot\share\classfile\systemDictionary.cpp, line 256]
Event: 40.479 Thread 0x00000200e645dad0 Exception <a 'java/lang/ClassNotFoundException'{0x00000000859bfc10}: com/kms/katalon/core/mobile/keyword/internal/MobileSearchEngineBeanInfo> (0x00000000859bfc10) 
thrown [s\src\hotspot\share\classfile\systemDictionary.cpp, line 256]
Event: 40.490 Thread 0x00000200e645dad0 Exception <a 'java/lang/ClassNotFoundException'{0x00000000859f6ff0}: com/kms/katalon/core/mobile/keyword/internal/MobileSearchEngineCustomizer> (0x00000000859f6ff0) 
thrown [s\src\hotspot\share\classfile\systemDictionary.cpp, line 256]
Event: 40.515 Thread 0x00000200e645dad0 Exception <a 'java/lang/ClassNotFoundException'{0x0000000085859ca0}: org/openqa/selenium/remote/RemoteWebDriver$RemoteWebDriverOptionsBeanInfo> (0x0000000085859ca0) 
thrown [s\src\hotspot\share\classfile\systemDictionary.cpp, line 256]
Event: 40.525 Thread 0x00000200e645dad0 Exception <a 'java/lang/ClassNotFoundException'{0x0000000085890468}: org/openqa/selenium/remote/RemoteWebDriver$RemoteWebDriverOptionsCustomizer> (0x0000000085890468) 
thrown [s\src\hotspot\share\classfile\systemDictionary.cpp, line 256]
Event: 40.543 Thread 0x00000200e645dad0 Exception <a 'java/lang/ClassNotFoundException'{0x00000000858d5f28}: java/util/concurrent/TimeUnitBeanInfo> (0x00000000858d5f28) 
thrown [s\src\hotspot\share\classfile\systemDictionary.cpp, line 256]
Event: 40.558 Thread 0x00000200e645dad0 Exception <a 'java/lang/ClassNotFoundException'{0x00000000858f9348}: java/util/concurrent/TimeUnitCustomizer> (0x00000000858f9348) 
thrown [s\src\hotspot\share\classfile\systemDictionary.cpp, line 256]
Event: 40.586 Thread 0x00000200e645dad0 Exception <a 'java/lang/ClassNotFoundException'{0x000000008574df48}: org/openqa/selenium/remote/RemoteWebDriver$RemoteWebDriverOptions$RemoteTimeoutsBeanInfo> (0x000000008574df48) 
thrown [s\src\hotspot\share\classfile\systemDictionary.cpp, line 256]
Event: 40.607 Thread 0x00000200e645dad0 Exception <a 'java/lang/ClassNotFoundException'{0x0000000085786cd0}: org/openqa/selenium/remote/RemoteWebDriver$RemoteWebDriverOptions$RemoteTimeoutsCustomizer> (0x0000000085786cd0) 
thrown [s\src\hotspot\share\classfile\systemDictionary.cpp, line 256]
Event: 40.646 Thread 0x00000200e645dad0 Exception <a 'java/lang/ClassNotFoundException'{0x0000000085608470}: org/openqa/selenium/remote/RemoteWebDriver$RemoteWebDriverOptions$RemoteWindowBeanInfo> (0x0000000085608470) 
thrown [s\src\hotspot\share\classfile\systemDictionary.cpp, line 256]
Event: 40.654 Thread 0x00000200e645dad0 Exception <a 'java/lang/ClassNotFoundException'{0x0000000085640ae0}: org/openqa/selenium/remote/RemoteWebDriver$RemoteWebDriverOptions$RemoteWindowCustomizer> (0x0000000085640ae0) 
thrown [s\src\hotspot\share\classfile\systemDictionary.cpp, line 256]

VM Operations (20 events):
Event: 25.845 Executing VM operation: HandshakeAllThreads
Event: 25.845 Executing VM operation: HandshakeAllThreads done
Event: 26.858 Executing VM operation: Cleanup
Event: 26.858 Executing VM operation: Cleanup done
Event: 30.884 Executing VM operation: Cleanup
Event: 30.884 Executing VM operation: Cleanup done
Event: 36.936 Executing VM operation: Cleanup
Event: 36.937 Executing VM operation: Cleanup done
Event: 37.480 Executing VM operation: HandshakeAllThreads
Event: 37.480 Executing VM operation: HandshakeAllThreads done
Event: 37.884 Executing VM operation: G1CollectForAllocation
Event: 37.892 Executing VM operation: G1CollectForAllocation done
Event: 38.895 Executing VM operation: Cleanup
Event: 38.899 Executing VM operation: Cleanup done
Event: 39.798 Executing VM operation: G1CollectForAllocation
Event: 39.803 Executing VM operation: G1CollectForAllocation done
Event: 40.144 Executing VM operation: HandshakeAllThreads
Event: 40.144 Executing VM operation: HandshakeAllThreads done
Event: 40.230 Executing VM operation: HandshakeAllThreads
Event: 40.230 Executing VM operation: HandshakeAllThreads done

Events (20 events):
Event: 39.782 loading class sun/misc/Unsafe done
Event: 40.124 loading class java/lang/StackTraceElement$HashedModules
Event: 40.124 loading class java/lang/StackTraceElement$HashedModules done
Event: 40.241 Thread 0x00000200841e2bb0 Thread added: 0x00000200841e2bb0
Event: 40.434 loading class java/util/DateBeanInfo
Event: 40.434 loading class java/util/DateBeanInfo done
Event: 40.438 loading class java/util/DateBeanInfo
Event: 40.438 loading class java/util/DateBeanInfo done
Event: 40.439 loading class java/util/DateCustomizer
Event: 40.439 loading class java/util/DateCustomizer done
Event: 40.448 loading class java/util/DateCustomizer
Event: 40.448 loading class java/util/DateCustomizer done
Event: 40.537 loading class java/util/concurrent/TimeUnitBeanInfo
Event: 40.537 loading class java/util/concurrent/TimeUnitBeanInfo done
Event: 40.543 loading class java/util/concurrent/TimeUnitBeanInfo
Event: 40.543 loading class java/util/concurrent/TimeUnitBeanInfo done
Event: 40.545 loading class java/util/concurrent/TimeUnitCustomizer
Event: 40.545 loading class java/util/concurrent/TimeUnitCustomizer done
Event: 40.558 loading class java/util/concurrent/TimeUnitCustomizer
Event: 40.558 loading class java/util/concurrent/TimeUnitCustomizer done


Dynamic libraries:
0x00007ff6d1ae0000 - 0x00007ff6d1aee000 	C:\Users\Ali Asad\.katalon\packages\Katalon_Studio_Free_Windows_64-9.5.0\Katalon_Studio_Free_Windows_64-9.5.0\jre\bin\javaw.exe
0x00007fffe3150000 - 0x00007fffe3348000 	C:\Windows\SYSTEM32\ntdll.dll
0x00007fffe1180000 - 0x00007fffe1241000 	C:\Windows\System32\KERNEL32.DLL
0x00007fffe0c90000 - 0x00007fffe0f86000 	C:\Windows\System32\KERNELBASE.dll
0x00007fffe0a40000 - 0x00007fffe0b40000 	C:\Windows\System32\ucrtbase.dll
0x00007fffda6b0000 - 0x00007fffda6c7000 	C:\Users\Ali Asad\.katalon\packages\Katalon_Studio_Free_Windows_64-9.5.0\Katalon_Studio_Free_Windows_64-9.5.0\jre\bin\jli.dll
0x00007fffe1ea0000 - 0x00007fffe203f000 	C:\Windows\System32\USER32.dll
0x00007fffe1030000 - 0x00007fffe1052000 	C:\Windows\System32\win32u.dll
0x00007fffe30e0000 - 0x00007fffe310b000 	C:\Windows\System32\GDI32.dll
0x00007fffe0b70000 - 0x00007fffe0c87000 	C:\Windows\System32\gdi32full.dll
0x00007fffe0f90000 - 0x00007fffe102d000 	C:\Windows\System32\msvcp_win.dll
0x00007fffd9c80000 - 0x00007fffd9c99000 	C:\Users\Ali Asad\.katalon\packages\Katalon_Studio_Free_Windows_64-9.5.0\Katalon_Studio_Free_Windows_64-9.5.0\jre\bin\VCRUNTIME140.dll
0x00007fffcf360000 - 0x00007fffcf5fa000 	C:\Windows\WinSxS\amd64_microsoft.windows.common-controls_6595b64144ccf1df_6.0.19041.4355_none_60b8b9eb71f62e16\COMCTL32.dll
0x00007fffe2be0000 - 0x00007fffe2c7e000 	C:\Windows\System32\msvcrt.dll
0x00007fffe1da0000 - 0x00007fffe1dcf000 	C:\Windows\System32\IMM32.DLL
0x00007fffda6a0000 - 0x00007fffda6ac000 	C:\Users\Ali Asad\.katalon\packages\Katalon_Studio_Free_Windows_64-9.5.0\Katalon_Studio_Free_Windows_64-9.5.0\jre\bin\vcruntime140_1.dll
0x00007fffb9010000 - 0x00007fffb90a1000 	C:\Users\Ali Asad\.katalon\packages\Katalon_Studio_Free_Windows_64-9.5.0\Katalon_Studio_Free_Windows_64-9.5.0\jre\bin\msvcp140.dll
0x00007fffa12c0000 - 0x00007fffa1f08000 	C:\Users\Ali Asad\.katalon\packages\Katalon_Studio_Free_Windows_64-9.5.0\Katalon_Studio_Free_Windows_64-9.5.0\jre\bin\server\jvm.dll
0x00007fffe2f30000 - 0x00007fffe2fe0000 	C:\Windows\System32\ADVAPI32.dll
0x00007fffe2b40000 - 0x00007fffe2be0000 	C:\Windows\System32\sechost.dll
0x00007fffe2e00000 - 0x00007fffe2f23000 	C:\Windows\System32\RPCRT4.dll
0x00007fffe0b40000 - 0x00007fffe0b67000 	C:\Windows\System32\bcrypt.dll
0x00007fffdce10000 - 0x00007fffdce19000 	C:\Windows\SYSTEM32\WSOCK32.dll
0x00007fffe2fe0000 - 0x00007fffe304b000 	C:\Windows\System32\WS2_32.dll
0x00007fffd19b0000 - 0x00007fffd19d7000 	C:\Windows\SYSTEM32\WINMM.dll
0x00007fffd48b0000 - 0x00007fffd48ba000 	C:\Windows\SYSTEM32\VERSION.dll
0x00007fffde680000 - 0x00007fffde692000 	C:\Windows\SYSTEM32\kernel.appcore.dll
0x00007fffdbd70000 - 0x00007fffdbd7a000 	C:\Users\Ali Asad\.katalon\packages\Katalon_Studio_Free_Windows_64-9.5.0\Katalon_Studio_Free_Windows_64-9.5.0\jre\bin\jimage.dll
0x00007fffd2f60000 - 0x00007fffd3144000 	C:\Windows\SYSTEM32\DBGHELP.DLL
0x00007fffd15c0000 - 0x00007fffd15f4000 	C:\Windows\SYSTEM32\dbgcore.DLL
0x00007fffe09b0000 - 0x00007fffe0a32000 	C:\Windows\System32\bcryptPrimitives.dll
0x00007fffd9eb0000 - 0x00007fffd9ed5000 	C:\Users\Ali Asad\.katalon\packages\Katalon_Studio_Free_Windows_64-9.5.0\Katalon_Studio_Free_Windows_64-9.5.0\jre\bin\java.dll
0x00007fffdb7e0000 - 0x00007fffdb7f8000 	C:\Users\Ali Asad\.katalon\packages\Katalon_Studio_Free_Windows_64-9.5.0\Katalon_Studio_Free_Windows_64-9.5.0\jre\bin\zip.dll
0x00007fffe22b0000 - 0x00007fffe2a1c000 	C:\Windows\System32\SHELL32.dll
0x00007fffde880000 - 0x00007fffdf01e000 	C:\Windows\SYSTEM32\windows.storage.dll
0x00007fffe1250000 - 0x00007fffe15a3000 	C:\Windows\System32\combase.dll
0x00007fffe0150000 - 0x00007fffe017e000 	C:\Windows\SYSTEM32\Wldp.dll
0x00007fffe1dd0000 - 0x00007fffe1e9d000 	C:\Windows\System32\OLEAUT32.dll
0x00007fffe2c80000 - 0x00007fffe2d2d000 	C:\Windows\System32\SHCORE.dll
0x00007fffe1cc0000 - 0x00007fffe1d15000 	C:\Windows\System32\shlwapi.dll
0x00007fffe0730000 - 0x00007fffe0754000 	C:\Windows\SYSTEM32\profapi.dll
0x00007fffdb0d0000 - 0x00007fffdb0e9000 	C:\Users\Ali Asad\.katalon\packages\Katalon_Studio_Free_Windows_64-9.5.0\Katalon_Studio_Free_Windows_64-9.5.0\jre\bin\net.dll
0x00007fffd7ed0000 - 0x00007fffd7fda000 	C:\Windows\SYSTEM32\WINHTTP.dll
0x00007fffdfeb0000 - 0x00007fffdff1a000 	C:\Windows\system32\mswsock.dll
0x00007fffda680000 - 0x00007fffda695000 	C:\Users\Ali Asad\.katalon\packages\Katalon_Studio_Free_Windows_64-9.5.0\Katalon_Studio_Free_Windows_64-9.5.0\jre\bin\nio.dll
0x00007fffdbd30000 - 0x00007fffdbd40000 	C:\Users\Ali Asad\.katalon\packages\Katalon_Studio_Free_Windows_64-9.5.0\Katalon_Studio_Free_Windows_64-9.5.0\jre\bin\verify.dll
0x00007fffe00a0000 - 0x00007fffe00b8000 	C:\Windows\SYSTEM32\CRYPTSP.dll
0x00007fffdf7d0000 - 0x00007fffdf804000 	C:\Windows\system32\rsaenh.dll
0x00007fffe06e0000 - 0x00007fffe070e000 	C:\Windows\SYSTEM32\USERENV.dll
0x00007fffe00c0000 - 0x00007fffe00cc000 	C:\Windows\SYSTEM32\CRYPTBASE.dll
0x00007fffdfb90000 - 0x00007fffdfbcb000 	C:\Windows\SYSTEM32\IPHLPAPI.DLL
0x00007fffe3050000 - 0x00007fffe3058000 	C:\Windows\System32\NSI.dll
0x00007fffd8f20000 - 0x00007fffd8f37000 	C:\Windows\SYSTEM32\dhcpcsvc6.DLL
0x00007fffd9180000 - 0x00007fffd919d000 	C:\Windows\SYSTEM32\dhcpcsvc.DLL
0x00007fffdfbd0000 - 0x00007fffdfc9a000 	C:\Windows\SYSTEM32\DNSAPI.dll
0x00007fffdb670000 - 0x00007fffdb67e000 	C:\Users\Ali Asad\.katalon\packages\Katalon_Studio_Free_Windows_64-9.5.0\Katalon_Studio_Free_Windows_64-9.5.0\jre\bin\sunmscapi.dll
0x00007fffe0850000 - 0x00007fffe09ae000 	C:\Windows\System32\CRYPT32.dll
0x00007fffe01c0000 - 0x00007fffe01e9000 	C:\Windows\SYSTEM32\ncrypt.dll
0x00007fffe0180000 - 0x00007fffe01bb000 	C:\Windows\SYSTEM32\NTASN1.dll
0x00007fffd9b10000 - 0x00007fffd9b19000 	C:\Users\Ali Asad\.katalon\packages\Katalon_Studio_Free_Windows_64-9.5.0\Katalon_Studio_Free_Windows_64-9.5.0\jre\bin\management.dll
0x00007fffd0100000 - 0x00007fffd010b000 	C:\Users\Ali Asad\.katalon\packages\Katalon_Studio_Free_Windows_64-9.5.0\Katalon_Studio_Free_Windows_64-9.5.0\jre\bin\management_ext.dll
0x00007fffe2df0000 - 0x00007fffe2df8000 	C:\Windows\System32\PSAPI.DLL
0x00007fffcd660000 - 0x00007fffcd677000 	C:\Windows\system32\napinsp.dll
0x00007fffcd640000 - 0x00007fffcd65b000 	C:\Windows\system32\pnrpnsp.dll
0x00007fffcd620000 - 0x00007fffcd635000 	C:\Windows\system32\wshbth.dll
0x00007fffdbbf0000 - 0x00007fffdbc0d000 	C:\Windows\system32\NLAapi.dll
0x00007fffcd600000 - 0x00007fffcd612000 	C:\Windows\System32\winrnr.dll
0x00007fffd5420000 - 0x00007fffd542a000 	C:\Windows\System32\rasadhlp.dll
0x00007fffd5440000 - 0x00007fffd54c0000 	C:\Windows\System32\fwpuclnt.dll

dbghelp: loaded successfully - version: 4.0.5 - missing functions: none
symbol engine: initialized successfully - sym options: 0x614 - pdb path: .;C:\Users\Ali Asad\.katalon\packages\Katalon_Studio_Free_Windows_64-9.5.0\Katalon_Studio_Free_Windows_64-9.5.0\jre\bin;C:\Windows\SYSTEM32;C:\Windows\WinSxS\amd64_microsoft.windows.common-controls_6595b64144ccf1df_6.0.19041.4355_none_60b8b9eb71f62e16;C:\Users\Ali Asad\.katalon\packages\Katalon_Studio_Free_Windows_64-9.5.0\Katalon_Studio_Free_Windows_64-9.5.0\jre\bin\server

VM Arguments:
jvm_args: -Dgroovy.home=C:\Users\Ali Asad/.groovy -Djava.system.class.loader=groovy.lang.GroovyClassLoader -Xmx2048m -Dfile.encoding=UTF-8 -XX:+ShowCodeDetailsInExceptionMessages 
java_command: org.codehaus.groovy.tools.GroovyStarter --classpath C:\Users\Ali Asad\Katalon Studio\Data Plain - Android\bin\keyword;C:\Users\Ali Asad\Katalon Studio\Data Plain - Android\Keywords;C:\Users\Ali Asad\Katalon Studio\Data Plain - Android\bin\listener;C:\Users\Ali Asad\Katalon Studio\Data Plain - Android\Test Listeners;C:\Users\Ali Asad\Katalon Studio\Data Plain - Android\bin\lib;C:\Users\Ali Asad\Katalon Studio\Data Plain - Android\Libs;C:\Users\Ali Asad\Katalon Studio\Data Plain - Android\bin\groovy;C:\Users\Ali Asad\Katalon Studio\Data Plain - Android\Include\scripts\groovy;C:\Users\Ali Asad\.katalon\packages\Katalon_Studio_Free_Windows_64-9.5.0\Katalon_Studio_Free_Windows_64-9.5.0\plugins\com.kms.katalon.core_1.0.0.202405291026.jar;C:\Users\Ali Asad\.katalon\packages\Katalon_Studio_Free_Windows_64-9.5.0\Katalon_Studio_Free_Windows_64-9.5.0\configuration\resources\lib\aalto-xml-1.0.0.jar;C:\Users\Ali Asad\.katalon\packages\Katalon_Studio_Free_Windows_64-9.5.0\Katalon_Studio_Free_Windows_64-9.5.0\configuration\resources\lib\aspectjweaver-1.9.1.jar;C:\Users\Ali Asad\.katalon\packages\Katalon_Studio_Free_Windows_64-9.5.0\Katalon_Studio_Free_Windows_64-9.5.0\configuration\resources\lib\bcpkix-jdk15on-1.64.jar;C:\Users\Ali Asad\.katalon\packages\Katalon_Studio_Free_Windows_64-9.5.0\Katalon_Studio_Free_Windows_64-9.5.0\configuration\resources\lib\bcprov-jdk15on-1.64.jar;C:\Users\Ali Asad\.katalon\packages\Katalon_Studio_Free_Windows_64-9.5.0\Katalon_Studio_Free_Windows_64-9.5.0\configuration\resources\lib\browsermob-core-2.1.5.jar;C:\Users\Ali Asad\.katalon\packages\Katalon_Studio_Free_Windows_64-9.5.0\Katalon_Studio_Free_Windows_64-9.5.0\configuration\resources\lib\byte-buddy-1.14.3.jar;C:\Users\Ali Asad\.katalon\packages\Katalon_Studio_Free_Windows_64-9.5.0\Katalon_Studio_Free_Windows_64-9.5.0\configuration\resources\lib\byte-buddy-agent-1.14.3.jar;C:\Users\Ali Asad\.katalon\packages\Katalon_Studio_Free_Windows_64-9.5.0\Katalon_Studio_Free_Windows_64-9.5.
java_class_path (initial): C:\Users\Ali Asad\Katalon Studio\Data Plain - Android\bin\keyword;C:\Users\Ali Asad\Katalon Studio\Data Plain - Android\bin\listener;C:\Users\Ali Asad\Katalon Studio\Data Plain - Android\bin\lib;C:\Users\Ali Asad\Katalon Studio\Data Plain - Android\bin\groovy;C:\Users\Ali Asad\Katalon Studio\Data Plain - Android\bin;C:\Users\Ali Asad\.katalon\packages\Katalon_Studio_Free_Windows_64-9.5.0\Katalon_Studio_Free_Windows_64-9.5.0\plugins\com.kms.katalon.core_1.0.0.202405291026.jar;C:\Users\Ali Asad\.katalon\packages\Katalon_Studio_Free_Windows_64-9.5.0\Katalon_Studio_Free_Windows_64-9.5.0\configuration\resources\lib\aalto-xml-1.0.0.jar;C:\Users\Ali Asad\.katalon\packages\Katalon_Studio_Free_Windows_64-9.5.0\Katalon_Studio_Free_Windows_64-9.5.0\configuration\resources\lib\aspectjweaver-1.9.1.jar;C:\Users\Ali Asad\.katalon\packages\Katalon_Studio_Free_Windows_64-9.5.0\Katalon_Studio_Free_Windows_64-9.5.0\configuration\resources\lib\bcpkix-jdk15on-1.64.jar;C:\Users\Ali Asad\.katalon\packages\Katalon_Studio_Free_Windows_64-9.5.0\Katalon_Studio_Free_Windows_64-9.5.0\configuration\resources\lib\bcprov-jdk15on-1.64.jar;C:\Users\Ali Asad\.katalon\packages\Katalon_Studio_Free_Windows_64-9.5.0\Katalon_Studio_Free_Windows_64-9.5.0\configuration\resources\lib\browsermob-core-2.1.5.jar;C:\Users\Ali Asad\.katalon\packages\Katalon_Studio_Free_Windows_64-9.5.0\Katalon_Studio_Free_Windows_64-9.5.0\configuration\resources\lib\byte-buddy-1.14.3.jar;C:\Users\Ali Asad\.katalon\packages\Katalon_Studio_Free_Windows_64-9.5.0\Katalon_Studio_Free_Windows_64-9.5.0\configuration\resources\lib\byte-buddy-agent-1.14.3.jar;C:\Users\Ali Asad\.katalon\packages\Katalon_Studio_Free_Windows_64-9.5.0\Katalon_Studio_Free_Windows_64-9.5.0\configuration\resources\lib\cglib-3.2.10.jar;C:\Users\Ali Asad\.katalon\packages\Katalon_Studio_Free_Windows_64-9.5.0\Katalon_Studio_Free_Windows_64-9.5.0\configuration\resources\lib\commons-codec-1.10.jar;C:\Users\Ali Asad\.katalon\packages\Katal
Launcher Type: SUN_STANDARD

[Global flags]
     intx CICompilerCount                          = 3                                         {product} {ergonomic}
     uint ConcGCThreads                            = 1                                         {product} {ergonomic}
     uint G1ConcRefinementThreads                  = 4                                         {product} {ergonomic}
   size_t G1HeapRegionSize                         = 1048576                                   {product} {ergonomic}
    uintx GCDrainStackTargetSize                   = 64                                        {product} {ergonomic}
   size_t InitialHeapSize                          = 201326592                                 {product} {ergonomic}
   size_t MarkStackSize                            = 4194304                                   {product} {ergonomic}
   size_t MaxHeapSize                              = 2147483648                                {product} {command line}
   size_t MaxNewSize                               = 1287651328                                {product} {ergonomic}
   size_t MinHeapDeltaBytes                        = 1048576                                   {product} {ergonomic}
   size_t MinHeapSize                              = 8388608                                   {product} {ergonomic}
    uintx NonNMethodCodeHeapSize                   = 5832780                                {pd product} {ergonomic}
    uintx NonProfiledCodeHeapSize                  = 122912730                              {pd product} {ergonomic}
    uintx ProfiledCodeHeapSize                     = 122912730                              {pd product} {ergonomic}
    uintx ReservedCodeCacheSize                    = 251658240                              {pd product} {ergonomic}
     bool SegmentedCodeCache                       = true                                      {product} {ergonomic}
     bool ShowCodeDetailsInExceptionMessages       = true                                   {manageable} {command line}
   size_t SoftMaxHeapSize                          = 2147483648                             {manageable} {ergonomic}
     bool UseCompressedClassPointers               = true                           {product lp64_product} {ergonomic}
     bool UseCompressedOops                        = true                           {product lp64_product} {ergonomic}
     bool UseG1GC                                  = true                                      {product} {ergonomic}
     bool UseLargePagesIndividualAllocation        = false                                  {pd product} {ergonomic}

Logging:
Log output configuration:
 #0: stdout all=warning uptime,level,tags
 #1: stderr all=off uptime,level,tags

Environment Variables:
JAVA_HOME=C:\Users\Ali Asad\.katalon\packages\Katalon_Studio_Free_Windows_64-9.5.0\Katalon_Studio_Free_Windows_64-9.5.0\jre
PATH=C:/Users/Ali Asad/.katalon/packages/Katalon_Studio_Free_Windows_64-9.5.0/Katalon_Studio_Free_Windows_64-9.5.0/jre/bin/server;C:/Users/Ali Asad/.katalon/packages/Katalon_Studio_Free_Windows_64-9.5.0/Katalon_Studio_Free_Windows_64-9.5.0/jre/bin;C:\Program Files\Common Files\Oracle\Java\javapath;C:\Users\Ali Asad\AppData\Local\Programs\Python\Python312\Scripts\;C:\Users\Ali Asad\AppData\Local\Programs\Python\Python312\;C:\Users\Ali Asad\AppData\Local\Microsoft\WindowsApps;C:\Users\Ali Asad\AppData\Local\Programs\Microsoft VS Code\bin;C:\Users\Ali Asad\AppData\Roaming\npm;C:\Program Files\nodejs;C:\Program Files\JetBrains\PyCharm Community Edition 2024.2\bin;;C:\Users\Ali Asad\.katalon\tools\android_sdk\platform-tools;C:\Program Files\Java\jdk-22;C:\Program Files\Common Files\Oracle\Java\javapath;;C:\Users\Ali Asad\.katalon\packages\Katalon_Studio_Free_Windows_64-9.5.0\Katalon_Studio_Free_Windows_64-9.5.0;:C:\Users\Ali Asad\.katalon\packages\Katalon_Studio_Free_Windows_64-9.5.0\Katalon_Studio_Free_Windows_64-9.5.0\jre\bin
USERNAME=Ali Asad
OS=Windows_NT
PROCESSOR_IDENTIFIER=Intel64 Family 6 Model 58 Stepping 9, GenuineIntel
TMP=C:\Users\ALIASA~1\AppData\Local\Temp
TEMP=C:\Users\ALIASA~1\AppData\Local\Temp



---------------  S Y S T E M  ---------------

OS:
 Windows 10 , 64 bit Build 19041 (10.0.19041.4597)
OS uptime: 4 days 0:26 hours

CPU: total 4 (initial active 4) (2 cores per cpu, 2 threads per core) family 6 model 58 stepping 9 microcode 0x21, cx8, cmov, fxsr, ht, mmx, sse, sse2, sse3, ssse3, sse4.1, sse4.2, popcnt, tsc, tscinvbit, avx, aes, erms, clmul, vzeroupper, clflush

Memory: 4k page, system-wide physical 12180M (828M free)
TotalPageFile size 18465M (AvailPageFile size 3M)
current process WorkingSet (physical memory assigned to process): 257M, peak: 265M
current process commit charge ("private bytes"): 282M, peak: 352M

vm_info: OpenJDK 64-Bit Server VM (17.0.7+7) for windows-amd64 JRE (17.0.7+7), built on Apr 18 2023 22:10:42 by "temurin" with MS VC++ 16.7 (VS2019)

END.
